-- The C compiler identification is GNU 9.4.0
-- The CXX compiler identification is GNU 9.4.0
-- Check for working C compiler: /usr/bin/cc
-- Check for working C compiler: /usr/bin/cc -- works
-- Detecting C compiler ABI info
-- Detecting C compiler ABI info - done
-- Detecting C compile features
-- Detecting C compile features - done
-- Check for working CXX compiler: /usr/bin/c++
-- Check for working CXX compiler: /usr/bin/c++ -- works
-- Detecting CXX compiler ABI info
-- Detecting CXX compiler ABI info - done
-- Detecting CXX compile features
-- Detecting CXX compile features - done
-- Found ament_cmake: 0.9.12 (/opt/ros/foxy/share/ament_cmake/cmake)
-- Found PythonInterp: /usr/bin/python3 (found suitable version "3.8.10", minimum required is "3") 
-- Using PYTHON_EXECUTABLE: /usr/bin/python3
-- Found rclcpp: 2.4.3 (/opt/ros/foxy/share/rclcpp/cmake)
-- Using all available rosidl_typesupport_c: rosidl_typesupport_fastrtps_c;rosidl_typesupport_introspection_c
-- Found rosidl_adapter: 1.3.1 (/opt/ros/foxy/share/rosidl_adapter/cmake)
-- Looking for pthread.h
-- Looking for pthread.h - found
-- Performing Test CMAKE_HAVE_LIBC_PTHREAD
-- Performing Test CMAKE_HAVE_LIBC_PTHREAD - Failed
-- Looking for pthread_create in pthreads
-- Looking for pthread_create in pthreads - not found
-- Looking for pthread_create in pthread
-- Looking for pthread_create in pthread - found
-- Found Threads: TRUE  
-- Found OpenSSL: /opt/grpc/lib/libcrypto.a (found version "1.1.1f")  
-- Found FastRTPS: /opt/ros/foxy/include  
-- Using all available rosidl_typesupport_cpp: rosidl_typesupport_fastrtps_cpp;rosidl_typesupport_introspection_cpp
-- Found rmw_implementation_cmake: 1.0.4 (/opt/ros/foxy/share/rmw_implementation_cmake/cmake)
-- Using RMW implementation 'rmw_fastrtps_cpp' as default
CMake Warning (dev) at /opt/grpc/lib/cmake/protobuf/protobuf-options.cmake:6 (option):
  Policy CMP0077 is not set: option() honors normal variables.  Run "cmake
  --help-policy CMP0077" for policy details.  Use the cmake_policy command to
  set the policy and suppress this warning.

  For compatibility with older versions of CMake, option is clearing the
  normal variable 'protobuf_MODULE_COMPATIBLE'.
Call Stack (most recent call first):
  /opt/grpc/lib/cmake/protobuf/protobuf-config.cmake:2 (include)
  /opt/rocos/app/lib/cmake/rocos_app/common.cmake:101 (find_package)
  /opt/rocos/app/lib/cmake/rocos_app/rocos_app-config.cmake:32 (include)
  CMakeLists.txt:27 (find_package)
This warning is for project developers.  Use -Wno-dev to suppress it.

-- Using protobuf 3.18.1.0
-- Using gRPC 1.43.0
-- Found Boost: /usr/lib/x86_64-linux-gnu/cmake/Boost-1.71.0/BoostConfig.cmake (found version "1.71.0") found components: date_time filesystem system chrono 
-- Found Boost: /usr/lib/x86_64-linux-gnu/cmake/Boost-1.71.0/BoostConfig.cmake (found version "1.71.0") found components: date_time filesystem system chrono thread 
-- Looking for C++ include unistd.h
-- Looking for C++ include unistd.h - found
-- Looking for C++ include stdint.h
-- Looking for C++ include stdint.h - found
-- Looking for C++ include inttypes.h
-- Looking for C++ include inttypes.h - found
-- Looking for C++ include sys/types.h
-- Looking for C++ include sys/types.h - found
-- Looking for C++ include sys/stat.h
-- Looking for C++ include sys/stat.h - found
-- Looking for C++ include fnmatch.h
-- Looking for C++ include fnmatch.h - found
-- Looking for C++ include stddef.h
-- Looking for C++ include stddef.h - found
-- Check size of uint32_t
-- Check size of uint32_t - done
-- Looking for strtoll
-- Looking for strtoll - found
-- Found space_interfaces: 0.0.0 (/home/landau/Documents/GitHub/space_robot/install/space_interfaces/share/space_interfaces/cmake)
-- Found ament_lint_auto: 0.9.8 (/opt/ros/foxy/share/ament_lint_auto/cmake)
-- Added test 'copyright' to check source files copyright and LICENSE
-- Added test 'cppcheck' to perform static code analysis on C / C++ code
-- Configured cppcheck include dirs: /home/landau/Documents/GitHub/space_robot/src/space_driver/include
-- Configured cppcheck exclude dirs and/or files: 
-- Added test 'cpplint' to check C / C++ code against the Google style
-- Configured cpplint exclude dirs and/or files: 
-- Added test 'flake8' to check Python code syntax and style conventions
-- Added test 'lint_cmake' to check CMake code style
-- Added test 'pep257' to check Python code against some of the style conventions in PEP 257
-- Added test 'uncrustify' to check C / C++ code style
-- Configured uncrustify additional arguments: 
-- Added test 'xmllint' to check XML markup files
-- Configuring done
-- Generating done
-- Build files have been written to: /home/landau/Documents/GitHub/space_robot/build/space_driver
[35m[1mScanning dependencies of target gflags_nothreads_static[0m
[ 11%] [32mBuilding CXX object 3rdparty/gflags/CMakeFiles/gflags_nothreads_static.dir/src/gflags.cc.o[0m
[ 11%] [32mBuilding CXX object 3rdparty/gflags/CMakeFiles/gflags_nothreads_static.dir/src/gflags_reporting.cc.o[0m
[01m[K/home/landau/Documents/GitHub/space_robot/src/space_driver/3rdparty/gflags/src/gflags.cc:[m[K In member function ‘[01m[Kbool gflags::{anonymous}::FlagValue::Validate(const char*, gflags::{anonymous}::ValidateFnProto) const[m[K’:
[01m[K/home/landau/Documents/GitHub/space_robot/src/space_driver/3rdparty/gflags/src/gflags.cc:403:28:[m[K [01;35m[Kwarning: [m[Kcast between incompatible function types from ‘[01m[Kgflags::{anonymous}::ValidateFnProto[m[K’ {aka ‘[01m[Kbool (*)()[m[K’} to ‘[01m[Kbool (*)(const char*, bool)[m[K’ [[01;35m[K-Wcast-function-type[m[K]
  403 |           validate_fn_proto[01;35m[K)[m[K(flagname, VALUE_AS(bool));
      |                            [01;35m[K^[m[K
[01m[K/home/landau/Documents/GitHub/space_robot/src/space_driver/3rdparty/gflags/src/gflags.cc:406:28:[m[K [01;35m[Kwarning: [m[Kcast between incompatible function types from ‘[01m[Kgflags::{anonymous}::ValidateFnProto[m[K’ {aka ‘[01m[Kbool (*)()[m[K’} to ‘[01m[Kbool (*)(const char*, gflags::int32)[m[K’ {aka ‘[01m[Kbool (*)(const char*, int)[m[K’} [[01;35m[K-Wcast-function-type[m[K]
  406 |           validate_fn_proto[01;35m[K)[m[K(flagname, VALUE_AS(int32));
      |                            [01;35m[K^[m[K
[01m[K/home/landau/Documents/GitHub/space_robot/src/space_driver/3rdparty/gflags/src/gflags.cc:409:28:[m[K [01;35m[Kwarning: [m[Kcast between incompatible function types from ‘[01m[Kgflags::{anonymous}::ValidateFnProto[m[K’ {aka ‘[01m[Kbool (*)()[m[K’} to ‘[01m[Kbool (*)(const char*, gflags::uint32)[m[K’ {aka ‘[01m[Kbool (*)(const char*, unsigned int)[m[K’} [[01;35m[K-Wcast-function-type[m[K]
  409 |           validate_fn_proto[01;35m[K)[m[K(flagname, VALUE_AS(uint32));
      |                            [01;35m[K^[m[K
[01m[K/home/landau/Documents/GitHub/space_robot/src/space_driver/3rdparty/gflags/src/gflags.cc:412:28:[m[K [01;35m[Kwarning: [m[Kcast between incompatible function types from ‘[01m[Kgflags::{anonymous}::ValidateFnProto[m[K’ {aka ‘[01m[Kbool (*)()[m[K’} to ‘[01m[Kbool (*)(const char*, gflags::int64)[m[K’ {aka ‘[01m[Kbool (*)(const char*, long int)[m[K’} [[01;35m[K-Wcast-function-type[m[K]
  412 |           validate_fn_proto[01;35m[K)[m[K(flagname, VALUE_AS(int64));
      |                            [01;35m[K^[m[K
[01m[K/home/landau/Documents/GitHub/space_robot/src/space_driver/3rdparty/gflags/src/gflags.cc:415:28:[m[K [01;35m[Kwarning: [m[Kcast between incompatible function types from ‘[01m[Kgflags::{anonymous}::ValidateFnProto[m[K’ {aka ‘[01m[Kbool (*)()[m[K’} to ‘[01m[Kbool (*)(const char*, gflags::uint64)[m[K’ {aka ‘[01m[Kbool (*)(const char*, long unsigned int)[m[K’} [[01;35m[K-Wcast-function-type[m[K]
  415 |           validate_fn_proto[01;35m[K)[m[K(flagname, VALUE_AS(uint64));
      |                            [01;35m[K^[m[K
[01m[K/home/landau/Documents/GitHub/space_robot/src/space_driver/3rdparty/gflags/src/gflags.cc:418:28:[m[K [01;35m[Kwarning: [m[Kcast between incompatible function types from ‘[01m[Kgflags::{anonymous}::ValidateFnProto[m[K’ {aka ‘[01m[Kbool (*)()[m[K’} to ‘[01m[Kbool (*)(const char*, double)[m[K’ [[01;35m[K-Wcast-function-type[m[K]
  418 |           validate_fn_proto[01;35m[K)[m[K(flagname, VALUE_AS(double));
      |                            [01;35m[K^[m[K
[01m[K/home/landau/Documents/GitHub/space_robot/src/space_driver/3rdparty/gflags/src/gflags.cc:421:28:[m[K [01;35m[Kwarning: [m[Kcast between incompatible function types from ‘[01m[Kgflags::{anonymous}::ValidateFnProto[m[K’ {aka ‘[01m[Kbool (*)()[m[K’} to ‘[01m[Kbool (*)(const char*, const string&)[m[K’ {aka ‘[01m[Kbool (*)(const char*, const std::__cxx11::basic_string<char>&)[m[K’} [[01;35m[K-Wcast-function-type[m[K]
  421 |           validate_fn_proto[01;35m[K)[m[K(flagname, VALUE_AS(string));
      |                            [01;35m[K^[m[K
[01m[K/home/landau/Documents/GitHub/space_robot/src/space_driver/3rdparty/gflags/src/gflags.cc:[m[K In function ‘[01m[Kbool gflags::RegisterFlagValidator(const bool*, bool (*)(const char*, bool))[m[K’:
[01m[K/home/landau/Documents/GitHub/space_robot/src/space_driver/3rdparty/gflags/src/gflags.cc:1895:78:[m[K [01;35m[Kwarning: [m[Kcast between incompatible function types from ‘[01m[Kbool (*)(const char*, bool)[m[K’ to ‘[01m[Kgflags::{anonymous}::ValidateFnProto[m[K’ {aka ‘[01m[Kbool (*)()[m[K’} [[01;35m[K-Wcast-function-type[m[K]
 1895 |   return AddFlagValidator(flag, reinterpret_cast<ValidateFnProto>(validate_fn[01;35m[K)[m[K);
      |                                                                              [01;35m[K^[m[K
[01m[K/home/landau/Documents/GitHub/space_robot/src/space_driver/3rdparty/gflags/src/gflags.cc:[m[K In function ‘[01m[Kbool gflags::RegisterFlagValidator(const int32*, bool (*)(const char*, gflags::int32))[m[K’:
[01m[K/home/landau/Documents/GitHub/space_robot/src/space_driver/3rdparty/gflags/src/gflags.cc:1899:78:[m[K [01;35m[Kwarning: [m[Kcast between incompatible function types from ‘[01m[Kbool (*)(const char*, gflags::int32)[m[K’ {aka ‘[01m[Kbool (*)(const char*, int)[m[K’} to ‘[01m[Kgflags::{anonymous}::ValidateFnProto[m[K’ {aka ‘[01m[Kbool (*)()[m[K’} [[01;35m[K-Wcast-function-type[m[K]
 1899 |   return AddFlagValidator(flag, reinterpret_cast<ValidateFnProto>(validate_fn[01;35m[K)[m[K);
      |                                                                              [01;35m[K^[m[K
[01m[K/home/landau/Documents/GitHub/space_robot/src/space_driver/3rdparty/gflags/src/gflags.cc:[m[K In function ‘[01m[Kbool gflags::RegisterFlagValidator(const uint32*, bool (*)(const char*, gflags::uint32))[m[K’:
[01m[K/home/landau/Documents/GitHub/space_robot/src/space_driver/3rdparty/gflags/src/gflags.cc:1903:78:[m[K [01;35m[Kwarning: [m[Kcast between incompatible function types from ‘[01m[Kbool (*)(const char*, gflags::uint32)[m[K’ {aka ‘[01m[Kbool (*)(const char*, unsigned int)[m[K’} to ‘[01m[Kgflags::{anonymous}::ValidateFnProto[m[K’ {aka ‘[01m[Kbool (*)()[m[K’} [[01;35m[K-Wcast-function-type[m[K]
 1903 |   return AddFlagValidator(flag, reinterpret_cast<ValidateFnProto>(validate_fn[01;35m[K)[m[K);
      |                                                                              [01;35m[K^[m[K
[01m[K/home/landau/Documents/GitHub/space_robot/src/space_driver/3rdparty/gflags/src/gflags.cc:[m[K In function ‘[01m[Kbool gflags::RegisterFlagValidator(const int64*, bool (*)(const char*, gflags::int64))[m[K’:
[01m[K/home/landau/Documents/GitHub/space_robot/src/space_driver/3rdparty/gflags/src/gflags.cc:1907:78:[m[K [01;35m[Kwarning: [m[Kcast between incompatible function types from ‘[01m[Kbool (*)(const char*, gflags::int64)[m[K’ {aka ‘[01m[Kbool (*)(const char*, long int)[m[K’} to ‘[01m[Kgflags::{anonymous}::ValidateFnProto[m[K’ {aka ‘[01m[Kbool (*)()[m[K’} [[01;35m[K-Wcast-function-type[m[K]
 1907 |   return AddFlagValidator(flag, reinterpret_cast<ValidateFnProto>(validate_fn[01;35m[K)[m[K);
      |                                                                              [01;35m[K^[m[K
[01m[K/home/landau/Documents/GitHub/space_robot/src/space_driver/3rdparty/gflags/src/gflags.cc:[m[K In function ‘[01m[Kbool gflags::RegisterFlagValidator(const uint64*, bool (*)(const char*, gflags::uint64))[m[K’:
[01m[K/home/landau/Documents/GitHub/space_robot/src/space_driver/3rdparty/gflags/src/gflags.cc:1911:78:[m[K [01;35m[Kwarning: [m[Kcast between incompatible function types from ‘[01m[Kbool (*)(const char*, gflags::uint64)[m[K’ {aka ‘[01m[Kbool (*)(const char*, long unsigned int)[m[K’} to ‘[01m[Kgflags::{anonymous}::ValidateFnProto[m[K’ {aka ‘[01m[Kbool (*)()[m[K’} [[01;35m[K-Wcast-function-type[m[K]
 1911 |   return AddFlagValidator(flag, reinterpret_cast<ValidateFnProto>(validate_fn[01;35m[K)[m[K);
      |                                                                              [01;35m[K^[m[K
[01m[K/home/landau/Documents/GitHub/space_robot/src/space_driver/3rdparty/gflags/src/gflags.cc:[m[K In function ‘[01m[Kbool gflags::RegisterFlagValidator(const double*, bool (*)(const char*, double))[m[K’:
[01m[K/home/landau/Documents/GitHub/space_robot/src/space_driver/3rdparty/gflags/src/gflags.cc:1915:78:[m[K [01;35m[Kwarning: [m[Kcast between incompatible function types from ‘[01m[Kbool (*)(const char*, double)[m[K’ to ‘[01m[Kgflags::{anonymous}::ValidateFnProto[m[K’ {aka ‘[01m[Kbool (*)()[m[K’} [[01;35m[K-Wcast-function-type[m[K]
 1915 |   return AddFlagValidator(flag, reinterpret_cast<ValidateFnProto>(validate_fn[01;35m[K)[m[K);
      |                                                                              [01;35m[K^[m[K
[01m[K/home/landau/Documents/GitHub/space_robot/src/space_driver/3rdparty/gflags/src/gflags.cc:[m[K In function ‘[01m[Kbool gflags::RegisterFlagValidator(const string*, bool (*)(const char*, const string&))[m[K’:
[01m[K/home/landau/Documents/GitHub/space_robot/src/space_driver/3rdparty/gflags/src/gflags.cc:1919:78:[m[K [01;35m[Kwarning: [m[Kcast between incompatible function types from ‘[01m[Kbool (*)(const char*, const string&)[m[K’ {aka ‘[01m[Kbool (*)(const char*, const std::__cxx11::basic_string<char>&)[m[K’} to ‘[01m[Kgflags::{anonymous}::ValidateFnProto[m[K’ {aka ‘[01m[Kbool (*)()[m[K’} [[01;35m[K-Wcast-function-type[m[K]
 1919 |   return AddFlagValidator(flag, reinterpret_cast<ValidateFnProto>(validate_fn[01;35m[K)[m[K);
      |                                                                              [01;35m[K^[m[K
[ 16%] [32mBuilding CXX object 3rdparty/gflags/CMakeFiles/gflags_nothreads_static.dir/src/gflags_completions.cc.o[0m
[01m[K/home/landau/Documents/GitHub/space_robot/src/space_driver/3rdparty/gflags/src/gflags_completions.cc:[m[K In function ‘[01m[Kvoid gflags::{anonymous}::CanonicalizeCursorWordAndSearchOptions(const string&, std::string*, gflags::{anonymous}::CompletionOptions*)[m[K’:
[01m[K/home/landau/Documents/GitHub/space_robot/src/space_driver/3rdparty/gflags/src/gflags_completions.cc:330:56:[m[K [01;35m[Kwarning: [m[Kthis statement may fall through [[01;35m[K-Wimplicit-fallthrough=[m[K]
  330 |     case 3: [01;35m[Koptions->flag_description_substring_search = true[m[K;
      |             [01;35m[K~~~~~~~~~~~~~~~~~~~~~~~~~~~~~~~~~~~~~~~~~~~^~~~~~[m[K
[01m[K/home/landau/Documents/GitHub/space_robot/src/space_driver/3rdparty/gflags/src/gflags_completions.cc:331:5:[m[K [01;36m[Knote: [m[Khere
  331 |     [01;36m[Kcase[m[K 2: options->flag_location_substring_search = true;
      |     [01;36m[K^~~~[m[K
[01m[K/home/landau/Documents/GitHub/space_robot/src/space_driver/3rdparty/gflags/src/gflags_completions.cc:331:53:[m[K [01;35m[Kwarning: [m[Kthis statement may fall through [[01;35m[K-Wimplicit-fallthrough=[m[K]
  331 |     case 2: [01;35m[Koptions->flag_location_substring_search = true[m[K;
      |             [01;35m[K~~~~~~~~~~~~~~~~~~~~~~~~~~~~~~~~~~~~~~~~^~~~~~[m[K
[01m[K/home/landau/Documents/GitHub/space_robot/src/space_driver/3rdparty/gflags/src/gflags_completions.cc:332:5:[m[K [01;36m[Knote: [m[Khere
  332 |     [01;36m[Kcase[m[K 1: options->flag_name_substring_search = true;
      |     [01;36m[K^~~~[m[K
[ 22%] [32m[1mLinking CXX static library libgflags_nothreads.a[0m
[ 22%] Built target gflags_nothreads_static
[35m[1mScanning dependencies of target gflags_declare_test[0m
[35m[1mScanning dependencies of target main[0m
[35m[1mScanning dependencies of target gflags_unittest_main[0m
[ 27%] [32mBuilding CXX object 3rdparty/gflags/test/CMakeFiles/gflags_unittest_main.dir/gflags_unittest_main.cc.o[0m
[ 33%] [32mBuilding CXX object 3rdparty/gflags/test/CMakeFiles/gflags_declare_test.dir/gflags_declare_test.cc.o[0m
[ 38%] [32mBuilding CXX object 3rdparty/gflags/test/CMakeFiles/gflags_declare_test.dir/gflags_declare_flags.cc.o[0m
[ 44%] [32mBuilding CXX object CMakeFiles/main.dir/src/space_driver.cpp.o[0m
[ 50%] [32mBuilding CXX object CMakeFiles/main.dir/src/main.cpp.o[0m
[ 55%] [32m[1mLinking CXX executable ../bin/gflags_declare_test[0m
[01m[K/home/landau/Documents/GitHub/space_robot/build/space_driver/3rdparty/gflags/test/gflags_unittest_main.cc:[m[K In function ‘[01m[Kbool AlwaysFail(const char*, bool)[m[K’:
[01m[K/home/landau/Documents/GitHub/space_robot/build/space_driver/3rdparty/gflags/test/gflags_unittest_main.cc:141:36:[m[K [01;35m[Kwarning: [m[Kunused parameter ‘[01m[Kflag[m[K’ [[01;35m[K-Wunused-parameter[m[K]
  141 | static bool AlwaysFail([01;35m[Kconst char* flag[m[K, bool value) { return value == false; }
      |                        [01;35m[K~~~~~~~~~~~~^~~~[m[K
[01m[K/home/landau/Documents/GitHub/space_robot/build/space_driver/3rdparty/gflags/test/gflags_unittest_main.cc:[m[K In function ‘[01m[Kbool DeadlockIfCantLockInValidators(const char*, bool)[m[K’:
[01m[K/home/landau/Documents/GitHub/space_robot/build/space_driver/3rdparty/gflags/test/gflags_unittest_main.cc:146:56:[m[K [01;35m[Kwarning: [m[Kunused parameter ‘[01m[Kflag[m[K’ [[01;35m[K-Wunused-parameter[m[K]
  146 | static bool DeadlockIfCantLockInValidators([01;35m[Kconst char* flag[m[K, bool value) {
      |                                            [01;35m[K~~~~~~~~~~~~^~~~[m[K
[ 55%] Built target gflags_declare_test
[35m[1mScanning dependencies of target gflags_strip_flags_test[0m
[35m[1mScanning dependencies of target gflags_unittest[0m
[ 61%] [32mBuilding CXX object 3rdparty/gflags/test/CMakeFiles/gflags_unittest.dir/gflags_unittest.cc.o[0m
[ 66%] [32mBuilding CXX object 3rdparty/gflags/test/CMakeFiles/gflags_strip_flags_test.dir/gflags_strip_flags_test.cc.o[0m
[01m[K/home/landau/Documents/GitHub/space_robot/build/space_driver/3rdparty/gflags/test/gflags_unittest_main.cc:[m[K In function ‘[01m[Kbool gflags::{anonymous}::ValidateTestFlagIs10(const char*, gflags::int32)[m[K’:
[01m[K/home/landau/Documents/GitHub/space_robot/build/space_driver/3rdparty/gflags/test/gflags_unittest_main.cc:1386:46:[m[K [01;35m[Kwarning: [m[Kunused parameter ‘[01m[Kflagname[m[K’ [[01;35m[K-Wunused-parameter[m[K]
 1386 | static bool ValidateTestFlagIs10([01;35m[Kconst char* flagname[m[K, int32 flagval) {
      |                                  [01;35m[K~~~~~~~~~~~~^~~~~~~~[m[K
/home/landau/Documents/GitHub/space_robot/build/space_driver/3rdparty/gflags/test/gflags_unittest_main.cc: In instantiation of ‘[01m[Kvoid gflags::{anonymous}::AssertIsType(Actual&) [with Expected = bool; Actual = bool][m[K’:
[01m[K/home/landau/Documents/GitHub/space_robot/build/space_driver/3rdparty/gflags/test/gflags_unittest_main.cc:279:37:[m[K   required from here
[01m[K/home/landau/Documents/GitHub/space_robot/build/space_driver/3rdparty/gflags/test/gflags_unittest_main.cc:273:27:[m[K [01;35m[Kwarning: [m[Kunused parameter ‘[01m[Kx[m[K’ [[01;35m[K-Wunused-parameter[m[K]
  273 | void AssertIsType([01;35m[KActual& x[m[K) {
      |                   [01;35m[K~~~~~~~~^[m[K
/home/landau/Documents/GitHub/space_robot/build/space_driver/3rdparty/gflags/test/gflags_unittest_main.cc: In instantiation of ‘[01m[Kvoid gflags::{anonymous}::AssertIsType(Actual&) [with Expected = int; Actual = int][m[K’:
[01m[K/home/landau/Documents/GitHub/space_robot/build/space_driver/3rdparty/gflags/test/gflags_unittest_main.cc:280:39:[m[K   required from here
[01m[K/home/landau/Documents/GitHub/space_robot/build/space_driver/3rdparty/gflags/test/gflags_unittest_main.cc:273:27:[m[K [01;35m[Kwarning: [m[Kunused parameter ‘[01m[Kx[m[K’ [[01;35m[K-Wunused-parameter[m[K]
/home/landau/Documents/GitHub/space_robot/build/space_driver/3rdparty/gflags/test/gflags_unittest_main.cc: In instantiation of ‘[01m[Kvoid gflags::{anonymous}::AssertIsType(Actual&) [with Expected = long int; Actual = long int][m[K’:
[01m[K/home/landau/Documents/GitHub/space_robot/build/space_driver/3rdparty/gflags/test/gflags_unittest_main.cc:281:39:[m[K   required from here
[01m[K/home/landau/Documents/GitHub/space_robot/build/space_driver/3rdparty/gflags/test/gflags_unittest_main.cc:273:27:[m[K [01;35m[Kwarning: [m[Kunused parameter ‘[01m[Kx[m[K’ [[01;35m[K-Wunused-parameter[m[K]
/home/landau/Documents/GitHub/space_robot/build/space_driver/3rdparty/gflags/test/gflags_unittest_main.cc: In instantiation of ‘[01m[Kvoid gflags::{anonymous}::AssertIsType(Actual&) [with Expected = unsigned int; Actual = unsigned int][m[K’:
[01m[K/home/landau/Documents/GitHub/space_robot/build/space_driver/3rdparty/gflags/test/gflags_unittest_main.cc:282:41:[m[K   required from here
[01m[K/home/landau/Documents/GitHub/space_robot/build/space_driver/3rdparty/gflags/test/gflags_unittest_main.cc:273:27:[m[K [01;35m[Kwarning: [m[Kunused parameter ‘[01m[Kx[m[K’ [[01;35m[K-Wunused-parameter[m[K]
/home/landau/Documents/GitHub/space_robot/build/space_driver/3rdparty/gflags/test/gflags_unittest_main.cc: In instantiation of ‘[01m[Kvoid gflags::{anonymous}::AssertIsType(Actual&) [with Expected = long unsigned int; Actual = long unsigned int][m[K’:
[01m[K/home/landau/Documents/GitHub/space_robot/build/space_driver/3rdparty/gflags/test/gflags_unittest_main.cc:283:41:[m[K   required from here
[01m[K/home/landau/Documents/GitHub/space_robot/build/space_driver/3rdparty/gflags/test/gflags_unittest_main.cc:273:27:[m[K [01;35m[Kwarning: [m[Kunused parameter ‘[01m[Kx[m[K’ [[01;35m[K-Wunused-parameter[m[K]
/home/landau/Documents/GitHub/space_robot/build/space_driver/3rdparty/gflags/test/gflags_unittest_main.cc: In instantiation of ‘[01m[Kvoid gflags::{anonymous}::AssertIsType(Actual&) [with Expected = double; Actual = double][m[K’:
[01m[K/home/landau/Documents/GitHub/space_robot/build/space_driver/3rdparty/gflags/test/gflags_unittest_main.cc:284:41:[m[K   required from here
[01m[K/home/landau/Documents/GitHub/space_robot/build/space_driver/3rdparty/gflags/test/gflags_unittest_main.cc:273:27:[m[K [01;35m[Kwarning: [m[Kunused parameter ‘[01m[Kx[m[K’ [[01;35m[K-Wunused-parameter[m[K]
/home/landau/Documents/GitHub/space_robot/build/space_driver/3rdparty/gflags/test/gflags_unittest_main.cc: In instantiation of ‘[01m[Kvoid gflags::{anonymous}::AssertIsType(Actual&) [with Expected = std::__cxx11::basic_string<char>; Actual = std::__cxx11::basic_string<char>][m[K’:
[01m[K/home/landau/Documents/GitHub/space_robot/build/space_driver/3rdparty/gflags/test/gflags_unittest_main.cc:285:41:[m[K   required from here
[01m[K/home/landau/Documents/GitHub/space_robot/build/space_driver/3rdparty/gflags/test/gflags_unittest_main.cc:273:27:[m[K [01;35m[Kwarning: [m[Kunused parameter ‘[01m[Kx[m[K’ [[01;35m[K-Wunused-parameter[m[K]
[ 72%] [32m[1mLinking CXX executable ../bin/gflags_strip_flags_test[0m
[01m[K/home/landau/Documents/GitHub/space_robot/src/space_driver/3rdparty/gflags/test/gflags_unittest.cc:[m[K In function ‘[01m[Kbool AlwaysFail(const char*, bool)[m[K’:
[01m[K/home/landau/Documents/GitHub/space_robot/src/space_driver/3rdparty/gflags/test/gflags_unittest.cc:141:36:[m[K [01;35m[Kwarning: [m[Kunused parameter ‘[01m[Kflag[m[K’ [[01;35m[K-Wunused-parameter[m[K]
  141 | static bool AlwaysFail([01;35m[Kconst char* flag[m[K, bool value) { return value == false; }
      |                        [01;35m[K~~~~~~~~~~~~^~~~[m[K
[01m[K/home/landau/Documents/GitHub/space_robot/src/space_driver/3rdparty/gflags/test/gflags_unittest.cc:[m[K In function ‘[01m[Kbool DeadlockIfCantLockInValidators(const char*, bool)[m[K’:
[01m[K/home/landau/Documents/GitHub/space_robot/src/space_driver/3rdparty/gflags/test/gflags_unittest.cc:146:56:[m[K [01;35m[Kwarning: [m[Kunused parameter ‘[01m[Kflag[m[K’ [[01;35m[K-Wunused-parameter[m[K]
  146 | static bool DeadlockIfCantLockInValidators([01;35m[Kconst char* flag[m[K, bool value) {
      |                                            [01;35m[K~~~~~~~~~~~~^~~~[m[K
[ 72%] Built target gflags_strip_flags_test
[35m[1mScanning dependencies of target gflags_unittest-main[0m
[ 77%] [32mBuilding CXX object 3rdparty/gflags/test/CMakeFiles/gflags_unittest-main.dir/gflags_unittest-main.cc.o[0m
[01m[K/home/landau/Documents/GitHub/space_robot/src/space_driver/3rdparty/gflags/test/gflags_unittest.cc:[m[K In function ‘[01m[Kbool gflags::{anonymous}::ValidateTestFlagIs10(const char*, gflags::int32)[m[K’:
[01m[K/home/landau/Documents/GitHub/space_robot/src/space_driver/3rdparty/gflags/test/gflags_unittest.cc:1386:46:[m[K [01;35m[Kwarning: [m[Kunused parameter ‘[01m[Kflagname[m[K’ [[01;35m[K-Wunused-parameter[m[K]
 1386 | static bool ValidateTestFlagIs10([01;35m[Kconst char* flagname[m[K, int32 flagval) {
      |                                  [01;35m[K~~~~~~~~~~~~^~~~~~~~[m[K
/home/landau/Documents/GitHub/space_robot/src/space_driver/3rdparty/gflags/test/gflags_unittest.cc: In instantiation of ‘[01m[Kvoid gflags::{anonymous}::AssertIsType(Actual&) [with Expected = bool; Actual = bool][m[K’:
[01m[K/home/landau/Documents/GitHub/space_robot/src/space_driver/3rdparty/gflags/test/gflags_unittest.cc:279:37:[m[K   required from here
[01m[K/home/landau/Documents/GitHub/space_robot/src/space_driver/3rdparty/gflags/test/gflags_unittest.cc:273:27:[m[K [01;35m[Kwarning: [m[Kunused parameter ‘[01m[Kx[m[K’ [[01;35m[K-Wunused-parameter[m[K]
  273 | void AssertIsType([01;35m[KActual& x[m[K) {
      |                   [01;35m[K~~~~~~~~^[m[K
/home/landau/Documents/GitHub/space_robot/src/space_driver/3rdparty/gflags/test/gflags_unittest.cc: In instantiation of ‘[01m[Kvoid gflags::{anonymous}::AssertIsType(Actual&) [with Expected = int; Actual = int][m[K’:
[01m[K/home/landau/Documents/GitHub/space_robot/src/space_driver/3rdparty/gflags/test/gflags_unittest.cc:280:39:[m[K   required from here
[01m[K/home/landau/Documents/GitHub/space_robot/src/space_driver/3rdparty/gflags/test/gflags_unittest.cc:273:27:[m[K [01;35m[Kwarning: [m[Kunused parameter ‘[01m[Kx[m[K’ [[01;35m[K-Wunused-parameter[m[K]
/home/landau/Documents/GitHub/space_robot/src/space_driver/3rdparty/gflags/test/gflags_unittest.cc: In instantiation of ‘[01m[Kvoid gflags::{anonymous}::AssertIsType(Actual&) [with Expected = long int; Actual = long int][m[K’:
[01m[K/home/landau/Documents/GitHub/space_robot/src/space_driver/3rdparty/gflags/test/gflags_unittest.cc:281:39:[m[K   required from here
[01m[K/home/landau/Documents/GitHub/space_robot/src/space_driver/3rdparty/gflags/test/gflags_unittest.cc:273:27:[m[K [01;35m[Kwarning: [m[Kunused parameter ‘[01m[Kx[m[K’ [[01;35m[K-Wunused-parameter[m[K]
/home/landau/Documents/GitHub/space_robot/src/space_driver/3rdparty/gflags/test/gflags_unittest.cc: In instantiation of ‘[01m[Kvoid gflags::{anonymous}::AssertIsType(Actual&) [with Expected = unsigned int; Actual = unsigned int][m[K’:
[01m[K/home/landau/Documents/GitHub/space_robot/src/space_driver/3rdparty/gflags/test/gflags_unittest.cc:282:41:[m[K   required from here
[01m[K/home/landau/Documents/GitHub/space_robot/src/space_driver/3rdparty/gflags/test/gflags_unittest.cc:273:27:[m[K [01;35m[Kwarning: [m[Kunused parameter ‘[01m[Kx[m[K’ [[01;35m[K-Wunused-parameter[m[K]
/home/landau/Documents/GitHub/space_robot/src/space_driver/3rdparty/gflags/test/gflags_unittest.cc: In instantiation of ‘[01m[Kvoid gflags::{anonymous}::AssertIsType(Actual&) [with Expected = long unsigned int; Actual = long unsigned int][m[K’:
[01m[K/home/landau/Documents/GitHub/space_robot/src/space_driver/3rdparty/gflags/test/gflags_unittest.cc:283:41:[m[K   required from here
[01m[K/home/landau/Documents/GitHub/space_robot/src/space_driver/3rdparty/gflags/test/gflags_unittest.cc:273:27:[m[K [01;35m[Kwarning: [m[Kunused parameter ‘[01m[Kx[m[K’ [[01;35m[K-Wunused-parameter[m[K]
/home/landau/Documents/GitHub/space_robot/src/space_driver/3rdparty/gflags/test/gflags_unittest.cc: In instantiation of ‘[01m[Kvoid gflags::{anonymous}::AssertIsType(Actual&) [with Expected = double; Actual = double][m[K’:
[01m[K/home/landau/Documents/GitHub/space_robot/src/space_driver/3rdparty/gflags/test/gflags_unittest.cc:284:41:[m[K   required from here
[01m[K/home/landau/Documents/GitHub/space_robot/src/space_driver/3rdparty/gflags/test/gflags_unittest.cc:273:27:[m[K [01;35m[Kwarning: [m[Kunused parameter ‘[01m[Kx[m[K’ [[01;35m[K-Wunused-parameter[m[K]
/home/landau/Documents/GitHub/space_robot/src/space_driver/3rdparty/gflags/test/gflags_unittest.cc: In instantiation of ‘[01m[Kvoid gflags::{anonymous}::AssertIsType(Actual&) [with Expected = std::__cxx11::basic_string<char>; Actual = std::__cxx11::basic_string<char>][m[K’:
[01m[K/home/landau/Documents/GitHub/space_robot/src/space_driver/3rdparty/gflags/test/gflags_unittest.cc:285:41:[m[K   required from here
[01m[K/home/landau/Documents/GitHub/space_robot/src/space_driver/3rdparty/gflags/test/gflags_unittest.cc:273:27:[m[K [01;35m[Kwarning: [m[Kunused parameter ‘[01m[Kx[m[K’ [[01;35m[K-Wunused-parameter[m[K]
[ 83%] [32m[1mLinking CXX executable ../bin/gflags_unittest_main[0m
[01m[K/home/landau/Documents/GitHub/space_robot/build/space_driver/3rdparty/gflags/test/gflags_unittest-main.cc:[m[K In function ‘[01m[Kbool AlwaysFail(const char*, bool)[m[K’:
[01m[K/home/landau/Documents/GitHub/space_robot/build/space_driver/3rdparty/gflags/test/gflags_unittest-main.cc:141:36:[m[K [01;35m[Kwarning: [m[Kunused parameter ‘[01m[Kflag[m[K’ [[01;35m[K-Wunused-parameter[m[K]
  141 | static bool AlwaysFail([01;35m[Kconst char* flag[m[K, bool value) { return value == false; }
      |                        [01;35m[K~~~~~~~~~~~~^~~~[m[K
[01m[K/home/landau/Documents/GitHub/space_robot/build/space_driver/3rdparty/gflags/test/gflags_unittest-main.cc:[m[K In function ‘[01m[Kbool DeadlockIfCantLockInValidators(const char*, bool)[m[K’:
[01m[K/home/landau/Documents/GitHub/space_robot/build/space_driver/3rdparty/gflags/test/gflags_unittest-main.cc:146:56:[m[K [01;35m[Kwarning: [m[Kunused parameter ‘[01m[Kflag[m[K’ [[01;35m[K-Wunused-parameter[m[K]
  146 | static bool DeadlockIfCantLockInValidators([01;35m[Kconst char* flag[m[K, bool value) {
      |                                            [01;35m[K~~~~~~~~~~~~^~~~[m[K
[ 83%] Built target gflags_unittest_main
[01m[K/home/landau/Documents/GitHub/space_robot/build/space_driver/3rdparty/gflags/test/gflags_unittest-main.cc:[m[K In function ‘[01m[Kbool gflags::{anonymous}::ValidateTestFlagIs10(const char*, gflags::int32)[m[K’:
[01m[K/home/landau/Documents/GitHub/space_robot/build/space_driver/3rdparty/gflags/test/gflags_unittest-main.cc:1386:46:[m[K [01;35m[Kwarning: [m[Kunused parameter ‘[01m[Kflagname[m[K’ [[01;35m[K-Wunused-parameter[m[K]
 1386 | static bool ValidateTestFlagIs10([01;35m[Kconst char* flagname[m[K, int32 flagval) {
      |                                  [01;35m[K~~~~~~~~~~~~^~~~~~~~[m[K
/home/landau/Documents/GitHub/space_robot/build/space_driver/3rdparty/gflags/test/gflags_unittest-main.cc: In instantiation of ‘[01m[Kvoid gflags::{anonymous}::AssertIsType(Actual&) [with Expected = bool; Actual = bool][m[K’:
[01m[K/home/landau/Documents/GitHub/space_robot/build/space_driver/3rdparty/gflags/test/gflags_unittest-main.cc:279:37:[m[K   required from here
[01m[K/home/landau/Documents/GitHub/space_robot/build/space_driver/3rdparty/gflags/test/gflags_unittest-main.cc:273:27:[m[K [01;35m[Kwarning: [m[Kunused parameter ‘[01m[Kx[m[K’ [[01;35m[K-Wunused-parameter[m[K]
  273 | void AssertIsType([01;35m[KActual& x[m[K) {
      |                   [01;35m[K~~~~~~~~^[m[K
/home/landau/Documents/GitHub/space_robot/build/space_driver/3rdparty/gflags/test/gflags_unittest-main.cc: In instantiation of ‘[01m[Kvoid gflags::{anonymous}::AssertIsType(Actual&) [with Expected = int; Actual = int][m[K’:
[01m[K/home/landau/Documents/GitHub/space_robot/build/space_driver/3rdparty/gflags/test/gflags_unittest-main.cc:280:39:[m[K   required from here
[01m[K/home/landau/Documents/GitHub/space_robot/build/space_driver/3rdparty/gflags/test/gflags_unittest-main.cc:273:27:[m[K [01;35m[Kwarning: [m[Kunused parameter ‘[01m[Kx[m[K’ [[01;35m[K-Wunused-parameter[m[K]
/home/landau/Documents/GitHub/space_robot/build/space_driver/3rdparty/gflags/test/gflags_unittest-main.cc: In instantiation of ‘[01m[Kvoid gflags::{anonymous}::AssertIsType(Actual&) [with Expected = long int; Actual = long int][m[K’:
[01m[K/home/landau/Documents/GitHub/space_robot/build/space_driver/3rdparty/gflags/test/gflags_unittest-main.cc:281:39:[m[K   required from here
[01m[K/home/landau/Documents/GitHub/space_robot/build/space_driver/3rdparty/gflags/test/gflags_unittest-main.cc:273:27:[m[K [01;35m[Kwarning: [m[Kunused parameter ‘[01m[Kx[m[K’ [[01;35m[K-Wunused-parameter[m[K]
/home/landau/Documents/GitHub/space_robot/build/space_driver/3rdparty/gflags/test/gflags_unittest-main.cc: In instantiation of ‘[01m[Kvoid gflags::{anonymous}::AssertIsType(Actual&) [with Expected = unsigned int; Actual = unsigned int][m[K’:
[01m[K/home/landau/Documents/GitHub/space_robot/build/space_driver/3rdparty/gflags/test/gflags_unittest-main.cc:282:41:[m[K   required from here
[01m[K/home/landau/Documents/GitHub/space_robot/build/space_driver/3rdparty/gflags/test/gflags_unittest-main.cc:273:27:[m[K [01;35m[Kwarning: [m[Kunused parameter ‘[01m[Kx[m[K’ [[01;35m[K-Wunused-parameter[m[K]
/home/landau/Documents/GitHub/space_robot/build/space_driver/3rdparty/gflags/test/gflags_unittest-main.cc: In instantiation of ‘[01m[Kvoid gflags::{anonymous}::AssertIsType(Actual&) [with Expected = long unsigned int; Actual = long unsigned int][m[K’:
[01m[K/home/landau/Documents/GitHub/space_robot/build/space_driver/3rdparty/gflags/test/gflags_unittest-main.cc:283:41:[m[K   required from here
[01m[K/home/landau/Documents/GitHub/space_robot/build/space_driver/3rdparty/gflags/test/gflags_unittest-main.cc:273:27:[m[K [01;35m[Kwarning: [m[Kunused parameter ‘[01m[Kx[m[K’ [[01;35m[K-Wunused-parameter[m[K]
/home/landau/Documents/GitHub/space_robot/build/space_driver/3rdparty/gflags/test/gflags_unittest-main.cc: In instantiation of ‘[01m[Kvoid gflags::{anonymous}::AssertIsType(Actual&) [with Expected = double; Actual = double][m[K’:
[01m[K/home/landau/Documents/GitHub/space_robot/build/space_driver/3rdparty/gflags/test/gflags_unittest-main.cc:284:41:[m[K   required from here
[01m[K/home/landau/Documents/GitHub/space_robot/build/space_driver/3rdparty/gflags/test/gflags_unittest-main.cc:273:27:[m[K [01;35m[Kwarning: [m[Kunused parameter ‘[01m[Kx[m[K’ [[01;35m[K-Wunused-parameter[m[K]
/home/landau/Documents/GitHub/space_robot/build/space_driver/3rdparty/gflags/test/gflags_unittest-main.cc: In instantiation of ‘[01m[Kvoid gflags::{anonymous}::AssertIsType(Actual&) [with Expected = std::__cxx11::basic_string<char>; Actual = std::__cxx11::basic_string<char>][m[K’:
[01m[K/home/landau/Documents/GitHub/space_robot/build/space_driver/3rdparty/gflags/test/gflags_unittest-main.cc:285:41:[m[K   required from here
[01m[K/home/landau/Documents/GitHub/space_robot/build/space_driver/3rdparty/gflags/test/gflags_unittest-main.cc:273:27:[m[K [01;35m[Kwarning: [m[Kunused parameter ‘[01m[Kx[m[K’ [[01;35m[K-Wunused-parameter[m[K]
[ 88%] [32m[1mLinking CXX executable ../bin/gflags_unittest[0m
[ 88%] Built target gflags_unittest
[ 94%] [32m[1mLinking CXX executable ../bin/gflags_unittest-main[0m
[ 94%] Built target gflags_unittest-main
[01m[K/home/landau/Documents/GitHub/space_robot/src/space_driver/src/space_driver.cpp:[m[K In member function ‘[01m[Kvoid space_driver::robot_state_timer_callback()[m[K’:
[01m[K/home/landau/Documents/GitHub/space_robot/src/space_driver/src/space_driver.cpp:152:77:[m[K [01;35m[Kwarning: [m[Knarrowing conversion of ‘[01m[K((((space_driver*)this)->space_driver::robot_ptr->rocos::Robot::getJointPosition(0) * 1.8e+2) / ((space_driver*)this)->space_driver::pi)[m[K’ from ‘[01m[Kdouble[m[K’ to ‘[01m[Kfloat[m[K’ [[01;35m[K-Wnarrowing[m[K]
  152 |     robot_state_msg.jointposition = {[01;35m[Krobot_ptr->getJointPosition(0) * 180.0 / pi[m[K,
      |                                      [01;35m[K~~~~~~~~~~~~~~~~~~~~~~~~~~~~~~~~~~~~~~~^~~~[m[K
[01m[K/home/landau/Documents/GitHub/space_robot/src/space_driver/src/space_driver.cpp:152:77:[m[K [01;35m[Kwarning: [m[Knarrowing conversion of ‘[01m[K((((space_driver*)this)->space_driver::robot_ptr->rocos::Robot::getJointPosition(0) * 1.8e+2) / ((space_driver*)this)->space_driver::pi)[m[K’ from ‘[01m[Kdouble[m[K’ to ‘[01m[Kfloat[m[K’ [[01;35m[K-Wnarrowing[m[K]
[01m[K/home/landau/Documents/GitHub/space_robot/src/space_driver/src/space_driver.cpp:153:77:[m[K [01;35m[Kwarning: [m[Knarrowing conversion of ‘[01m[K((((space_driver*)this)->space_driver::robot_ptr->rocos::Robot::getJointPosition(1) * 1.8e+2) / ((space_driver*)this)->space_driver::pi)[m[K’ from ‘[01m[Kdouble[m[K’ to ‘[01m[Kfloat[m[K’ [[01;35m[K-Wnarrowing[m[K]
  153 |                                      [01;35m[Krobot_ptr->getJointPosition(1) * 180.0 / pi[m[K,
      |                                      [01;35m[K~~~~~~~~~~~~~~~~~~~~~~~~~~~~~~~~~~~~~~~^~~~[m[K
[01m[K/home/landau/Documents/GitHub/space_robot/src/space_driver/src/space_driver.cpp:153:77:[m[K [01;35m[Kwarning: [m[Knarrowing conversion of ‘[01m[K((((space_driver*)this)->space_driver::robot_ptr->rocos::Robot::getJointPosition(1) * 1.8e+2) / ((space_driver*)this)->space_driver::pi)[m[K’ from ‘[01m[Kdouble[m[K’ to ‘[01m[Kfloat[m[K’ [[01;35m[K-Wnarrowing[m[K]
[01m[K/home/landau/Documents/GitHub/space_robot/src/space_driver/src/space_driver.cpp:154:77:[m[K [01;35m[Kwarning: [m[Knarrowing conversion of ‘[01m[K((((space_driver*)this)->space_driver::robot_ptr->rocos::Robot::getJointPosition(2) * 1.8e+2) / ((space_driver*)this)->space_driver::pi)[m[K’ from ‘[01m[Kdouble[m[K’ to ‘[01m[Kfloat[m[K’ [[01;35m[K-Wnarrowing[m[K]
  154 |                                      [01;35m[Krobot_ptr->getJointPosition(2) * 180.0 / pi[m[K,
      |                                      [01;35m[K~~~~~~~~~~~~~~~~~~~~~~~~~~~~~~~~~~~~~~~^~~~[m[K
[01m[K/home/landau/Documents/GitHub/space_robot/src/space_driver/src/space_driver.cpp:154:77:[m[K [01;35m[Kwarning: [m[Knarrowing conversion of ‘[01m[K((((space_driver*)this)->space_driver::robot_ptr->rocos::Robot::getJointPosition(2) * 1.8e+2) / ((space_driver*)this)->space_driver::pi)[m[K’ from ‘[01m[Kdouble[m[K’ to ‘[01m[Kfloat[m[K’ [[01;35m[K-Wnarrowing[m[K]
[01m[K/home/landau/Documents/GitHub/space_robot/src/space_driver/src/space_driver.cpp:155:77:[m[K [01;35m[Kwarning: [m[Knarrowing conversion of ‘[01m[K((((space_driver*)this)->space_driver::robot_ptr->rocos::Robot::getJointPosition(3) * 1.8e+2) / ((space_driver*)this)->space_driver::pi)[m[K’ from ‘[01m[Kdouble[m[K’ to ‘[01m[Kfloat[m[K’ [[01;35m[K-Wnarrowing[m[K]
  155 |                                      [01;35m[Krobot_ptr->getJointPosition(3) * 180.0 / pi[m[K,
      |                                      [01;35m[K~~~~~~~~~~~~~~~~~~~~~~~~~~~~~~~~~~~~~~~^~~~[m[K
[01m[K/home/landau/Documents/GitHub/space_robot/src/space_driver/src/space_driver.cpp:155:77:[m[K [01;35m[Kwarning: [m[Knarrowing conversion of ‘[01m[K((((space_driver*)this)->space_driver::robot_ptr->rocos::Robot::getJointPosition(3) * 1.8e+2) / ((space_driver*)this)->space_driver::pi)[m[K’ from ‘[01m[Kdouble[m[K’ to ‘[01m[Kfloat[m[K’ [[01;35m[K-Wnarrowing[m[K]
[01m[K/home/landau/Documents/GitHub/space_robot/src/space_driver/src/space_driver.cpp:156:77:[m[K [01;35m[Kwarning: [m[Knarrowing conversion of ‘[01m[K((((space_driver*)this)->space_driver::robot_ptr->rocos::Robot::getJointPosition(4) * 1.8e+2) / ((space_driver*)this)->space_driver::pi)[m[K’ from ‘[01m[Kdouble[m[K’ to ‘[01m[Kfloat[m[K’ [[01;35m[K-Wnarrowing[m[K]
  156 |                                      [01;35m[Krobot_ptr->getJointPosition(4) * 180.0 / pi[m[K,
      |                                      [01;35m[K~~~~~~~~~~~~~~~~~~~~~~~~~~~~~~~~~~~~~~~^~~~[m[K
[01m[K/home/landau/Documents/GitHub/space_robot/src/space_driver/src/space_driver.cpp:156:77:[m[K [01;35m[Kwarning: [m[Knarrowing conversion of ‘[01m[K((((space_driver*)this)->space_driver::robot_ptr->rocos::Robot::getJointPosition(4) * 1.8e+2) / ((space_driver*)this)->space_driver::pi)[m[K’ from ‘[01m[Kdouble[m[K’ to ‘[01m[Kfloat[m[K’ [[01;35m[K-Wnarrowing[m[K]
[01m[K/home/landau/Documents/GitHub/space_robot/src/space_driver/src/space_driver.cpp:157:77:[m[K [01;35m[Kwarning: [m[Knarrowing conversion of ‘[01m[K((((space_driver*)this)->space_driver::robot_ptr->rocos::Robot::getJointPosition(5) * 1.8e+2) / ((space_driver*)this)->space_driver::pi)[m[K’ from ‘[01m[Kdouble[m[K’ to ‘[01m[Kfloat[m[K’ [[01;35m[K-Wnarrowing[m[K]
  157 |                                      [01;35m[Krobot_ptr->getJointPosition(5) * 180.0 / pi[m[K,
      |                                      [01;35m[K~~~~~~~~~~~~~~~~~~~~~~~~~~~~~~~~~~~~~~~^~~~[m[K
[01m[K/home/landau/Documents/GitHub/space_robot/src/space_driver/src/space_driver.cpp:157:77:[m[K [01;35m[Kwarning: [m[Knarrowing conversion of ‘[01m[K((((space_driver*)this)->space_driver::robot_ptr->rocos::Robot::getJointPosition(5) * 1.8e+2) / ((space_driver*)this)->space_driver::pi)[m[K’ from ‘[01m[Kdouble[m[K’ to ‘[01m[Kfloat[m[K’ [[01;35m[K-Wnarrowing[m[K]
[01m[K/home/landau/Documents/GitHub/space_robot/src/space_driver/src/space_driver.cpp:158:77:[m[K [01;35m[Kwarning: [m[Knarrowing conversion of ‘[01m[K((((space_driver*)this)->space_driver::robot_ptr->rocos::Robot::getJointPosition(6) * 1.8e+2) / ((space_driver*)this)->space_driver::pi)[m[K’ from ‘[01m[Kdouble[m[K’ to ‘[01m[Kfloat[m[K’ [[01;35m[K-Wnarrowing[m[K]
  158 |                                      [01;35m[Krobot_ptr->getJointPosition(6) * 180.0 / pi[m[K};
      |                                      [01;35m[K~~~~~~~~~~~~~~~~~~~~~~~~~~~~~~~~~~~~~~~^~~~[m[K
[01m[K/home/landau/Documents/GitHub/space_robot/src/space_driver/src/space_driver.cpp:158:77:[m[K [01;35m[Kwarning: [m[Knarrowing conversion of ‘[01m[K((((space_driver*)this)->space_driver::robot_ptr->rocos::Robot::getJointPosition(6) * 1.8e+2) / ((space_driver*)this)->space_driver::pi)[m[K’ from ‘[01m[Kdouble[m[K’ to ‘[01m[Kfloat[m[K’ [[01;35m[K-Wnarrowing[m[K]
[100%] [32m[1mLinking CXX executable main[0m
[100%] Built target main
-- Install configuration: ""
-- Installing: /home/landau/Documents/GitHub/space_robot/install/space_driver/lib/space_driver/main
-- Set runtime path of "/home/landau/Documents/GitHub/space_robot/install/space_driver/lib/space_driver/main" to ""
-- Installing: /home/landau/Documents/GitHub/space_robot/install/space_driver/share/ament_index/resource_index/package_run_dependencies/space_driver
-- Installing: /home/landau/Documents/GitHub/space_robot/install/space_driver/share/ament_index/resource_index/parent_prefix_path/space_driver
-- Installing: /home/landau/Documents/GitHub/space_robot/install/space_driver/share/space_driver/environment/ament_prefix_path.sh
-- Installing: /home/landau/Documents/GitHub/space_robot/install/space_driver/share/space_driver/environment/ament_prefix_path.dsv
-- Installing: /home/landau/Documents/GitHub/space_robot/install/space_driver/share/space_driver/environment/path.sh
-- Installing: /home/landau/Documents/GitHub/space_robot/install/space_driver/share/space_driver/environment/path.dsv
-- Installing: /home/landau/Documents/GitHub/space_robot/install/space_driver/share/space_driver/local_setup.bash
-- Installing: /home/landau/Documents/GitHub/space_robot/install/space_driver/share/space_driver/local_setup.sh
-- Installing: /home/landau/Documents/GitHub/space_robot/install/space_driver/share/space_driver/local_setup.zsh
-- Installing: /home/landau/Documents/GitHub/space_robot/install/space_driver/share/space_driver/local_setup.dsv
-- Installing: /home/landau/Documents/GitHub/space_robot/install/space_driver/share/space_driver/package.dsv
-- Installing: /home/landau/Documents/GitHub/space_robot/install/space_driver/share/ament_index/resource_index/packages/space_driver
-- Installing: /home/landau/Documents/GitHub/space_robot/install/space_driver/share/space_driver/cmake/space_driverConfig.cmake
-- Installing: /home/landau/Documents/GitHub/space_robot/install/space_driver/share/space_driver/cmake/space_driverConfig-version.cmake
-- Installing: /home/landau/Documents/GitHub/space_robot/install/space_driver/share/space_driver/package.xml
-- Installing: /home/landau/Documents/GitHub/space_robot/install/space_driver/lib/pkgconfig/gflags.pc
