-- The C compiler identification is GNU 9.4.0
-- The CXX compiler identification is GNU 9.4.0
-- Check for working C compiler: /usr/bin/cc
-- Check for working C compiler: /usr/bin/cc -- works
-- Detecting C compiler ABI info
-- Detecting C compiler ABI info - done
-- Detecting C compile features
-- Detecting C compile features - done
-- Check for working CXX compiler: /usr/bin/c++
-- Check for working CXX compiler: /usr/bin/c++ -- works
-- Detecting CXX compiler ABI info
-- Detecting CXX compiler ABI info - done
-- Detecting CXX compile features
-- Detecting CXX compile features - done
-- Found ament_cmake: 0.9.12 (/opt/ros/foxy/share/ament_cmake/cmake)
-- Found PythonInterp: /usr/bin/python3 (found suitable version "3.8.10", minimum required is "3") 
-- Using PYTHON_EXECUTABLE: /usr/bin/python3
-- Found rclcpp: 2.4.3 (/opt/ros/foxy/share/rclcpp/cmake)
-- Using all available rosidl_typesupport_c: rosidl_typesupport_fastrtps_c;rosidl_typesupport_introspection_c
-- Found rosidl_adapter: 1.3.1 (/opt/ros/foxy/share/rosidl_adapter/cmake)
-- Looking for pthread.h
-- Looking for pthread.h - found
-- Performing Test CMAKE_HAVE_LIBC_PTHREAD
-- Performing Test CMAKE_HAVE_LIBC_PTHREAD - Failed
-- Looking for pthread_create in pthreads
-- Looking for pthread_create in pthreads - not found
-- Looking for pthread_create in pthread
-- Looking for pthread_create in pthread - found
-- Found Threads: TRUE  
-- Found OpenSSL: /opt/grpc/lib/libcrypto.a (found version "1.1.1f")  
-- Found FastRTPS: /opt/ros/foxy/include  
-- Using all available rosidl_typesupport_cpp: rosidl_typesupport_fastrtps_cpp;rosidl_typesupport_introspection_cpp
-- Found rmw_implementation_cmake: 1.0.4 (/opt/ros/foxy/share/rmw_implementation_cmake/cmake)
-- Using RMW implementation 'rmw_fastrtps_cpp' as default
-- Using protobuf 3.18.1.0
-- Using gRPC 1.43.0
-- Found Boost: /usr/lib/x86_64-linux-gnu/cmake/Boost-1.71.0/BoostConfig.cmake (found version "1.71.0") found components: date_time filesystem system chrono 
-- Found Boost: /usr/lib/x86_64-linux-gnu/cmake/Boost-1.71.0/BoostConfig.cmake (found version "1.71.0") found components: date_time filesystem system chrono thread 
-- Looking for C++ include unistd.h
-- Looking for C++ include unistd.h - found
-- Looking for C++ include stdint.h
-- Looking for C++ include stdint.h - found
-- Looking for C++ include inttypes.h
-- Looking for C++ include inttypes.h - found
-- Looking for C++ include sys/types.h
-- Looking for C++ include sys/types.h - found
-- Looking for C++ include sys/stat.h
-- Looking for C++ include sys/stat.h - found
-- Looking for C++ include fnmatch.h
-- Looking for C++ include fnmatch.h - found
-- Looking for C++ include stddef.h
-- Looking for C++ include stddef.h - found
-- Check size of uint32_t
-- Check size of uint32_t - done
-- Looking for strtoll
-- Looking for strtoll - found
-- Found space_interfaces: 0.0.0 (/home/landau/Documents/GitHub/space_robot/install/space_interfaces/share/space_interfaces/cmake)
-- Found ament_lint_auto: 0.9.8 (/opt/ros/foxy/share/ament_lint_auto/cmake)
-- Added test 'copyright' to check source files copyright and LICENSE
-- Added test 'cppcheck' to perform static code analysis on C / C++ code
-- Configured cppcheck include dirs: /home/landau/Documents/GitHub/space_robot/src/space_driver/include
-- Configured cppcheck exclude dirs and/or files: 
-- Added test 'cpplint' to check C / C++ code against the Google style
-- Configured cpplint exclude dirs and/or files: 
-- Added test 'flake8' to check Python code syntax and style conventions
-- Added test 'lint_cmake' to check CMake code style
-- Added test 'pep257' to check Python code against some of the style conventions in PEP 257
-- Added test 'uncrustify' to check C / C++ code style
-- Configured uncrustify additional arguments: 
-- Added test 'xmllint' to check XML markup files
-- Configuring done
-- Generating done
-- Build files have been written to: /home/landau/Documents/GitHub/space_robot/build/space_driver
[35m[1mScanning dependencies of target gflags_nothreads_static[0m
[ 11%] [32mBuilding CXX object 3rdparty/gflags/CMakeFiles/gflags_nothreads_static.dir/src/gflags.cc.o[0m
[ 11%] [32mBuilding CXX object 3rdparty/gflags/CMakeFiles/gflags_nothreads_static.dir/src/gflags_reporting.cc.o[0m
[ 16%] [32mBuilding CXX object 3rdparty/gflags/CMakeFiles/gflags_nothreads_static.dir/src/gflags_completions.cc.o[0m
[ 22%] [32m[1mLinking CXX static library libgflags_nothreads.a[0m
[ 22%] Built target gflags_nothreads_static
[35m[1mScanning dependencies of target gflags_declare_test[0m
[35m[1mScanning dependencies of target main[0m
[35m[1mScanning dependencies of target gflags_unittest_main[0m
[ 27%] [32mBuilding CXX object 3rdparty/gflags/test/CMakeFiles/gflags_unittest_main.dir/gflags_unittest_main.cc.o[0m
[ 33%] [32mBuilding CXX object 3rdparty/gflags/test/CMakeFiles/gflags_declare_test.dir/gflags_declare_test.cc.o[0m
[ 38%] [32mBuilding CXX object 3rdparty/gflags/test/CMakeFiles/gflags_declare_test.dir/gflags_declare_flags.cc.o[0m
[ 44%] [32mBuilding CXX object CMakeFiles/main.dir/src/space_driver.cpp.o[0m
[ 50%] [32mBuilding CXX object CMakeFiles/main.dir/src/main.cpp.o[0m
[ 55%] [32m[1mLinking CXX executable ../bin/gflags_declare_test[0m
[ 55%] Built target gflags_declare_test
[35m[1mScanning dependencies of target gflags_strip_flags_test[0m
[35m[1mScanning dependencies of target gflags_unittest[0m
[ 61%] [32mBuilding CXX object 3rdparty/gflags/test/CMakeFiles/gflags_unittest.dir/gflags_unittest.cc.o[0m
[ 66%] [32mBuilding CXX object 3rdparty/gflags/test/CMakeFiles/gflags_strip_flags_test.dir/gflags_strip_flags_test.cc.o[0m
[ 72%] [32m[1mLinking CXX executable ../bin/gflags_strip_flags_test[0m
[ 72%] Built target gflags_strip_flags_test
[35m[1mScanning dependencies of target gflags_unittest-main[0m
[ 77%] [32mBuilding CXX object 3rdparty/gflags/test/CMakeFiles/gflags_unittest-main.dir/gflags_unittest-main.cc.o[0m
[ 83%] [32m[1mLinking CXX executable ../bin/gflags_unittest_main[0m
[ 83%] Built target gflags_unittest_main
[ 88%] [32m[1mLinking CXX executable ../bin/gflags_unittest[0m
[ 88%] Built target gflags_unittest
[ 94%] [32m[1mLinking CXX executable ../bin/gflags_unittest-main[0m
[ 94%] Built target gflags_unittest-main
[100%] [32m[1mLinking CXX executable main[0m
[100%] Built target main
-- Install configuration: ""
-- Installing: /home/landau/Documents/GitHub/space_robot/install/space_driver/lib/space_driver/main
-- Set runtime path of "/home/landau/Documents/GitHub/space_robot/install/space_driver/lib/space_driver/main" to ""
-- Installing: /home/landau/Documents/GitHub/space_robot/install/space_driver/share/ament_index/resource_index/package_run_dependencies/space_driver
-- Installing: /home/landau/Documents/GitHub/space_robot/install/space_driver/share/ament_index/resource_index/parent_prefix_path/space_driver
-- Installing: /home/landau/Documents/GitHub/space_robot/install/space_driver/share/space_driver/environment/ament_prefix_path.sh
-- Installing: /home/landau/Documents/GitHub/space_robot/install/space_driver/share/space_driver/environment/ament_prefix_path.dsv
-- Installing: /home/landau/Documents/GitHub/space_robot/install/space_driver/share/space_driver/environment/path.sh
-- Installing: /home/landau/Documents/GitHub/space_robot/install/space_driver/share/space_driver/environment/path.dsv
-- Installing: /home/landau/Documents/GitHub/space_robot/install/space_driver/share/space_driver/local_setup.bash
-- Installing: /home/landau/Documents/GitHub/space_robot/install/space_driver/share/space_driver/local_setup.sh
-- Installing: /home/landau/Documents/GitHub/space_robot/install/space_driver/share/space_driver/local_setup.zsh
-- Installing: /home/landau/Documents/GitHub/space_robot/install/space_driver/share/space_driver/local_setup.dsv
-- Installing: /home/landau/Documents/GitHub/space_robot/install/space_driver/share/space_driver/package.dsv
-- Installing: /home/landau/Documents/GitHub/space_robot/install/space_driver/share/ament_index/resource_index/packages/space_driver
-- Installing: /home/landau/Documents/GitHub/space_robot/install/space_driver/share/space_driver/cmake/space_driverConfig.cmake
-- Installing: /home/landau/Documents/GitHub/space_robot/install/space_driver/share/space_driver/cmake/space_driverConfig-version.cmake
-- Installing: /home/landau/Documents/GitHub/space_robot/install/space_driver/share/space_driver/package.xml
-- Installing: /home/landau/Documents/GitHub/space_robot/install/space_driver/lib/pkgconfig/gflags.pc
