[0.040s] Invoking command in '/home/landau/Documents/GitHub/space_robot/build/space_driver': CMAKE_PREFIX_PATH=/home/landau/Documents/GitHub/space_robot/install/space_interfaces:/home/landau/Documents/GitHub/space_robot/install/space_driver:/opt/ros/foxy /usr/bin/cmake --build /home/landau/Documents/GitHub/space_robot/build/space_driver -- -j8 -l8
[0.128s] -- Found ament_cmake: 0.9.12 (/opt/ros/foxy/share/ament_cmake/cmake)
[0.194s] -- Using PYTHON_EXECUTABLE: /usr/bin/python3
[1.517s] -- Found rclcpp: 2.4.3 (/opt/ros/foxy/share/rclcpp/cmake)
[1.645s] -- Using all available rosidl_typesupport_c: rosidl_typesupport_fastrtps_c;rosidl_typesupport_introspection_c
[1.664s] -- Found rosidl_adapter: 1.3.1 (/opt/ros/foxy/share/rosidl_adapter/cmake)
[2.114s] -- Using all available rosidl_typesupport_cpp: rosidl_typesupport_fastrtps_cpp;rosidl_typesupport_introspection_cpp
[2.269s] -- Found rmw_implementation_cmake: 1.0.4 (/opt/ros/foxy/share/rmw_implementation_cmake/cmake)
[2.274s] -- Using RMW implementation 'rmw_fastrtps_cpp' as default
[2.700s] -- Found Protobuf: /opt/grpc/bin/protoc-3.18.1.0 (found version "3.18.1.0") 
[2.701s] -- Using protobuf 3.18.1.0
[2.758s] -- Using gRPC 1.43.0
[2.793s] -- Found Boost: /usr/lib/x86_64-linux-gnu/cmake/Boost-1.71.0/BoostConfig.cmake (found version "1.71.0") found components: date_time filesystem system chrono 
[2.827s] -- Found Boost: /usr/lib/x86_64-linux-gnu/cmake/Boost-1.71.0/BoostConfig.cmake (found version "1.71.0") found components: date_time filesystem system chrono thread 
[2.927s] -- Found space_interfaces: 0.0.0 (/home/landau/Documents/GitHub/space_robot/install/space_interfaces/share/space_interfaces/cmake)
[3.296s] -- Found ament_lint_auto: 0.9.8 (/opt/ros/foxy/share/ament_lint_auto/cmake)
[3.620s] -- Added test 'copyright' to check source files copyright and LICENSE
[3.726s] -- Added test 'cppcheck' to perform static code analysis on C / C++ code
[3.727s] -- Configured cppcheck include dirs: /home/landau/Documents/GitHub/space_robot/src/space_driver/include
[3.727s] -- Configured cppcheck exclude dirs and/or files: 
[3.819s] -- Added test 'cpplint' to check C / C++ code against the Google style
[3.819s] -- Configured cpplint exclude dirs and/or files: 
[3.831s] -- Added test 'flake8' to check Python code syntax and style conventions
[3.853s] -- Added test 'lint_cmake' to check CMake code style
[3.867s] -- Added test 'pep257' to check Python code against some of the style conventions in PEP 257
[3.956s] -- Added test 'uncrustify' to check C / C++ code style
[3.956s] -- Configured uncrustify additional arguments: 
[3.969s] -- Added test 'xmllint' to check XML markup files
[3.983s] -- Configuring done
[4.213s] -- Generating done
[4.230s] -- Build files have been written to: /home/landau/Documents/GitHub/space_robot/build/space_driver
[4.353s] [ 20%] Built target gflags_nothreads_static
[4.397s] [35m[1mScanning dependencies of target demo[0m
[4.442s] [ 30%] Built target gflags_unittest
[4.452s] [ 40%] Built target gflags_unittest-main
[4.452s] [ 50%] Built target gflags_unittest_main
[4.460s] [35m[1mScanning dependencies of target main[0m
[4.467s] [ 65%] Built target gflags_declare_test
[4.469s] [ 75%] Built target gflags_strip_flags_test
[4.692s] [ 80%] [32mBuilding CXX object CMakeFiles/demo.dir/src/demo.cpp.o[0m
[4.735s] [ 85%] [32mBuilding CXX object CMakeFiles/main.dir/src/main.cpp.o[0m
[38.658s] [ 90%] [32m[1mLinking CXX executable demo[0m
[39.528s] [ 90%] Built target demo
[41.891s] [ 95%] [32m[1mLinking CXX executable main[0m
[43.474s] [100%] Built target main
[43.509s] Invoked command in '/home/landau/Documents/GitHub/space_robot/build/space_driver' returned '0': CMAKE_PREFIX_PATH=/home/landau/Documents/GitHub/space_robot/install/space_interfaces:/home/landau/Documents/GitHub/space_robot/install/space_driver:/opt/ros/foxy /usr/bin/cmake --build /home/landau/Documents/GitHub/space_robot/build/space_driver -- -j8 -l8
[43.677s] Invoking command in '/home/landau/Documents/GitHub/space_robot/build/space_driver': CMAKE_PREFIX_PATH=/home/landau/Documents/GitHub/space_robot/install/space_interfaces:/home/landau/Documents/GitHub/space_robot/install/space_driver:/opt/ros/foxy /usr/bin/cmake --install /home/landau/Documents/GitHub/space_robot/build/space_driver
[43.699s] -- Install configuration: ""
[43.701s] -- Installing: /home/landau/Documents/GitHub/space_robot/install/space_driver/lib/space_driver/main
[43.714s] -- Set runtime path of "/home/landau/Documents/GitHub/space_robot/install/space_driver/lib/space_driver/main" to ""
[43.714s] -- Up-to-date: /home/landau/Documents/GitHub/space_robot/install/space_driver/share/ament_index/resource_index/package_run_dependencies/space_driver
[43.715s] -- Installing: /home/landau/Documents/GitHub/space_robot/install/space_driver/share/ament_index/resource_index/parent_prefix_path/space_driver
[43.715s] -- Up-to-date: /home/landau/Documents/GitHub/space_robot/install/space_driver/share/space_driver/environment/ament_prefix_path.sh
[43.715s] -- Installing: /home/landau/Documents/GitHub/space_robot/install/space_driver/share/space_driver/environment/ament_prefix_path.dsv
[43.716s] -- Up-to-date: /home/landau/Documents/GitHub/space_robot/install/space_driver/share/space_driver/environment/path.sh
[43.716s] -- Installing: /home/landau/Documents/GitHub/space_robot/install/space_driver/share/space_driver/environment/path.dsv
[43.717s] -- Up-to-date: /home/landau/Documents/GitHub/space_robot/install/space_driver/share/space_driver/local_setup.bash
[43.717s] -- Up-to-date: /home/landau/Documents/GitHub/space_robot/install/space_driver/share/space_driver/local_setup.sh
[43.718s] -- Up-to-date: /home/landau/Documents/GitHub/space_robot/install/space_driver/share/space_driver/local_setup.zsh
[43.718s] -- Installing: /home/landau/Documents/GitHub/space_robot/install/space_driver/share/space_driver/local_setup.dsv
[43.718s] -- Installing: /home/landau/Documents/GitHub/space_robot/install/space_driver/share/space_driver/package.dsv
[43.719s] -- Up-to-date: /home/landau/Documents/GitHub/space_robot/install/space_driver/share/ament_index/resource_index/packages/space_driver
[43.719s] -- Up-to-date: /home/landau/Documents/GitHub/space_robot/install/space_driver/share/space_driver/cmake/space_driverConfig.cmake
[43.720s] -- Up-to-date: /home/landau/Documents/GitHub/space_robot/install/space_driver/share/space_driver/cmake/space_driverConfig-version.cmake
[43.720s] -- Up-to-date: /home/landau/Documents/GitHub/space_robot/install/space_driver/share/space_driver/package.xml
[43.720s] -- Up-to-date: /home/landau/Documents/GitHub/space_robot/install/space_driver/lib/pkgconfig/gflags.pc
[43.728s] Invoked command in '/home/landau/Documents/GitHub/space_robot/build/space_driver' returned '0': CMAKE_PREFIX_PATH=/home/landau/Documents/GitHub/space_robot/install/space_interfaces:/home/landau/Documents/GitHub/space_robot/install/space_driver:/opt/ros/foxy /usr/bin/cmake --install /home/landau/Documents/GitHub/space_robot/build/space_driver
