[0.044s] Invoking command in '/home/landau/Documents/GitHub/space_robot/build/space_driver': CMAKE_PREFIX_PATH=/home/landau/Documents/GitHub/space_robot/install/space_interfaces:/home/landau/Documents/GitHub/space_robot/install/space_driver:/opt/ros/foxy /usr/bin/cmake --build /home/landau/Documents/GitHub/space_robot/build/space_driver -- -j8 -l8
[0.137s] -- Found ament_cmake: 0.9.12 (/opt/ros/foxy/share/ament_cmake/cmake)
[0.206s] -- Using PYTHON_EXECUTABLE: /usr/bin/python3
[0.727s] -- Found rclcpp: 2.4.3 (/opt/ros/foxy/share/rclcpp/cmake)
[0.837s] -- Using all available rosidl_typesupport_c: rosidl_typesupport_fastrtps_c;rosidl_typesupport_introspection_c
[0.847s] -- Found rosidl_adapter: 1.3.1 (/opt/ros/foxy/share/rosidl_adapter/cmake)
[1.326s] -- Using all available rosidl_typesupport_cpp: rosidl_typesupport_fastrtps_cpp;rosidl_typesupport_introspection_cpp
[1.472s] -- Found rmw_implementation_cmake: 1.0.4 (/opt/ros/foxy/share/rmw_implementation_cmake/cmake)
[1.477s] -- Using RMW implementation 'rmw_fastrtps_cpp' as default
[1.886s] -- Using protobuf 3.18.1.0
[1.936s] -- Using gRPC 1.43.0
[1.959s] -- Found Boost: /usr/lib/x86_64-linux-gnu/cmake/Boost-1.71.0/BoostConfig.cmake (found version "1.71.0") found components: date_time filesystem system chrono 
[1.996s] -- Found Boost: /usr/lib/x86_64-linux-gnu/cmake/Boost-1.71.0/BoostConfig.cmake (found version "1.71.0") found components: date_time filesystem system chrono thread 
[2.091s] -- Found space_interfaces: 0.0.0 (/home/landau/Documents/GitHub/space_robot/install/space_interfaces/share/space_interfaces/cmake)
[2.371s] -- Found ament_lint_auto: 0.9.8 (/opt/ros/foxy/share/ament_lint_auto/cmake)
[2.557s] -- Added test 'copyright' to check source files copyright and LICENSE
[2.649s] -- Added test 'cppcheck' to perform static code analysis on C / C++ code
[2.650s] -- Configured cppcheck include dirs: /home/landau/Documents/GitHub/space_robot/src/space_driver/include
[2.650s] -- Configured cppcheck exclude dirs and/or files: 
[2.741s] -- Added test 'cpplint' to check C / C++ code against the Google style
[2.741s] -- Configured cpplint exclude dirs and/or files: 
[2.753s] -- Added test 'flake8' to check Python code syntax and style conventions
[2.776s] -- Added test 'lint_cmake' to check CMake code style
[2.790s] -- Added test 'pep257' to check Python code against some of the style conventions in PEP 257
[2.882s] -- Added test 'uncrustify' to check C / C++ code style
[2.883s] -- Configured uncrustify additional arguments: 
[2.901s] -- Added test 'xmllint' to check XML markup files
[2.922s] -- Configuring done
[3.096s] -- Generating done
[3.115s] -- Build files have been written to: /home/landau/Documents/GitHub/space_robot/build/space_driver
[3.233s] [ 20%] Built target gflags_nothreads_static
[3.325s] [ 30%] Built target gflags_unittest
[3.331s] [ 50%] Built target gflags_declare_test
[3.334s] [ 55%] Built target gflags_unittest-main
[3.340s] [ 65%] Built target gflags_unittest_main
[3.348s] [ 75%] Built target gflags_strip_flags_test
[3.382s] [ 80%] [32m[1mLinking CXX executable demo[0m
[3.432s] [ 95%] Built target main
[4.062s] [100%] Built target demo
[4.100s] Invoked command in '/home/landau/Documents/GitHub/space_robot/build/space_driver' returned '0': CMAKE_PREFIX_PATH=/home/landau/Documents/GitHub/space_robot/install/space_interfaces:/home/landau/Documents/GitHub/space_robot/install/space_driver:/opt/ros/foxy /usr/bin/cmake --build /home/landau/Documents/GitHub/space_robot/build/space_driver -- -j8 -l8
[4.263s] Invoking command in '/home/landau/Documents/GitHub/space_robot/build/space_driver': CMAKE_PREFIX_PATH=/home/landau/Documents/GitHub/space_robot/install/space_interfaces:/home/landau/Documents/GitHub/space_robot/install/space_driver:/opt/ros/foxy /usr/bin/cmake --install /home/landau/Documents/GitHub/space_robot/build/space_driver
[4.286s] -- Install configuration: ""
[4.287s] -- Up-to-date: /home/landau/Documents/GitHub/space_robot/install/space_driver/lib/space_driver/main
[4.287s] -- Installing: /home/landau/Documents/GitHub/space_robot/install/space_driver/lib/space_driver/demo
[4.291s] -- Set runtime path of "/home/landau/Documents/GitHub/space_robot/install/space_driver/lib/space_driver/demo" to ""
[4.291s] -- Up-to-date: /home/landau/Documents/GitHub/space_robot/install/space_driver/share/ament_index/resource_index/package_run_dependencies/space_driver
[4.291s] -- Up-to-date: /home/landau/Documents/GitHub/space_robot/install/space_driver/share/ament_index/resource_index/parent_prefix_path/space_driver
[4.292s] -- Up-to-date: /home/landau/Documents/GitHub/space_robot/install/space_driver/share/space_driver/environment/ament_prefix_path.sh
[4.292s] -- Installing: /home/landau/Documents/GitHub/space_robot/install/space_driver/share/space_driver/environment/ament_prefix_path.dsv
[4.292s] -- Up-to-date: /home/landau/Documents/GitHub/space_robot/install/space_driver/share/space_driver/environment/path.sh
[4.293s] -- Installing: /home/landau/Documents/GitHub/space_robot/install/space_driver/share/space_driver/environment/path.dsv
[4.293s] -- Up-to-date: /home/landau/Documents/GitHub/space_robot/install/space_driver/share/space_driver/local_setup.bash
[4.294s] -- Up-to-date: /home/landau/Documents/GitHub/space_robot/install/space_driver/share/space_driver/local_setup.sh
[4.294s] -- Up-to-date: /home/landau/Documents/GitHub/space_robot/install/space_driver/share/space_driver/local_setup.zsh
[4.294s] -- Installing: /home/landau/Documents/GitHub/space_robot/install/space_driver/share/space_driver/local_setup.dsv
[4.295s] -- Installing: /home/landau/Documents/GitHub/space_robot/install/space_driver/share/space_driver/package.dsv
[4.296s] -- Up-to-date: /home/landau/Documents/GitHub/space_robot/install/space_driver/share/ament_index/resource_index/packages/space_driver
[4.296s] -- Up-to-date: /home/landau/Documents/GitHub/space_robot/install/space_driver/share/space_driver/cmake/space_driverConfig.cmake
[4.297s] -- Up-to-date: /home/landau/Documents/GitHub/space_robot/install/space_driver/share/space_driver/cmake/space_driverConfig-version.cmake
[4.297s] -- Up-to-date: /home/landau/Documents/GitHub/space_robot/install/space_driver/share/space_driver/package.xml
[4.297s] -- Up-to-date: /home/landau/Documents/GitHub/space_robot/install/space_driver/lib/pkgconfig/gflags.pc
[4.305s] Invoked command in '/home/landau/Documents/GitHub/space_robot/build/space_driver' returned '0': CMAKE_PREFIX_PATH=/home/landau/Documents/GitHub/space_robot/install/space_interfaces:/home/landau/Documents/GitHub/space_robot/install/space_driver:/opt/ros/foxy /usr/bin/cmake --install /home/landau/Documents/GitHub/space_robot/build/space_driver
