[0.041s] Invoking command in '/home/landau/Documents/GitHub/space_robot/build/space_interfaces': CMAKE_PREFIX_PATH=${CMAKE_PREFIX_PATH}:/opt/ros/foxy /usr/bin/cmake --build /home/landau/Documents/GitHub/space_robot/build/space_interfaces -- -j8 -l8
[0.236s] [  0%] Built target space_interfaces__cpp
[0.249s] [ 12%] Built target space_interfaces__rosidl_generator_c
[0.324s] [ 24%] Built target space_interfaces__rosidl_typesupport_cpp
[0.346s] [ 48%] Built target space_interfaces__rosidl_typesupport_introspection_cpp
[0.346s] [ 48%] Built target space_interfaces__rosidl_typesupport_c
[0.358s] [ 60%] Built target space_interfaces__rosidl_typesupport_introspection_c
[0.371s] [ 71%] Built target space_interfaces__rosidl_typesupport_fastrtps_cpp
[0.472s] [ 83%] Built target space_interfaces__rosidl_typesupport_fastrtps_c
[0.536s] [ 83%] Built target space_interfaces
[0.609s] [ 84%] Built target space_interfaces__py
[0.727s] [ 95%] Built target space_interfaces__python
[0.809s] [ 97%] Built target space_interfaces__rosidl_typesupport_fastrtps_c__pyext
[0.810s] [ 98%] Built target space_interfaces__rosidl_typesupport_c__pyext
[0.811s] [100%] Built target space_interfaces__rosidl_typesupport_introspection_c__pyext
[0.852s] Invoked command in '/home/landau/Documents/GitHub/space_robot/build/space_interfaces' returned '0': CMAKE_PREFIX_PATH=${CMAKE_PREFIX_PATH}:/opt/ros/foxy /usr/bin/cmake --build /home/landau/Documents/GitHub/space_robot/build/space_interfaces -- -j8 -l8
[1.530s] Invoking command in '/home/landau/Documents/GitHub/space_robot/build/space_interfaces': CMAKE_PREFIX_PATH=${CMAKE_PREFIX_PATH}:/opt/ros/foxy /usr/bin/cmake --install /home/landau/Documents/GitHub/space_robot/build/space_interfaces
[1.556s] -- Install configuration: ""
[1.556s] -- Up-to-date: /home/landau/Documents/GitHub/space_robot/install/space_interfaces/share/ament_index/resource_index/rosidl_interfaces/space_interfaces
[1.557s] -- Up-to-date: /home/landau/Documents/GitHub/space_robot/install/space_interfaces/include/space_interfaces
[1.557s] -- Up-to-date: /home/landau/Documents/GitHub/space_robot/install/space_interfaces/include/space_interfaces/msg
[1.558s] -- Up-to-date: /home/landau/Documents/GitHub/space_robot/install/space_interfaces/include/space_interfaces/msg/joint_jogging_msg.h
[1.558s] -- Up-to-date: /home/landau/Documents/GitHub/space_robot/install/space_interfaces/include/space_interfaces/msg/detail
[1.559s] -- Up-to-date: /home/landau/Documents/GitHub/space_robot/install/space_interfaces/include/space_interfaces/msg/detail/joint_jogging_msg__type_support.h
[1.560s] -- Up-to-date: /home/landau/Documents/GitHub/space_robot/install/space_interfaces/include/space_interfaces/msg/detail/joint_jogging_msg__struct.h
[1.560s] -- Up-to-date: /home/landau/Documents/GitHub/space_robot/install/space_interfaces/include/space_interfaces/msg/detail/joint_jogging_msg__functions.h
[1.561s] -- Up-to-date: /home/landau/Documents/GitHub/space_robot/install/space_interfaces/include/space_interfaces/msg/detail/joint_jogging_msg__functions.c
[1.561s] -- Up-to-date: /home/landau/Documents/GitHub/space_robot/install/space_interfaces/include/space_interfaces/msg/detail/robot_state__struct.h
[1.561s] -- Up-to-date: /home/landau/Documents/GitHub/space_robot/install/space_interfaces/include/space_interfaces/msg/detail/robot_state__functions.c
[1.562s] -- Up-to-date: /home/landau/Documents/GitHub/space_robot/install/space_interfaces/include/space_interfaces/msg/detail/robot_state__functions.h
[1.562s] -- Up-to-date: /home/landau/Documents/GitHub/space_robot/install/space_interfaces/include/space_interfaces/msg/detail/robot_state__type_support.h
[1.562s] -- Up-to-date: /home/landau/Documents/GitHub/space_robot/install/space_interfaces/include/space_interfaces/msg/robot_state.h
[1.562s] -- Up-to-date: /home/landau/Documents/GitHub/space_robot/install/space_interfaces/include/space_interfaces/msg/rosidl_generator_c__visibility_control.h
[1.563s] -- Up-to-date: /home/landau/Documents/GitHub/space_robot/install/space_interfaces/include/space_interfaces/srv
[1.563s] -- Up-to-date: /home/landau/Documents/GitHub/space_robot/install/space_interfaces/include/space_interfaces/srv/connection.h
[1.563s] -- Up-to-date: /home/landau/Documents/GitHub/space_robot/install/space_interfaces/include/space_interfaces/srv/joint_enable.h
[1.564s] -- Up-to-date: /home/landau/Documents/GitHub/space_robot/install/space_interfaces/include/space_interfaces/srv/joint_jogging.h
[1.564s] -- Up-to-date: /home/landau/Documents/GitHub/space_robot/install/space_interfaces/include/space_interfaces/srv/cartesian_jogging.h
[1.565s] -- Up-to-date: /home/landau/Documents/GitHub/space_robot/install/space_interfaces/include/space_interfaces/srv/multi_axis.h
[1.565s] -- Up-to-date: /home/landau/Documents/GitHub/space_robot/install/space_interfaces/include/space_interfaces/srv/detail
[1.565s] -- Up-to-date: /home/landau/Documents/GitHub/space_robot/install/space_interfaces/include/space_interfaces/srv/detail/cartesian_movement__functions.h
[1.565s] -- Up-to-date: /home/landau/Documents/GitHub/space_robot/install/space_interfaces/include/space_interfaces/srv/detail/cartesian_jogging__functions.h
[1.565s] -- Up-to-date: /home/landau/Documents/GitHub/space_robot/install/space_interfaces/include/space_interfaces/srv/detail/switch__functions.c
[1.566s] -- Up-to-date: /home/landau/Documents/GitHub/space_robot/install/space_interfaces/include/space_interfaces/srv/detail/joint_enable__type_support.h
[1.566s] -- Up-to-date: /home/landau/Documents/GitHub/space_robot/install/space_interfaces/include/space_interfaces/srv/detail/speed_set__type_support.h
[1.567s] -- Up-to-date: /home/landau/Documents/GitHub/space_robot/install/space_interfaces/include/space_interfaces/srv/detail/joint_enable__struct.h
[1.567s] -- Up-to-date: /home/landau/Documents/GitHub/space_robot/install/space_interfaces/include/space_interfaces/srv/detail/multi_axis_offset__functions.h
[1.567s] -- Up-to-date: /home/landau/Documents/GitHub/space_robot/install/space_interfaces/include/space_interfaces/srv/detail/joint_jogging__struct.h
[1.568s] -- Up-to-date: /home/landau/Documents/GitHub/space_robot/install/space_interfaces/include/space_interfaces/srv/detail/cartesian_movement__functions.c
[1.568s] -- Up-to-date: /home/landau/Documents/GitHub/space_robot/install/space_interfaces/include/space_interfaces/srv/detail/multi_axis_offset__type_support.h
[1.568s] -- Up-to-date: /home/landau/Documents/GitHub/space_robot/install/space_interfaces/include/space_interfaces/srv/detail/connection__struct.h
[1.568s] -- Up-to-date: /home/landau/Documents/GitHub/space_robot/install/space_interfaces/include/space_interfaces/srv/detail/switch__struct.h
[1.569s] -- Up-to-date: /home/landau/Documents/GitHub/space_robot/install/space_interfaces/include/space_interfaces/srv/detail/cartesian_jogging__struct.h
[1.569s] -- Up-to-date: /home/landau/Documents/GitHub/space_robot/install/space_interfaces/include/space_interfaces/srv/detail/connection__type_support.h
[1.569s] -- Up-to-date: /home/landau/Documents/GitHub/space_robot/install/space_interfaces/include/space_interfaces/srv/detail/cartesian_movement__struct.h
[1.569s] -- Up-to-date: /home/landau/Documents/GitHub/space_robot/install/space_interfaces/include/space_interfaces/srv/detail/multi_axis_offset__functions.c
[1.569s] -- Up-to-date: /home/landau/Documents/GitHub/space_robot/install/space_interfaces/include/space_interfaces/srv/detail/joint_jogging__type_support.h
[1.570s] -- Up-to-date: /home/landau/Documents/GitHub/space_robot/install/space_interfaces/include/space_interfaces/srv/detail/speed_set__functions.c
[1.570s] -- Up-to-date: /home/landau/Documents/GitHub/space_robot/install/space_interfaces/include/space_interfaces/srv/detail/cartesian_jogging__functions.c
[1.570s] -- Up-to-date: /home/landau/Documents/GitHub/space_robot/install/space_interfaces/include/space_interfaces/srv/detail/multi_axis__functions.h
[1.571s] -- Up-to-date: /home/landau/Documents/GitHub/space_robot/install/space_interfaces/include/space_interfaces/srv/detail/cartesian_movement__type_support.h
[1.572s] -- Up-to-date: /home/landau/Documents/GitHub/space_robot/install/space_interfaces/include/space_interfaces/srv/detail/joint_enable__functions.c
[1.572s] -- Up-to-date: /home/landau/Documents/GitHub/space_robot/install/space_interfaces/include/space_interfaces/srv/detail/joint_jogging__functions.h
[1.572s] -- Up-to-date: /home/landau/Documents/GitHub/space_robot/install/space_interfaces/include/space_interfaces/srv/detail/multi_axis_offset__struct.h
[1.572s] -- Up-to-date: /home/landau/Documents/GitHub/space_robot/install/space_interfaces/include/space_interfaces/srv/detail/speed_set__functions.h
[1.573s] -- Up-to-date: /home/landau/Documents/GitHub/space_robot/install/space_interfaces/include/space_interfaces/srv/detail/switch__functions.h
[1.573s] -- Up-to-date: /home/landau/Documents/GitHub/space_robot/install/space_interfaces/include/space_interfaces/srv/detail/joint_enable__functions.h
[1.573s] -- Up-to-date: /home/landau/Documents/GitHub/space_robot/install/space_interfaces/include/space_interfaces/srv/detail/connection__functions.h
[1.573s] -- Up-to-date: /home/landau/Documents/GitHub/space_robot/install/space_interfaces/include/space_interfaces/srv/detail/multi_axis__type_support.h
[1.573s] -- Up-to-date: /home/landau/Documents/GitHub/space_robot/install/space_interfaces/include/space_interfaces/srv/detail/cartesian_jogging__type_support.h
[1.574s] -- Up-to-date: /home/landau/Documents/GitHub/space_robot/install/space_interfaces/include/space_interfaces/srv/detail/multi_axis__struct.h
[1.574s] -- Up-to-date: /home/landau/Documents/GitHub/space_robot/install/space_interfaces/include/space_interfaces/srv/detail/speed_set__struct.h
[1.574s] -- Up-to-date: /home/landau/Documents/GitHub/space_robot/install/space_interfaces/include/space_interfaces/srv/detail/joint_jogging__functions.c
[1.575s] -- Up-to-date: /home/landau/Documents/GitHub/space_robot/install/space_interfaces/include/space_interfaces/srv/detail/switch__type_support.h
[1.575s] -- Up-to-date: /home/landau/Documents/GitHub/space_robot/install/space_interfaces/include/space_interfaces/srv/detail/multi_axis__functions.c
[1.576s] -- Up-to-date: /home/landau/Documents/GitHub/space_robot/install/space_interfaces/include/space_interfaces/srv/detail/connection__functions.c
[1.576s] -- Up-to-date: /home/landau/Documents/GitHub/space_robot/install/space_interfaces/include/space_interfaces/srv/speed_set.h
[1.576s] -- Up-to-date: /home/landau/Documents/GitHub/space_robot/install/space_interfaces/include/space_interfaces/srv/cartesian_movement.h
[1.577s] -- Up-to-date: /home/landau/Documents/GitHub/space_robot/install/space_interfaces/include/space_interfaces/srv/multi_axis_offset.h
[1.577s] -- Up-to-date: /home/landau/Documents/GitHub/space_robot/install/space_interfaces/include/space_interfaces/srv/switch.h
[1.579s] -- Up-to-date: /home/landau/Documents/GitHub/space_robot/install/space_interfaces/share/space_interfaces/environment/library_path.sh
[1.579s] -- Up-to-date: /home/landau/Documents/GitHub/space_robot/install/space_interfaces/share/space_interfaces/environment/library_path.dsv
[1.579s] -- Up-to-date: /home/landau/Documents/GitHub/space_robot/install/space_interfaces/lib/libspace_interfaces__rosidl_generator_c.so
[1.580s] -- Up-to-date: /home/landau/Documents/GitHub/space_robot/install/space_interfaces/include/space_interfaces
[1.580s] -- Up-to-date: /home/landau/Documents/GitHub/space_robot/install/space_interfaces/include/space_interfaces/msg
[1.580s] -- Up-to-date: /home/landau/Documents/GitHub/space_robot/install/space_interfaces/include/space_interfaces/msg/rosidl_typesupport_fastrtps_c__visibility_control.h
[1.580s] -- Up-to-date: /home/landau/Documents/GitHub/space_robot/install/space_interfaces/include/space_interfaces/msg/detail
[1.581s] -- Up-to-date: /home/landau/Documents/GitHub/space_robot/install/space_interfaces/include/space_interfaces/msg/detail/robot_state__rosidl_typesupport_fastrtps_c.h
[1.581s] -- Up-to-date: /home/landau/Documents/GitHub/space_robot/install/space_interfaces/include/space_interfaces/msg/detail/joint_jogging_msg__rosidl_typesupport_fastrtps_c.h
[1.581s] -- Up-to-date: /home/landau/Documents/GitHub/space_robot/install/space_interfaces/include/space_interfaces/srv
[1.582s] -- Up-to-date: /home/landau/Documents/GitHub/space_robot/install/space_interfaces/include/space_interfaces/srv/detail
[1.582s] -- Up-to-date: /home/landau/Documents/GitHub/space_robot/install/space_interfaces/include/space_interfaces/srv/detail/cartesian_movement__rosidl_typesupport_fastrtps_c.h
[1.582s] -- Up-to-date: /home/landau/Documents/GitHub/space_robot/install/space_interfaces/include/space_interfaces/srv/detail/joint_enable__rosidl_typesupport_fastrtps_c.h
[1.582s] -- Up-to-date: /home/landau/Documents/GitHub/space_robot/install/space_interfaces/include/space_interfaces/srv/detail/connection__rosidl_typesupport_fastrtps_c.h
[1.582s] -- Up-to-date: /home/landau/Documents/GitHub/space_robot/install/space_interfaces/include/space_interfaces/srv/detail/switch__rosidl_typesupport_fastrtps_c.h
[1.582s] -- Up-to-date: /home/landau/Documents/GitHub/space_robot/install/space_interfaces/include/space_interfaces/srv/detail/speed_set__rosidl_typesupport_fastrtps_c.h
[1.583s] -- Up-to-date: /home/landau/Documents/GitHub/space_robot/install/space_interfaces/include/space_interfaces/srv/detail/multi_axis__rosidl_typesupport_fastrtps_c.h
[1.583s] -- Up-to-date: /home/landau/Documents/GitHub/space_robot/install/space_interfaces/include/space_interfaces/srv/detail/joint_jogging__rosidl_typesupport_fastrtps_c.h
[1.583s] -- Up-to-date: /home/landau/Documents/GitHub/space_robot/install/space_interfaces/include/space_interfaces/srv/detail/cartesian_jogging__rosidl_typesupport_fastrtps_c.h
[1.583s] -- Up-to-date: /home/landau/Documents/GitHub/space_robot/install/space_interfaces/include/space_interfaces/srv/detail/multi_axis_offset__rosidl_typesupport_fastrtps_c.h
[1.583s] -- Up-to-date: /home/landau/Documents/GitHub/space_robot/install/space_interfaces/lib/libspace_interfaces__rosidl_typesupport_fastrtps_c.so
[1.584s] -- Up-to-date: /home/landau/Documents/GitHub/space_robot/install/space_interfaces/include/space_interfaces
[1.584s] -- Up-to-date: /home/landau/Documents/GitHub/space_robot/install/space_interfaces/include/space_interfaces/msg
[1.584s] -- Up-to-date: /home/landau/Documents/GitHub/space_robot/install/space_interfaces/include/space_interfaces/msg/rosidl_typesupport_fastrtps_cpp__visibility_control.h
[1.584s] -- Up-to-date: /home/landau/Documents/GitHub/space_robot/install/space_interfaces/include/space_interfaces/msg/detail
[1.585s] -- Up-to-date: /home/landau/Documents/GitHub/space_robot/install/space_interfaces/include/space_interfaces/msg/detail/dds_fastrtps
[1.585s] -- Up-to-date: /home/landau/Documents/GitHub/space_robot/install/space_interfaces/include/space_interfaces/msg/detail/joint_jogging_msg__rosidl_typesupport_fastrtps_cpp.hpp
[1.585s] -- Up-to-date: /home/landau/Documents/GitHub/space_robot/install/space_interfaces/include/space_interfaces/msg/detail/robot_state__rosidl_typesupport_fastrtps_cpp.hpp
[1.586s] -- Up-to-date: /home/landau/Documents/GitHub/space_robot/install/space_interfaces/include/space_interfaces/srv
[1.586s] -- Up-to-date: /home/landau/Documents/GitHub/space_robot/install/space_interfaces/include/space_interfaces/srv/detail
[1.586s] -- Up-to-date: /home/landau/Documents/GitHub/space_robot/install/space_interfaces/include/space_interfaces/srv/detail/dds_fastrtps
[1.587s] -- Up-to-date: /home/landau/Documents/GitHub/space_robot/install/space_interfaces/include/space_interfaces/srv/detail/cartesian_movement__rosidl_typesupport_fastrtps_cpp.hpp
[1.587s] -- Up-to-date: /home/landau/Documents/GitHub/space_robot/install/space_interfaces/include/space_interfaces/srv/detail/connection__rosidl_typesupport_fastrtps_cpp.hpp
[1.587s] -- Up-to-date: /home/landau/Documents/GitHub/space_robot/install/space_interfaces/include/space_interfaces/srv/detail/joint_enable__rosidl_typesupport_fastrtps_cpp.hpp
[1.587s] -- Up-to-date: /home/landau/Documents/GitHub/space_robot/install/space_interfaces/include/space_interfaces/srv/detail/multi_axis_offset__rosidl_typesupport_fastrtps_cpp.hpp
[1.587s] -- Up-to-date: /home/landau/Documents/GitHub/space_robot/install/space_interfaces/include/space_interfaces/srv/detail/switch__rosidl_typesupport_fastrtps_cpp.hpp
[1.588s] -- Up-to-date: /home/landau/Documents/GitHub/space_robot/install/space_interfaces/include/space_interfaces/srv/detail/cartesian_jogging__rosidl_typesupport_fastrtps_cpp.hpp
[1.588s] -- Up-to-date: /home/landau/Documents/GitHub/space_robot/install/space_interfaces/include/space_interfaces/srv/detail/joint_jogging__rosidl_typesupport_fastrtps_cpp.hpp
[1.588s] -- Up-to-date: /home/landau/Documents/GitHub/space_robot/install/space_interfaces/include/space_interfaces/srv/detail/speed_set__rosidl_typesupport_fastrtps_cpp.hpp
[1.588s] -- Up-to-date: /home/landau/Documents/GitHub/space_robot/install/space_interfaces/include/space_interfaces/srv/detail/multi_axis__rosidl_typesupport_fastrtps_cpp.hpp
[1.588s] -- Up-to-date: /home/landau/Documents/GitHub/space_robot/install/space_interfaces/lib/libspace_interfaces__rosidl_typesupport_fastrtps_cpp.so
[1.589s] -- Up-to-date: /home/landau/Documents/GitHub/space_robot/install/space_interfaces/include/space_interfaces
[1.589s] -- Up-to-date: /home/landau/Documents/GitHub/space_robot/install/space_interfaces/include/space_interfaces/msg
[1.589s] -- Up-to-date: /home/landau/Documents/GitHub/space_robot/install/space_interfaces/include/space_interfaces/msg/rosidl_typesupport_introspection_c__visibility_control.h
[1.589s] -- Up-to-date: /home/landau/Documents/GitHub/space_robot/install/space_interfaces/include/space_interfaces/msg/detail
[1.589s] -- Up-to-date: /home/landau/Documents/GitHub/space_robot/install/space_interfaces/include/space_interfaces/msg/detail/joint_jogging_msg__type_support.c
[1.589s] -- Up-to-date: /home/landau/Documents/GitHub/space_robot/install/space_interfaces/include/space_interfaces/msg/detail/joint_jogging_msg__rosidl_typesupport_introspection_c.h
[1.590s] -- Up-to-date: /home/landau/Documents/GitHub/space_robot/install/space_interfaces/include/space_interfaces/msg/detail/robot_state__type_support.c
[1.590s] -- Up-to-date: /home/landau/Documents/GitHub/space_robot/install/space_interfaces/include/space_interfaces/msg/detail/robot_state__rosidl_typesupport_introspection_c.h
[1.590s] -- Up-to-date: /home/landau/Documents/GitHub/space_robot/install/space_interfaces/include/space_interfaces/srv
[1.590s] -- Up-to-date: /home/landau/Documents/GitHub/space_robot/install/space_interfaces/include/space_interfaces/srv/detail
[1.590s] -- Up-to-date: /home/landau/Documents/GitHub/space_robot/install/space_interfaces/include/space_interfaces/srv/detail/joint_enable__rosidl_typesupport_introspection_c.h
[1.590s] -- Up-to-date: /home/landau/Documents/GitHub/space_robot/install/space_interfaces/include/space_interfaces/srv/detail/speed_set__type_support.c
[1.591s] -- Up-to-date: /home/landau/Documents/GitHub/space_robot/install/space_interfaces/include/space_interfaces/srv/detail/cartesian_movement__rosidl_typesupport_introspection_c.h
[1.591s] -- Up-to-date: /home/landau/Documents/GitHub/space_robot/install/space_interfaces/include/space_interfaces/srv/detail/cartesian_jogging__rosidl_typesupport_introspection_c.h
[1.591s] -- Up-to-date: /home/landau/Documents/GitHub/space_robot/install/space_interfaces/include/space_interfaces/srv/detail/cartesian_movement__type_support.c
[1.591s] -- Up-to-date: /home/landau/Documents/GitHub/space_robot/install/space_interfaces/include/space_interfaces/srv/detail/connection__type_support.c
[1.591s] -- Up-to-date: /home/landau/Documents/GitHub/space_robot/install/space_interfaces/include/space_interfaces/srv/detail/joint_enable__type_support.c
[1.591s] -- Up-to-date: /home/landau/Documents/GitHub/space_robot/install/space_interfaces/include/space_interfaces/srv/detail/joint_jogging__rosidl_typesupport_introspection_c.h
[1.592s] -- Up-to-date: /home/landau/Documents/GitHub/space_robot/install/space_interfaces/include/space_interfaces/srv/detail/multi_axis__type_support.c
[1.592s] -- Up-to-date: /home/landau/Documents/GitHub/space_robot/install/space_interfaces/include/space_interfaces/srv/detail/switch__rosidl_typesupport_introspection_c.h
[1.592s] -- Up-to-date: /home/landau/Documents/GitHub/space_robot/install/space_interfaces/include/space_interfaces/srv/detail/connection__rosidl_typesupport_introspection_c.h
[1.592s] -- Up-to-date: /home/landau/Documents/GitHub/space_robot/install/space_interfaces/include/space_interfaces/srv/detail/multi_axis_offset__rosidl_typesupport_introspection_c.h
[1.592s] -- Up-to-date: /home/landau/Documents/GitHub/space_robot/install/space_interfaces/include/space_interfaces/srv/detail/multi_axis__rosidl_typesupport_introspection_c.h
[1.592s] -- Up-to-date: /home/landau/Documents/GitHub/space_robot/install/space_interfaces/include/space_interfaces/srv/detail/switch__type_support.c
[1.593s] -- Up-to-date: /home/landau/Documents/GitHub/space_robot/install/space_interfaces/include/space_interfaces/srv/detail/multi_axis_offset__type_support.c
[1.593s] -- Up-to-date: /home/landau/Documents/GitHub/space_robot/install/space_interfaces/include/space_interfaces/srv/detail/cartesian_jogging__type_support.c
[1.593s] -- Up-to-date: /home/landau/Documents/GitHub/space_robot/install/space_interfaces/include/space_interfaces/srv/detail/speed_set__rosidl_typesupport_introspection_c.h
[1.593s] -- Up-to-date: /home/landau/Documents/GitHub/space_robot/install/space_interfaces/include/space_interfaces/srv/detail/joint_jogging__type_support.c
[1.593s] -- Up-to-date: /home/landau/Documents/GitHub/space_robot/install/space_interfaces/lib/libspace_interfaces__rosidl_typesupport_introspection_c.so
[1.593s] -- Up-to-date: /home/landau/Documents/GitHub/space_robot/install/space_interfaces/lib/libspace_interfaces__rosidl_typesupport_c.so
[1.594s] -- Up-to-date: /home/landau/Documents/GitHub/space_robot/install/space_interfaces/include/space_interfaces
[1.594s] -- Up-to-date: /home/landau/Documents/GitHub/space_robot/install/space_interfaces/include/space_interfaces/msg
[1.594s] -- Up-to-date: /home/landau/Documents/GitHub/space_robot/install/space_interfaces/include/space_interfaces/msg/robot_state.hpp
[1.594s] -- Up-to-date: /home/landau/Documents/GitHub/space_robot/install/space_interfaces/include/space_interfaces/msg/joint_jogging_msg.hpp
[1.594s] -- Up-to-date: /home/landau/Documents/GitHub/space_robot/install/space_interfaces/include/space_interfaces/msg/detail
[1.595s] -- Up-to-date: /home/landau/Documents/GitHub/space_robot/install/space_interfaces/include/space_interfaces/msg/detail/robot_state__struct.hpp
[1.595s] -- Up-to-date: /home/landau/Documents/GitHub/space_robot/install/space_interfaces/include/space_interfaces/msg/detail/joint_jogging_msg__builder.hpp
[1.595s] -- Up-to-date: /home/landau/Documents/GitHub/space_robot/install/space_interfaces/include/space_interfaces/msg/detail/joint_jogging_msg__type_support.hpp
[1.595s] -- Up-to-date: /home/landau/Documents/GitHub/space_robot/install/space_interfaces/include/space_interfaces/msg/detail/joint_jogging_msg__traits.hpp
[1.595s] -- Up-to-date: /home/landau/Documents/GitHub/space_robot/install/space_interfaces/include/space_interfaces/msg/detail/joint_jogging_msg__struct.hpp
[1.595s] -- Up-to-date: /home/landau/Documents/GitHub/space_robot/install/space_interfaces/include/space_interfaces/msg/detail/robot_state__type_support.hpp
[1.595s] -- Up-to-date: /home/landau/Documents/GitHub/space_robot/install/space_interfaces/include/space_interfaces/msg/detail/robot_state__traits.hpp
[1.596s] -- Up-to-date: /home/landau/Documents/GitHub/space_robot/install/space_interfaces/include/space_interfaces/msg/detail/robot_state__builder.hpp
[1.596s] -- Up-to-date: /home/landau/Documents/GitHub/space_robot/install/space_interfaces/include/space_interfaces/msg/rosidl_generator_cpp__visibility_control.hpp
[1.596s] -- Up-to-date: /home/landau/Documents/GitHub/space_robot/install/space_interfaces/include/space_interfaces/srv
[1.596s] -- Up-to-date: /home/landau/Documents/GitHub/space_robot/install/space_interfaces/include/space_interfaces/srv/joint_jogging.hpp
[1.596s] -- Up-to-date: /home/landau/Documents/GitHub/space_robot/install/space_interfaces/include/space_interfaces/srv/speed_set.hpp
[1.597s] -- Up-to-date: /home/landau/Documents/GitHub/space_robot/install/space_interfaces/include/space_interfaces/srv/cartesian_movement.hpp
[1.597s] -- Up-to-date: /home/landau/Documents/GitHub/space_robot/install/space_interfaces/include/space_interfaces/srv/connection.hpp
[1.597s] -- Up-to-date: /home/landau/Documents/GitHub/space_robot/install/space_interfaces/include/space_interfaces/srv/multi_axis_offset.hpp
[1.597s] -- Up-to-date: /home/landau/Documents/GitHub/space_robot/install/space_interfaces/include/space_interfaces/srv/detail
[1.597s] -- Up-to-date: /home/landau/Documents/GitHub/space_robot/install/space_interfaces/include/space_interfaces/srv/detail/connection__builder.hpp
[1.597s] -- Up-to-date: /home/landau/Documents/GitHub/space_robot/install/space_interfaces/include/space_interfaces/srv/detail/speed_set__type_support.hpp
[1.598s] -- Up-to-date: /home/landau/Documents/GitHub/space_robot/install/space_interfaces/include/space_interfaces/srv/detail/joint_jogging__builder.hpp
[1.598s] -- Up-to-date: /home/landau/Documents/GitHub/space_robot/install/space_interfaces/include/space_interfaces/srv/detail/cartesian_movement__builder.hpp
[1.598s] -- Up-to-date: /home/landau/Documents/GitHub/space_robot/install/space_interfaces/include/space_interfaces/srv/detail/joint_enable__type_support.hpp
[1.598s] -- Up-to-date: /home/landau/Documents/GitHub/space_robot/install/space_interfaces/include/space_interfaces/srv/detail/cartesian_movement__struct.hpp
[1.598s] -- Up-to-date: /home/landau/Documents/GitHub/space_robot/install/space_interfaces/include/space_interfaces/srv/detail/switch__type_support.hpp
[1.598s] -- Up-to-date: /home/landau/Documents/GitHub/space_robot/install/space_interfaces/include/space_interfaces/srv/detail/joint_enable__traits.hpp
[1.599s] -- Up-to-date: /home/landau/Documents/GitHub/space_robot/install/space_interfaces/include/space_interfaces/srv/detail/joint_enable__builder.hpp
[1.599s] -- Up-to-date: /home/landau/Documents/GitHub/space_robot/install/space_interfaces/include/space_interfaces/srv/detail/joint_jogging__type_support.hpp
[1.599s] -- Up-to-date: /home/landau/Documents/GitHub/space_robot/install/space_interfaces/include/space_interfaces/srv/detail/multi_axis_offset__traits.hpp
[1.599s] -- Up-to-date: /home/landau/Documents/GitHub/space_robot/install/space_interfaces/include/space_interfaces/srv/detail/multi_axis_offset__builder.hpp
[1.600s] -- Up-to-date: /home/landau/Documents/GitHub/space_robot/install/space_interfaces/include/space_interfaces/srv/detail/joint_jogging__struct.hpp
[1.600s] -- Up-to-date: /home/landau/Documents/GitHub/space_robot/install/space_interfaces/include/space_interfaces/srv/detail/speed_set__struct.hpp
[1.600s] -- Up-to-date: /home/landau/Documents/GitHub/space_robot/install/space_interfaces/include/space_interfaces/srv/detail/speed_set__traits.hpp
[1.600s] -- Up-to-date: /home/landau/Documents/GitHub/space_robot/install/space_interfaces/include/space_interfaces/srv/detail/switch__struct.hpp
[1.601s] -- Up-to-date: /home/landau/Documents/GitHub/space_robot/install/space_interfaces/include/space_interfaces/srv/detail/cartesian_movement__type_support.hpp
[1.601s] -- Up-to-date: /home/landau/Documents/GitHub/space_robot/install/space_interfaces/include/space_interfaces/srv/detail/connection__traits.hpp
[1.601s] -- Up-to-date: /home/landau/Documents/GitHub/space_robot/install/space_interfaces/include/space_interfaces/srv/detail/multi_axis__type_support.hpp
[1.602s] -- Up-to-date: /home/landau/Documents/GitHub/space_robot/install/space_interfaces/include/space_interfaces/srv/detail/multi_axis__traits.hpp
[1.602s] -- Up-to-date: /home/landau/Documents/GitHub/space_robot/install/space_interfaces/include/space_interfaces/srv/detail/joint_enable__struct.hpp
[1.602s] -- Up-to-date: /home/landau/Documents/GitHub/space_robot/install/space_interfaces/include/space_interfaces/srv/detail/cartesian_movement__traits.hpp
[1.602s] -- Up-to-date: /home/landau/Documents/GitHub/space_robot/install/space_interfaces/include/space_interfaces/srv/detail/cartesian_jogging__struct.hpp
[1.602s] -- Up-to-date: /home/landau/Documents/GitHub/space_robot/install/space_interfaces/include/space_interfaces/srv/detail/multi_axis_offset__type_support.hpp
[1.603s] -- Up-to-date: /home/landau/Documents/GitHub/space_robot/install/space_interfaces/include/space_interfaces/srv/detail/connection__struct.hpp
[1.603s] -- Up-to-date: /home/landau/Documents/GitHub/space_robot/install/space_interfaces/include/space_interfaces/srv/detail/cartesian_jogging__type_support.hpp
[1.603s] -- Up-to-date: /home/landau/Documents/GitHub/space_robot/install/space_interfaces/include/space_interfaces/srv/detail/switch__builder.hpp
[1.603s] -- Up-to-date: /home/landau/Documents/GitHub/space_robot/install/space_interfaces/include/space_interfaces/srv/detail/multi_axis_offset__struct.hpp
[1.604s] -- Up-to-date: /home/landau/Documents/GitHub/space_robot/install/space_interfaces/include/space_interfaces/srv/detail/cartesian_jogging__traits.hpp
[1.604s] -- Up-to-date: /home/landau/Documents/GitHub/space_robot/install/space_interfaces/include/space_interfaces/srv/detail/cartesian_jogging__builder.hpp
[1.604s] -- Up-to-date: /home/landau/Documents/GitHub/space_robot/install/space_interfaces/include/space_interfaces/srv/detail/switch__traits.hpp
[1.604s] -- Up-to-date: /home/landau/Documents/GitHub/space_robot/install/space_interfaces/include/space_interfaces/srv/detail/multi_axis__builder.hpp
[1.604s] -- Up-to-date: /home/landau/Documents/GitHub/space_robot/install/space_interfaces/include/space_interfaces/srv/detail/speed_set__builder.hpp
[1.605s] -- Up-to-date: /home/landau/Documents/GitHub/space_robot/install/space_interfaces/include/space_interfaces/srv/detail/connection__type_support.hpp
[1.605s] -- Up-to-date: /home/landau/Documents/GitHub/space_robot/install/space_interfaces/include/space_interfaces/srv/detail/joint_jogging__traits.hpp
[1.605s] -- Up-to-date: /home/landau/Documents/GitHub/space_robot/install/space_interfaces/include/space_interfaces/srv/detail/multi_axis__struct.hpp
[1.605s] -- Up-to-date: /home/landau/Documents/GitHub/space_robot/install/space_interfaces/include/space_interfaces/srv/switch.hpp
[1.605s] -- Up-to-date: /home/landau/Documents/GitHub/space_robot/install/space_interfaces/include/space_interfaces/srv/joint_enable.hpp
[1.605s] -- Up-to-date: /home/landau/Documents/GitHub/space_robot/install/space_interfaces/include/space_interfaces/srv/cartesian_jogging.hpp
[1.606s] -- Up-to-date: /home/landau/Documents/GitHub/space_robot/install/space_interfaces/include/space_interfaces/srv/multi_axis.hpp
[1.606s] -- Up-to-date: /home/landau/Documents/GitHub/space_robot/install/space_interfaces/include/space_interfaces
[1.606s] -- Up-to-date: /home/landau/Documents/GitHub/space_robot/install/space_interfaces/include/space_interfaces/msg
[1.606s] -- Up-to-date: /home/landau/Documents/GitHub/space_robot/install/space_interfaces/include/space_interfaces/msg/detail
[1.606s] -- Up-to-date: /home/landau/Documents/GitHub/space_robot/install/space_interfaces/include/space_interfaces/msg/detail/robot_state__rosidl_typesupport_introspection_cpp.hpp
[1.607s] -- Up-to-date: /home/landau/Documents/GitHub/space_robot/install/space_interfaces/include/space_interfaces/msg/detail/joint_jogging_msg__rosidl_typesupport_introspection_cpp.hpp
[1.607s] -- Up-to-date: /home/landau/Documents/GitHub/space_robot/install/space_interfaces/include/space_interfaces/msg/detail/robot_state__type_support.cpp
[1.607s] -- Up-to-date: /home/landau/Documents/GitHub/space_robot/install/space_interfaces/include/space_interfaces/msg/detail/joint_jogging_msg__type_support.cpp
[1.607s] -- Up-to-date: /home/landau/Documents/GitHub/space_robot/install/space_interfaces/include/space_interfaces/srv
[1.607s] -- Up-to-date: /home/landau/Documents/GitHub/space_robot/install/space_interfaces/include/space_interfaces/srv/detail
[1.607s] -- Up-to-date: /home/landau/Documents/GitHub/space_robot/install/space_interfaces/include/space_interfaces/srv/detail/switch__rosidl_typesupport_introspection_cpp.hpp
[1.607s] -- Up-to-date: /home/landau/Documents/GitHub/space_robot/install/space_interfaces/include/space_interfaces/srv/detail/cartesian_jogging__type_support.cpp
[1.608s] -- Up-to-date: /home/landau/Documents/GitHub/space_robot/install/space_interfaces/include/space_interfaces/srv/detail/joint_enable__rosidl_typesupport_introspection_cpp.hpp
[1.608s] -- Up-to-date: /home/landau/Documents/GitHub/space_robot/install/space_interfaces/include/space_interfaces/srv/detail/joint_enable__type_support.cpp
[1.608s] -- Up-to-date: /home/landau/Documents/GitHub/space_robot/install/space_interfaces/include/space_interfaces/srv/detail/multi_axis__rosidl_typesupport_introspection_cpp.hpp
[1.608s] -- Up-to-date: /home/landau/Documents/GitHub/space_robot/install/space_interfaces/include/space_interfaces/srv/detail/joint_jogging__rosidl_typesupport_introspection_cpp.hpp
[1.609s] -- Up-to-date: /home/landau/Documents/GitHub/space_robot/install/space_interfaces/include/space_interfaces/srv/detail/speed_set__type_support.cpp
[1.609s] -- Up-to-date: /home/landau/Documents/GitHub/space_robot/install/space_interfaces/include/space_interfaces/srv/detail/multi_axis_offset__rosidl_typesupport_introspection_cpp.hpp
[1.609s] -- Up-to-date: /home/landau/Documents/GitHub/space_robot/install/space_interfaces/include/space_interfaces/srv/detail/multi_axis_offset__type_support.cpp
[1.609s] -- Up-to-date: /home/landau/Documents/GitHub/space_robot/install/space_interfaces/include/space_interfaces/srv/detail/cartesian_movement__type_support.cpp
[1.610s] -- Up-to-date: /home/landau/Documents/GitHub/space_robot/install/space_interfaces/include/space_interfaces/srv/detail/connection__rosidl_typesupport_introspection_cpp.hpp
[1.610s] -- Up-to-date: /home/landau/Documents/GitHub/space_robot/install/space_interfaces/include/space_interfaces/srv/detail/connection__type_support.cpp
[1.610s] -- Up-to-date: /home/landau/Documents/GitHub/space_robot/install/space_interfaces/include/space_interfaces/srv/detail/joint_jogging__type_support.cpp
[1.610s] -- Up-to-date: /home/landau/Documents/GitHub/space_robot/install/space_interfaces/include/space_interfaces/srv/detail/cartesian_jogging__rosidl_typesupport_introspection_cpp.hpp
[1.611s] -- Up-to-date: /home/landau/Documents/GitHub/space_robot/install/space_interfaces/include/space_interfaces/srv/detail/multi_axis__type_support.cpp
[1.611s] -- Up-to-date: /home/landau/Documents/GitHub/space_robot/install/space_interfaces/include/space_interfaces/srv/detail/cartesian_movement__rosidl_typesupport_introspection_cpp.hpp
[1.611s] -- Up-to-date: /home/landau/Documents/GitHub/space_robot/install/space_interfaces/include/space_interfaces/srv/detail/switch__type_support.cpp
[1.612s] -- Up-to-date: /home/landau/Documents/GitHub/space_robot/install/space_interfaces/include/space_interfaces/srv/detail/speed_set__rosidl_typesupport_introspection_cpp.hpp
[1.612s] -- Up-to-date: /home/landau/Documents/GitHub/space_robot/install/space_interfaces/lib/libspace_interfaces__rosidl_typesupport_introspection_cpp.so
[1.612s] -- Up-to-date: /home/landau/Documents/GitHub/space_robot/install/space_interfaces/lib/libspace_interfaces__rosidl_typesupport_cpp.so
[1.613s] -- Up-to-date: /home/landau/Documents/GitHub/space_robot/install/space_interfaces/share/space_interfaces/environment/pythonpath.sh
[1.613s] -- Up-to-date: /home/landau/Documents/GitHub/space_robot/install/space_interfaces/share/space_interfaces/environment/pythonpath.dsv
[1.613s] -- Up-to-date: /home/landau/Documents/GitHub/space_robot/install/space_interfaces/lib/python3.8/site-packages/space_interfaces/__init__.py
[1.676s] -- Up-to-date: /home/landau/Documents/GitHub/space_robot/install/space_interfaces/lib/python3.8/site-packages/space_interfaces/msg
[1.677s] -- Up-to-date: /home/landau/Documents/GitHub/space_robot/install/space_interfaces/lib/python3.8/site-packages/space_interfaces/msg/__init__.py
[1.677s] -- Up-to-date: /home/landau/Documents/GitHub/space_robot/install/space_interfaces/lib/python3.8/site-packages/space_interfaces/msg/_joint_jogging_msg.py
[1.678s] -- Up-to-date: /home/landau/Documents/GitHub/space_robot/install/space_interfaces/lib/python3.8/site-packages/space_interfaces/msg/_joint_jogging_msg_s.c
[1.678s] -- Up-to-date: /home/landau/Documents/GitHub/space_robot/install/space_interfaces/lib/python3.8/site-packages/space_interfaces/msg/_robot_state.py
[1.679s] -- Up-to-date: /home/landau/Documents/GitHub/space_robot/install/space_interfaces/lib/python3.8/site-packages/space_interfaces/msg/_robot_state_s.c
[1.679s] -- Up-to-date: /home/landau/Documents/GitHub/space_robot/install/space_interfaces/lib/python3.8/site-packages/space_interfaces/srv
[1.679s] -- Up-to-date: /home/landau/Documents/GitHub/space_robot/install/space_interfaces/lib/python3.8/site-packages/space_interfaces/srv/_joint_enable_s.c
[1.679s] -- Up-to-date: /home/landau/Documents/GitHub/space_robot/install/space_interfaces/lib/python3.8/site-packages/space_interfaces/srv/_multi_axis_offset_s.c
[1.679s] -- Up-to-date: /home/landau/Documents/GitHub/space_robot/install/space_interfaces/lib/python3.8/site-packages/space_interfaces/srv/_connection_s.c
[1.679s] -- Up-to-date: /home/landau/Documents/GitHub/space_robot/install/space_interfaces/lib/python3.8/site-packages/space_interfaces/srv/__init__.py
[1.680s] -- Up-to-date: /home/landau/Documents/GitHub/space_robot/install/space_interfaces/lib/python3.8/site-packages/space_interfaces/srv/_connection.py
[1.680s] -- Up-to-date: /home/landau/Documents/GitHub/space_robot/install/space_interfaces/lib/python3.8/site-packages/space_interfaces/srv/_cartesian_jogging_s.c
[1.680s] -- Up-to-date: /home/landau/Documents/GitHub/space_robot/install/space_interfaces/lib/python3.8/site-packages/space_interfaces/srv/_cartesian_jogging.py
[1.680s] -- Up-to-date: /home/landau/Documents/GitHub/space_robot/install/space_interfaces/lib/python3.8/site-packages/space_interfaces/srv/_joint_jogging.py
[1.680s] -- Up-to-date: /home/landau/Documents/GitHub/space_robot/install/space_interfaces/lib/python3.8/site-packages/space_interfaces/srv/_multi_axis_s.c
[1.681s] -- Up-to-date: /home/landau/Documents/GitHub/space_robot/install/space_interfaces/lib/python3.8/site-packages/space_interfaces/srv/_multi_axis.py
[1.681s] -- Up-to-date: /home/landau/Documents/GitHub/space_robot/install/space_interfaces/lib/python3.8/site-packages/space_interfaces/srv/_switch_s.c
[1.681s] -- Up-to-date: /home/landau/Documents/GitHub/space_robot/install/space_interfaces/lib/python3.8/site-packages/space_interfaces/srv/_joint_jogging_s.c
[1.681s] -- Up-to-date: /home/landau/Documents/GitHub/space_robot/install/space_interfaces/lib/python3.8/site-packages/space_interfaces/srv/_speed_set_s.c
[1.681s] -- Up-to-date: /home/landau/Documents/GitHub/space_robot/install/space_interfaces/lib/python3.8/site-packages/space_interfaces/srv/_cartesian_movement.py
[1.682s] -- Up-to-date: /home/landau/Documents/GitHub/space_robot/install/space_interfaces/lib/python3.8/site-packages/space_interfaces/srv/_multi_axis_offset.py
[1.682s] -- Up-to-date: /home/landau/Documents/GitHub/space_robot/install/space_interfaces/lib/python3.8/site-packages/space_interfaces/srv/_joint_enable.py
[1.682s] -- Up-to-date: /home/landau/Documents/GitHub/space_robot/install/space_interfaces/lib/python3.8/site-packages/space_interfaces/srv/_switch.py
[1.682s] -- Up-to-date: /home/landau/Documents/GitHub/space_robot/install/space_interfaces/lib/python3.8/site-packages/space_interfaces/srv/_cartesian_movement_s.c
[1.682s] -- Up-to-date: /home/landau/Documents/GitHub/space_robot/install/space_interfaces/lib/python3.8/site-packages/space_interfaces/srv/_speed_set.py
[1.683s] -- Up-to-date: /home/landau/Documents/GitHub/space_robot/install/space_interfaces/lib/python3.8/site-packages/space_interfaces/space_interfaces_s__rosidl_typesupport_fastrtps_c.cpython-38-x86_64-linux-gnu.so
[1.683s] -- Up-to-date: /home/landau/Documents/GitHub/space_robot/install/space_interfaces/lib/python3.8/site-packages/space_interfaces/space_interfaces_s__rosidl_typesupport_introspection_c.cpython-38-x86_64-linux-gnu.so
[1.683s] -- Up-to-date: /home/landau/Documents/GitHub/space_robot/install/space_interfaces/lib/python3.8/site-packages/space_interfaces/space_interfaces_s__rosidl_typesupport_c.cpython-38-x86_64-linux-gnu.so
[1.685s] -- Up-to-date: /home/landau/Documents/GitHub/space_robot/install/space_interfaces/lib/libspace_interfaces__python.so
[1.686s] -- Up-to-date: /home/landau/Documents/GitHub/space_robot/install/space_interfaces/share/space_interfaces/msg/JointJoggingMsg.idl
[1.686s] -- Up-to-date: /home/landau/Documents/GitHub/space_robot/install/space_interfaces/share/space_interfaces/msg/RobotState.idl
[1.687s] -- Up-to-date: /home/landau/Documents/GitHub/space_robot/install/space_interfaces/share/space_interfaces/srv/CartesianJogging.idl
[1.687s] -- Up-to-date: /home/landau/Documents/GitHub/space_robot/install/space_interfaces/share/space_interfaces/srv/CartesianMovement.idl
[1.687s] -- Up-to-date: /home/landau/Documents/GitHub/space_robot/install/space_interfaces/share/space_interfaces/srv/Connection.idl
[1.688s] -- Up-to-date: /home/landau/Documents/GitHub/space_robot/install/space_interfaces/share/space_interfaces/srv/JointEnable.idl
[1.688s] -- Up-to-date: /home/landau/Documents/GitHub/space_robot/install/space_interfaces/share/space_interfaces/srv/JointJogging.idl
[1.688s] -- Up-to-date: /home/landau/Documents/GitHub/space_robot/install/space_interfaces/share/space_interfaces/srv/MultiAxis.idl
[1.688s] -- Up-to-date: /home/landau/Documents/GitHub/space_robot/install/space_interfaces/share/space_interfaces/srv/SpeedSet.idl
[1.689s] -- Up-to-date: /home/landau/Documents/GitHub/space_robot/install/space_interfaces/share/space_interfaces/srv/Switch.idl
[1.689s] -- Up-to-date: /home/landau/Documents/GitHub/space_robot/install/space_interfaces/share/space_interfaces/srv/MultiAxisOffset.idl
[1.689s] -- Up-to-date: /home/landau/Documents/GitHub/space_robot/install/space_interfaces/share/space_interfaces/msg/JointJoggingMsg.msg
[1.689s] -- Up-to-date: /home/landau/Documents/GitHub/space_robot/install/space_interfaces/share/space_interfaces/msg/RobotState.msg
[1.690s] -- Up-to-date: /home/landau/Documents/GitHub/space_robot/install/space_interfaces/share/space_interfaces/srv/CartesianJogging.srv
[1.690s] -- Up-to-date: /home/landau/Documents/GitHub/space_robot/install/space_interfaces/share/space_interfaces/srv/CartesianJogging_Request.msg
[1.690s] -- Up-to-date: /home/landau/Documents/GitHub/space_robot/install/space_interfaces/share/space_interfaces/srv/CartesianJogging_Response.msg
[1.690s] -- Up-to-date: /home/landau/Documents/GitHub/space_robot/install/space_interfaces/share/space_interfaces/srv/CartesianMovement.srv
[1.690s] -- Up-to-date: /home/landau/Documents/GitHub/space_robot/install/space_interfaces/share/space_interfaces/srv/CartesianMovement_Request.msg
[1.691s] -- Up-to-date: /home/landau/Documents/GitHub/space_robot/install/space_interfaces/share/space_interfaces/srv/CartesianMovement_Response.msg
[1.691s] -- Up-to-date: /home/landau/Documents/GitHub/space_robot/install/space_interfaces/share/space_interfaces/srv/Connection.srv
[1.691s] -- Up-to-date: /home/landau/Documents/GitHub/space_robot/install/space_interfaces/share/space_interfaces/srv/Connection_Request.msg
[1.692s] -- Up-to-date: /home/landau/Documents/GitHub/space_robot/install/space_interfaces/share/space_interfaces/srv/Connection_Response.msg
[1.692s] -- Up-to-date: /home/landau/Documents/GitHub/space_robot/install/space_interfaces/share/space_interfaces/srv/JointEnable.srv
[1.692s] -- Up-to-date: /home/landau/Documents/GitHub/space_robot/install/space_interfaces/share/space_interfaces/srv/JointEnable_Request.msg
[1.692s] -- Up-to-date: /home/landau/Documents/GitHub/space_robot/install/space_interfaces/share/space_interfaces/srv/JointEnable_Response.msg
[1.692s] -- Up-to-date: /home/landau/Documents/GitHub/space_robot/install/space_interfaces/share/space_interfaces/srv/JointJogging.srv
[1.693s] -- Up-to-date: /home/landau/Documents/GitHub/space_robot/install/space_interfaces/share/space_interfaces/srv/JointJogging_Request.msg
[1.693s] -- Up-to-date: /home/landau/Documents/GitHub/space_robot/install/space_interfaces/share/space_interfaces/srv/JointJogging_Response.msg
[1.693s] -- Up-to-date: /home/landau/Documents/GitHub/space_robot/install/space_interfaces/share/space_interfaces/srv/MultiAxis.srv
[1.693s] -- Up-to-date: /home/landau/Documents/GitHub/space_robot/install/space_interfaces/share/space_interfaces/srv/MultiAxis_Request.msg
[1.694s] -- Up-to-date: /home/landau/Documents/GitHub/space_robot/install/space_interfaces/share/space_interfaces/srv/MultiAxis_Response.msg
[1.694s] -- Up-to-date: /home/landau/Documents/GitHub/space_robot/install/space_interfaces/share/space_interfaces/srv/SpeedSet.srv
[1.694s] -- Up-to-date: /home/landau/Documents/GitHub/space_robot/install/space_interfaces/share/space_interfaces/srv/SpeedSet_Request.msg
[1.695s] -- Up-to-date: /home/landau/Documents/GitHub/space_robot/install/space_interfaces/share/space_interfaces/srv/SpeedSet_Response.msg
[1.695s] -- Up-to-date: /home/landau/Documents/GitHub/space_robot/install/space_interfaces/share/space_interfaces/srv/Switch.srv
[1.695s] -- Up-to-date: /home/landau/Documents/GitHub/space_robot/install/space_interfaces/share/space_interfaces/srv/Switch_Request.msg
[1.696s] -- Up-to-date: /home/landau/Documents/GitHub/space_robot/install/space_interfaces/share/space_interfaces/srv/Switch_Response.msg
[1.696s] -- Up-to-date: /home/landau/Documents/GitHub/space_robot/install/space_interfaces/share/space_interfaces/srv/MultiAxisOffset.srv
[1.696s] -- Up-to-date: /home/landau/Documents/GitHub/space_robot/install/space_interfaces/share/space_interfaces/srv/MultiAxisOffset_Request.msg
[1.696s] -- Up-to-date: /home/landau/Documents/GitHub/space_robot/install/space_interfaces/share/space_interfaces/srv/MultiAxisOffset_Response.msg
[1.696s] -- Up-to-date: /home/landau/Documents/GitHub/space_robot/install/space_interfaces/share/ament_index/resource_index/package_run_dependencies/space_interfaces
[1.697s] -- Up-to-date: /home/landau/Documents/GitHub/space_robot/install/space_interfaces/share/ament_index/resource_index/parent_prefix_path/space_interfaces
[1.697s] -- Up-to-date: /home/landau/Documents/GitHub/space_robot/install/space_interfaces/share/space_interfaces/environment/ament_prefix_path.sh
[1.697s] -- Up-to-date: /home/landau/Documents/GitHub/space_robot/install/space_interfaces/share/space_interfaces/environment/ament_prefix_path.dsv
[1.697s] -- Up-to-date: /home/landau/Documents/GitHub/space_robot/install/space_interfaces/share/space_interfaces/environment/path.sh
[1.698s] -- Up-to-date: /home/landau/Documents/GitHub/space_robot/install/space_interfaces/share/space_interfaces/environment/path.dsv
[1.698s] -- Up-to-date: /home/landau/Documents/GitHub/space_robot/install/space_interfaces/share/space_interfaces/local_setup.bash
[1.698s] -- Up-to-date: /home/landau/Documents/GitHub/space_robot/install/space_interfaces/share/space_interfaces/local_setup.sh
[1.698s] -- Up-to-date: /home/landau/Documents/GitHub/space_robot/install/space_interfaces/share/space_interfaces/local_setup.zsh
[1.698s] -- Up-to-date: /home/landau/Documents/GitHub/space_robot/install/space_interfaces/share/space_interfaces/local_setup.dsv
[1.699s] -- Installing: /home/landau/Documents/GitHub/space_robot/install/space_interfaces/share/space_interfaces/package.dsv
[1.699s] -- Up-to-date: /home/landau/Documents/GitHub/space_robot/install/space_interfaces/share/ament_index/resource_index/packages/space_interfaces
[1.699s] -- Up-to-date: /home/landau/Documents/GitHub/space_robot/install/space_interfaces/share/space_interfaces/cmake/space_interfaces__rosidl_generator_cExport.cmake
[1.699s] -- Up-to-date: /home/landau/Documents/GitHub/space_robot/install/space_interfaces/share/space_interfaces/cmake/space_interfaces__rosidl_generator_cExport-noconfig.cmake
[1.700s] -- Up-to-date: /home/landau/Documents/GitHub/space_robot/install/space_interfaces/share/space_interfaces/cmake/space_interfaces__rosidl_typesupport_introspection_cExport.cmake
[1.700s] -- Up-to-date: /home/landau/Documents/GitHub/space_robot/install/space_interfaces/share/space_interfaces/cmake/space_interfaces__rosidl_typesupport_introspection_cExport-noconfig.cmake
[1.700s] -- Up-to-date: /home/landau/Documents/GitHub/space_robot/install/space_interfaces/share/space_interfaces/cmake/space_interfaces__rosidl_typesupport_cExport.cmake
[1.701s] -- Up-to-date: /home/landau/Documents/GitHub/space_robot/install/space_interfaces/share/space_interfaces/cmake/space_interfaces__rosidl_typesupport_cExport-noconfig.cmake
[1.701s] -- Up-to-date: /home/landau/Documents/GitHub/space_robot/install/space_interfaces/share/space_interfaces/cmake/space_interfaces__rosidl_generator_cppExport.cmake
[1.701s] -- Up-to-date: /home/landau/Documents/GitHub/space_robot/install/space_interfaces/share/space_interfaces/cmake/space_interfaces__rosidl_typesupport_introspection_cppExport.cmake
[1.701s] -- Up-to-date: /home/landau/Documents/GitHub/space_robot/install/space_interfaces/share/space_interfaces/cmake/space_interfaces__rosidl_typesupport_introspection_cppExport-noconfig.cmake
[1.702s] -- Up-to-date: /home/landau/Documents/GitHub/space_robot/install/space_interfaces/share/space_interfaces/cmake/space_interfaces__rosidl_typesupport_cppExport.cmake
[1.702s] -- Up-to-date: /home/landau/Documents/GitHub/space_robot/install/space_interfaces/share/space_interfaces/cmake/space_interfaces__rosidl_typesupport_cppExport-noconfig.cmake
[1.702s] -- Up-to-date: /home/landau/Documents/GitHub/space_robot/install/space_interfaces/share/space_interfaces/cmake/rosidl_cmake-extras.cmake
[1.702s] -- Up-to-date: /home/landau/Documents/GitHub/space_robot/install/space_interfaces/share/space_interfaces/cmake/ament_cmake_export_dependencies-extras.cmake
[1.702s] -- Up-to-date: /home/landau/Documents/GitHub/space_robot/install/space_interfaces/share/space_interfaces/cmake/ament_cmake_export_libraries-extras.cmake
[1.702s] -- Up-to-date: /home/landau/Documents/GitHub/space_robot/install/space_interfaces/share/space_interfaces/cmake/ament_cmake_export_targets-extras.cmake
[1.703s] -- Up-to-date: /home/landau/Documents/GitHub/space_robot/install/space_interfaces/share/space_interfaces/cmake/ament_cmake_export_include_directories-extras.cmake
[1.703s] -- Up-to-date: /home/landau/Documents/GitHub/space_robot/install/space_interfaces/share/space_interfaces/cmake/rosidl_cmake_export_typesupport_libraries-extras.cmake
[1.703s] -- Up-to-date: /home/landau/Documents/GitHub/space_robot/install/space_interfaces/share/space_interfaces/cmake/rosidl_cmake_export_typesupport_targets-extras.cmake
[1.703s] -- Up-to-date: /home/landau/Documents/GitHub/space_robot/install/space_interfaces/share/space_interfaces/cmake/space_interfacesConfig.cmake
[1.704s] -- Up-to-date: /home/landau/Documents/GitHub/space_robot/install/space_interfaces/share/space_interfaces/cmake/space_interfacesConfig-version.cmake
[1.704s] -- Up-to-date: /home/landau/Documents/GitHub/space_robot/install/space_interfaces/share/space_interfaces/package.xml
[1.709s] Invoked command in '/home/landau/Documents/GitHub/space_robot/build/space_interfaces' returned '0': CMAKE_PREFIX_PATH=${CMAKE_PREFIX_PATH}:/opt/ros/foxy /usr/bin/cmake --install /home/landau/Documents/GitHub/space_robot/build/space_interfaces
