[0.043s] Invoking command in '/home/landau/Documents/GitHub/space_robot/build/space_interfaces': CMAKE_PREFIX_PATH=${CMAKE_PREFIX_PATH}:/opt/ros/foxy /usr/bin/cmake --build /home/landau/Documents/GitHub/space_robot/build/space_interfaces -- -j8 -l8
[0.225s] [  0%] Built target space_interfaces__cpp
[0.238s] [ 12%] Built target space_interfaces__rosidl_generator_c
[0.334s] [ 24%] Built target space_interfaces__rosidl_typesupport_cpp
[0.336s] [ 36%] Built target space_interfaces__rosidl_typesupport_introspection_cpp
[0.359s] [ 48%] Built target space_interfaces__rosidl_typesupport_c
[0.361s] [ 59%] Built target space_interfaces__rosidl_typesupport_fastrtps_cpp
[0.367s] [ 71%] Built target space_interfaces__rosidl_typesupport_introspection_c
[0.468s] [ 83%] Built target space_interfaces__rosidl_typesupport_fastrtps_c
[0.540s] [ 83%] Built target space_interfaces
[0.621s] [ 84%] Built target space_interfaces__py
[0.736s] [ 95%] Built target space_interfaces__python
[0.832s] [ 96%] Built target space_interfaces__rosidl_typesupport_c__pyext
[0.840s] [100%] Built target space_interfaces__rosidl_typesupport_introspection_c__pyext
[0.840s] [100%] Built target space_interfaces__rosidl_typesupport_fastrtps_c__pyext
[0.885s] Invoked command in '/home/landau/Documents/GitHub/space_robot/build/space_interfaces' returned '0': CMAKE_PREFIX_PATH=${CMAKE_PREFIX_PATH}:/opt/ros/foxy /usr/bin/cmake --build /home/landau/Documents/GitHub/space_robot/build/space_interfaces -- -j8 -l8
[1.615s] Invoking command in '/home/landau/Documents/GitHub/space_robot/build/space_interfaces': CMAKE_PREFIX_PATH=${CMAKE_PREFIX_PATH}:/opt/ros/foxy /usr/bin/cmake --install /home/landau/Documents/GitHub/space_robot/build/space_interfaces
[1.642s] -- Install configuration: ""
[1.643s] -- Up-to-date: /home/landau/Documents/GitHub/space_robot/install/space_interfaces/share/ament_index/resource_index/rosidl_interfaces/space_interfaces
[1.644s] -- Up-to-date: /home/landau/Documents/GitHub/space_robot/install/space_interfaces/include/space_interfaces
[1.645s] -- Up-to-date: /home/landau/Documents/GitHub/space_robot/install/space_interfaces/include/space_interfaces/msg
[1.645s] -- Up-to-date: /home/landau/Documents/GitHub/space_robot/install/space_interfaces/include/space_interfaces/msg/joint_jogging_msg.h
[1.646s] -- Up-to-date: /home/landau/Documents/GitHub/space_robot/install/space_interfaces/include/space_interfaces/msg/detail
[1.646s] -- Up-to-date: /home/landau/Documents/GitHub/space_robot/install/space_interfaces/include/space_interfaces/msg/detail/joint_jogging_msg__type_support.h
[1.647s] -- Up-to-date: /home/landau/Documents/GitHub/space_robot/install/space_interfaces/include/space_interfaces/msg/detail/joint_jogging_msg__struct.h
[1.647s] -- Up-to-date: /home/landau/Documents/GitHub/space_robot/install/space_interfaces/include/space_interfaces/msg/detail/joint_jogging_msg__functions.h
[1.648s] -- Up-to-date: /home/landau/Documents/GitHub/space_robot/install/space_interfaces/include/space_interfaces/msg/detail/joint_jogging_msg__functions.c
[1.649s] -- Up-to-date: /home/landau/Documents/GitHub/space_robot/install/space_interfaces/include/space_interfaces/msg/detail/robot_state__struct.h
[1.649s] -- Up-to-date: /home/landau/Documents/GitHub/space_robot/install/space_interfaces/include/space_interfaces/msg/detail/robot_state__functions.c
[1.649s] -- Up-to-date: /home/landau/Documents/GitHub/space_robot/install/space_interfaces/include/space_interfaces/msg/detail/robot_state__functions.h
[1.650s] -- Up-to-date: /home/landau/Documents/GitHub/space_robot/install/space_interfaces/include/space_interfaces/msg/detail/robot_state__type_support.h
[1.650s] -- Up-to-date: /home/landau/Documents/GitHub/space_robot/install/space_interfaces/include/space_interfaces/msg/robot_state.h
[1.650s] -- Up-to-date: /home/landau/Documents/GitHub/space_robot/install/space_interfaces/include/space_interfaces/msg/rosidl_generator_c__visibility_control.h
[1.650s] -- Up-to-date: /home/landau/Documents/GitHub/space_robot/install/space_interfaces/include/space_interfaces/srv
[1.651s] -- Up-to-date: /home/landau/Documents/GitHub/space_robot/install/space_interfaces/include/space_interfaces/srv/connection.h
[1.651s] -- Up-to-date: /home/landau/Documents/GitHub/space_robot/install/space_interfaces/include/space_interfaces/srv/joint_enable.h
[1.651s] -- Up-to-date: /home/landau/Documents/GitHub/space_robot/install/space_interfaces/include/space_interfaces/srv/joint_jogging.h
[1.651s] -- Up-to-date: /home/landau/Documents/GitHub/space_robot/install/space_interfaces/include/space_interfaces/srv/cartesian_jogging.h
[1.652s] -- Up-to-date: /home/landau/Documents/GitHub/space_robot/install/space_interfaces/include/space_interfaces/srv/multi_axis.h
[1.652s] -- Up-to-date: /home/landau/Documents/GitHub/space_robot/install/space_interfaces/include/space_interfaces/srv/detail
[1.653s] -- Up-to-date: /home/landau/Documents/GitHub/space_robot/install/space_interfaces/include/space_interfaces/srv/detail/cartesian_movement__functions.h
[1.653s] -- Up-to-date: /home/landau/Documents/GitHub/space_robot/install/space_interfaces/include/space_interfaces/srv/detail/cartesian_jogging__functions.h
[1.654s] -- Up-to-date: /home/landau/Documents/GitHub/space_robot/install/space_interfaces/include/space_interfaces/srv/detail/switch__functions.c
[1.654s] -- Up-to-date: /home/landau/Documents/GitHub/space_robot/install/space_interfaces/include/space_interfaces/srv/detail/joint_enable__type_support.h
[1.654s] -- Up-to-date: /home/landau/Documents/GitHub/space_robot/install/space_interfaces/include/space_interfaces/srv/detail/speed_set__type_support.h
[1.654s] -- Up-to-date: /home/landau/Documents/GitHub/space_robot/install/space_interfaces/include/space_interfaces/srv/detail/joint_enable__struct.h
[1.655s] -- Up-to-date: /home/landau/Documents/GitHub/space_robot/install/space_interfaces/include/space_interfaces/srv/detail/multi_axis_offset__functions.h
[1.655s] -- Up-to-date: /home/landau/Documents/GitHub/space_robot/install/space_interfaces/include/space_interfaces/srv/detail/joint_jogging__struct.h
[1.656s] -- Up-to-date: /home/landau/Documents/GitHub/space_robot/install/space_interfaces/include/space_interfaces/srv/detail/cartesian_movement__functions.c
[1.657s] -- Up-to-date: /home/landau/Documents/GitHub/space_robot/install/space_interfaces/include/space_interfaces/srv/detail/multi_axis_offset__type_support.h
[1.659s] -- Up-to-date: /home/landau/Documents/GitHub/space_robot/install/space_interfaces/include/space_interfaces/srv/detail/connection__struct.h
[1.659s] -- Up-to-date: /home/landau/Documents/GitHub/space_robot/install/space_interfaces/include/space_interfaces/srv/detail/switch__struct.h
[1.659s] -- Up-to-date: /home/landau/Documents/GitHub/space_robot/install/space_interfaces/include/space_interfaces/srv/detail/cartesian_jogging__struct.h
[1.660s] -- Up-to-date: /home/landau/Documents/GitHub/space_robot/install/space_interfaces/include/space_interfaces/srv/detail/connection__type_support.h
[1.660s] -- Up-to-date: /home/landau/Documents/GitHub/space_robot/install/space_interfaces/include/space_interfaces/srv/detail/cartesian_movement__struct.h
[1.661s] -- Up-to-date: /home/landau/Documents/GitHub/space_robot/install/space_interfaces/include/space_interfaces/srv/detail/multi_axis_offset__functions.c
[1.662s] -- Up-to-date: /home/landau/Documents/GitHub/space_robot/install/space_interfaces/include/space_interfaces/srv/detail/joint_jogging__type_support.h
[1.662s] -- Up-to-date: /home/landau/Documents/GitHub/space_robot/install/space_interfaces/include/space_interfaces/srv/detail/speed_set__functions.c
[1.663s] -- Up-to-date: /home/landau/Documents/GitHub/space_robot/install/space_interfaces/include/space_interfaces/srv/detail/cartesian_jogging__functions.c
[1.663s] -- Up-to-date: /home/landau/Documents/GitHub/space_robot/install/space_interfaces/include/space_interfaces/srv/detail/multi_axis__functions.h
[1.664s] -- Up-to-date: /home/landau/Documents/GitHub/space_robot/install/space_interfaces/include/space_interfaces/srv/detail/cartesian_movement__type_support.h
[1.664s] -- Up-to-date: /home/landau/Documents/GitHub/space_robot/install/space_interfaces/include/space_interfaces/srv/detail/joint_enable__functions.c
[1.665s] -- Up-to-date: /home/landau/Documents/GitHub/space_robot/install/space_interfaces/include/space_interfaces/srv/detail/joint_jogging__functions.h
[1.665s] -- Up-to-date: /home/landau/Documents/GitHub/space_robot/install/space_interfaces/include/space_interfaces/srv/detail/multi_axis_offset__struct.h
[1.665s] -- Up-to-date: /home/landau/Documents/GitHub/space_robot/install/space_interfaces/include/space_interfaces/srv/detail/speed_set__functions.h
[1.666s] -- Up-to-date: /home/landau/Documents/GitHub/space_robot/install/space_interfaces/include/space_interfaces/srv/detail/switch__functions.h
[1.666s] -- Up-to-date: /home/landau/Documents/GitHub/space_robot/install/space_interfaces/include/space_interfaces/srv/detail/joint_enable__functions.h
[1.666s] -- Up-to-date: /home/landau/Documents/GitHub/space_robot/install/space_interfaces/include/space_interfaces/srv/detail/connection__functions.h
[1.667s] -- Up-to-date: /home/landau/Documents/GitHub/space_robot/install/space_interfaces/include/space_interfaces/srv/detail/multi_axis__type_support.h
[1.667s] -- Up-to-date: /home/landau/Documents/GitHub/space_robot/install/space_interfaces/include/space_interfaces/srv/detail/cartesian_jogging__type_support.h
[1.668s] -- Up-to-date: /home/landau/Documents/GitHub/space_robot/install/space_interfaces/include/space_interfaces/srv/detail/multi_axis__struct.h
[1.668s] -- Up-to-date: /home/landau/Documents/GitHub/space_robot/install/space_interfaces/include/space_interfaces/srv/detail/speed_set__struct.h
[1.669s] -- Up-to-date: /home/landau/Documents/GitHub/space_robot/install/space_interfaces/include/space_interfaces/srv/detail/joint_jogging__functions.c
[1.671s] -- Up-to-date: /home/landau/Documents/GitHub/space_robot/install/space_interfaces/include/space_interfaces/srv/detail/switch__type_support.h
[1.672s] -- Up-to-date: /home/landau/Documents/GitHub/space_robot/install/space_interfaces/include/space_interfaces/srv/detail/multi_axis__functions.c
[1.673s] -- Up-to-date: /home/landau/Documents/GitHub/space_robot/install/space_interfaces/include/space_interfaces/srv/detail/connection__functions.c
[1.673s] -- Up-to-date: /home/landau/Documents/GitHub/space_robot/install/space_interfaces/include/space_interfaces/srv/speed_set.h
[1.674s] -- Up-to-date: /home/landau/Documents/GitHub/space_robot/install/space_interfaces/include/space_interfaces/srv/cartesian_movement.h
[1.674s] -- Up-to-date: /home/landau/Documents/GitHub/space_robot/install/space_interfaces/include/space_interfaces/srv/multi_axis_offset.h
[1.675s] -- Up-to-date: /home/landau/Documents/GitHub/space_robot/install/space_interfaces/include/space_interfaces/srv/switch.h
[1.675s] -- Up-to-date: /home/landau/Documents/GitHub/space_robot/install/space_interfaces/share/space_interfaces/environment/library_path.sh
[1.675s] -- Up-to-date: /home/landau/Documents/GitHub/space_robot/install/space_interfaces/share/space_interfaces/environment/library_path.dsv
[1.675s] -- Up-to-date: /home/landau/Documents/GitHub/space_robot/install/space_interfaces/lib/libspace_interfaces__rosidl_generator_c.so
[1.675s] -- Up-to-date: /home/landau/Documents/GitHub/space_robot/install/space_interfaces/include/space_interfaces
[1.676s] -- Up-to-date: /home/landau/Documents/GitHub/space_robot/install/space_interfaces/include/space_interfaces/msg
[1.676s] -- Up-to-date: /home/landau/Documents/GitHub/space_robot/install/space_interfaces/include/space_interfaces/msg/rosidl_typesupport_fastrtps_c__visibility_control.h
[1.676s] -- Up-to-date: /home/landau/Documents/GitHub/space_robot/install/space_interfaces/include/space_interfaces/msg/detail
[1.676s] -- Up-to-date: /home/landau/Documents/GitHub/space_robot/install/space_interfaces/include/space_interfaces/msg/detail/robot_state__rosidl_typesupport_fastrtps_c.h
[1.676s] -- Up-to-date: /home/landau/Documents/GitHub/space_robot/install/space_interfaces/include/space_interfaces/msg/detail/joint_jogging_msg__rosidl_typesupport_fastrtps_c.h
[1.677s] -- Up-to-date: /home/landau/Documents/GitHub/space_robot/install/space_interfaces/include/space_interfaces/srv
[1.677s] -- Up-to-date: /home/landau/Documents/GitHub/space_robot/install/space_interfaces/include/space_interfaces/srv/detail
[1.677s] -- Up-to-date: /home/landau/Documents/GitHub/space_robot/install/space_interfaces/include/space_interfaces/srv/detail/cartesian_movement__rosidl_typesupport_fastrtps_c.h
[1.677s] -- Up-to-date: /home/landau/Documents/GitHub/space_robot/install/space_interfaces/include/space_interfaces/srv/detail/joint_enable__rosidl_typesupport_fastrtps_c.h
[1.678s] -- Up-to-date: /home/landau/Documents/GitHub/space_robot/install/space_interfaces/include/space_interfaces/srv/detail/connection__rosidl_typesupport_fastrtps_c.h
[1.678s] -- Up-to-date: /home/landau/Documents/GitHub/space_robot/install/space_interfaces/include/space_interfaces/srv/detail/switch__rosidl_typesupport_fastrtps_c.h
[1.678s] -- Up-to-date: /home/landau/Documents/GitHub/space_robot/install/space_interfaces/include/space_interfaces/srv/detail/speed_set__rosidl_typesupport_fastrtps_c.h
[1.678s] -- Up-to-date: /home/landau/Documents/GitHub/space_robot/install/space_interfaces/include/space_interfaces/srv/detail/multi_axis__rosidl_typesupport_fastrtps_c.h
[1.679s] -- Up-to-date: /home/landau/Documents/GitHub/space_robot/install/space_interfaces/include/space_interfaces/srv/detail/joint_jogging__rosidl_typesupport_fastrtps_c.h
[1.679s] -- Up-to-date: /home/landau/Documents/GitHub/space_robot/install/space_interfaces/include/space_interfaces/srv/detail/cartesian_jogging__rosidl_typesupport_fastrtps_c.h
[1.679s] -- Up-to-date: /home/landau/Documents/GitHub/space_robot/install/space_interfaces/include/space_interfaces/srv/detail/multi_axis_offset__rosidl_typesupport_fastrtps_c.h
[1.679s] -- Up-to-date: /home/landau/Documents/GitHub/space_robot/install/space_interfaces/lib/libspace_interfaces__rosidl_typesupport_fastrtps_c.so
[1.680s] -- Up-to-date: /home/landau/Documents/GitHub/space_robot/install/space_interfaces/include/space_interfaces
[1.680s] -- Up-to-date: /home/landau/Documents/GitHub/space_robot/install/space_interfaces/include/space_interfaces/msg
[1.680s] -- Up-to-date: /home/landau/Documents/GitHub/space_robot/install/space_interfaces/include/space_interfaces/msg/rosidl_typesupport_fastrtps_cpp__visibility_control.h
[1.680s] -- Up-to-date: /home/landau/Documents/GitHub/space_robot/install/space_interfaces/include/space_interfaces/msg/detail
[1.680s] -- Up-to-date: /home/landau/Documents/GitHub/space_robot/install/space_interfaces/include/space_interfaces/msg/detail/dds_fastrtps
[1.680s] -- Up-to-date: /home/landau/Documents/GitHub/space_robot/install/space_interfaces/include/space_interfaces/msg/detail/joint_jogging_msg__rosidl_typesupport_fastrtps_cpp.hpp
[1.681s] -- Up-to-date: /home/landau/Documents/GitHub/space_robot/install/space_interfaces/include/space_interfaces/msg/detail/robot_state__rosidl_typesupport_fastrtps_cpp.hpp
[1.681s] -- Up-to-date: /home/landau/Documents/GitHub/space_robot/install/space_interfaces/include/space_interfaces/srv
[1.681s] -- Up-to-date: /home/landau/Documents/GitHub/space_robot/install/space_interfaces/include/space_interfaces/srv/detail
[1.681s] -- Up-to-date: /home/landau/Documents/GitHub/space_robot/install/space_interfaces/include/space_interfaces/srv/detail/dds_fastrtps
[1.681s] -- Up-to-date: /home/landau/Documents/GitHub/space_robot/install/space_interfaces/include/space_interfaces/srv/detail/cartesian_movement__rosidl_typesupport_fastrtps_cpp.hpp
[1.681s] -- Up-to-date: /home/landau/Documents/GitHub/space_robot/install/space_interfaces/include/space_interfaces/srv/detail/connection__rosidl_typesupport_fastrtps_cpp.hpp
[1.682s] -- Up-to-date: /home/landau/Documents/GitHub/space_robot/install/space_interfaces/include/space_interfaces/srv/detail/joint_enable__rosidl_typesupport_fastrtps_cpp.hpp
[1.682s] -- Up-to-date: /home/landau/Documents/GitHub/space_robot/install/space_interfaces/include/space_interfaces/srv/detail/multi_axis_offset__rosidl_typesupport_fastrtps_cpp.hpp
[1.682s] -- Up-to-date: /home/landau/Documents/GitHub/space_robot/install/space_interfaces/include/space_interfaces/srv/detail/switch__rosidl_typesupport_fastrtps_cpp.hpp
[1.682s] -- Up-to-date: /home/landau/Documents/GitHub/space_robot/install/space_interfaces/include/space_interfaces/srv/detail/cartesian_jogging__rosidl_typesupport_fastrtps_cpp.hpp
[1.682s] -- Up-to-date: /home/landau/Documents/GitHub/space_robot/install/space_interfaces/include/space_interfaces/srv/detail/joint_jogging__rosidl_typesupport_fastrtps_cpp.hpp
[1.682s] -- Up-to-date: /home/landau/Documents/GitHub/space_robot/install/space_interfaces/include/space_interfaces/srv/detail/speed_set__rosidl_typesupport_fastrtps_cpp.hpp
[1.683s] -- Up-to-date: /home/landau/Documents/GitHub/space_robot/install/space_interfaces/include/space_interfaces/srv/detail/multi_axis__rosidl_typesupport_fastrtps_cpp.hpp
[1.683s] -- Up-to-date: /home/landau/Documents/GitHub/space_robot/install/space_interfaces/lib/libspace_interfaces__rosidl_typesupport_fastrtps_cpp.so
[1.683s] -- Up-to-date: /home/landau/Documents/GitHub/space_robot/install/space_interfaces/include/space_interfaces
[1.683s] -- Up-to-date: /home/landau/Documents/GitHub/space_robot/install/space_interfaces/include/space_interfaces/msg
[1.684s] -- Up-to-date: /home/landau/Documents/GitHub/space_robot/install/space_interfaces/include/space_interfaces/msg/rosidl_typesupport_introspection_c__visibility_control.h
[1.684s] -- Up-to-date: /home/landau/Documents/GitHub/space_robot/install/space_interfaces/include/space_interfaces/msg/detail
[1.684s] -- Up-to-date: /home/landau/Documents/GitHub/space_robot/install/space_interfaces/include/space_interfaces/msg/detail/joint_jogging_msg__type_support.c
[1.684s] -- Up-to-date: /home/landau/Documents/GitHub/space_robot/install/space_interfaces/include/space_interfaces/msg/detail/joint_jogging_msg__rosidl_typesupport_introspection_c.h
[1.684s] -- Up-to-date: /home/landau/Documents/GitHub/space_robot/install/space_interfaces/include/space_interfaces/msg/detail/robot_state__type_support.c
[1.684s] -- Up-to-date: /home/landau/Documents/GitHub/space_robot/install/space_interfaces/include/space_interfaces/msg/detail/robot_state__rosidl_typesupport_introspection_c.h
[1.685s] -- Up-to-date: /home/landau/Documents/GitHub/space_robot/install/space_interfaces/include/space_interfaces/srv
[1.685s] -- Up-to-date: /home/landau/Documents/GitHub/space_robot/install/space_interfaces/include/space_interfaces/srv/detail
[1.685s] -- Up-to-date: /home/landau/Documents/GitHub/space_robot/install/space_interfaces/include/space_interfaces/srv/detail/joint_enable__rosidl_typesupport_introspection_c.h
[1.685s] -- Up-to-date: /home/landau/Documents/GitHub/space_robot/install/space_interfaces/include/space_interfaces/srv/detail/speed_set__type_support.c
[1.685s] -- Up-to-date: /home/landau/Documents/GitHub/space_robot/install/space_interfaces/include/space_interfaces/srv/detail/cartesian_movement__rosidl_typesupport_introspection_c.h
[1.685s] -- Up-to-date: /home/landau/Documents/GitHub/space_robot/install/space_interfaces/include/space_interfaces/srv/detail/cartesian_jogging__rosidl_typesupport_introspection_c.h
[1.686s] -- Up-to-date: /home/landau/Documents/GitHub/space_robot/install/space_interfaces/include/space_interfaces/srv/detail/cartesian_movement__type_support.c
[1.686s] -- Up-to-date: /home/landau/Documents/GitHub/space_robot/install/space_interfaces/include/space_interfaces/srv/detail/connection__type_support.c
[1.686s] -- Up-to-date: /home/landau/Documents/GitHub/space_robot/install/space_interfaces/include/space_interfaces/srv/detail/joint_enable__type_support.c
[1.686s] -- Up-to-date: /home/landau/Documents/GitHub/space_robot/install/space_interfaces/include/space_interfaces/srv/detail/joint_jogging__rosidl_typesupport_introspection_c.h
[1.686s] -- Up-to-date: /home/landau/Documents/GitHub/space_robot/install/space_interfaces/include/space_interfaces/srv/detail/multi_axis__type_support.c
[1.687s] -- Up-to-date: /home/landau/Documents/GitHub/space_robot/install/space_interfaces/include/space_interfaces/srv/detail/switch__rosidl_typesupport_introspection_c.h
[1.687s] -- Up-to-date: /home/landau/Documents/GitHub/space_robot/install/space_interfaces/include/space_interfaces/srv/detail/connection__rosidl_typesupport_introspection_c.h
[1.687s] -- Up-to-date: /home/landau/Documents/GitHub/space_robot/install/space_interfaces/include/space_interfaces/srv/detail/multi_axis_offset__rosidl_typesupport_introspection_c.h
[1.687s] -- Up-to-date: /home/landau/Documents/GitHub/space_robot/install/space_interfaces/include/space_interfaces/srv/detail/multi_axis__rosidl_typesupport_introspection_c.h
[1.687s] -- Up-to-date: /home/landau/Documents/GitHub/space_robot/install/space_interfaces/include/space_interfaces/srv/detail/switch__type_support.c
[1.687s] -- Up-to-date: /home/landau/Documents/GitHub/space_robot/install/space_interfaces/include/space_interfaces/srv/detail/multi_axis_offset__type_support.c
[1.688s] -- Up-to-date: /home/landau/Documents/GitHub/space_robot/install/space_interfaces/include/space_interfaces/srv/detail/cartesian_jogging__type_support.c
[1.688s] -- Up-to-date: /home/landau/Documents/GitHub/space_robot/install/space_interfaces/include/space_interfaces/srv/detail/speed_set__rosidl_typesupport_introspection_c.h
[1.688s] -- Up-to-date: /home/landau/Documents/GitHub/space_robot/install/space_interfaces/include/space_interfaces/srv/detail/joint_jogging__type_support.c
[1.688s] -- Up-to-date: /home/landau/Documents/GitHub/space_robot/install/space_interfaces/lib/libspace_interfaces__rosidl_typesupport_introspection_c.so
[1.688s] -- Up-to-date: /home/landau/Documents/GitHub/space_robot/install/space_interfaces/lib/libspace_interfaces__rosidl_typesupport_c.so
[1.689s] -- Up-to-date: /home/landau/Documents/GitHub/space_robot/install/space_interfaces/include/space_interfaces
[1.689s] -- Up-to-date: /home/landau/Documents/GitHub/space_robot/install/space_interfaces/include/space_interfaces/msg
[1.689s] -- Up-to-date: /home/landau/Documents/GitHub/space_robot/install/space_interfaces/include/space_interfaces/msg/robot_state.hpp
[1.689s] -- Up-to-date: /home/landau/Documents/GitHub/space_robot/install/space_interfaces/include/space_interfaces/msg/joint_jogging_msg.hpp
[1.689s] -- Up-to-date: /home/landau/Documents/GitHub/space_robot/install/space_interfaces/include/space_interfaces/msg/detail
[1.690s] -- Up-to-date: /home/landau/Documents/GitHub/space_robot/install/space_interfaces/include/space_interfaces/msg/detail/robot_state__struct.hpp
[1.690s] -- Up-to-date: /home/landau/Documents/GitHub/space_robot/install/space_interfaces/include/space_interfaces/msg/detail/joint_jogging_msg__builder.hpp
[1.690s] -- Up-to-date: /home/landau/Documents/GitHub/space_robot/install/space_interfaces/include/space_interfaces/msg/detail/joint_jogging_msg__type_support.hpp
[1.690s] -- Up-to-date: /home/landau/Documents/GitHub/space_robot/install/space_interfaces/include/space_interfaces/msg/detail/joint_jogging_msg__traits.hpp
[1.690s] -- Up-to-date: /home/landau/Documents/GitHub/space_robot/install/space_interfaces/include/space_interfaces/msg/detail/joint_jogging_msg__struct.hpp
[1.690s] -- Up-to-date: /home/landau/Documents/GitHub/space_robot/install/space_interfaces/include/space_interfaces/msg/detail/robot_state__type_support.hpp
[1.691s] -- Up-to-date: /home/landau/Documents/GitHub/space_robot/install/space_interfaces/include/space_interfaces/msg/detail/robot_state__traits.hpp
[1.691s] -- Up-to-date: /home/landau/Documents/GitHub/space_robot/install/space_interfaces/include/space_interfaces/msg/detail/robot_state__builder.hpp
[1.691s] -- Up-to-date: /home/landau/Documents/GitHub/space_robot/install/space_interfaces/include/space_interfaces/msg/rosidl_generator_cpp__visibility_control.hpp
[1.691s] -- Up-to-date: /home/landau/Documents/GitHub/space_robot/install/space_interfaces/include/space_interfaces/srv
[1.691s] -- Up-to-date: /home/landau/Documents/GitHub/space_robot/install/space_interfaces/include/space_interfaces/srv/joint_jogging.hpp
[1.692s] -- Up-to-date: /home/landau/Documents/GitHub/space_robot/install/space_interfaces/include/space_interfaces/srv/speed_set.hpp
[1.692s] -- Up-to-date: /home/landau/Documents/GitHub/space_robot/install/space_interfaces/include/space_interfaces/srv/cartesian_movement.hpp
[1.692s] -- Up-to-date: /home/landau/Documents/GitHub/space_robot/install/space_interfaces/include/space_interfaces/srv/connection.hpp
[1.692s] -- Up-to-date: /home/landau/Documents/GitHub/space_robot/install/space_interfaces/include/space_interfaces/srv/multi_axis_offset.hpp
[1.692s] -- Up-to-date: /home/landau/Documents/GitHub/space_robot/install/space_interfaces/include/space_interfaces/srv/detail
[1.693s] -- Up-to-date: /home/landau/Documents/GitHub/space_robot/install/space_interfaces/include/space_interfaces/srv/detail/connection__builder.hpp
[1.693s] -- Up-to-date: /home/landau/Documents/GitHub/space_robot/install/space_interfaces/include/space_interfaces/srv/detail/speed_set__type_support.hpp
[1.693s] -- Up-to-date: /home/landau/Documents/GitHub/space_robot/install/space_interfaces/include/space_interfaces/srv/detail/joint_jogging__builder.hpp
[1.694s] -- Up-to-date: /home/landau/Documents/GitHub/space_robot/install/space_interfaces/include/space_interfaces/srv/detail/cartesian_movement__builder.hpp
[1.694s] -- Up-to-date: /home/landau/Documents/GitHub/space_robot/install/space_interfaces/include/space_interfaces/srv/detail/joint_enable__type_support.hpp
[1.694s] -- Up-to-date: /home/landau/Documents/GitHub/space_robot/install/space_interfaces/include/space_interfaces/srv/detail/cartesian_movement__struct.hpp
[1.694s] -- Up-to-date: /home/landau/Documents/GitHub/space_robot/install/space_interfaces/include/space_interfaces/srv/detail/switch__type_support.hpp
[1.695s] -- Up-to-date: /home/landau/Documents/GitHub/space_robot/install/space_interfaces/include/space_interfaces/srv/detail/joint_enable__traits.hpp
[1.695s] -- Up-to-date: /home/landau/Documents/GitHub/space_robot/install/space_interfaces/include/space_interfaces/srv/detail/joint_enable__builder.hpp
[1.696s] -- Up-to-date: /home/landau/Documents/GitHub/space_robot/install/space_interfaces/include/space_interfaces/srv/detail/joint_jogging__type_support.hpp
[1.696s] -- Up-to-date: /home/landau/Documents/GitHub/space_robot/install/space_interfaces/include/space_interfaces/srv/detail/multi_axis_offset__traits.hpp
[1.697s] -- Up-to-date: /home/landau/Documents/GitHub/space_robot/install/space_interfaces/include/space_interfaces/srv/detail/multi_axis_offset__builder.hpp
[1.697s] -- Up-to-date: /home/landau/Documents/GitHub/space_robot/install/space_interfaces/include/space_interfaces/srv/detail/joint_jogging__struct.hpp
[1.697s] -- Up-to-date: /home/landau/Documents/GitHub/space_robot/install/space_interfaces/include/space_interfaces/srv/detail/speed_set__struct.hpp
[1.698s] -- Up-to-date: /home/landau/Documents/GitHub/space_robot/install/space_interfaces/include/space_interfaces/srv/detail/speed_set__traits.hpp
[1.698s] -- Up-to-date: /home/landau/Documents/GitHub/space_robot/install/space_interfaces/include/space_interfaces/srv/detail/switch__struct.hpp
[1.698s] -- Up-to-date: /home/landau/Documents/GitHub/space_robot/install/space_interfaces/include/space_interfaces/srv/detail/cartesian_movement__type_support.hpp
[1.698s] -- Up-to-date: /home/landau/Documents/GitHub/space_robot/install/space_interfaces/include/space_interfaces/srv/detail/connection__traits.hpp
[1.698s] -- Up-to-date: /home/landau/Documents/GitHub/space_robot/install/space_interfaces/include/space_interfaces/srv/detail/multi_axis__type_support.hpp
[1.699s] -- Up-to-date: /home/landau/Documents/GitHub/space_robot/install/space_interfaces/include/space_interfaces/srv/detail/multi_axis__traits.hpp
[1.699s] -- Up-to-date: /home/landau/Documents/GitHub/space_robot/install/space_interfaces/include/space_interfaces/srv/detail/joint_enable__struct.hpp
[1.699s] -- Up-to-date: /home/landau/Documents/GitHub/space_robot/install/space_interfaces/include/space_interfaces/srv/detail/cartesian_movement__traits.hpp
[1.699s] -- Up-to-date: /home/landau/Documents/GitHub/space_robot/install/space_interfaces/include/space_interfaces/srv/detail/cartesian_jogging__struct.hpp
[1.699s] -- Up-to-date: /home/landau/Documents/GitHub/space_robot/install/space_interfaces/include/space_interfaces/srv/detail/multi_axis_offset__type_support.hpp
[1.700s] -- Up-to-date: /home/landau/Documents/GitHub/space_robot/install/space_interfaces/include/space_interfaces/srv/detail/connection__struct.hpp
[1.700s] -- Up-to-date: /home/landau/Documents/GitHub/space_robot/install/space_interfaces/include/space_interfaces/srv/detail/cartesian_jogging__type_support.hpp
[1.700s] -- Up-to-date: /home/landau/Documents/GitHub/space_robot/install/space_interfaces/include/space_interfaces/srv/detail/switch__builder.hpp
[1.700s] -- Up-to-date: /home/landau/Documents/GitHub/space_robot/install/space_interfaces/include/space_interfaces/srv/detail/multi_axis_offset__struct.hpp
[1.700s] -- Up-to-date: /home/landau/Documents/GitHub/space_robot/install/space_interfaces/include/space_interfaces/srv/detail/cartesian_jogging__traits.hpp
[1.701s] -- Up-to-date: /home/landau/Documents/GitHub/space_robot/install/space_interfaces/include/space_interfaces/srv/detail/cartesian_jogging__builder.hpp
[1.701s] -- Up-to-date: /home/landau/Documents/GitHub/space_robot/install/space_interfaces/include/space_interfaces/srv/detail/switch__traits.hpp
[1.701s] -- Up-to-date: /home/landau/Documents/GitHub/space_robot/install/space_interfaces/include/space_interfaces/srv/detail/multi_axis__builder.hpp
[1.701s] -- Up-to-date: /home/landau/Documents/GitHub/space_robot/install/space_interfaces/include/space_interfaces/srv/detail/speed_set__builder.hpp
[1.702s] -- Up-to-date: /home/landau/Documents/GitHub/space_robot/install/space_interfaces/include/space_interfaces/srv/detail/connection__type_support.hpp
[1.702s] -- Up-to-date: /home/landau/Documents/GitHub/space_robot/install/space_interfaces/include/space_interfaces/srv/detail/joint_jogging__traits.hpp
[1.702s] -- Up-to-date: /home/landau/Documents/GitHub/space_robot/install/space_interfaces/include/space_interfaces/srv/detail/multi_axis__struct.hpp
[1.702s] -- Up-to-date: /home/landau/Documents/GitHub/space_robot/install/space_interfaces/include/space_interfaces/srv/switch.hpp
[1.702s] -- Up-to-date: /home/landau/Documents/GitHub/space_robot/install/space_interfaces/include/space_interfaces/srv/joint_enable.hpp
[1.703s] -- Up-to-date: /home/landau/Documents/GitHub/space_robot/install/space_interfaces/include/space_interfaces/srv/cartesian_jogging.hpp
[1.704s] -- Up-to-date: /home/landau/Documents/GitHub/space_robot/install/space_interfaces/include/space_interfaces/srv/multi_axis.hpp
[1.704s] -- Up-to-date: /home/landau/Documents/GitHub/space_robot/install/space_interfaces/include/space_interfaces
[1.704s] -- Up-to-date: /home/landau/Documents/GitHub/space_robot/install/space_interfaces/include/space_interfaces/msg
[1.704s] -- Up-to-date: /home/landau/Documents/GitHub/space_robot/install/space_interfaces/include/space_interfaces/msg/detail
[1.704s] -- Up-to-date: /home/landau/Documents/GitHub/space_robot/install/space_interfaces/include/space_interfaces/msg/detail/robot_state__rosidl_typesupport_introspection_cpp.hpp
[1.704s] -- Up-to-date: /home/landau/Documents/GitHub/space_robot/install/space_interfaces/include/space_interfaces/msg/detail/joint_jogging_msg__rosidl_typesupport_introspection_cpp.hpp
[1.705s] -- Up-to-date: /home/landau/Documents/GitHub/space_robot/install/space_interfaces/include/space_interfaces/msg/detail/robot_state__type_support.cpp
[1.705s] -- Up-to-date: /home/landau/Documents/GitHub/space_robot/install/space_interfaces/include/space_interfaces/msg/detail/joint_jogging_msg__type_support.cpp
[1.705s] -- Up-to-date: /home/landau/Documents/GitHub/space_robot/install/space_interfaces/include/space_interfaces/srv
[1.705s] -- Up-to-date: /home/landau/Documents/GitHub/space_robot/install/space_interfaces/include/space_interfaces/srv/detail
[1.706s] -- Up-to-date: /home/landau/Documents/GitHub/space_robot/install/space_interfaces/include/space_interfaces/srv/detail/switch__rosidl_typesupport_introspection_cpp.hpp
[1.706s] -- Up-to-date: /home/landau/Documents/GitHub/space_robot/install/space_interfaces/include/space_interfaces/srv/detail/cartesian_jogging__type_support.cpp
[1.707s] -- Up-to-date: /home/landau/Documents/GitHub/space_robot/install/space_interfaces/include/space_interfaces/srv/detail/joint_enable__rosidl_typesupport_introspection_cpp.hpp
[1.708s] -- Up-to-date: /home/landau/Documents/GitHub/space_robot/install/space_interfaces/include/space_interfaces/srv/detail/joint_enable__type_support.cpp
[1.708s] -- Up-to-date: /home/landau/Documents/GitHub/space_robot/install/space_interfaces/include/space_interfaces/srv/detail/multi_axis__rosidl_typesupport_introspection_cpp.hpp
[1.708s] -- Up-to-date: /home/landau/Documents/GitHub/space_robot/install/space_interfaces/include/space_interfaces/srv/detail/joint_jogging__rosidl_typesupport_introspection_cpp.hpp
[1.709s] -- Up-to-date: /home/landau/Documents/GitHub/space_robot/install/space_interfaces/include/space_interfaces/srv/detail/speed_set__type_support.cpp
[1.709s] -- Up-to-date: /home/landau/Documents/GitHub/space_robot/install/space_interfaces/include/space_interfaces/srv/detail/multi_axis_offset__rosidl_typesupport_introspection_cpp.hpp
[1.710s] -- Up-to-date: /home/landau/Documents/GitHub/space_robot/install/space_interfaces/include/space_interfaces/srv/detail/multi_axis_offset__type_support.cpp
[1.710s] -- Up-to-date: /home/landau/Documents/GitHub/space_robot/install/space_interfaces/include/space_interfaces/srv/detail/cartesian_movement__type_support.cpp
[1.710s] -- Up-to-date: /home/landau/Documents/GitHub/space_robot/install/space_interfaces/include/space_interfaces/srv/detail/connection__rosidl_typesupport_introspection_cpp.hpp
[1.711s] -- Up-to-date: /home/landau/Documents/GitHub/space_robot/install/space_interfaces/include/space_interfaces/srv/detail/connection__type_support.cpp
[1.711s] -- Up-to-date: /home/landau/Documents/GitHub/space_robot/install/space_interfaces/include/space_interfaces/srv/detail/joint_jogging__type_support.cpp
[1.711s] -- Up-to-date: /home/landau/Documents/GitHub/space_robot/install/space_interfaces/include/space_interfaces/srv/detail/cartesian_jogging__rosidl_typesupport_introspection_cpp.hpp
[1.712s] -- Up-to-date: /home/landau/Documents/GitHub/space_robot/install/space_interfaces/include/space_interfaces/srv/detail/multi_axis__type_support.cpp
[1.712s] -- Up-to-date: /home/landau/Documents/GitHub/space_robot/install/space_interfaces/include/space_interfaces/srv/detail/cartesian_movement__rosidl_typesupport_introspection_cpp.hpp
[1.712s] -- Up-to-date: /home/landau/Documents/GitHub/space_robot/install/space_interfaces/include/space_interfaces/srv/detail/switch__type_support.cpp
[1.712s] -- Up-to-date: /home/landau/Documents/GitHub/space_robot/install/space_interfaces/include/space_interfaces/srv/detail/speed_set__rosidl_typesupport_introspection_cpp.hpp
[1.713s] -- Up-to-date: /home/landau/Documents/GitHub/space_robot/install/space_interfaces/lib/libspace_interfaces__rosidl_typesupport_introspection_cpp.so
[1.713s] -- Up-to-date: /home/landau/Documents/GitHub/space_robot/install/space_interfaces/lib/libspace_interfaces__rosidl_typesupport_cpp.so
[1.713s] -- Up-to-date: /home/landau/Documents/GitHub/space_robot/install/space_interfaces/share/space_interfaces/environment/pythonpath.sh
[1.713s] -- Up-to-date: /home/landau/Documents/GitHub/space_robot/install/space_interfaces/share/space_interfaces/environment/pythonpath.dsv
[1.714s] -- Up-to-date: /home/landau/Documents/GitHub/space_robot/install/space_interfaces/lib/python3.8/site-packages/space_interfaces/__init__.py
[1.794s] -- Up-to-date: /home/landau/Documents/GitHub/space_robot/install/space_interfaces/lib/python3.8/site-packages/space_interfaces/msg
[1.794s] -- Up-to-date: /home/landau/Documents/GitHub/space_robot/install/space_interfaces/lib/python3.8/site-packages/space_interfaces/msg/__init__.py
[1.795s] -- Up-to-date: /home/landau/Documents/GitHub/space_robot/install/space_interfaces/lib/python3.8/site-packages/space_interfaces/msg/_joint_jogging_msg.py
[1.795s] -- Up-to-date: /home/landau/Documents/GitHub/space_robot/install/space_interfaces/lib/python3.8/site-packages/space_interfaces/msg/_joint_jogging_msg_s.c
[1.796s] -- Up-to-date: /home/landau/Documents/GitHub/space_robot/install/space_interfaces/lib/python3.8/site-packages/space_interfaces/msg/_robot_state.py
[1.796s] -- Up-to-date: /home/landau/Documents/GitHub/space_robot/install/space_interfaces/lib/python3.8/site-packages/space_interfaces/msg/_robot_state_s.c
[1.797s] -- Up-to-date: /home/landau/Documents/GitHub/space_robot/install/space_interfaces/lib/python3.8/site-packages/space_interfaces/srv
[1.797s] -- Up-to-date: /home/landau/Documents/GitHub/space_robot/install/space_interfaces/lib/python3.8/site-packages/space_interfaces/srv/_joint_enable_s.c
[1.797s] -- Up-to-date: /home/landau/Documents/GitHub/space_robot/install/space_interfaces/lib/python3.8/site-packages/space_interfaces/srv/_multi_axis_offset_s.c
[1.798s] -- Up-to-date: /home/landau/Documents/GitHub/space_robot/install/space_interfaces/lib/python3.8/site-packages/space_interfaces/srv/_connection_s.c
[1.798s] -- Up-to-date: /home/landau/Documents/GitHub/space_robot/install/space_interfaces/lib/python3.8/site-packages/space_interfaces/srv/__init__.py
[1.798s] -- Up-to-date: /home/landau/Documents/GitHub/space_robot/install/space_interfaces/lib/python3.8/site-packages/space_interfaces/srv/_connection.py
[1.798s] -- Up-to-date: /home/landau/Documents/GitHub/space_robot/install/space_interfaces/lib/python3.8/site-packages/space_interfaces/srv/_cartesian_jogging_s.c
[1.798s] -- Up-to-date: /home/landau/Documents/GitHub/space_robot/install/space_interfaces/lib/python3.8/site-packages/space_interfaces/srv/_cartesian_jogging.py
[1.799s] -- Up-to-date: /home/landau/Documents/GitHub/space_robot/install/space_interfaces/lib/python3.8/site-packages/space_interfaces/srv/_joint_jogging.py
[1.799s] -- Up-to-date: /home/landau/Documents/GitHub/space_robot/install/space_interfaces/lib/python3.8/site-packages/space_interfaces/srv/_multi_axis_s.c
[1.799s] -- Up-to-date: /home/landau/Documents/GitHub/space_robot/install/space_interfaces/lib/python3.8/site-packages/space_interfaces/srv/_multi_axis.py
[1.799s] -- Up-to-date: /home/landau/Documents/GitHub/space_robot/install/space_interfaces/lib/python3.8/site-packages/space_interfaces/srv/_switch_s.c
[1.799s] -- Up-to-date: /home/landau/Documents/GitHub/space_robot/install/space_interfaces/lib/python3.8/site-packages/space_interfaces/srv/_joint_jogging_s.c
[1.800s] -- Up-to-date: /home/landau/Documents/GitHub/space_robot/install/space_interfaces/lib/python3.8/site-packages/space_interfaces/srv/_speed_set_s.c
[1.800s] -- Up-to-date: /home/landau/Documents/GitHub/space_robot/install/space_interfaces/lib/python3.8/site-packages/space_interfaces/srv/_cartesian_movement.py
[1.800s] -- Up-to-date: /home/landau/Documents/GitHub/space_robot/install/space_interfaces/lib/python3.8/site-packages/space_interfaces/srv/_multi_axis_offset.py
[1.800s] -- Up-to-date: /home/landau/Documents/GitHub/space_robot/install/space_interfaces/lib/python3.8/site-packages/space_interfaces/srv/_joint_enable.py
[1.800s] -- Up-to-date: /home/landau/Documents/GitHub/space_robot/install/space_interfaces/lib/python3.8/site-packages/space_interfaces/srv/_switch.py
[1.801s] -- Up-to-date: /home/landau/Documents/GitHub/space_robot/install/space_interfaces/lib/python3.8/site-packages/space_interfaces/srv/_cartesian_movement_s.c
[1.801s] -- Up-to-date: /home/landau/Documents/GitHub/space_robot/install/space_interfaces/lib/python3.8/site-packages/space_interfaces/srv/_speed_set.py
[1.801s] -- Up-to-date: /home/landau/Documents/GitHub/space_robot/install/space_interfaces/lib/python3.8/site-packages/space_interfaces/space_interfaces_s__rosidl_typesupport_fastrtps_c.cpython-38-x86_64-linux-gnu.so
[1.801s] -- Up-to-date: /home/landau/Documents/GitHub/space_robot/install/space_interfaces/lib/python3.8/site-packages/space_interfaces/space_interfaces_s__rosidl_typesupport_introspection_c.cpython-38-x86_64-linux-gnu.so
[1.802s] -- Up-to-date: /home/landau/Documents/GitHub/space_robot/install/space_interfaces/lib/python3.8/site-packages/space_interfaces/space_interfaces_s__rosidl_typesupport_c.cpython-38-x86_64-linux-gnu.so
[1.804s] -- Up-to-date: /home/landau/Documents/GitHub/space_robot/install/space_interfaces/lib/libspace_interfaces__python.so
[1.805s] -- Up-to-date: /home/landau/Documents/GitHub/space_robot/install/space_interfaces/share/space_interfaces/msg/JointJoggingMsg.idl
[1.805s] -- Up-to-date: /home/landau/Documents/GitHub/space_robot/install/space_interfaces/share/space_interfaces/msg/RobotState.idl
[1.806s] -- Up-to-date: /home/landau/Documents/GitHub/space_robot/install/space_interfaces/share/space_interfaces/srv/CartesianJogging.idl
[1.807s] -- Up-to-date: /home/landau/Documents/GitHub/space_robot/install/space_interfaces/share/space_interfaces/srv/CartesianMovement.idl
[1.808s] -- Up-to-date: /home/landau/Documents/GitHub/space_robot/install/space_interfaces/share/space_interfaces/srv/Connection.idl
[1.809s] -- Up-to-date: /home/landau/Documents/GitHub/space_robot/install/space_interfaces/share/space_interfaces/srv/JointEnable.idl
[1.809s] -- Up-to-date: /home/landau/Documents/GitHub/space_robot/install/space_interfaces/share/space_interfaces/srv/JointJogging.idl
[1.809s] -- Up-to-date: /home/landau/Documents/GitHub/space_robot/install/space_interfaces/share/space_interfaces/srv/MultiAxis.idl
[1.810s] -- Up-to-date: /home/landau/Documents/GitHub/space_robot/install/space_interfaces/share/space_interfaces/srv/SpeedSet.idl
[1.810s] -- Up-to-date: /home/landau/Documents/GitHub/space_robot/install/space_interfaces/share/space_interfaces/srv/Switch.idl
[1.811s] -- Up-to-date: /home/landau/Documents/GitHub/space_robot/install/space_interfaces/share/space_interfaces/srv/MultiAxisOffset.idl
[1.812s] -- Up-to-date: /home/landau/Documents/GitHub/space_robot/install/space_interfaces/share/space_interfaces/msg/JointJoggingMsg.msg
[1.812s] -- Up-to-date: /home/landau/Documents/GitHub/space_robot/install/space_interfaces/share/space_interfaces/msg/RobotState.msg
[1.812s] -- Up-to-date: /home/landau/Documents/GitHub/space_robot/install/space_interfaces/share/space_interfaces/srv/CartesianJogging.srv
[1.813s] -- Up-to-date: /home/landau/Documents/GitHub/space_robot/install/space_interfaces/share/space_interfaces/srv/CartesianJogging_Request.msg
[1.813s] -- Up-to-date: /home/landau/Documents/GitHub/space_robot/install/space_interfaces/share/space_interfaces/srv/CartesianJogging_Response.msg
[1.813s] -- Up-to-date: /home/landau/Documents/GitHub/space_robot/install/space_interfaces/share/space_interfaces/srv/CartesianMovement.srv
[1.814s] -- Up-to-date: /home/landau/Documents/GitHub/space_robot/install/space_interfaces/share/space_interfaces/srv/CartesianMovement_Request.msg
[1.814s] -- Up-to-date: /home/landau/Documents/GitHub/space_robot/install/space_interfaces/share/space_interfaces/srv/CartesianMovement_Response.msg
[1.815s] -- Up-to-date: /home/landau/Documents/GitHub/space_robot/install/space_interfaces/share/space_interfaces/srv/Connection.srv
[1.815s] -- Up-to-date: /home/landau/Documents/GitHub/space_robot/install/space_interfaces/share/space_interfaces/srv/Connection_Request.msg
[1.815s] -- Up-to-date: /home/landau/Documents/GitHub/space_robot/install/space_interfaces/share/space_interfaces/srv/Connection_Response.msg
[1.816s] -- Up-to-date: /home/landau/Documents/GitHub/space_robot/install/space_interfaces/share/space_interfaces/srv/JointEnable.srv
[1.816s] -- Up-to-date: /home/landau/Documents/GitHub/space_robot/install/space_interfaces/share/space_interfaces/srv/JointEnable_Request.msg
[1.816s] -- Up-to-date: /home/landau/Documents/GitHub/space_robot/install/space_interfaces/share/space_interfaces/srv/JointEnable_Response.msg
[1.817s] -- Up-to-date: /home/landau/Documents/GitHub/space_robot/install/space_interfaces/share/space_interfaces/srv/JointJogging.srv
[1.817s] -- Up-to-date: /home/landau/Documents/GitHub/space_robot/install/space_interfaces/share/space_interfaces/srv/JointJogging_Request.msg
[1.818s] -- Up-to-date: /home/landau/Documents/GitHub/space_robot/install/space_interfaces/share/space_interfaces/srv/JointJogging_Response.msg
[1.818s] -- Up-to-date: /home/landau/Documents/GitHub/space_robot/install/space_interfaces/share/space_interfaces/srv/MultiAxis.srv
[1.818s] -- Up-to-date: /home/landau/Documents/GitHub/space_robot/install/space_interfaces/share/space_interfaces/srv/MultiAxis_Request.msg
[1.819s] -- Up-to-date: /home/landau/Documents/GitHub/space_robot/install/space_interfaces/share/space_interfaces/srv/MultiAxis_Response.msg
[1.819s] -- Up-to-date: /home/landau/Documents/GitHub/space_robot/install/space_interfaces/share/space_interfaces/srv/SpeedSet.srv
[1.819s] -- Up-to-date: /home/landau/Documents/GitHub/space_robot/install/space_interfaces/share/space_interfaces/srv/SpeedSet_Request.msg
[1.819s] -- Up-to-date: /home/landau/Documents/GitHub/space_robot/install/space_interfaces/share/space_interfaces/srv/SpeedSet_Response.msg
[1.820s] -- Up-to-date: /home/landau/Documents/GitHub/space_robot/install/space_interfaces/share/space_interfaces/srv/Switch.srv
[1.820s] -- Up-to-date: /home/landau/Documents/GitHub/space_robot/install/space_interfaces/share/space_interfaces/srv/Switch_Request.msg
[1.820s] -- Up-to-date: /home/landau/Documents/GitHub/space_robot/install/space_interfaces/share/space_interfaces/srv/Switch_Response.msg
[1.820s] -- Up-to-date: /home/landau/Documents/GitHub/space_robot/install/space_interfaces/share/space_interfaces/srv/MultiAxisOffset.srv
[1.820s] -- Up-to-date: /home/landau/Documents/GitHub/space_robot/install/space_interfaces/share/space_interfaces/srv/MultiAxisOffset_Request.msg
[1.821s] -- Up-to-date: /home/landau/Documents/GitHub/space_robot/install/space_interfaces/share/space_interfaces/srv/MultiAxisOffset_Response.msg
[1.821s] -- Up-to-date: /home/landau/Documents/GitHub/space_robot/install/space_interfaces/share/ament_index/resource_index/package_run_dependencies/space_interfaces
[1.821s] -- Up-to-date: /home/landau/Documents/GitHub/space_robot/install/space_interfaces/share/ament_index/resource_index/parent_prefix_path/space_interfaces
[1.821s] -- Up-to-date: /home/landau/Documents/GitHub/space_robot/install/space_interfaces/share/space_interfaces/environment/ament_prefix_path.sh
[1.822s] -- Up-to-date: /home/landau/Documents/GitHub/space_robot/install/space_interfaces/share/space_interfaces/environment/ament_prefix_path.dsv
[1.822s] -- Up-to-date: /home/landau/Documents/GitHub/space_robot/install/space_interfaces/share/space_interfaces/environment/path.sh
[1.822s] -- Up-to-date: /home/landau/Documents/GitHub/space_robot/install/space_interfaces/share/space_interfaces/environment/path.dsv
[1.822s] -- Up-to-date: /home/landau/Documents/GitHub/space_robot/install/space_interfaces/share/space_interfaces/local_setup.bash
[1.823s] -- Up-to-date: /home/landau/Documents/GitHub/space_robot/install/space_interfaces/share/space_interfaces/local_setup.sh
[1.823s] -- Up-to-date: /home/landau/Documents/GitHub/space_robot/install/space_interfaces/share/space_interfaces/local_setup.zsh
[1.824s] -- Up-to-date: /home/landau/Documents/GitHub/space_robot/install/space_interfaces/share/space_interfaces/local_setup.dsv
[1.824s] -- Installing: /home/landau/Documents/GitHub/space_robot/install/space_interfaces/share/space_interfaces/package.dsv
[1.824s] -- Up-to-date: /home/landau/Documents/GitHub/space_robot/install/space_interfaces/share/ament_index/resource_index/packages/space_interfaces
[1.825s] -- Up-to-date: /home/landau/Documents/GitHub/space_robot/install/space_interfaces/share/space_interfaces/cmake/space_interfaces__rosidl_generator_cExport.cmake
[1.825s] -- Up-to-date: /home/landau/Documents/GitHub/space_robot/install/space_interfaces/share/space_interfaces/cmake/space_interfaces__rosidl_generator_cExport-noconfig.cmake
[1.826s] -- Up-to-date: /home/landau/Documents/GitHub/space_robot/install/space_interfaces/share/space_interfaces/cmake/space_interfaces__rosidl_typesupport_introspection_cExport.cmake
[1.827s] -- Up-to-date: /home/landau/Documents/GitHub/space_robot/install/space_interfaces/share/space_interfaces/cmake/space_interfaces__rosidl_typesupport_introspection_cExport-noconfig.cmake
[1.827s] -- Up-to-date: /home/landau/Documents/GitHub/space_robot/install/space_interfaces/share/space_interfaces/cmake/space_interfaces__rosidl_typesupport_cExport.cmake
[1.827s] -- Up-to-date: /home/landau/Documents/GitHub/space_robot/install/space_interfaces/share/space_interfaces/cmake/space_interfaces__rosidl_typesupport_cExport-noconfig.cmake
[1.828s] -- Up-to-date: /home/landau/Documents/GitHub/space_robot/install/space_interfaces/share/space_interfaces/cmake/space_interfaces__rosidl_generator_cppExport.cmake
[1.828s] -- Up-to-date: /home/landau/Documents/GitHub/space_robot/install/space_interfaces/share/space_interfaces/cmake/space_interfaces__rosidl_typesupport_introspection_cppExport.cmake
[1.828s] -- Up-to-date: /home/landau/Documents/GitHub/space_robot/install/space_interfaces/share/space_interfaces/cmake/space_interfaces__rosidl_typesupport_introspection_cppExport-noconfig.cmake
[1.829s] -- Up-to-date: /home/landau/Documents/GitHub/space_robot/install/space_interfaces/share/space_interfaces/cmake/space_interfaces__rosidl_typesupport_cppExport.cmake
[1.829s] -- Up-to-date: /home/landau/Documents/GitHub/space_robot/install/space_interfaces/share/space_interfaces/cmake/space_interfaces__rosidl_typesupport_cppExport-noconfig.cmake
[1.829s] -- Up-to-date: /home/landau/Documents/GitHub/space_robot/install/space_interfaces/share/space_interfaces/cmake/rosidl_cmake-extras.cmake
[1.829s] -- Up-to-date: /home/landau/Documents/GitHub/space_robot/install/space_interfaces/share/space_interfaces/cmake/ament_cmake_export_dependencies-extras.cmake
[1.830s] -- Up-to-date: /home/landau/Documents/GitHub/space_robot/install/space_interfaces/share/space_interfaces/cmake/ament_cmake_export_libraries-extras.cmake
[1.830s] -- Up-to-date: /home/landau/Documents/GitHub/space_robot/install/space_interfaces/share/space_interfaces/cmake/ament_cmake_export_targets-extras.cmake
[1.831s] -- Up-to-date: /home/landau/Documents/GitHub/space_robot/install/space_interfaces/share/space_interfaces/cmake/ament_cmake_export_include_directories-extras.cmake
[1.831s] -- Up-to-date: /home/landau/Documents/GitHub/space_robot/install/space_interfaces/share/space_interfaces/cmake/rosidl_cmake_export_typesupport_libraries-extras.cmake
[1.831s] -- Up-to-date: /home/landau/Documents/GitHub/space_robot/install/space_interfaces/share/space_interfaces/cmake/rosidl_cmake_export_typesupport_targets-extras.cmake
[1.831s] -- Up-to-date: /home/landau/Documents/GitHub/space_robot/install/space_interfaces/share/space_interfaces/cmake/space_interfacesConfig.cmake
[1.832s] -- Up-to-date: /home/landau/Documents/GitHub/space_robot/install/space_interfaces/share/space_interfaces/cmake/space_interfacesConfig-version.cmake
[1.832s] -- Up-to-date: /home/landau/Documents/GitHub/space_robot/install/space_interfaces/share/space_interfaces/package.xml
[1.837s] Invoked command in '/home/landau/Documents/GitHub/space_robot/build/space_interfaces' returned '0': CMAKE_PREFIX_PATH=${CMAKE_PREFIX_PATH}:/opt/ros/foxy /usr/bin/cmake --install /home/landau/Documents/GitHub/space_robot/build/space_interfaces
