[01m[K/home/landau/Documents/GitHub/space_robot/src/space_driver/src/space_driver.cpp:[m[K In member function ‘[01m[Kvoid space_driver::robot_state_timer_callback()[m[K’:
[01m[K/home/landau/Documents/GitHub/space_robot/src/space_driver/src/space_driver.cpp:152:77:[m[K [01;35m[Kwarning: [m[Knarrowing conversion of ‘[01m[K((((space_driver*)this)->space_driver::robot_ptr->rocos::Robot::getJointPosition(0) * 1.8e+2) / ((space_driver*)this)->space_driver::pi)[m[K’ from ‘[01m[Kdouble[m[K’ to ‘[01m[Kfloat[m[K’ [[01;35m[K-Wnarrowing[m[K]
  152 |     robot_state_msg.jointposition = {[01;35m[Krobot_ptr->getJointPosition(0) * 180.0 / pi[m[K,
      |                                      [01;35m[K~~~~~~~~~~~~~~~~~~~~~~~~~~~~~~~~~~~~~~~^~~~[m[K
[01m[K/home/landau/Documents/GitHub/space_robot/src/space_driver/src/space_driver.cpp:152:77:[m[K [01;35m[Kwarning: [m[Knarrowing conversion of ‘[01m[K((((space_driver*)this)->space_driver::robot_ptr->rocos::Robot::getJointPosition(0) * 1.8e+2) / ((space_driver*)this)->space_driver::pi)[m[K’ from ‘[01m[Kdouble[m[K’ to ‘[01m[Kfloat[m[K’ [[01;35m[K-Wnarrowing[m[K]
[01m[K/home/landau/Documents/GitHub/space_robot/src/space_driver/src/space_driver.cpp:153:77:[m[K [01;35m[Kwarning: [m[Knarrowing conversion of ‘[01m[K((((space_driver*)this)->space_driver::robot_ptr->rocos::Robot::getJointPosition(1) * 1.8e+2) / ((space_driver*)this)->space_driver::pi)[m[K’ from ‘[01m[Kdouble[m[K’ to ‘[01m[Kfloat[m[K’ [[01;35m[K-Wnarrowing[m[K]
  153 |                                      [01;35m[Krobot_ptr->getJointPosition(1) * 180.0 / pi[m[K,
      |                                      [01;35m[K~~~~~~~~~~~~~~~~~~~~~~~~~~~~~~~~~~~~~~~^~~~[m[K
[01m[K/home/landau/Documents/GitHub/space_robot/src/space_driver/src/space_driver.cpp:153:77:[m[K [01;35m[Kwarning: [m[Knarrowing conversion of ‘[01m[K((((space_driver*)this)->space_driver::robot_ptr->rocos::Robot::getJointPosition(1) * 1.8e+2) / ((space_driver*)this)->space_driver::pi)[m[K’ from ‘[01m[Kdouble[m[K’ to ‘[01m[Kfloat[m[K’ [[01;35m[K-Wnarrowing[m[K]
[01m[K/home/landau/Documents/GitHub/space_robot/src/space_driver/src/space_driver.cpp:154:77:[m[K [01;35m[Kwarning: [m[Knarrowing conversion of ‘[01m[K((((space_driver*)this)->space_driver::robot_ptr->rocos::Robot::getJointPosition(2) * 1.8e+2) / ((space_driver*)this)->space_driver::pi)[m[K’ from ‘[01m[Kdouble[m[K’ to ‘[01m[Kfloat[m[K’ [[01;35m[K-Wnarrowing[m[K]
  154 |                                      [01;35m[Krobot_ptr->getJointPosition(2) * 180.0 / pi[m[K,
      |                                      [01;35m[K~~~~~~~~~~~~~~~~~~~~~~~~~~~~~~~~~~~~~~~^~~~[m[K
[01m[K/home/landau/Documents/GitHub/space_robot/src/space_driver/src/space_driver.cpp:154:77:[m[K [01;35m[Kwarning: [m[Knarrowing conversion of ‘[01m[K((((space_driver*)this)->space_driver::robot_ptr->rocos::Robot::getJointPosition(2) * 1.8e+2) / ((space_driver*)this)->space_driver::pi)[m[K’ from ‘[01m[Kdouble[m[K’ to ‘[01m[Kfloat[m[K’ [[01;35m[K-Wnarrowing[m[K]
[01m[K/home/landau/Documents/GitHub/space_robot/src/space_driver/src/space_driver.cpp:155:77:[m[K [01;35m[Kwarning: [m[Knarrowing conversion of ‘[01m[K((((space_driver*)this)->space_driver::robot_ptr->rocos::Robot::getJointPosition(3) * 1.8e+2) / ((space_driver*)this)->space_driver::pi)[m[K’ from ‘[01m[Kdouble[m[K’ to ‘[01m[Kfloat[m[K’ [[01;35m[K-Wnarrowing[m[K]
  155 |                                      [01;35m[Krobot_ptr->getJointPosition(3) * 180.0 / pi[m[K,
      |                                      [01;35m[K~~~~~~~~~~~~~~~~~~~~~~~~~~~~~~~~~~~~~~~^~~~[m[K
[01m[K/home/landau/Documents/GitHub/space_robot/src/space_driver/src/space_driver.cpp:155:77:[m[K [01;35m[Kwarning: [m[Knarrowing conversion of ‘[01m[K((((space_driver*)this)->space_driver::robot_ptr->rocos::Robot::getJointPosition(3) * 1.8e+2) / ((space_driver*)this)->space_driver::pi)[m[K’ from ‘[01m[Kdouble[m[K’ to ‘[01m[Kfloat[m[K’ [[01;35m[K-Wnarrowing[m[K]
[01m[K/home/landau/Documents/GitHub/space_robot/src/space_driver/src/space_driver.cpp:156:77:[m[K [01;35m[Kwarning: [m[Knarrowing conversion of ‘[01m[K((((space_driver*)this)->space_driver::robot_ptr->rocos::Robot::getJointPosition(4) * 1.8e+2) / ((space_driver*)this)->space_driver::pi)[m[K’ from ‘[01m[Kdouble[m[K’ to ‘[01m[Kfloat[m[K’ [[01;35m[K-Wnarrowing[m[K]
  156 |                                      [01;35m[Krobot_ptr->getJointPosition(4) * 180.0 / pi[m[K,
      |                                      [01;35m[K~~~~~~~~~~~~~~~~~~~~~~~~~~~~~~~~~~~~~~~^~~~[m[K
[01m[K/home/landau/Documents/GitHub/space_robot/src/space_driver/src/space_driver.cpp:156:77:[m[K [01;35m[Kwarning: [m[Knarrowing conversion of ‘[01m[K((((space_driver*)this)->space_driver::robot_ptr->rocos::Robot::getJointPosition(4) * 1.8e+2) / ((space_driver*)this)->space_driver::pi)[m[K’ from ‘[01m[Kdouble[m[K’ to ‘[01m[Kfloat[m[K’ [[01;35m[K-Wnarrowing[m[K]
[01m[K/home/landau/Documents/GitHub/space_robot/src/space_driver/src/space_driver.cpp:157:77:[m[K [01;35m[Kwarning: [m[Knarrowing conversion of ‘[01m[K((((space_driver*)this)->space_driver::robot_ptr->rocos::Robot::getJointPosition(5) * 1.8e+2) / ((space_driver*)this)->space_driver::pi)[m[K’ from ‘[01m[Kdouble[m[K’ to ‘[01m[Kfloat[m[K’ [[01;35m[K-Wnarrowing[m[K]
  157 |                                      [01;35m[Krobot_ptr->getJointPosition(5) * 180.0 / pi[m[K,
      |                                      [01;35m[K~~~~~~~~~~~~~~~~~~~~~~~~~~~~~~~~~~~~~~~^~~~[m[K
[01m[K/home/landau/Documents/GitHub/space_robot/src/space_driver/src/space_driver.cpp:157:77:[m[K [01;35m[Kwarning: [m[Knarrowing conversion of ‘[01m[K((((space_driver*)this)->space_driver::robot_ptr->rocos::Robot::getJointPosition(5) * 1.8e+2) / ((space_driver*)this)->space_driver::pi)[m[K’ from ‘[01m[Kdouble[m[K’ to ‘[01m[Kfloat[m[K’ [[01;35m[K-Wnarrowing[m[K]
[01m[K/home/landau/Documents/GitHub/space_robot/src/space_driver/src/space_driver.cpp:158:77:[m[K [01;35m[Kwarning: [m[Knarrowing conversion of ‘[01m[K((((space_driver*)this)->space_driver::robot_ptr->rocos::Robot::getJointPosition(6) * 1.8e+2) / ((space_driver*)this)->space_driver::pi)[m[K’ from ‘[01m[Kdouble[m[K’ to ‘[01m[Kfloat[m[K’ [[01;35m[K-Wnarrowing[m[K]
  158 |                                      [01;35m[Krobot_ptr->getJointPosition(6) * 180.0 / pi[m[K};
      |                                      [01;35m[K~~~~~~~~~~~~~~~~~~~~~~~~~~~~~~~~~~~~~~~^~~~[m[K
[01m[K/home/landau/Documents/GitHub/space_robot/src/space_driver/src/space_driver.cpp:158:77:[m[K [01;35m[Kwarning: [m[Knarrowing conversion of ‘[01m[K((((space_driver*)this)->space_driver::robot_ptr->rocos::Robot::getJointPosition(6) * 1.8e+2) / ((space_driver*)this)->space_driver::pi)[m[K’ from ‘[01m[Kdouble[m[K’ to ‘[01m[Kfloat[m[K’ [[01;35m[K-Wnarrowing[m[K]
