[0.580s] DEBUG:colcon:Command line arguments: ['/usr/bin/colcon', 'build']
[0.580s] DEBUG:colcon:Parsed command line arguments: Namespace(allow_overriding=[], ament_cmake_args=None, base_paths=['.'], bazel_args=None, bazel_task=None, build_base='build', catkin_cmake_args=None, catkin_skip_building_tests=False, cmake_args=None, cmake_clean_cache=False, cmake_clean_first=False, cmake_force_configure=False, cmake_target=None, cmake_target_skip_unavailable=False, continue_on_error=False, event_handlers=None, executor='parallel', ignore_user_meta=False, install_base='install', log_base=None, log_level=None, main=<bound method BuildVerb.main of <colcon_core.verb.build.BuildVerb object at 0x7faa0c3d2970>>, merge_install=False, metas=['./colcon.meta'], mixin=None, mixin_files=None, mixin_verb=('build',), packages_above=None, packages_above_and_dependencies=None, packages_above_depth=None, packages_end=None, packages_ignore=None, packages_ignore_regex=None, packages_select=None, packages_select_build_failed=False, packages_select_by_dep=None, packages_select_regex=None, packages_select_test_failures=False, packages_skip=None, packages_skip_build_finished=False, packages_skip_by_dep=None, packages_skip_regex=None, packages_skip_test_passed=False, packages_skip_up_to=None, packages_start=None, packages_up_to=None, packages_up_to_regex=None, parallel_workers=8, paths=None, symlink_install=False, test_result_base=None, verb_extension=<colcon_core.verb.build.BuildVerb object at 0x7faa0c3d2970>, verb_name='build', verb_parser=<colcon_alias.argument_parser.alias.AliasArgumentDecorator object at 0x7faa0c3e48e0>)
[1.089s] Level 1:colcon.colcon_core.package_discovery:discover_packages(colcon_meta) check parameters
[1.089s] Level 1:colcon.colcon_core.package_discovery:discover_packages(recursive) check parameters
[1.090s] Level 1:colcon.colcon_core.package_discovery:discover_packages(ignore) check parameters
[1.090s] Level 1:colcon.colcon_core.package_discovery:discover_packages(path) check parameters
[1.090s] Level 1:colcon.colcon_core.package_discovery:discover_packages(colcon_meta) discover
[1.090s] Level 1:colcon.colcon_core.package_discovery:discover_packages(recursive) discover
[1.090s] INFO:colcon.colcon_core.package_discovery:Crawling recursively for packages in '/home/landau/Documents/GitHub/space_robot'
[1.090s] Level 1:colcon.colcon_core.package_identification:_identify(.) by extensions ['ignore', 'ignore_ament_install']
[1.090s] Level 1:colcon.colcon_core.package_identification:_identify(.) by extension 'ignore'
[1.091s] Level 1:colcon.colcon_core.package_identification:_identify(.) by extension 'ignore_ament_install'
[1.091s] Level 1:colcon.colcon_core.package_identification:_identify(.) by extensions ['colcon_pkg']
[1.091s] Level 1:colcon.colcon_core.package_identification:_identify(.) by extension 'colcon_pkg'
[1.091s] Level 1:colcon.colcon_core.package_identification:_identify(.) by extensions ['colcon_meta']
[1.091s] Level 1:colcon.colcon_core.package_identification:_identify(.) by extension 'colcon_meta'
[1.091s] Level 1:colcon.colcon_core.package_identification:_identify(.) by extensions ['ros']
[1.091s] Level 1:colcon.colcon_core.package_identification:_identify(.) by extension 'ros'
[1.098s] Level 1:colcon.colcon_core.package_identification:_identify(.) by extensions ['bazel', 'cmake', 'python']
[1.099s] Level 1:colcon.colcon_core.package_identification:_identify(.) by extension 'bazel'
[1.099s] Level 1:colcon.colcon_core.package_identification:_identify(.) by extension 'cmake'
[1.099s] Level 1:colcon.colcon_core.package_identification:_identify(.) by extension 'python'
[1.099s] Level 1:colcon.colcon_core.package_identification:_identify(.) by extensions ['python_setup_py']
[1.099s] Level 1:colcon.colcon_core.package_identification:_identify(.) by extension 'python_setup_py'
[1.100s] Level 1:colcon.colcon_core.package_identification:_identify(build) by extensions ['ignore', 'ignore_ament_install']
[1.100s] Level 1:colcon.colcon_core.package_identification:_identify(build) by extension 'ignore'
[1.100s] Level 1:colcon.colcon_core.package_identification:_identify(build) ignored
[1.101s] Level 1:colcon.colcon_core.package_identification:_identify(install) by extensions ['ignore', 'ignore_ament_install']
[1.101s] Level 1:colcon.colcon_core.package_identification:_identify(install) by extension 'ignore'
[1.101s] Level 1:colcon.colcon_core.package_identification:_identify(install) ignored
[1.101s] Level 1:colcon.colcon_core.package_identification:_identify(log) by extensions ['ignore', 'ignore_ament_install']
[1.101s] Level 1:colcon.colcon_core.package_identification:_identify(log) by extension 'ignore'
[1.102s] Level 1:colcon.colcon_core.package_identification:_identify(log) ignored
[1.102s] Level 1:colcon.colcon_core.package_identification:_identify(src) by extensions ['ignore', 'ignore_ament_install']
[1.102s] Level 1:colcon.colcon_core.package_identification:_identify(src) by extension 'ignore'
[1.102s] Level 1:colcon.colcon_core.package_identification:_identify(src) by extension 'ignore_ament_install'
[1.102s] Level 1:colcon.colcon_core.package_identification:_identify(src) by extensions ['colcon_pkg']
[1.102s] Level 1:colcon.colcon_core.package_identification:_identify(src) by extension 'colcon_pkg'
[1.103s] Level 1:colcon.colcon_core.package_identification:_identify(src) by extensions ['colcon_meta']
[1.103s] Level 1:colcon.colcon_core.package_identification:_identify(src) by extension 'colcon_meta'
[1.103s] Level 1:colcon.colcon_core.package_identification:_identify(src) by extensions ['ros']
[1.103s] Level 1:colcon.colcon_core.package_identification:_identify(src) by extension 'ros'
[1.103s] Level 1:colcon.colcon_core.package_identification:_identify(src) by extensions ['bazel', 'cmake', 'python']
[1.103s] Level 1:colcon.colcon_core.package_identification:_identify(src) by extension 'bazel'
[1.103s] Level 1:colcon.colcon_core.package_identification:_identify(src) by extension 'cmake'
[1.103s] Level 1:colcon.colcon_core.package_identification:_identify(src) by extension 'python'
[1.104s] Level 1:colcon.colcon_core.package_identification:_identify(src) by extensions ['python_setup_py']
[1.104s] Level 1:colcon.colcon_core.package_identification:_identify(src) by extension 'python_setup_py'
[1.104s] Level 1:colcon.colcon_core.package_identification:_identify(src/space_driver) by extensions ['ignore', 'ignore_ament_install']
[1.104s] Level 1:colcon.colcon_core.package_identification:_identify(src/space_driver) by extension 'ignore'
[1.104s] Level 1:colcon.colcon_core.package_identification:_identify(src/space_driver) by extension 'ignore_ament_install'
[1.105s] Level 1:colcon.colcon_core.package_identification:_identify(src/space_driver) by extensions ['colcon_pkg']
[1.105s] Level 1:colcon.colcon_core.package_identification:_identify(src/space_driver) by extension 'colcon_pkg'
[1.105s] Level 1:colcon.colcon_core.package_identification:_identify(src/space_driver) by extensions ['colcon_meta']
[1.105s] Level 1:colcon.colcon_core.package_identification:_identify(src/space_driver) by extension 'colcon_meta'
[1.105s] Level 1:colcon.colcon_core.package_identification:_identify(src/space_driver) by extensions ['ros']
[1.105s] Level 1:colcon.colcon_core.package_identification:_identify(src/space_driver) by extension 'ros'
[1.112s] DEBUG:colcon.colcon_core.package_identification:Package 'src/space_driver' with type 'ros.ament_cmake' and name 'space_driver'
[1.113s] Level 1:colcon.colcon_core.package_identification:_identify(src/space_interfaces) by extensions ['ignore', 'ignore_ament_install']
[1.113s] Level 1:colcon.colcon_core.package_identification:_identify(src/space_interfaces) by extension 'ignore'
[1.113s] Level 1:colcon.colcon_core.package_identification:_identify(src/space_interfaces) by extension 'ignore_ament_install'
[1.113s] Level 1:colcon.colcon_core.package_identification:_identify(src/space_interfaces) by extensions ['colcon_pkg']
[1.113s] Level 1:colcon.colcon_core.package_identification:_identify(src/space_interfaces) by extension 'colcon_pkg'
[1.113s] Level 1:colcon.colcon_core.package_identification:_identify(src/space_interfaces) by extensions ['colcon_meta']
[1.113s] Level 1:colcon.colcon_core.package_identification:_identify(src/space_interfaces) by extension 'colcon_meta'
[1.114s] Level 1:colcon.colcon_core.package_identification:_identify(src/space_interfaces) by extensions ['ros']
[1.114s] Level 1:colcon.colcon_core.package_identification:_identify(src/space_interfaces) by extension 'ros'
[1.115s] DEBUG:colcon.colcon_core.package_identification:Package 'src/space_interfaces' with type 'ros.ament_cmake' and name 'space_interfaces'
[1.115s] Level 1:colcon.colcon_core.package_discovery:discover_packages(recursive) using defaults
[1.115s] Level 1:colcon.colcon_core.package_discovery:discover_packages(ignore) discover
[1.115s] Level 1:colcon.colcon_core.package_discovery:discover_packages(ignore) using defaults
[1.116s] Level 1:colcon.colcon_core.package_discovery:discover_packages(path) discover
[1.116s] Level 1:colcon.colcon_core.package_discovery:discover_packages(path) using defaults
[1.173s] Level 1:colcon.colcon_core.package_discovery:discover_packages(prefix_path) check parameters
[1.173s] Level 1:colcon.colcon_core.package_discovery:discover_packages(prefix_path) discover
[1.178s] DEBUG:colcon.colcon_installed_package_information.package_discovery:Found 2 installed packages in /home/landau/Documents/GitHub/space_robot/install
[1.181s] DEBUG:colcon.colcon_installed_package_information.package_discovery:Found 258 installed packages in /opt/ros/foxy
[1.184s] Level 1:colcon.colcon_core.package_discovery:discover_packages(prefix_path) using defaults
[1.359s] Level 5:colcon.colcon_core.verb:set package 'space_interfaces' build argument 'bazel_args' from command line to 'None'
[1.360s] Level 5:colcon.colcon_core.verb:set package 'space_interfaces' build argument 'bazel_task' from command line to 'None'
[1.360s] Level 5:colcon.colcon_core.verb:set package 'space_interfaces' build argument 'cmake_args' from command line to 'None'
[1.360s] Level 5:colcon.colcon_core.verb:set package 'space_interfaces' build argument 'cmake_target' from command line to 'None'
[1.360s] Level 5:colcon.colcon_core.verb:set package 'space_interfaces' build argument 'cmake_target_skip_unavailable' from command line to 'False'
[1.360s] Level 5:colcon.colcon_core.verb:set package 'space_interfaces' build argument 'cmake_clean_cache' from command line to 'False'
[1.360s] Level 5:colcon.colcon_core.verb:set package 'space_interfaces' build argument 'cmake_clean_first' from command line to 'False'
[1.360s] Level 5:colcon.colcon_core.verb:set package 'space_interfaces' build argument 'cmake_force_configure' from command line to 'False'
[1.360s] Level 5:colcon.colcon_core.verb:set package 'space_interfaces' build argument 'ament_cmake_args' from command line to 'None'
[1.360s] Level 5:colcon.colcon_core.verb:set package 'space_interfaces' build argument 'catkin_cmake_args' from command line to 'None'
[1.360s] Level 5:colcon.colcon_core.verb:set package 'space_interfaces' build argument 'catkin_skip_building_tests' from command line to 'False'
[1.360s] DEBUG:colcon.colcon_core.verb:Building package 'space_interfaces' with the following arguments: {'ament_cmake_args': None, 'bazel_args': None, 'bazel_task': None, 'build_base': '/home/landau/Documents/GitHub/space_robot/build/space_interfaces', 'catkin_cmake_args': None, 'catkin_skip_building_tests': False, 'cmake_args': None, 'cmake_clean_cache': False, 'cmake_clean_first': False, 'cmake_force_configure': False, 'cmake_target': None, 'cmake_target_skip_unavailable': False, 'install_base': '/home/landau/Documents/GitHub/space_robot/install/space_interfaces', 'merge_install': False, 'path': '/home/landau/Documents/GitHub/space_robot/src/space_interfaces', 'symlink_install': False, 'test_result_base': None}
[1.361s] Level 5:colcon.colcon_core.verb:set package 'space_driver' build argument 'bazel_args' from command line to 'None'
[1.362s] Level 5:colcon.colcon_core.verb:set package 'space_driver' build argument 'bazel_task' from command line to 'None'
[1.362s] Level 5:colcon.colcon_core.verb:set package 'space_driver' build argument 'cmake_args' from command line to 'None'
[1.362s] Level 5:colcon.colcon_core.verb:set package 'space_driver' build argument 'cmake_target' from command line to 'None'
[1.362s] Level 5:colcon.colcon_core.verb:set package 'space_driver' build argument 'cmake_target_skip_unavailable' from command line to 'False'
[1.362s] Level 5:colcon.colcon_core.verb:set package 'space_driver' build argument 'cmake_clean_cache' from command line to 'False'
[1.362s] Level 5:colcon.colcon_core.verb:set package 'space_driver' build argument 'cmake_clean_first' from command line to 'False'
[1.362s] Level 5:colcon.colcon_core.verb:set package 'space_driver' build argument 'cmake_force_configure' from command line to 'False'
[1.362s] Level 5:colcon.colcon_core.verb:set package 'space_driver' build argument 'ament_cmake_args' from command line to 'None'
[1.362s] Level 5:colcon.colcon_core.verb:set package 'space_driver' build argument 'catkin_cmake_args' from command line to 'None'
[1.362s] Level 5:colcon.colcon_core.verb:set package 'space_driver' build argument 'catkin_skip_building_tests' from command line to 'False'
[1.362s] DEBUG:colcon.colcon_core.verb:Building package 'space_driver' with the following arguments: {'ament_cmake_args': None, 'bazel_args': None, 'bazel_task': None, 'build_base': '/home/landau/Documents/GitHub/space_robot/build/space_driver', 'catkin_cmake_args': None, 'catkin_skip_building_tests': False, 'cmake_args': None, 'cmake_clean_cache': False, 'cmake_clean_first': False, 'cmake_force_configure': False, 'cmake_target': None, 'cmake_target_skip_unavailable': False, 'install_base': '/home/landau/Documents/GitHub/space_robot/install/space_driver', 'merge_install': False, 'path': '/home/landau/Documents/GitHub/space_robot/src/space_driver', 'symlink_install': False, 'test_result_base': None}
[1.363s] INFO:colcon.colcon_core.executor:Executing jobs using 'parallel' executor
[1.366s] DEBUG:colcon.colcon_parallel_executor.executor.parallel:run_until_complete
[1.366s] INFO:colcon.colcon_ros.task.ament_cmake.build:Building ROS package in '/home/landau/Documents/GitHub/space_robot/src/space_interfaces' with build type 'ament_cmake'
[1.367s] INFO:colcon.colcon_cmake.task.cmake.build:Building CMake package in '/home/landau/Documents/GitHub/space_robot/src/space_interfaces'
[1.375s] INFO:colcon.colcon_core.plugin_system:Skipping extension 'colcon_core.shell.bat': Not used on non-Windows systems
[1.376s] DEBUG:colcon.colcon_ros_domain_id_coordinator.shell.ros_domain_id:Allocated ROS_DOMAIN_ID=19 for '/home/landau/Documents/GitHub/space_robot/build/space_interfaces'
[1.376s] INFO:colcon.colcon_core.shell:Skip shell extension 'ros_domain_id' for command environment: 
[1.376s] INFO:colcon.colcon_core.shell:Skip shell extension 'powershell' for command environment: Not usable outside of PowerShell
[1.376s] DEBUG:colcon.colcon_core.shell:Skip shell extension 'dsv' for command environment
[1.410s] DEBUG:colcon.colcon_core.event_handler.log_command:Invoking command in '/home/landau/Documents/GitHub/space_robot/build/space_interfaces': CMAKE_PREFIX_PATH=${CMAKE_PREFIX_PATH}:/opt/ros/foxy /usr/bin/cmake --build /home/landau/Documents/GitHub/space_robot/build/space_interfaces -- -j8 -l8
[2.252s] DEBUG:colcon.colcon_core.event_handler.log_command:Invoked command in '/home/landau/Documents/GitHub/space_robot/build/space_interfaces' returned '0': CMAKE_PREFIX_PATH=${CMAKE_PREFIX_PATH}:/opt/ros/foxy /usr/bin/cmake --build /home/landau/Documents/GitHub/space_robot/build/space_interfaces -- -j8 -l8
[2.926s] DEBUG:colcon.colcon_core.event_handler.log_command:Invoking command in '/home/landau/Documents/GitHub/space_robot/build/space_interfaces': CMAKE_PREFIX_PATH=${CMAKE_PREFIX_PATH}:/opt/ros/foxy /usr/bin/cmake --install /home/landau/Documents/GitHub/space_robot/build/space_interfaces
[3.111s] Level 1:colcon.colcon_core.environment:create_environment_scripts_only(space_interfaces)
[3.114s] DEBUG:colcon.colcon_core.event_handler.log_command:Invoked command in '/home/landau/Documents/GitHub/space_robot/build/space_interfaces' returned '0': CMAKE_PREFIX_PATH=${CMAKE_PREFIX_PATH}:/opt/ros/foxy /usr/bin/cmake --install /home/landau/Documents/GitHub/space_robot/build/space_interfaces
[3.123s] Level 1:colcon.colcon_core.environment:checking '/home/landau/Documents/GitHub/space_robot/install/space_interfaces' for CMake module files
[3.125s] Level 1:colcon.colcon_core.environment:checking '/home/landau/Documents/GitHub/space_robot/install/space_interfaces' for CMake config files
[3.128s] Level 1:colcon.colcon_core.shell:create_environment_hook('space_interfaces', 'cmake_prefix_path')
[3.128s] INFO:colcon.colcon_core.shell:Creating environment hook '/home/landau/Documents/GitHub/space_robot/install/space_interfaces/share/space_interfaces/hook/cmake_prefix_path.ps1'
[3.130s] INFO:colcon.colcon_core.shell:Creating environment descriptor '/home/landau/Documents/GitHub/space_robot/install/space_interfaces/share/space_interfaces/hook/cmake_prefix_path.dsv'
[3.131s] INFO:colcon.colcon_core.shell:Creating environment hook '/home/landau/Documents/GitHub/space_robot/install/space_interfaces/share/space_interfaces/hook/cmake_prefix_path.sh'
[3.133s] Level 1:colcon.colcon_core.environment:checking '/home/landau/Documents/GitHub/space_robot/install/space_interfaces/lib'
[3.134s] Level 1:colcon.colcon_core.shell:create_environment_hook('space_interfaces', 'ld_library_path_lib')
[3.134s] INFO:colcon.colcon_core.shell:Creating environment hook '/home/landau/Documents/GitHub/space_robot/install/space_interfaces/share/space_interfaces/hook/ld_library_path_lib.ps1'
[3.135s] INFO:colcon.colcon_core.shell:Creating environment descriptor '/home/landau/Documents/GitHub/space_robot/install/space_interfaces/share/space_interfaces/hook/ld_library_path_lib.dsv'
[3.136s] INFO:colcon.colcon_core.shell:Creating environment hook '/home/landau/Documents/GitHub/space_robot/install/space_interfaces/share/space_interfaces/hook/ld_library_path_lib.sh'
[3.137s] Level 1:colcon.colcon_core.environment:checking '/home/landau/Documents/GitHub/space_robot/install/space_interfaces/bin'
[3.137s] Level 1:colcon.colcon_core.environment:checking '/home/landau/Documents/GitHub/space_robot/install/space_interfaces/lib/pkgconfig/space_interfaces.pc'
[3.138s] Level 1:colcon.colcon_core.environment:checking '/home/landau/Documents/GitHub/space_robot/install/space_interfaces/lib/python3.8/site-packages'
[3.138s] Level 1:colcon.colcon_core.shell:create_environment_hook('space_interfaces', 'pythonpath')
[3.139s] INFO:colcon.colcon_core.shell:Creating environment hook '/home/landau/Documents/GitHub/space_robot/install/space_interfaces/share/space_interfaces/hook/pythonpath.ps1'
[3.139s] INFO:colcon.colcon_core.shell:Creating environment descriptor '/home/landau/Documents/GitHub/space_robot/install/space_interfaces/share/space_interfaces/hook/pythonpath.dsv'
[3.140s] INFO:colcon.colcon_core.shell:Creating environment hook '/home/landau/Documents/GitHub/space_robot/install/space_interfaces/share/space_interfaces/hook/pythonpath.sh'
[3.141s] Level 1:colcon.colcon_core.environment:checking '/home/landau/Documents/GitHub/space_robot/install/space_interfaces/bin'
[3.142s] INFO:colcon.colcon_core.shell:Creating package script '/home/landau/Documents/GitHub/space_robot/install/space_interfaces/share/space_interfaces/package.ps1'
[3.145s] INFO:colcon.colcon_core.shell:Creating package descriptor '/home/landau/Documents/GitHub/space_robot/install/space_interfaces/share/space_interfaces/package.dsv'
[3.146s] INFO:colcon.colcon_core.shell:Creating package script '/home/landau/Documents/GitHub/space_robot/install/space_interfaces/share/space_interfaces/package.sh'
[3.148s] INFO:colcon.colcon_core.shell:Creating package script '/home/landau/Documents/GitHub/space_robot/install/space_interfaces/share/space_interfaces/package.bash'
[3.150s] INFO:colcon.colcon_core.shell:Creating package script '/home/landau/Documents/GitHub/space_robot/install/space_interfaces/share/space_interfaces/package.zsh'
[3.151s] Level 1:colcon.colcon_core.environment:create_file_with_runtime_dependencies(/home/landau/Documents/GitHub/space_robot/install/space_interfaces/share/colcon-core/packages/space_interfaces)
[3.783s] Level 1:colcon.colcon_core.environment:create_environment_scripts_only(space_interfaces)
[3.784s] Level 1:colcon.colcon_core.environment:checking '/home/landau/Documents/GitHub/space_robot/install/space_interfaces' for CMake module files
[3.786s] Level 1:colcon.colcon_core.environment:checking '/home/landau/Documents/GitHub/space_robot/install/space_interfaces' for CMake config files
[3.789s] Level 1:colcon.colcon_core.shell:create_environment_hook('space_interfaces', 'cmake_prefix_path')
[3.790s] INFO:colcon.colcon_core.shell:Creating environment hook '/home/landau/Documents/GitHub/space_robot/install/space_interfaces/share/space_interfaces/hook/cmake_prefix_path.ps1'
[3.792s] INFO:colcon.colcon_core.shell:Creating environment descriptor '/home/landau/Documents/GitHub/space_robot/install/space_interfaces/share/space_interfaces/hook/cmake_prefix_path.dsv'
[3.795s] INFO:colcon.colcon_core.shell:Creating environment hook '/home/landau/Documents/GitHub/space_robot/install/space_interfaces/share/space_interfaces/hook/cmake_prefix_path.sh'
[3.796s] Level 1:colcon.colcon_core.environment:checking '/home/landau/Documents/GitHub/space_robot/install/space_interfaces/lib'
[3.796s] Level 1:colcon.colcon_core.shell:create_environment_hook('space_interfaces', 'ld_library_path_lib')
[3.797s] INFO:colcon.colcon_core.shell:Creating environment hook '/home/landau/Documents/GitHub/space_robot/install/space_interfaces/share/space_interfaces/hook/ld_library_path_lib.ps1'
[3.798s] INFO:colcon.colcon_core.shell:Creating environment descriptor '/home/landau/Documents/GitHub/space_robot/install/space_interfaces/share/space_interfaces/hook/ld_library_path_lib.dsv'
[3.798s] INFO:colcon.colcon_core.shell:Creating environment hook '/home/landau/Documents/GitHub/space_robot/install/space_interfaces/share/space_interfaces/hook/ld_library_path_lib.sh'
[3.799s] Level 1:colcon.colcon_core.environment:checking '/home/landau/Documents/GitHub/space_robot/install/space_interfaces/bin'
[3.800s] Level 1:colcon.colcon_core.environment:checking '/home/landau/Documents/GitHub/space_robot/install/space_interfaces/lib/pkgconfig/space_interfaces.pc'
[3.801s] Level 1:colcon.colcon_core.environment:checking '/home/landau/Documents/GitHub/space_robot/install/space_interfaces/lib/python3.8/site-packages'
[3.802s] Level 1:colcon.colcon_core.shell:create_environment_hook('space_interfaces', 'pythonpath')
[3.802s] INFO:colcon.colcon_core.shell:Creating environment hook '/home/landau/Documents/GitHub/space_robot/install/space_interfaces/share/space_interfaces/hook/pythonpath.ps1'
[3.804s] INFO:colcon.colcon_core.shell:Creating environment descriptor '/home/landau/Documents/GitHub/space_robot/install/space_interfaces/share/space_interfaces/hook/pythonpath.dsv'
[3.805s] INFO:colcon.colcon_core.shell:Creating environment hook '/home/landau/Documents/GitHub/space_robot/install/space_interfaces/share/space_interfaces/hook/pythonpath.sh'
[3.807s] Level 1:colcon.colcon_core.environment:checking '/home/landau/Documents/GitHub/space_robot/install/space_interfaces/bin'
[3.808s] INFO:colcon.colcon_core.shell:Creating package script '/home/landau/Documents/GitHub/space_robot/install/space_interfaces/share/space_interfaces/package.ps1'
[3.809s] INFO:colcon.colcon_core.shell:Creating package descriptor '/home/landau/Documents/GitHub/space_robot/install/space_interfaces/share/space_interfaces/package.dsv'
[3.811s] INFO:colcon.colcon_core.shell:Creating package script '/home/landau/Documents/GitHub/space_robot/install/space_interfaces/share/space_interfaces/package.sh'
[3.812s] INFO:colcon.colcon_core.shell:Creating package script '/home/landau/Documents/GitHub/space_robot/install/space_interfaces/share/space_interfaces/package.bash'
[3.814s] INFO:colcon.colcon_core.shell:Creating package script '/home/landau/Documents/GitHub/space_robot/install/space_interfaces/share/space_interfaces/package.zsh'
[3.815s] Level 1:colcon.colcon_core.environment:create_file_with_runtime_dependencies(/home/landau/Documents/GitHub/space_robot/install/space_interfaces/share/colcon-core/packages/space_interfaces)
[3.816s] INFO:colcon.colcon_ros.task.ament_cmake.build:Building ROS package in '/home/landau/Documents/GitHub/space_robot/src/space_driver' with build type 'ament_cmake'
[3.817s] INFO:colcon.colcon_cmake.task.cmake.build:Building CMake package in '/home/landau/Documents/GitHub/space_robot/src/space_driver'
[3.818s] DEBUG:colcon.colcon_ros_domain_id_coordinator.shell.ros_domain_id:Released ROS_DOMAIN_ID=19 for '/home/landau/Documents/GitHub/space_robot/build/space_interfaces'
[3.819s] DEBUG:colcon.colcon_ros_domain_id_coordinator.shell.ros_domain_id:Allocated ROS_DOMAIN_ID=76 for '/home/landau/Documents/GitHub/space_robot/build/space_driver'
[3.819s] INFO:colcon.colcon_core.shell:Skip shell extension 'ros_domain_id' for command environment: 
[3.820s] INFO:colcon.colcon_core.shell:Skip shell extension 'powershell' for command environment: Not usable outside of PowerShell
[3.820s] DEBUG:colcon.colcon_core.shell:Skip shell extension 'dsv' for command environment
[3.866s] DEBUG:colcon.colcon_core.event_handler.log_command:Invoking command in '/home/landau/Documents/GitHub/space_robot/build/space_driver': CMAKE_PREFIX_PATH=/home/landau/Documents/GitHub/space_robot/install/space_interfaces:/home/landau/Documents/GitHub/space_robot/install/space_driver:/opt/ros/foxy /usr/bin/cmake --build /home/landau/Documents/GitHub/space_robot/build/space_driver -- -j8 -l8
[7.923s] DEBUG:colcon.colcon_core.event_handler.log_command:Invoked command in '/home/landau/Documents/GitHub/space_robot/build/space_driver' returned '0': CMAKE_PREFIX_PATH=/home/landau/Documents/GitHub/space_robot/install/space_interfaces:/home/landau/Documents/GitHub/space_robot/install/space_driver:/opt/ros/foxy /usr/bin/cmake --build /home/landau/Documents/GitHub/space_robot/build/space_driver -- -j8 -l8
[8.085s] DEBUG:colcon.colcon_core.event_handler.log_command:Invoking command in '/home/landau/Documents/GitHub/space_robot/build/space_driver': CMAKE_PREFIX_PATH=/home/landau/Documents/GitHub/space_robot/install/space_interfaces:/home/landau/Documents/GitHub/space_robot/install/space_driver:/opt/ros/foxy /usr/bin/cmake --install /home/landau/Documents/GitHub/space_robot/build/space_driver
[8.124s] Level 1:colcon.colcon_core.environment:create_environment_scripts_only(space_driver)
[8.126s] Level 1:colcon.colcon_core.environment:checking '/home/landau/Documents/GitHub/space_robot/install/space_driver' for CMake module files
[8.128s] DEBUG:colcon.colcon_core.event_handler.log_command:Invoked command in '/home/landau/Documents/GitHub/space_robot/build/space_driver' returned '0': CMAKE_PREFIX_PATH=/home/landau/Documents/GitHub/space_robot/install/space_interfaces:/home/landau/Documents/GitHub/space_robot/install/space_driver:/opt/ros/foxy /usr/bin/cmake --install /home/landau/Documents/GitHub/space_robot/build/space_driver
[8.129s] Level 1:colcon.colcon_core.environment:checking '/home/landau/Documents/GitHub/space_robot/install/space_driver' for CMake config files
[8.130s] Level 1:colcon.colcon_core.shell:create_environment_hook('space_driver', 'cmake_prefix_path')
[8.131s] INFO:colcon.colcon_core.shell:Creating environment hook '/home/landau/Documents/GitHub/space_robot/install/space_driver/share/space_driver/hook/cmake_prefix_path.ps1'
[8.132s] INFO:colcon.colcon_core.shell:Creating environment descriptor '/home/landau/Documents/GitHub/space_robot/install/space_driver/share/space_driver/hook/cmake_prefix_path.dsv'
[8.134s] INFO:colcon.colcon_core.shell:Creating environment hook '/home/landau/Documents/GitHub/space_robot/install/space_driver/share/space_driver/hook/cmake_prefix_path.sh'
[8.137s] Level 1:colcon.colcon_core.environment:checking '/home/landau/Documents/GitHub/space_robot/install/space_driver/lib'
[8.137s] Level 1:colcon.colcon_core.environment:checking '/home/landau/Documents/GitHub/space_robot/install/space_driver/bin'
[8.137s] Level 1:colcon.colcon_core.environment:checking '/home/landau/Documents/GitHub/space_robot/install/space_driver/lib/pkgconfig/space_driver.pc'
[8.138s] Level 1:colcon.colcon_core.environment:checking '/home/landau/Documents/GitHub/space_robot/install/space_driver/lib/python3.8/site-packages'
[8.139s] Level 1:colcon.colcon_core.environment:checking '/home/landau/Documents/GitHub/space_robot/install/space_driver/bin'
[8.140s] INFO:colcon.colcon_core.shell:Creating package script '/home/landau/Documents/GitHub/space_robot/install/space_driver/share/space_driver/package.ps1'
[8.141s] INFO:colcon.colcon_core.shell:Creating package descriptor '/home/landau/Documents/GitHub/space_robot/install/space_driver/share/space_driver/package.dsv'
[8.143s] INFO:colcon.colcon_core.shell:Creating package script '/home/landau/Documents/GitHub/space_robot/install/space_driver/share/space_driver/package.sh'
[8.144s] INFO:colcon.colcon_core.shell:Creating package script '/home/landau/Documents/GitHub/space_robot/install/space_driver/share/space_driver/package.bash'
[8.145s] INFO:colcon.colcon_core.shell:Creating package script '/home/landau/Documents/GitHub/space_robot/install/space_driver/share/space_driver/package.zsh'
[8.146s] Level 1:colcon.colcon_core.environment:create_file_with_runtime_dependencies(/home/landau/Documents/GitHub/space_robot/install/space_driver/share/colcon-core/packages/space_driver)
[8.300s] Level 1:colcon.colcon_core.environment:create_environment_scripts_only(space_driver)
[8.302s] Level 1:colcon.colcon_core.environment:checking '/home/landau/Documents/GitHub/space_robot/install/space_driver' for CMake module files
[8.303s] Level 1:colcon.colcon_core.environment:checking '/home/landau/Documents/GitHub/space_robot/install/space_driver' for CMake config files
[8.304s] Level 1:colcon.colcon_core.shell:create_environment_hook('space_driver', 'cmake_prefix_path')
[8.305s] INFO:colcon.colcon_core.shell:Creating environment hook '/home/landau/Documents/GitHub/space_robot/install/space_driver/share/space_driver/hook/cmake_prefix_path.ps1'
[8.306s] INFO:colcon.colcon_core.shell:Creating environment descriptor '/home/landau/Documents/GitHub/space_robot/install/space_driver/share/space_driver/hook/cmake_prefix_path.dsv'
[8.307s] INFO:colcon.colcon_core.shell:Creating environment hook '/home/landau/Documents/GitHub/space_robot/install/space_driver/share/space_driver/hook/cmake_prefix_path.sh'
[8.309s] Level 1:colcon.colcon_core.environment:checking '/home/landau/Documents/GitHub/space_robot/install/space_driver/lib'
[8.309s] Level 1:colcon.colcon_core.environment:checking '/home/landau/Documents/GitHub/space_robot/install/space_driver/bin'
[8.309s] Level 1:colcon.colcon_core.environment:checking '/home/landau/Documents/GitHub/space_robot/install/space_driver/lib/pkgconfig/space_driver.pc'
[8.310s] Level 1:colcon.colcon_core.environment:checking '/home/landau/Documents/GitHub/space_robot/install/space_driver/lib/python3.8/site-packages'
[8.310s] Level 1:colcon.colcon_core.environment:checking '/home/landau/Documents/GitHub/space_robot/install/space_driver/bin'
[8.311s] INFO:colcon.colcon_core.shell:Creating package script '/home/landau/Documents/GitHub/space_robot/install/space_driver/share/space_driver/package.ps1'
[8.312s] INFO:colcon.colcon_core.shell:Creating package descriptor '/home/landau/Documents/GitHub/space_robot/install/space_driver/share/space_driver/package.dsv'
[8.314s] INFO:colcon.colcon_core.shell:Creating package script '/home/landau/Documents/GitHub/space_robot/install/space_driver/share/space_driver/package.sh'
[8.315s] INFO:colcon.colcon_core.shell:Creating package script '/home/landau/Documents/GitHub/space_robot/install/space_driver/share/space_driver/package.bash'
[8.318s] INFO:colcon.colcon_core.shell:Creating package script '/home/landau/Documents/GitHub/space_robot/install/space_driver/share/space_driver/package.zsh'
[8.320s] Level 1:colcon.colcon_core.environment:create_file_with_runtime_dependencies(/home/landau/Documents/GitHub/space_robot/install/space_driver/share/colcon-core/packages/space_driver)
[8.321s] DEBUG:colcon.colcon_parallel_executor.executor.parallel:closing loop
[8.321s] DEBUG:colcon.colcon_ros_domain_id_coordinator.shell.ros_domain_id:Released ROS_DOMAIN_ID=76 for '/home/landau/Documents/GitHub/space_robot/build/space_driver'
[8.324s] DEBUG:colcon.colcon_parallel_executor.executor.parallel:loop closed
[8.324s] DEBUG:colcon.colcon_parallel_executor.executor.parallel:run_until_complete finished with '0'
[8.324s] DEBUG:colcon.colcon_core.event_reactor:joining thread
[8.341s] INFO:colcon.colcon_core.plugin_system:Skipping extension 'colcon_notification.desktop_notification.terminal_notifier': Not used on non-Darwin systems
[8.341s] INFO:colcon.colcon_core.plugin_system:Skipping extension 'colcon_notification.desktop_notification.win32': Not used on non-Windows systems
[8.341s] INFO:colcon.colcon_notification.desktop_notification:Sending desktop notification using 'notify2'
[8.381s] DEBUG:colcon.colcon_core.event_reactor:joined thread
[8.382s] INFO:colcon.colcon_core.shell:Creating prefix script '/home/landau/Documents/GitHub/space_robot/install/local_setup.ps1'
[8.385s] INFO:colcon.colcon_core.shell:Creating prefix util module '/home/landau/Documents/GitHub/space_robot/install/_local_setup_util_ps1.py'
[8.390s] INFO:colcon.colcon_core.shell:Creating prefix chain script '/home/landau/Documents/GitHub/space_robot/install/setup.ps1'
[8.393s] INFO:colcon.colcon_core.shell:Creating prefix script '/home/landau/Documents/GitHub/space_robot/install/local_setup.sh'
[8.394s] INFO:colcon.colcon_core.shell:Creating prefix util module '/home/landau/Documents/GitHub/space_robot/install/_local_setup_util_sh.py'
[8.396s] INFO:colcon.colcon_core.shell:Creating prefix chain script '/home/landau/Documents/GitHub/space_robot/install/setup.sh'
[8.398s] INFO:colcon.colcon_core.shell:Creating prefix script '/home/landau/Documents/GitHub/space_robot/install/local_setup.bash'
[8.399s] INFO:colcon.colcon_core.shell:Creating prefix chain script '/home/landau/Documents/GitHub/space_robot/install/setup.bash'
[8.402s] INFO:colcon.colcon_core.shell:Creating prefix script '/home/landau/Documents/GitHub/space_robot/install/local_setup.zsh'
[8.403s] INFO:colcon.colcon_core.shell:Creating prefix chain script '/home/landau/Documents/GitHub/space_robot/install/setup.zsh'
[8.406s] INFO:colcon.colcon_core.shell:Creating '/home/landau/Documents/GitHub/space_robot/install/spawn_shell.bash'
