[0.082s] Invoking command in '/home/landau/Documents/GitHub/space_robot/build/space_interfaces': CMAKE_PREFIX_PATH=${CMAKE_PREFIX_PATH}:/opt/ros/foxy /usr/bin/cmake --build /home/landau/Documents/GitHub/space_robot/build/space_interfaces -- -j8 -l8
[0.296s] [  0%] Built target space_interfaces__cpp
[0.308s] [ 12%] Built target space_interfaces__rosidl_generator_c
[0.393s] [ 24%] Built target space_interfaces__rosidl_typesupport_c
[0.565s] [ 35%] Built target space_interfaces__rosidl_typesupport_fastrtps_cpp
[0.572s] [ 47%] Built target space_interfaces__rosidl_typesupport_cpp
[0.575s] [ 59%] Built target space_interfaces__rosidl_typesupport_introspection_c
[0.583s] [ 71%] Built target space_interfaces__rosidl_typesupport_introspection_cpp
[0.672s] [ 83%] Built target space_interfaces__rosidl_typesupport_fastrtps_c
[0.732s] [ 83%] Built target space_interfaces
[0.812s] [ 84%] Built target space_interfaces__py
[0.916s] [ 95%] Built target space_interfaces__python
[1.005s] [ 97%] Built target space_interfaces__rosidl_typesupport_fastrtps_c__pyext
[1.010s] [ 99%] Built target space_interfaces__rosidl_typesupport_introspection_c__pyext
[1.010s] [100%] Built target space_interfaces__rosidl_typesupport_c__pyext
[1.052s] Invoked command in '/home/landau/Documents/GitHub/space_robot/build/space_interfaces' returned '0': CMAKE_PREFIX_PATH=${CMAKE_PREFIX_PATH}:/opt/ros/foxy /usr/bin/cmake --build /home/landau/Documents/GitHub/space_robot/build/space_interfaces -- -j8 -l8
[1.725s] Invoking command in '/home/landau/Documents/GitHub/space_robot/build/space_interfaces': CMAKE_PREFIX_PATH=${CMAKE_PREFIX_PATH}:/opt/ros/foxy /usr/bin/cmake --install /home/landau/Documents/GitHub/space_robot/build/space_interfaces
[1.749s] -- Install configuration: ""
[1.749s] -- Up-to-date: /home/landau/Documents/GitHub/space_robot/install/space_interfaces/share/ament_index/resource_index/rosidl_interfaces/space_interfaces
[1.750s] -- Up-to-date: /home/landau/Documents/GitHub/space_robot/install/space_interfaces/include/space_interfaces
[1.750s] -- Up-to-date: /home/landau/Documents/GitHub/space_robot/install/space_interfaces/include/space_interfaces/msg
[1.751s] -- Up-to-date: /home/landau/Documents/GitHub/space_robot/install/space_interfaces/include/space_interfaces/msg/joint_jogging_msg.h
[1.751s] -- Up-to-date: /home/landau/Documents/GitHub/space_robot/install/space_interfaces/include/space_interfaces/msg/detail
[1.752s] -- Up-to-date: /home/landau/Documents/GitHub/space_robot/install/space_interfaces/include/space_interfaces/msg/detail/joint_jogging_msg__type_support.h
[1.752s] -- Up-to-date: /home/landau/Documents/GitHub/space_robot/install/space_interfaces/include/space_interfaces/msg/detail/joint_jogging_msg__struct.h
[2.122s] -- Up-to-date: /home/landau/Documents/GitHub/space_robot/install/space_interfaces/include/space_interfaces/msg/detail/joint_jogging_msg__functions.h
[2.122s] -- Up-to-date: /home/landau/Documents/GitHub/space_robot/install/space_interfaces/include/space_interfaces/msg/detail/joint_jogging_msg__functions.c
[2.123s] -- Up-to-date: /home/landau/Documents/GitHub/space_robot/install/space_interfaces/include/space_interfaces/msg/detail/robot_state__struct.h
[2.124s] -- Up-to-date: /home/landau/Documents/GitHub/space_robot/install/space_interfaces/include/space_interfaces/msg/detail/robot_state__functions.c
[2.124s] -- Up-to-date: /home/landau/Documents/GitHub/space_robot/install/space_interfaces/include/space_interfaces/msg/detail/robot_state__functions.h
[2.125s] -- Up-to-date: /home/landau/Documents/GitHub/space_robot/install/space_interfaces/include/space_interfaces/msg/detail/robot_state__type_support.h
[2.125s] -- Up-to-date: /home/landau/Documents/GitHub/space_robot/install/space_interfaces/include/space_interfaces/msg/robot_state.h
[2.125s] -- Up-to-date: /home/landau/Documents/GitHub/space_robot/install/space_interfaces/include/space_interfaces/msg/rosidl_generator_c__visibility_control.h
[2.126s] -- Up-to-date: /home/landau/Documents/GitHub/space_robot/install/space_interfaces/include/space_interfaces/srv
[2.126s] -- Up-to-date: /home/landau/Documents/GitHub/space_robot/install/space_interfaces/include/space_interfaces/srv/connection.h
[2.127s] -- Up-to-date: /home/landau/Documents/GitHub/space_robot/install/space_interfaces/include/space_interfaces/srv/joint_enable.h
[2.127s] -- Up-to-date: /home/landau/Documents/GitHub/space_robot/install/space_interfaces/include/space_interfaces/srv/joint_jogging.h
[2.127s] -- Up-to-date: /home/landau/Documents/GitHub/space_robot/install/space_interfaces/include/space_interfaces/srv/cartesian_jogging.h
[2.127s] -- Up-to-date: /home/landau/Documents/GitHub/space_robot/install/space_interfaces/include/space_interfaces/srv/multi_axis.h
[2.128s] -- Up-to-date: /home/landau/Documents/GitHub/space_robot/install/space_interfaces/include/space_interfaces/srv/detail
[2.128s] -- Up-to-date: /home/landau/Documents/GitHub/space_robot/install/space_interfaces/include/space_interfaces/srv/detail/cartesian_movement__functions.h
[2.129s] -- Up-to-date: /home/landau/Documents/GitHub/space_robot/install/space_interfaces/include/space_interfaces/srv/detail/cartesian_jogging__functions.h
[2.129s] -- Up-to-date: /home/landau/Documents/GitHub/space_robot/install/space_interfaces/include/space_interfaces/srv/detail/switch__functions.c
[2.129s] -- Up-to-date: /home/landau/Documents/GitHub/space_robot/install/space_interfaces/include/space_interfaces/srv/detail/joint_enable__type_support.h
[2.129s] -- Up-to-date: /home/landau/Documents/GitHub/space_robot/install/space_interfaces/include/space_interfaces/srv/detail/speed_set__type_support.h
[2.130s] -- Up-to-date: /home/landau/Documents/GitHub/space_robot/install/space_interfaces/include/space_interfaces/srv/detail/joint_enable__struct.h
[2.130s] -- Up-to-date: /home/landau/Documents/GitHub/space_robot/install/space_interfaces/include/space_interfaces/srv/detail/multi_axis_offset__functions.h
[2.130s] -- Up-to-date: /home/landau/Documents/GitHub/space_robot/install/space_interfaces/include/space_interfaces/srv/detail/joint_jogging__struct.h
[2.130s] -- Up-to-date: /home/landau/Documents/GitHub/space_robot/install/space_interfaces/include/space_interfaces/srv/detail/cartesian_movement__functions.c
[2.130s] -- Up-to-date: /home/landau/Documents/GitHub/space_robot/install/space_interfaces/include/space_interfaces/srv/detail/multi_axis_offset__type_support.h
[2.131s] -- Up-to-date: /home/landau/Documents/GitHub/space_robot/install/space_interfaces/include/space_interfaces/srv/detail/connection__struct.h
[2.131s] -- Up-to-date: /home/landau/Documents/GitHub/space_robot/install/space_interfaces/include/space_interfaces/srv/detail/switch__struct.h
[2.132s] -- Up-to-date: /home/landau/Documents/GitHub/space_robot/install/space_interfaces/include/space_interfaces/srv/detail/cartesian_jogging__struct.h
[2.132s] -- Up-to-date: /home/landau/Documents/GitHub/space_robot/install/space_interfaces/include/space_interfaces/srv/detail/connection__type_support.h
[2.133s] -- Up-to-date: /home/landau/Documents/GitHub/space_robot/install/space_interfaces/include/space_interfaces/srv/detail/cartesian_movement__struct.h
[2.133s] -- Up-to-date: /home/landau/Documents/GitHub/space_robot/install/space_interfaces/include/space_interfaces/srv/detail/multi_axis_offset__functions.c
[2.133s] -- Up-to-date: /home/landau/Documents/GitHub/space_robot/install/space_interfaces/include/space_interfaces/srv/detail/joint_jogging__type_support.h
[2.133s] -- Up-to-date: /home/landau/Documents/GitHub/space_robot/install/space_interfaces/include/space_interfaces/srv/detail/speed_set__functions.c
[2.134s] -- Up-to-date: /home/landau/Documents/GitHub/space_robot/install/space_interfaces/include/space_interfaces/srv/detail/cartesian_jogging__functions.c
[2.134s] -- Up-to-date: /home/landau/Documents/GitHub/space_robot/install/space_interfaces/include/space_interfaces/srv/detail/multi_axis__functions.h
[2.134s] -- Up-to-date: /home/landau/Documents/GitHub/space_robot/install/space_interfaces/include/space_interfaces/srv/detail/cartesian_movement__type_support.h
[2.135s] -- Up-to-date: /home/landau/Documents/GitHub/space_robot/install/space_interfaces/include/space_interfaces/srv/detail/joint_enable__functions.c
[2.135s] -- Up-to-date: /home/landau/Documents/GitHub/space_robot/install/space_interfaces/include/space_interfaces/srv/detail/joint_jogging__functions.h
[2.136s] -- Up-to-date: /home/landau/Documents/GitHub/space_robot/install/space_interfaces/include/space_interfaces/srv/detail/multi_axis_offset__struct.h
[2.136s] -- Up-to-date: /home/landau/Documents/GitHub/space_robot/install/space_interfaces/include/space_interfaces/srv/detail/speed_set__functions.h
[2.137s] -- Up-to-date: /home/landau/Documents/GitHub/space_robot/install/space_interfaces/include/space_interfaces/srv/detail/switch__functions.h
[2.137s] -- Up-to-date: /home/landau/Documents/GitHub/space_robot/install/space_interfaces/include/space_interfaces/srv/detail/joint_enable__functions.h
[2.138s] -- Up-to-date: /home/landau/Documents/GitHub/space_robot/install/space_interfaces/include/space_interfaces/srv/detail/connection__functions.h
[2.138s] -- Up-to-date: /home/landau/Documents/GitHub/space_robot/install/space_interfaces/include/space_interfaces/srv/detail/multi_axis__type_support.h
[2.138s] -- Up-to-date: /home/landau/Documents/GitHub/space_robot/install/space_interfaces/include/space_interfaces/srv/detail/cartesian_jogging__type_support.h
[2.139s] -- Up-to-date: /home/landau/Documents/GitHub/space_robot/install/space_interfaces/include/space_interfaces/srv/detail/multi_axis__struct.h
[2.139s] -- Up-to-date: /home/landau/Documents/GitHub/space_robot/install/space_interfaces/include/space_interfaces/srv/detail/speed_set__struct.h
[2.139s] -- Up-to-date: /home/landau/Documents/GitHub/space_robot/install/space_interfaces/include/space_interfaces/srv/detail/joint_jogging__functions.c
[2.140s] -- Up-to-date: /home/landau/Documents/GitHub/space_robot/install/space_interfaces/include/space_interfaces/srv/detail/switch__type_support.h
[2.140s] -- Up-to-date: /home/landau/Documents/GitHub/space_robot/install/space_interfaces/include/space_interfaces/srv/detail/multi_axis__functions.c
[2.141s] -- Up-to-date: /home/landau/Documents/GitHub/space_robot/install/space_interfaces/include/space_interfaces/srv/detail/connection__functions.c
[2.141s] -- Up-to-date: /home/landau/Documents/GitHub/space_robot/install/space_interfaces/include/space_interfaces/srv/speed_set.h
[2.142s] -- Up-to-date: /home/landau/Documents/GitHub/space_robot/install/space_interfaces/include/space_interfaces/srv/cartesian_movement.h
[2.142s] -- Up-to-date: /home/landau/Documents/GitHub/space_robot/install/space_interfaces/include/space_interfaces/srv/multi_axis_offset.h
[2.143s] -- Up-to-date: /home/landau/Documents/GitHub/space_robot/install/space_interfaces/include/space_interfaces/srv/switch.h
[2.143s] -- Up-to-date: /home/landau/Documents/GitHub/space_robot/install/space_interfaces/share/space_interfaces/environment/library_path.sh
[2.143s] -- Up-to-date: /home/landau/Documents/GitHub/space_robot/install/space_interfaces/share/space_interfaces/environment/library_path.dsv
[2.144s] -- Up-to-date: /home/landau/Documents/GitHub/space_robot/install/space_interfaces/lib/libspace_interfaces__rosidl_generator_c.so
[2.144s] -- Up-to-date: /home/landau/Documents/GitHub/space_robot/install/space_interfaces/include/space_interfaces
[2.146s] -- Up-to-date: /home/landau/Documents/GitHub/space_robot/install/space_interfaces/include/space_interfaces/msg
[2.147s] -- Up-to-date: /home/landau/Documents/GitHub/space_robot/install/space_interfaces/include/space_interfaces/msg/rosidl_typesupport_fastrtps_c__visibility_control.h
[2.147s] -- Up-to-date: /home/landau/Documents/GitHub/space_robot/install/space_interfaces/include/space_interfaces/msg/detail
[2.148s] -- Up-to-date: /home/landau/Documents/GitHub/space_robot/install/space_interfaces/include/space_interfaces/msg/detail/robot_state__rosidl_typesupport_fastrtps_c.h
[2.148s] -- Up-to-date: /home/landau/Documents/GitHub/space_robot/install/space_interfaces/include/space_interfaces/msg/detail/joint_jogging_msg__rosidl_typesupport_fastrtps_c.h
[2.148s] -- Up-to-date: /home/landau/Documents/GitHub/space_robot/install/space_interfaces/include/space_interfaces/srv
[2.149s] -- Up-to-date: /home/landau/Documents/GitHub/space_robot/install/space_interfaces/include/space_interfaces/srv/detail
[2.149s] -- Up-to-date: /home/landau/Documents/GitHub/space_robot/install/space_interfaces/include/space_interfaces/srv/detail/cartesian_movement__rosidl_typesupport_fastrtps_c.h
[2.149s] -- Up-to-date: /home/landau/Documents/GitHub/space_robot/install/space_interfaces/include/space_interfaces/srv/detail/joint_enable__rosidl_typesupport_fastrtps_c.h
[2.150s] -- Up-to-date: /home/landau/Documents/GitHub/space_robot/install/space_interfaces/include/space_interfaces/srv/detail/connection__rosidl_typesupport_fastrtps_c.h
[2.150s] -- Up-to-date: /home/landau/Documents/GitHub/space_robot/install/space_interfaces/include/space_interfaces/srv/detail/switch__rosidl_typesupport_fastrtps_c.h
[2.150s] -- Up-to-date: /home/landau/Documents/GitHub/space_robot/install/space_interfaces/include/space_interfaces/srv/detail/speed_set__rosidl_typesupport_fastrtps_c.h
[2.151s] -- Up-to-date: /home/landau/Documents/GitHub/space_robot/install/space_interfaces/include/space_interfaces/srv/detail/multi_axis__rosidl_typesupport_fastrtps_c.h
[2.151s] -- Up-to-date: /home/landau/Documents/GitHub/space_robot/install/space_interfaces/include/space_interfaces/srv/detail/joint_jogging__rosidl_typesupport_fastrtps_c.h
[2.151s] -- Up-to-date: /home/landau/Documents/GitHub/space_robot/install/space_interfaces/include/space_interfaces/srv/detail/cartesian_jogging__rosidl_typesupport_fastrtps_c.h
[2.152s] -- Up-to-date: /home/landau/Documents/GitHub/space_robot/install/space_interfaces/include/space_interfaces/srv/detail/multi_axis_offset__rosidl_typesupport_fastrtps_c.h
[2.152s] -- Up-to-date: /home/landau/Documents/GitHub/space_robot/install/space_interfaces/lib/libspace_interfaces__rosidl_typesupport_fastrtps_c.so
[2.152s] -- Up-to-date: /home/landau/Documents/GitHub/space_robot/install/space_interfaces/include/space_interfaces
[2.152s] -- Up-to-date: /home/landau/Documents/GitHub/space_robot/install/space_interfaces/include/space_interfaces/msg
[2.153s] -- Up-to-date: /home/landau/Documents/GitHub/space_robot/install/space_interfaces/include/space_interfaces/msg/rosidl_typesupport_fastrtps_cpp__visibility_control.h
[2.153s] -- Up-to-date: /home/landau/Documents/GitHub/space_robot/install/space_interfaces/include/space_interfaces/msg/detail
[2.153s] -- Up-to-date: /home/landau/Documents/GitHub/space_robot/install/space_interfaces/include/space_interfaces/msg/detail/dds_fastrtps
[2.154s] -- Up-to-date: /home/landau/Documents/GitHub/space_robot/install/space_interfaces/include/space_interfaces/msg/detail/joint_jogging_msg__rosidl_typesupport_fastrtps_cpp.hpp
[2.154s] -- Up-to-date: /home/landau/Documents/GitHub/space_robot/install/space_interfaces/include/space_interfaces/msg/detail/robot_state__rosidl_typesupport_fastrtps_cpp.hpp
[2.154s] -- Up-to-date: /home/landau/Documents/GitHub/space_robot/install/space_interfaces/include/space_interfaces/srv
[2.154s] -- Up-to-date: /home/landau/Documents/GitHub/space_robot/install/space_interfaces/include/space_interfaces/srv/detail
[2.155s] -- Up-to-date: /home/landau/Documents/GitHub/space_robot/install/space_interfaces/include/space_interfaces/srv/detail/dds_fastrtps
[2.155s] -- Up-to-date: /home/landau/Documents/GitHub/space_robot/install/space_interfaces/include/space_interfaces/srv/detail/cartesian_movement__rosidl_typesupport_fastrtps_cpp.hpp
[2.155s] -- Up-to-date: /home/landau/Documents/GitHub/space_robot/install/space_interfaces/include/space_interfaces/srv/detail/connection__rosidl_typesupport_fastrtps_cpp.hpp
[2.156s] -- Up-to-date: /home/landau/Documents/GitHub/space_robot/install/space_interfaces/include/space_interfaces/srv/detail/joint_enable__rosidl_typesupport_fastrtps_cpp.hpp
[2.156s] -- Up-to-date: /home/landau/Documents/GitHub/space_robot/install/space_interfaces/include/space_interfaces/srv/detail/multi_axis_offset__rosidl_typesupport_fastrtps_cpp.hpp
[2.156s] -- Up-to-date: /home/landau/Documents/GitHub/space_robot/install/space_interfaces/include/space_interfaces/srv/detail/switch__rosidl_typesupport_fastrtps_cpp.hpp
[2.156s] -- Up-to-date: /home/landau/Documents/GitHub/space_robot/install/space_interfaces/include/space_interfaces/srv/detail/cartesian_jogging__rosidl_typesupport_fastrtps_cpp.hpp
[2.157s] -- Up-to-date: /home/landau/Documents/GitHub/space_robot/install/space_interfaces/include/space_interfaces/srv/detail/joint_jogging__rosidl_typesupport_fastrtps_cpp.hpp
[2.157s] -- Up-to-date: /home/landau/Documents/GitHub/space_robot/install/space_interfaces/include/space_interfaces/srv/detail/speed_set__rosidl_typesupport_fastrtps_cpp.hpp
[2.157s] -- Up-to-date: /home/landau/Documents/GitHub/space_robot/install/space_interfaces/include/space_interfaces/srv/detail/multi_axis__rosidl_typesupport_fastrtps_cpp.hpp
[2.157s] -- Up-to-date: /home/landau/Documents/GitHub/space_robot/install/space_interfaces/lib/libspace_interfaces__rosidl_typesupport_fastrtps_cpp.so
[2.158s] -- Up-to-date: /home/landau/Documents/GitHub/space_robot/install/space_interfaces/include/space_interfaces
[2.158s] -- Up-to-date: /home/landau/Documents/GitHub/space_robot/install/space_interfaces/include/space_interfaces/msg
[2.158s] -- Up-to-date: /home/landau/Documents/GitHub/space_robot/install/space_interfaces/include/space_interfaces/msg/rosidl_typesupport_introspection_c__visibility_control.h
[2.158s] -- Up-to-date: /home/landau/Documents/GitHub/space_robot/install/space_interfaces/include/space_interfaces/msg/detail
[2.158s] -- Up-to-date: /home/landau/Documents/GitHub/space_robot/install/space_interfaces/include/space_interfaces/msg/detail/joint_jogging_msg__type_support.c
[2.158s] -- Up-to-date: /home/landau/Documents/GitHub/space_robot/install/space_interfaces/include/space_interfaces/msg/detail/joint_jogging_msg__rosidl_typesupport_introspection_c.h
[2.159s] -- Up-to-date: /home/landau/Documents/GitHub/space_robot/install/space_interfaces/include/space_interfaces/msg/detail/robot_state__type_support.c
[2.159s] -- Up-to-date: /home/landau/Documents/GitHub/space_robot/install/space_interfaces/include/space_interfaces/msg/detail/robot_state__rosidl_typesupport_introspection_c.h
[2.159s] -- Up-to-date: /home/landau/Documents/GitHub/space_robot/install/space_interfaces/include/space_interfaces/srv
[2.159s] -- Up-to-date: /home/landau/Documents/GitHub/space_robot/install/space_interfaces/include/space_interfaces/srv/detail
[2.159s] -- Up-to-date: /home/landau/Documents/GitHub/space_robot/install/space_interfaces/include/space_interfaces/srv/detail/joint_enable__rosidl_typesupport_introspection_c.h
[2.160s] -- Up-to-date: /home/landau/Documents/GitHub/space_robot/install/space_interfaces/include/space_interfaces/srv/detail/speed_set__type_support.c
[2.160s] -- Up-to-date: /home/landau/Documents/GitHub/space_robot/install/space_interfaces/include/space_interfaces/srv/detail/cartesian_movement__rosidl_typesupport_introspection_c.h
[2.160s] -- Up-to-date: /home/landau/Documents/GitHub/space_robot/install/space_interfaces/include/space_interfaces/srv/detail/cartesian_jogging__rosidl_typesupport_introspection_c.h
[2.160s] -- Up-to-date: /home/landau/Documents/GitHub/space_robot/install/space_interfaces/include/space_interfaces/srv/detail/cartesian_movement__type_support.c
[2.160s] -- Up-to-date: /home/landau/Documents/GitHub/space_robot/install/space_interfaces/include/space_interfaces/srv/detail/connection__type_support.c
[2.160s] -- Up-to-date: /home/landau/Documents/GitHub/space_robot/install/space_interfaces/include/space_interfaces/srv/detail/joint_enable__type_support.c
[2.161s] -- Up-to-date: /home/landau/Documents/GitHub/space_robot/install/space_interfaces/include/space_interfaces/srv/detail/joint_jogging__rosidl_typesupport_introspection_c.h
[2.161s] -- Up-to-date: /home/landau/Documents/GitHub/space_robot/install/space_interfaces/include/space_interfaces/srv/detail/multi_axis__type_support.c
[2.161s] -- Up-to-date: /home/landau/Documents/GitHub/space_robot/install/space_interfaces/include/space_interfaces/srv/detail/switch__rosidl_typesupport_introspection_c.h
[2.161s] -- Up-to-date: /home/landau/Documents/GitHub/space_robot/install/space_interfaces/include/space_interfaces/srv/detail/connection__rosidl_typesupport_introspection_c.h
[2.161s] -- Up-to-date: /home/landau/Documents/GitHub/space_robot/install/space_interfaces/include/space_interfaces/srv/detail/multi_axis_offset__rosidl_typesupport_introspection_c.h
[2.161s] -- Up-to-date: /home/landau/Documents/GitHub/space_robot/install/space_interfaces/include/space_interfaces/srv/detail/multi_axis__rosidl_typesupport_introspection_c.h
[2.162s] -- Up-to-date: /home/landau/Documents/GitHub/space_robot/install/space_interfaces/include/space_interfaces/srv/detail/switch__type_support.c
[2.162s] -- Up-to-date: /home/landau/Documents/GitHub/space_robot/install/space_interfaces/include/space_interfaces/srv/detail/multi_axis_offset__type_support.c
[2.162s] -- Up-to-date: /home/landau/Documents/GitHub/space_robot/install/space_interfaces/include/space_interfaces/srv/detail/cartesian_jogging__type_support.c
[2.162s] -- Up-to-date: /home/landau/Documents/GitHub/space_robot/install/space_interfaces/include/space_interfaces/srv/detail/speed_set__rosidl_typesupport_introspection_c.h
[2.162s] -- Up-to-date: /home/landau/Documents/GitHub/space_robot/install/space_interfaces/include/space_interfaces/srv/detail/joint_jogging__type_support.c
[2.163s] -- Up-to-date: /home/landau/Documents/GitHub/space_robot/install/space_interfaces/lib/libspace_interfaces__rosidl_typesupport_introspection_c.so
[2.163s] -- Up-to-date: /home/landau/Documents/GitHub/space_robot/install/space_interfaces/lib/libspace_interfaces__rosidl_typesupport_c.so
[2.163s] -- Up-to-date: /home/landau/Documents/GitHub/space_robot/install/space_interfaces/include/space_interfaces
[2.163s] -- Up-to-date: /home/landau/Documents/GitHub/space_robot/install/space_interfaces/include/space_interfaces/msg
[2.163s] -- Up-to-date: /home/landau/Documents/GitHub/space_robot/install/space_interfaces/include/space_interfaces/msg/robot_state.hpp
[2.164s] -- Up-to-date: /home/landau/Documents/GitHub/space_robot/install/space_interfaces/include/space_interfaces/msg/joint_jogging_msg.hpp
[2.164s] -- Up-to-date: /home/landau/Documents/GitHub/space_robot/install/space_interfaces/include/space_interfaces/msg/detail
[2.164s] -- Up-to-date: /home/landau/Documents/GitHub/space_robot/install/space_interfaces/include/space_interfaces/msg/detail/robot_state__struct.hpp
[2.164s] -- Up-to-date: /home/landau/Documents/GitHub/space_robot/install/space_interfaces/include/space_interfaces/msg/detail/joint_jogging_msg__builder.hpp
[2.164s] -- Up-to-date: /home/landau/Documents/GitHub/space_robot/install/space_interfaces/include/space_interfaces/msg/detail/joint_jogging_msg__type_support.hpp
[2.164s] -- Up-to-date: /home/landau/Documents/GitHub/space_robot/install/space_interfaces/include/space_interfaces/msg/detail/joint_jogging_msg__traits.hpp
[2.165s] -- Up-to-date: /home/landau/Documents/GitHub/space_robot/install/space_interfaces/include/space_interfaces/msg/detail/joint_jogging_msg__struct.hpp
[2.165s] -- Up-to-date: /home/landau/Documents/GitHub/space_robot/install/space_interfaces/include/space_interfaces/msg/detail/robot_state__type_support.hpp
[2.165s] -- Up-to-date: /home/landau/Documents/GitHub/space_robot/install/space_interfaces/include/space_interfaces/msg/detail/robot_state__traits.hpp
[2.165s] -- Up-to-date: /home/landau/Documents/GitHub/space_robot/install/space_interfaces/include/space_interfaces/msg/detail/robot_state__builder.hpp
[2.165s] -- Up-to-date: /home/landau/Documents/GitHub/space_robot/install/space_interfaces/include/space_interfaces/msg/rosidl_generator_cpp__visibility_control.hpp
[2.165s] -- Up-to-date: /home/landau/Documents/GitHub/space_robot/install/space_interfaces/include/space_interfaces/srv
[2.166s] -- Up-to-date: /home/landau/Documents/GitHub/space_robot/install/space_interfaces/include/space_interfaces/srv/joint_jogging.hpp
[2.166s] -- Up-to-date: /home/landau/Documents/GitHub/space_robot/install/space_interfaces/include/space_interfaces/srv/speed_set.hpp
[2.167s] -- Up-to-date: /home/landau/Documents/GitHub/space_robot/install/space_interfaces/include/space_interfaces/srv/cartesian_movement.hpp
[2.167s] -- Up-to-date: /home/landau/Documents/GitHub/space_robot/install/space_interfaces/include/space_interfaces/srv/connection.hpp
[2.167s] -- Up-to-date: /home/landau/Documents/GitHub/space_robot/install/space_interfaces/include/space_interfaces/srv/multi_axis_offset.hpp
[2.168s] -- Up-to-date: /home/landau/Documents/GitHub/space_robot/install/space_interfaces/include/space_interfaces/srv/detail
[2.168s] -- Up-to-date: /home/landau/Documents/GitHub/space_robot/install/space_interfaces/include/space_interfaces/srv/detail/connection__builder.hpp
[2.168s] -- Up-to-date: /home/landau/Documents/GitHub/space_robot/install/space_interfaces/include/space_interfaces/srv/detail/speed_set__type_support.hpp
[2.168s] -- Up-to-date: /home/landau/Documents/GitHub/space_robot/install/space_interfaces/include/space_interfaces/srv/detail/joint_jogging__builder.hpp
[2.168s] -- Up-to-date: /home/landau/Documents/GitHub/space_robot/install/space_interfaces/include/space_interfaces/srv/detail/cartesian_movement__builder.hpp
[2.169s] -- Up-to-date: /home/landau/Documents/GitHub/space_robot/install/space_interfaces/include/space_interfaces/srv/detail/joint_enable__type_support.hpp
[2.169s] -- Up-to-date: /home/landau/Documents/GitHub/space_robot/install/space_interfaces/include/space_interfaces/srv/detail/cartesian_movement__struct.hpp
[2.169s] -- Up-to-date: /home/landau/Documents/GitHub/space_robot/install/space_interfaces/include/space_interfaces/srv/detail/switch__type_support.hpp
[2.170s] -- Up-to-date: /home/landau/Documents/GitHub/space_robot/install/space_interfaces/include/space_interfaces/srv/detail/joint_enable__traits.hpp
[2.170s] -- Up-to-date: /home/landau/Documents/GitHub/space_robot/install/space_interfaces/include/space_interfaces/srv/detail/joint_enable__builder.hpp
[2.170s] -- Up-to-date: /home/landau/Documents/GitHub/space_robot/install/space_interfaces/include/space_interfaces/srv/detail/joint_jogging__type_support.hpp
[2.170s] -- Up-to-date: /home/landau/Documents/GitHub/space_robot/install/space_interfaces/include/space_interfaces/srv/detail/multi_axis_offset__traits.hpp
[2.171s] -- Up-to-date: /home/landau/Documents/GitHub/space_robot/install/space_interfaces/include/space_interfaces/srv/detail/multi_axis_offset__builder.hpp
[2.171s] -- Up-to-date: /home/landau/Documents/GitHub/space_robot/install/space_interfaces/include/space_interfaces/srv/detail/joint_jogging__struct.hpp
[2.171s] -- Up-to-date: /home/landau/Documents/GitHub/space_robot/install/space_interfaces/include/space_interfaces/srv/detail/speed_set__struct.hpp
[2.172s] -- Up-to-date: /home/landau/Documents/GitHub/space_robot/install/space_interfaces/include/space_interfaces/srv/detail/speed_set__traits.hpp
[2.172s] -- Up-to-date: /home/landau/Documents/GitHub/space_robot/install/space_interfaces/include/space_interfaces/srv/detail/switch__struct.hpp
[2.172s] -- Up-to-date: /home/landau/Documents/GitHub/space_robot/install/space_interfaces/include/space_interfaces/srv/detail/cartesian_movement__type_support.hpp
[2.173s] -- Up-to-date: /home/landau/Documents/GitHub/space_robot/install/space_interfaces/include/space_interfaces/srv/detail/connection__traits.hpp
[2.173s] -- Up-to-date: /home/landau/Documents/GitHub/space_robot/install/space_interfaces/include/space_interfaces/srv/detail/multi_axis__type_support.hpp
[2.173s] -- Up-to-date: /home/landau/Documents/GitHub/space_robot/install/space_interfaces/include/space_interfaces/srv/detail/multi_axis__traits.hpp
[2.173s] -- Up-to-date: /home/landau/Documents/GitHub/space_robot/install/space_interfaces/include/space_interfaces/srv/detail/joint_enable__struct.hpp
[2.173s] -- Up-to-date: /home/landau/Documents/GitHub/space_robot/install/space_interfaces/include/space_interfaces/srv/detail/cartesian_movement__traits.hpp
[2.174s] -- Up-to-date: /home/landau/Documents/GitHub/space_robot/install/space_interfaces/include/space_interfaces/srv/detail/cartesian_jogging__struct.hpp
[2.174s] -- Up-to-date: /home/landau/Documents/GitHub/space_robot/install/space_interfaces/include/space_interfaces/srv/detail/multi_axis_offset__type_support.hpp
[2.174s] -- Up-to-date: /home/landau/Documents/GitHub/space_robot/install/space_interfaces/include/space_interfaces/srv/detail/connection__struct.hpp
[2.174s] -- Up-to-date: /home/landau/Documents/GitHub/space_robot/install/space_interfaces/include/space_interfaces/srv/detail/cartesian_jogging__type_support.hpp
[2.174s] -- Up-to-date: /home/landau/Documents/GitHub/space_robot/install/space_interfaces/include/space_interfaces/srv/detail/switch__builder.hpp
[2.175s] -- Up-to-date: /home/landau/Documents/GitHub/space_robot/install/space_interfaces/include/space_interfaces/srv/detail/multi_axis_offset__struct.hpp
[2.175s] -- Up-to-date: /home/landau/Documents/GitHub/space_robot/install/space_interfaces/include/space_interfaces/srv/detail/cartesian_jogging__traits.hpp
[2.175s] -- Up-to-date: /home/landau/Documents/GitHub/space_robot/install/space_interfaces/include/space_interfaces/srv/detail/cartesian_jogging__builder.hpp
[2.175s] -- Up-to-date: /home/landau/Documents/GitHub/space_robot/install/space_interfaces/include/space_interfaces/srv/detail/switch__traits.hpp
[2.175s] -- Up-to-date: /home/landau/Documents/GitHub/space_robot/install/space_interfaces/include/space_interfaces/srv/detail/multi_axis__builder.hpp
[2.175s] -- Up-to-date: /home/landau/Documents/GitHub/space_robot/install/space_interfaces/include/space_interfaces/srv/detail/speed_set__builder.hpp
[2.176s] -- Up-to-date: /home/landau/Documents/GitHub/space_robot/install/space_interfaces/include/space_interfaces/srv/detail/connection__type_support.hpp
[2.176s] -- Up-to-date: /home/landau/Documents/GitHub/space_robot/install/space_interfaces/include/space_interfaces/srv/detail/joint_jogging__traits.hpp
[2.176s] -- Up-to-date: /home/landau/Documents/GitHub/space_robot/install/space_interfaces/include/space_interfaces/srv/detail/multi_axis__struct.hpp
[2.176s] -- Up-to-date: /home/landau/Documents/GitHub/space_robot/install/space_interfaces/include/space_interfaces/srv/switch.hpp
[2.176s] -- Up-to-date: /home/landau/Documents/GitHub/space_robot/install/space_interfaces/include/space_interfaces/srv/joint_enable.hpp
[2.176s] -- Up-to-date: /home/landau/Documents/GitHub/space_robot/install/space_interfaces/include/space_interfaces/srv/cartesian_jogging.hpp
[2.177s] -- Up-to-date: /home/landau/Documents/GitHub/space_robot/install/space_interfaces/include/space_interfaces/srv/multi_axis.hpp
[2.177s] -- Up-to-date: /home/landau/Documents/GitHub/space_robot/install/space_interfaces/include/space_interfaces
[2.177s] -- Up-to-date: /home/landau/Documents/GitHub/space_robot/install/space_interfaces/include/space_interfaces/msg
[2.177s] -- Up-to-date: /home/landau/Documents/GitHub/space_robot/install/space_interfaces/include/space_interfaces/msg/detail
[2.177s] -- Up-to-date: /home/landau/Documents/GitHub/space_robot/install/space_interfaces/include/space_interfaces/msg/detail/robot_state__rosidl_typesupport_introspection_cpp.hpp
[2.177s] -- Up-to-date: /home/landau/Documents/GitHub/space_robot/install/space_interfaces/include/space_interfaces/msg/detail/joint_jogging_msg__rosidl_typesupport_introspection_cpp.hpp
[2.178s] -- Up-to-date: /home/landau/Documents/GitHub/space_robot/install/space_interfaces/include/space_interfaces/msg/detail/robot_state__type_support.cpp
[2.178s] -- Up-to-date: /home/landau/Documents/GitHub/space_robot/install/space_interfaces/include/space_interfaces/msg/detail/joint_jogging_msg__type_support.cpp
[2.178s] -- Up-to-date: /home/landau/Documents/GitHub/space_robot/install/space_interfaces/include/space_interfaces/srv
[2.178s] -- Up-to-date: /home/landau/Documents/GitHub/space_robot/install/space_interfaces/include/space_interfaces/srv/detail
[2.178s] -- Up-to-date: /home/landau/Documents/GitHub/space_robot/install/space_interfaces/include/space_interfaces/srv/detail/switch__rosidl_typesupport_introspection_cpp.hpp
[2.178s] -- Up-to-date: /home/landau/Documents/GitHub/space_robot/install/space_interfaces/include/space_interfaces/srv/detail/cartesian_jogging__type_support.cpp
[2.179s] -- Up-to-date: /home/landau/Documents/GitHub/space_robot/install/space_interfaces/include/space_interfaces/srv/detail/joint_enable__rosidl_typesupport_introspection_cpp.hpp
[2.179s] -- Up-to-date: /home/landau/Documents/GitHub/space_robot/install/space_interfaces/include/space_interfaces/srv/detail/joint_enable__type_support.cpp
[2.179s] -- Up-to-date: /home/landau/Documents/GitHub/space_robot/install/space_interfaces/include/space_interfaces/srv/detail/multi_axis__rosidl_typesupport_introspection_cpp.hpp
[2.179s] -- Up-to-date: /home/landau/Documents/GitHub/space_robot/install/space_interfaces/include/space_interfaces/srv/detail/joint_jogging__rosidl_typesupport_introspection_cpp.hpp
[2.179s] -- Up-to-date: /home/landau/Documents/GitHub/space_robot/install/space_interfaces/include/space_interfaces/srv/detail/speed_set__type_support.cpp
[2.179s] -- Up-to-date: /home/landau/Documents/GitHub/space_robot/install/space_interfaces/include/space_interfaces/srv/detail/multi_axis_offset__rosidl_typesupport_introspection_cpp.hpp
[2.180s] -- Up-to-date: /home/landau/Documents/GitHub/space_robot/install/space_interfaces/include/space_interfaces/srv/detail/multi_axis_offset__type_support.cpp
[2.180s] -- Up-to-date: /home/landau/Documents/GitHub/space_robot/install/space_interfaces/include/space_interfaces/srv/detail/cartesian_movement__type_support.cpp
[2.180s] -- Up-to-date: /home/landau/Documents/GitHub/space_robot/install/space_interfaces/include/space_interfaces/srv/detail/connection__rosidl_typesupport_introspection_cpp.hpp
[2.180s] -- Up-to-date: /home/landau/Documents/GitHub/space_robot/install/space_interfaces/include/space_interfaces/srv/detail/connection__type_support.cpp
[2.180s] -- Up-to-date: /home/landau/Documents/GitHub/space_robot/install/space_interfaces/include/space_interfaces/srv/detail/joint_jogging__type_support.cpp
[2.180s] -- Up-to-date: /home/landau/Documents/GitHub/space_robot/install/space_interfaces/include/space_interfaces/srv/detail/cartesian_jogging__rosidl_typesupport_introspection_cpp.hpp
[2.181s] -- Up-to-date: /home/landau/Documents/GitHub/space_robot/install/space_interfaces/include/space_interfaces/srv/detail/multi_axis__type_support.cpp
[2.181s] -- Up-to-date: /home/landau/Documents/GitHub/space_robot/install/space_interfaces/include/space_interfaces/srv/detail/cartesian_movement__rosidl_typesupport_introspection_cpp.hpp
[2.181s] -- Up-to-date: /home/landau/Documents/GitHub/space_robot/install/space_interfaces/include/space_interfaces/srv/detail/switch__type_support.cpp
[2.181s] -- Up-to-date: /home/landau/Documents/GitHub/space_robot/install/space_interfaces/include/space_interfaces/srv/detail/speed_set__rosidl_typesupport_introspection_cpp.hpp
[2.186s] -- Up-to-date: /home/landau/Documents/GitHub/space_robot/install/space_interfaces/lib/libspace_interfaces__rosidl_typesupport_introspection_cpp.so
[2.187s] -- Up-to-date: /home/landau/Documents/GitHub/space_robot/install/space_interfaces/lib/libspace_interfaces__rosidl_typesupport_cpp.so
[2.188s] -- Up-to-date: /home/landau/Documents/GitHub/space_robot/install/space_interfaces/share/space_interfaces/environment/pythonpath.sh
[2.188s] -- Up-to-date: /home/landau/Documents/GitHub/space_robot/install/space_interfaces/share/space_interfaces/environment/pythonpath.dsv
[2.188s] -- Up-to-date: /home/landau/Documents/GitHub/space_robot/install/space_interfaces/lib/python3.8/site-packages/space_interfaces/__init__.py
[2.274s] -- Up-to-date: /home/landau/Documents/GitHub/space_robot/install/space_interfaces/lib/python3.8/site-packages/space_interfaces/msg
[2.274s] -- Up-to-date: /home/landau/Documents/GitHub/space_robot/install/space_interfaces/lib/python3.8/site-packages/space_interfaces/msg/__init__.py
[2.275s] -- Up-to-date: /home/landau/Documents/GitHub/space_robot/install/space_interfaces/lib/python3.8/site-packages/space_interfaces/msg/_joint_jogging_msg.py
[2.275s] -- Up-to-date: /home/landau/Documents/GitHub/space_robot/install/space_interfaces/lib/python3.8/site-packages/space_interfaces/msg/_joint_jogging_msg_s.c
[2.276s] -- Up-to-date: /home/landau/Documents/GitHub/space_robot/install/space_interfaces/lib/python3.8/site-packages/space_interfaces/msg/_robot_state.py
[2.276s] -- Up-to-date: /home/landau/Documents/GitHub/space_robot/install/space_interfaces/lib/python3.8/site-packages/space_interfaces/msg/_robot_state_s.c
[2.276s] -- Up-to-date: /home/landau/Documents/GitHub/space_robot/install/space_interfaces/lib/python3.8/site-packages/space_interfaces/srv
[2.277s] -- Up-to-date: /home/landau/Documents/GitHub/space_robot/install/space_interfaces/lib/python3.8/site-packages/space_interfaces/srv/_joint_enable_s.c
[2.277s] -- Up-to-date: /home/landau/Documents/GitHub/space_robot/install/space_interfaces/lib/python3.8/site-packages/space_interfaces/srv/_multi_axis_offset_s.c
[2.277s] -- Up-to-date: /home/landau/Documents/GitHub/space_robot/install/space_interfaces/lib/python3.8/site-packages/space_interfaces/srv/_connection_s.c
[2.278s] -- Up-to-date: /home/landau/Documents/GitHub/space_robot/install/space_interfaces/lib/python3.8/site-packages/space_interfaces/srv/__init__.py
[2.278s] -- Up-to-date: /home/landau/Documents/GitHub/space_robot/install/space_interfaces/lib/python3.8/site-packages/space_interfaces/srv/_connection.py
[2.278s] -- Up-to-date: /home/landau/Documents/GitHub/space_robot/install/space_interfaces/lib/python3.8/site-packages/space_interfaces/srv/_cartesian_jogging_s.c
[2.278s] -- Up-to-date: /home/landau/Documents/GitHub/space_robot/install/space_interfaces/lib/python3.8/site-packages/space_interfaces/srv/_cartesian_jogging.py
[2.278s] -- Up-to-date: /home/landau/Documents/GitHub/space_robot/install/space_interfaces/lib/python3.8/site-packages/space_interfaces/srv/_joint_jogging.py
[2.278s] -- Up-to-date: /home/landau/Documents/GitHub/space_robot/install/space_interfaces/lib/python3.8/site-packages/space_interfaces/srv/_multi_axis_s.c
[2.279s] -- Up-to-date: /home/landau/Documents/GitHub/space_robot/install/space_interfaces/lib/python3.8/site-packages/space_interfaces/srv/_multi_axis.py
[2.279s] -- Up-to-date: /home/landau/Documents/GitHub/space_robot/install/space_interfaces/lib/python3.8/site-packages/space_interfaces/srv/_switch_s.c
[2.279s] -- Up-to-date: /home/landau/Documents/GitHub/space_robot/install/space_interfaces/lib/python3.8/site-packages/space_interfaces/srv/_joint_jogging_s.c
[2.279s] -- Up-to-date: /home/landau/Documents/GitHub/space_robot/install/space_interfaces/lib/python3.8/site-packages/space_interfaces/srv/_speed_set_s.c
[2.280s] -- Up-to-date: /home/landau/Documents/GitHub/space_robot/install/space_interfaces/lib/python3.8/site-packages/space_interfaces/srv/_cartesian_movement.py
[2.280s] -- Up-to-date: /home/landau/Documents/GitHub/space_robot/install/space_interfaces/lib/python3.8/site-packages/space_interfaces/srv/_multi_axis_offset.py
[2.280s] -- Up-to-date: /home/landau/Documents/GitHub/space_robot/install/space_interfaces/lib/python3.8/site-packages/space_interfaces/srv/_joint_enable.py
[2.280s] -- Up-to-date: /home/landau/Documents/GitHub/space_robot/install/space_interfaces/lib/python3.8/site-packages/space_interfaces/srv/_switch.py
[2.280s] -- Up-to-date: /home/landau/Documents/GitHub/space_robot/install/space_interfaces/lib/python3.8/site-packages/space_interfaces/srv/_cartesian_movement_s.c
[2.280s] -- Up-to-date: /home/landau/Documents/GitHub/space_robot/install/space_interfaces/lib/python3.8/site-packages/space_interfaces/srv/_speed_set.py
[2.281s] -- Up-to-date: /home/landau/Documents/GitHub/space_robot/install/space_interfaces/lib/python3.8/site-packages/space_interfaces/space_interfaces_s__rosidl_typesupport_fastrtps_c.cpython-38-x86_64-linux-gnu.so
[2.281s] -- Up-to-date: /home/landau/Documents/GitHub/space_robot/install/space_interfaces/lib/python3.8/site-packages/space_interfaces/space_interfaces_s__rosidl_typesupport_introspection_c.cpython-38-x86_64-linux-gnu.so
[2.281s] -- Up-to-date: /home/landau/Documents/GitHub/space_robot/install/space_interfaces/lib/python3.8/site-packages/space_interfaces/space_interfaces_s__rosidl_typesupport_c.cpython-38-x86_64-linux-gnu.so
[2.282s] -- Up-to-date: /home/landau/Documents/GitHub/space_robot/install/space_interfaces/lib/libspace_interfaces__python.so
[2.284s] -- Up-to-date: /home/landau/Documents/GitHub/space_robot/install/space_interfaces/share/space_interfaces/msg/JointJoggingMsg.idl
[2.285s] -- Up-to-date: /home/landau/Documents/GitHub/space_robot/install/space_interfaces/share/space_interfaces/msg/RobotState.idl
[2.285s] -- Up-to-date: /home/landau/Documents/GitHub/space_robot/install/space_interfaces/share/space_interfaces/srv/CartesianJogging.idl
[2.286s] -- Up-to-date: /home/landau/Documents/GitHub/space_robot/install/space_interfaces/share/space_interfaces/srv/CartesianMovement.idl
[2.286s] -- Up-to-date: /home/landau/Documents/GitHub/space_robot/install/space_interfaces/share/space_interfaces/srv/Connection.idl
[2.287s] -- Up-to-date: /home/landau/Documents/GitHub/space_robot/install/space_interfaces/share/space_interfaces/srv/JointEnable.idl
[2.287s] -- Up-to-date: /home/landau/Documents/GitHub/space_robot/install/space_interfaces/share/space_interfaces/srv/JointJogging.idl
[2.287s] -- Up-to-date: /home/landau/Documents/GitHub/space_robot/install/space_interfaces/share/space_interfaces/srv/MultiAxis.idl
[2.288s] -- Up-to-date: /home/landau/Documents/GitHub/space_robot/install/space_interfaces/share/space_interfaces/srv/SpeedSet.idl
[2.288s] -- Up-to-date: /home/landau/Documents/GitHub/space_robot/install/space_interfaces/share/space_interfaces/srv/Switch.idl
[2.289s] -- Up-to-date: /home/landau/Documents/GitHub/space_robot/install/space_interfaces/share/space_interfaces/srv/MultiAxisOffset.idl
[2.289s] -- Up-to-date: /home/landau/Documents/GitHub/space_robot/install/space_interfaces/share/space_interfaces/msg/JointJoggingMsg.msg
[2.289s] -- Up-to-date: /home/landau/Documents/GitHub/space_robot/install/space_interfaces/share/space_interfaces/msg/RobotState.msg
[2.290s] -- Up-to-date: /home/landau/Documents/GitHub/space_robot/install/space_interfaces/share/space_interfaces/srv/CartesianJogging.srv
[2.290s] -- Up-to-date: /home/landau/Documents/GitHub/space_robot/install/space_interfaces/share/space_interfaces/srv/CartesianJogging_Request.msg
[2.291s] -- Up-to-date: /home/landau/Documents/GitHub/space_robot/install/space_interfaces/share/space_interfaces/srv/CartesianJogging_Response.msg
[2.291s] -- Up-to-date: /home/landau/Documents/GitHub/space_robot/install/space_interfaces/share/space_interfaces/srv/CartesianMovement.srv
[2.292s] -- Up-to-date: /home/landau/Documents/GitHub/space_robot/install/space_interfaces/share/space_interfaces/srv/CartesianMovement_Request.msg
[2.292s] -- Up-to-date: /home/landau/Documents/GitHub/space_robot/install/space_interfaces/share/space_interfaces/srv/CartesianMovement_Response.msg
[2.292s] -- Up-to-date: /home/landau/Documents/GitHub/space_robot/install/space_interfaces/share/space_interfaces/srv/Connection.srv
[2.293s] -- Up-to-date: /home/landau/Documents/GitHub/space_robot/install/space_interfaces/share/space_interfaces/srv/Connection_Request.msg
[2.293s] -- Up-to-date: /home/landau/Documents/GitHub/space_robot/install/space_interfaces/share/space_interfaces/srv/Connection_Response.msg
[2.294s] -- Up-to-date: /home/landau/Documents/GitHub/space_robot/install/space_interfaces/share/space_interfaces/srv/JointEnable.srv
[2.294s] -- Up-to-date: /home/landau/Documents/GitHub/space_robot/install/space_interfaces/share/space_interfaces/srv/JointEnable_Request.msg
[2.294s] -- Up-to-date: /home/landau/Documents/GitHub/space_robot/install/space_interfaces/share/space_interfaces/srv/JointEnable_Response.msg
[2.295s] -- Up-to-date: /home/landau/Documents/GitHub/space_robot/install/space_interfaces/share/space_interfaces/srv/JointJogging.srv
[2.295s] -- Up-to-date: /home/landau/Documents/GitHub/space_robot/install/space_interfaces/share/space_interfaces/srv/JointJogging_Request.msg
[2.295s] -- Up-to-date: /home/landau/Documents/GitHub/space_robot/install/space_interfaces/share/space_interfaces/srv/JointJogging_Response.msg
[2.296s] -- Up-to-date: /home/landau/Documents/GitHub/space_robot/install/space_interfaces/share/space_interfaces/srv/MultiAxis.srv
[2.296s] -- Up-to-date: /home/landau/Documents/GitHub/space_robot/install/space_interfaces/share/space_interfaces/srv/MultiAxis_Request.msg
[2.296s] -- Up-to-date: /home/landau/Documents/GitHub/space_robot/install/space_interfaces/share/space_interfaces/srv/MultiAxis_Response.msg
[2.296s] -- Up-to-date: /home/landau/Documents/GitHub/space_robot/install/space_interfaces/share/space_interfaces/srv/SpeedSet.srv
[2.297s] -- Up-to-date: /home/landau/Documents/GitHub/space_robot/install/space_interfaces/share/space_interfaces/srv/SpeedSet_Request.msg
[2.297s] -- Up-to-date: /home/landau/Documents/GitHub/space_robot/install/space_interfaces/share/space_interfaces/srv/SpeedSet_Response.msg
[2.297s] -- Up-to-date: /home/landau/Documents/GitHub/space_robot/install/space_interfaces/share/space_interfaces/srv/Switch.srv
[2.297s] -- Up-to-date: /home/landau/Documents/GitHub/space_robot/install/space_interfaces/share/space_interfaces/srv/Switch_Request.msg
[2.298s] -- Up-to-date: /home/landau/Documents/GitHub/space_robot/install/space_interfaces/share/space_interfaces/srv/Switch_Response.msg
[2.298s] -- Up-to-date: /home/landau/Documents/GitHub/space_robot/install/space_interfaces/share/space_interfaces/srv/MultiAxisOffset.srv
[2.298s] -- Up-to-date: /home/landau/Documents/GitHub/space_robot/install/space_interfaces/share/space_interfaces/srv/MultiAxisOffset_Request.msg
[2.298s] -- Up-to-date: /home/landau/Documents/GitHub/space_robot/install/space_interfaces/share/space_interfaces/srv/MultiAxisOffset_Response.msg
[2.299s] -- Up-to-date: /home/landau/Documents/GitHub/space_robot/install/space_interfaces/share/ament_index/resource_index/package_run_dependencies/space_interfaces
[2.299s] -- Up-to-date: /home/landau/Documents/GitHub/space_robot/install/space_interfaces/share/ament_index/resource_index/parent_prefix_path/space_interfaces
[2.300s] -- Up-to-date: /home/landau/Documents/GitHub/space_robot/install/space_interfaces/share/space_interfaces/environment/ament_prefix_path.sh
[2.300s] -- Up-to-date: /home/landau/Documents/GitHub/space_robot/install/space_interfaces/share/space_interfaces/environment/ament_prefix_path.dsv
[2.300s] -- Up-to-date: /home/landau/Documents/GitHub/space_robot/install/space_interfaces/share/space_interfaces/environment/path.sh
[2.301s] -- Up-to-date: /home/landau/Documents/GitHub/space_robot/install/space_interfaces/share/space_interfaces/environment/path.dsv
[2.301s] -- Up-to-date: /home/landau/Documents/GitHub/space_robot/install/space_interfaces/share/space_interfaces/local_setup.bash
[2.301s] -- Up-to-date: /home/landau/Documents/GitHub/space_robot/install/space_interfaces/share/space_interfaces/local_setup.sh
[2.302s] -- Up-to-date: /home/landau/Documents/GitHub/space_robot/install/space_interfaces/share/space_interfaces/local_setup.zsh
[2.302s] -- Up-to-date: /home/landau/Documents/GitHub/space_robot/install/space_interfaces/share/space_interfaces/local_setup.dsv
[2.302s] -- Installing: /home/landau/Documents/GitHub/space_robot/install/space_interfaces/share/space_interfaces/package.dsv
[2.303s] -- Up-to-date: /home/landau/Documents/GitHub/space_robot/install/space_interfaces/share/ament_index/resource_index/packages/space_interfaces
[2.303s] -- Up-to-date: /home/landau/Documents/GitHub/space_robot/install/space_interfaces/share/space_interfaces/cmake/space_interfaces__rosidl_generator_cExport.cmake
[2.303s] -- Up-to-date: /home/landau/Documents/GitHub/space_robot/install/space_interfaces/share/space_interfaces/cmake/space_interfaces__rosidl_generator_cExport-noconfig.cmake
[2.303s] -- Up-to-date: /home/landau/Documents/GitHub/space_robot/install/space_interfaces/share/space_interfaces/cmake/space_interfaces__rosidl_typesupport_introspection_cExport.cmake
[2.304s] -- Up-to-date: /home/landau/Documents/GitHub/space_robot/install/space_interfaces/share/space_interfaces/cmake/space_interfaces__rosidl_typesupport_introspection_cExport-noconfig.cmake
[2.304s] -- Up-to-date: /home/landau/Documents/GitHub/space_robot/install/space_interfaces/share/space_interfaces/cmake/space_interfaces__rosidl_typesupport_cExport.cmake
[2.304s] -- Up-to-date: /home/landau/Documents/GitHub/space_robot/install/space_interfaces/share/space_interfaces/cmake/space_interfaces__rosidl_typesupport_cExport-noconfig.cmake
[2.304s] -- Up-to-date: /home/landau/Documents/GitHub/space_robot/install/space_interfaces/share/space_interfaces/cmake/space_interfaces__rosidl_generator_cppExport.cmake
[2.304s] -- Up-to-date: /home/landau/Documents/GitHub/space_robot/install/space_interfaces/share/space_interfaces/cmake/space_interfaces__rosidl_typesupport_introspection_cppExport.cmake
[2.305s] -- Up-to-date: /home/landau/Documents/GitHub/space_robot/install/space_interfaces/share/space_interfaces/cmake/space_interfaces__rosidl_typesupport_introspection_cppExport-noconfig.cmake
[2.305s] -- Up-to-date: /home/landau/Documents/GitHub/space_robot/install/space_interfaces/share/space_interfaces/cmake/space_interfaces__rosidl_typesupport_cppExport.cmake
[2.305s] -- Up-to-date: /home/landau/Documents/GitHub/space_robot/install/space_interfaces/share/space_interfaces/cmake/space_interfaces__rosidl_typesupport_cppExport-noconfig.cmake
[2.305s] -- Up-to-date: /home/landau/Documents/GitHub/space_robot/install/space_interfaces/share/space_interfaces/cmake/rosidl_cmake-extras.cmake
[2.305s] -- Up-to-date: /home/landau/Documents/GitHub/space_robot/install/space_interfaces/share/space_interfaces/cmake/ament_cmake_export_dependencies-extras.cmake
[2.305s] -- Up-to-date: /home/landau/Documents/GitHub/space_robot/install/space_interfaces/share/space_interfaces/cmake/ament_cmake_export_libraries-extras.cmake
[2.306s] -- Up-to-date: /home/landau/Documents/GitHub/space_robot/install/space_interfaces/share/space_interfaces/cmake/ament_cmake_export_targets-extras.cmake
[2.306s] -- Up-to-date: /home/landau/Documents/GitHub/space_robot/install/space_interfaces/share/space_interfaces/cmake/ament_cmake_export_include_directories-extras.cmake
[2.306s] -- Up-to-date: /home/landau/Documents/GitHub/space_robot/install/space_interfaces/share/space_interfaces/cmake/rosidl_cmake_export_typesupport_libraries-extras.cmake
[2.306s] -- Up-to-date: /home/landau/Documents/GitHub/space_robot/install/space_interfaces/share/space_interfaces/cmake/rosidl_cmake_export_typesupport_targets-extras.cmake
[2.306s] -- Up-to-date: /home/landau/Documents/GitHub/space_robot/install/space_interfaces/share/space_interfaces/cmake/space_interfacesConfig.cmake
[2.306s] -- Up-to-date: /home/landau/Documents/GitHub/space_robot/install/space_interfaces/share/space_interfaces/cmake/space_interfacesConfig-version.cmake
[2.307s] -- Up-to-date: /home/landau/Documents/GitHub/space_robot/install/space_interfaces/share/space_interfaces/package.xml
[2.309s] Invoked command in '/home/landau/Documents/GitHub/space_robot/build/space_interfaces' returned '0': CMAKE_PREFIX_PATH=${CMAKE_PREFIX_PATH}:/opt/ros/foxy /usr/bin/cmake --install /home/landau/Documents/GitHub/space_robot/build/space_interfaces
