[0.901s] DEBUG:colcon:Command line arguments: ['/usr/bin/colcon', 'list', '-p', '--base-paths', '/home/landau/Documents/GitHub/space_robot']
[0.901s] DEBUG:colcon:Parsed command line arguments: Namespace(allow_overriding=[], base_paths=['/home/landau/Documents/GitHub/space_robot'], build_base='build', ignore_user_meta=False, log_base=None, log_level=None, main=<bound method ListVerb.main of <colcon_package_information.verb.list.ListVerb object at 0x7f33f35d2910>>, metas=['./colcon.meta'], mixin=None, mixin_files=None, mixin_verb=('list',), names_only=False, packages_above=None, packages_above_and_dependencies=None, packages_above_depth=None, packages_end=None, packages_ignore=None, packages_ignore_regex=None, packages_select=None, packages_select_build_failed=False, packages_select_by_dep=None, packages_select_regex=None, packages_select_test_failures=False, packages_skip=None, packages_skip_build_finished=False, packages_skip_by_dep=None, packages_skip_regex=None, packages_skip_test_passed=False, packages_skip_up_to=None, packages_start=None, packages_up_to=None, packages_up_to_regex=None, paths=None, paths_only=True, topological_graph=False, topological_graph_density=False, topological_graph_dot=False, topological_graph_dot_cluster=False, topological_graph_dot_include_skipped=False, topological_graph_legend=False, topological_order=False, verb_extension=<colcon_package_information.verb.list.ListVerb object at 0x7f33f35d2910>, verb_name='list', verb_parser=<colcon_alias.argument_parser.alias.AliasArgumentDecorator object at 0x7f33f35df3d0>)
[1.769s] Level 1:colcon.colcon_core.package_discovery:discover_packages(colcon_meta) check parameters
[1.769s] Level 1:colcon.colcon_core.package_discovery:discover_packages(recursive) check parameters
[1.770s] Level 1:colcon.colcon_core.package_discovery:discover_packages(ignore) check parameters
[1.770s] Level 1:colcon.colcon_core.package_discovery:discover_packages(path) check parameters
[1.770s] Level 1:colcon.colcon_core.package_discovery:discover_packages(recursive) discover
[1.770s] INFO:colcon.colcon_core.package_discovery:Crawling recursively for packages in '/home/landau/Documents/GitHub/space_robot'
[1.771s] Level 1:colcon.colcon_core.package_identification:_identify(/home/landau/Documents/GitHub/space_robot) by extensions ['ignore', 'ignore_ament_install']
[1.771s] Level 1:colcon.colcon_core.package_identification:_identify(/home/landau/Documents/GitHub/space_robot) by extension 'ignore'
[1.771s] Level 1:colcon.colcon_core.package_identification:_identify(/home/landau/Documents/GitHub/space_robot) by extension 'ignore_ament_install'
[1.772s] Level 1:colcon.colcon_core.package_identification:_identify(/home/landau/Documents/GitHub/space_robot) by extensions ['colcon_pkg']
[1.772s] Level 1:colcon.colcon_core.package_identification:_identify(/home/landau/Documents/GitHub/space_robot) by extension 'colcon_pkg'
[1.772s] Level 1:colcon.colcon_core.package_identification:_identify(/home/landau/Documents/GitHub/space_robot) by extensions ['colcon_meta']
[1.772s] Level 1:colcon.colcon_core.package_identification:_identify(/home/landau/Documents/GitHub/space_robot) by extension 'colcon_meta'
[1.772s] Level 1:colcon.colcon_core.package_identification:_identify(/home/landau/Documents/GitHub/space_robot) by extensions ['ros']
[1.772s] Level 1:colcon.colcon_core.package_identification:_identify(/home/landau/Documents/GitHub/space_robot) by extension 'ros'
[1.785s] Level 1:colcon.colcon_core.package_identification:_identify(/home/landau/Documents/GitHub/space_robot) by extensions ['bazel', 'cmake', 'python']
[1.785s] Level 1:colcon.colcon_core.package_identification:_identify(/home/landau/Documents/GitHub/space_robot) by extension 'bazel'
[1.786s] Level 1:colcon.colcon_core.package_identification:_identify(/home/landau/Documents/GitHub/space_robot) by extension 'cmake'
[1.786s] Level 1:colcon.colcon_core.package_identification:_identify(/home/landau/Documents/GitHub/space_robot) by extension 'python'
[1.786s] Level 1:colcon.colcon_core.package_identification:_identify(/home/landau/Documents/GitHub/space_robot) by extensions ['python_setup_py']
[1.786s] Level 1:colcon.colcon_core.package_identification:_identify(/home/landau/Documents/GitHub/space_robot) by extension 'python_setup_py'
[1.787s] Level 1:colcon.colcon_core.package_identification:_identify(/home/landau/Documents/GitHub/space_robot/log) by extensions ['ignore', 'ignore_ament_install']
[1.787s] Level 1:colcon.colcon_core.package_identification:_identify(/home/landau/Documents/GitHub/space_robot/log) by extension 'ignore'
[1.788s] Level 1:colcon.colcon_core.package_identification:_identify(/home/landau/Documents/GitHub/space_robot/log) ignored
[1.788s] Level 1:colcon.colcon_core.package_identification:_identify(/home/landau/Documents/GitHub/space_robot/src) by extensions ['ignore', 'ignore_ament_install']
[1.788s] Level 1:colcon.colcon_core.package_identification:_identify(/home/landau/Documents/GitHub/space_robot/src) by extension 'ignore'
[1.789s] Level 1:colcon.colcon_core.package_identification:_identify(/home/landau/Documents/GitHub/space_robot/src) by extension 'ignore_ament_install'
[1.789s] Level 1:colcon.colcon_core.package_identification:_identify(/home/landau/Documents/GitHub/space_robot/src) by extensions ['colcon_pkg']
[1.789s] Level 1:colcon.colcon_core.package_identification:_identify(/home/landau/Documents/GitHub/space_robot/src) by extension 'colcon_pkg'
[1.789s] Level 1:colcon.colcon_core.package_identification:_identify(/home/landau/Documents/GitHub/space_robot/src) by extensions ['colcon_meta']
[1.789s] Level 1:colcon.colcon_core.package_identification:_identify(/home/landau/Documents/GitHub/space_robot/src) by extension 'colcon_meta'
[1.790s] Level 1:colcon.colcon_core.package_identification:_identify(/home/landau/Documents/GitHub/space_robot/src) by extensions ['ros']
[1.790s] Level 1:colcon.colcon_core.package_identification:_identify(/home/landau/Documents/GitHub/space_robot/src) by extension 'ros'
[1.790s] Level 1:colcon.colcon_core.package_identification:_identify(/home/landau/Documents/GitHub/space_robot/src) by extensions ['bazel', 'cmake', 'python']
[1.790s] Level 1:colcon.colcon_core.package_identification:_identify(/home/landau/Documents/GitHub/space_robot/src) by extension 'bazel'
[1.791s] Level 1:colcon.colcon_core.package_identification:_identify(/home/landau/Documents/GitHub/space_robot/src) by extension 'cmake'
[1.791s] Level 1:colcon.colcon_core.package_identification:_identify(/home/landau/Documents/GitHub/space_robot/src) by extension 'python'
[1.791s] Level 1:colcon.colcon_core.package_identification:_identify(/home/landau/Documents/GitHub/space_robot/src) by extensions ['python_setup_py']
[1.791s] Level 1:colcon.colcon_core.package_identification:_identify(/home/landau/Documents/GitHub/space_robot/src) by extension 'python_setup_py'
[1.792s] Level 1:colcon.colcon_core.package_identification:_identify(/home/landau/Documents/GitHub/space_robot/src/space_driver) by extensions ['ignore', 'ignore_ament_install']
[1.792s] Level 1:colcon.colcon_core.package_identification:_identify(/home/landau/Documents/GitHub/space_robot/src/space_driver) by extension 'ignore'
[1.792s] Level 1:colcon.colcon_core.package_identification:_identify(/home/landau/Documents/GitHub/space_robot/src/space_driver) by extension 'ignore_ament_install'
[1.793s] Level 1:colcon.colcon_core.package_identification:_identify(/home/landau/Documents/GitHub/space_robot/src/space_driver) by extensions ['colcon_pkg']
[1.793s] Level 1:colcon.colcon_core.package_identification:_identify(/home/landau/Documents/GitHub/space_robot/src/space_driver) by extension 'colcon_pkg'
[1.793s] Level 1:colcon.colcon_core.package_identification:_identify(/home/landau/Documents/GitHub/space_robot/src/space_driver) by extensions ['colcon_meta']
[1.793s] Level 1:colcon.colcon_core.package_identification:_identify(/home/landau/Documents/GitHub/space_robot/src/space_driver) by extension 'colcon_meta'
[1.793s] Level 1:colcon.colcon_core.package_identification:_identify(/home/landau/Documents/GitHub/space_robot/src/space_driver) by extensions ['ros']
[1.794s] Level 1:colcon.colcon_core.package_identification:_identify(/home/landau/Documents/GitHub/space_robot/src/space_driver) by extension 'ros'
[1.804s] DEBUG:colcon.colcon_core.package_identification:Package '/home/landau/Documents/GitHub/space_robot/src/space_driver' with type 'ros.ament_cmake' and name 'space_driver'
[1.804s] Level 1:colcon.colcon_core.package_identification:_identify(/home/landau/Documents/GitHub/space_robot/src/space_interfaces) by extensions ['ignore', 'ignore_ament_install']
[1.805s] Level 1:colcon.colcon_core.package_identification:_identify(/home/landau/Documents/GitHub/space_robot/src/space_interfaces) by extension 'ignore'
[1.805s] Level 1:colcon.colcon_core.package_identification:_identify(/home/landau/Documents/GitHub/space_robot/src/space_interfaces) by extension 'ignore_ament_install'
[1.805s] Level 1:colcon.colcon_core.package_identification:_identify(/home/landau/Documents/GitHub/space_robot/src/space_interfaces) by extensions ['colcon_pkg']
[1.806s] Level 1:colcon.colcon_core.package_identification:_identify(/home/landau/Documents/GitHub/space_robot/src/space_interfaces) by extension 'colcon_pkg'
[1.806s] Level 1:colcon.colcon_core.package_identification:_identify(/home/landau/Documents/GitHub/space_robot/src/space_interfaces) by extensions ['colcon_meta']
[1.806s] Level 1:colcon.colcon_core.package_identification:_identify(/home/landau/Documents/GitHub/space_robot/src/space_interfaces) by extension 'colcon_meta'
[1.806s] Level 1:colcon.colcon_core.package_identification:_identify(/home/landau/Documents/GitHub/space_robot/src/space_interfaces) by extensions ['ros']
[1.806s] Level 1:colcon.colcon_core.package_identification:_identify(/home/landau/Documents/GitHub/space_robot/src/space_interfaces) by extension 'ros'
[1.809s] DEBUG:colcon.colcon_core.package_identification:Package '/home/landau/Documents/GitHub/space_robot/src/space_interfaces' with type 'ros.ament_cmake' and name 'space_interfaces'
[1.809s] Level 1:colcon.colcon_core.package_discovery:discover_packages(recursive) using defaults
