[0.047s] Invoking command in '/home/landau/Documents/GitHub/space_robot/build/space_driver': CMAKE_PREFIX_PATH=/home/landau/Documents/GitHub/space_robot/install/space_interfaces:/home/landau/Documents/GitHub/space_robot/install/space_driver:/opt/ros/foxy /usr/bin/cmake --build /home/landau/Documents/GitHub/space_robot/build/space_driver -- -j8 -l8
[0.212s] [ 20%] Built target gflags_nothreads_static
[0.298s] [35m[1mScanning dependencies of target demo[0m
[0.306s] [ 30%] Built target gflags_unittest_main
[0.320s] [ 50%] Built target gflags_strip_flags_test
[0.321s] [ 55%] Built target gflags_declare_test
[0.338s] [ 65%] Built target gflags_unittest
[0.342s] [ 75%] Built target gflags_unittest-main
[0.410s] [ 90%] Built target main
[0.474s] [ 95%] [32mBuilding CXX object CMakeFiles/demo.dir/src/demo.cpp.o[0m
[31.742s] [100%] [32m[1mLinking CXX executable demo[0m
[32.718s] [100%] Built target demo
[32.777s] Invoked command in '/home/landau/Documents/GitHub/space_robot/build/space_driver' returned '0': CMAKE_PREFIX_PATH=/home/landau/Documents/GitHub/space_robot/install/space_interfaces:/home/landau/Documents/GitHub/space_robot/install/space_driver:/opt/ros/foxy /usr/bin/cmake --build /home/landau/Documents/GitHub/space_robot/build/space_driver -- -j8 -l8
[32.997s] Invoking command in '/home/landau/Documents/GitHub/space_robot/build/space_driver': CMAKE_PREFIX_PATH=/home/landau/Documents/GitHub/space_robot/install/space_interfaces:/home/landau/Documents/GitHub/space_robot/install/space_driver:/opt/ros/foxy /usr/bin/cmake --install /home/landau/Documents/GitHub/space_robot/build/space_driver
[33.038s] -- Install configuration: ""
[33.040s] -- Up-to-date: /home/landau/Documents/GitHub/space_robot/install/space_driver/lib/space_driver/main
[33.041s] -- Installing: /home/landau/Documents/GitHub/space_robot/install/space_driver/lib/space_driver/demo
[33.046s] -- Set runtime path of "/home/landau/Documents/GitHub/space_robot/install/space_driver/lib/space_driver/demo" to ""
[33.047s] -- Up-to-date: /home/landau/Documents/GitHub/space_robot/install/space_driver/share/ament_index/resource_index/package_run_dependencies/space_driver
[33.048s] -- Up-to-date: /home/landau/Documents/GitHub/space_robot/install/space_driver/share/ament_index/resource_index/parent_prefix_path/space_driver
[33.048s] -- Up-to-date: /home/landau/Documents/GitHub/space_robot/install/space_driver/share/space_driver/environment/ament_prefix_path.sh
[33.049s] -- Up-to-date: /home/landau/Documents/GitHub/space_robot/install/space_driver/share/space_driver/environment/ament_prefix_path.dsv
[33.049s] -- Up-to-date: /home/landau/Documents/GitHub/space_robot/install/space_driver/share/space_driver/environment/path.sh
[33.050s] -- Up-to-date: /home/landau/Documents/GitHub/space_robot/install/space_driver/share/space_driver/environment/path.dsv
[33.050s] -- Up-to-date: /home/landau/Documents/GitHub/space_robot/install/space_driver/share/space_driver/local_setup.bash
[33.050s] -- Up-to-date: /home/landau/Documents/GitHub/space_robot/install/space_driver/share/space_driver/local_setup.sh
[33.051s] -- Up-to-date: /home/landau/Documents/GitHub/space_robot/install/space_driver/share/space_driver/local_setup.zsh
[33.051s] -- Up-to-date: /home/landau/Documents/GitHub/space_robot/install/space_driver/share/space_driver/local_setup.dsv
[33.051s] -- Installing: /home/landau/Documents/GitHub/space_robot/install/space_driver/share/space_driver/package.dsv
[33.052s] -- Up-to-date: /home/landau/Documents/GitHub/space_robot/install/space_driver/share/ament_index/resource_index/packages/space_driver
[33.052s] -- Up-to-date: /home/landau/Documents/GitHub/space_robot/install/space_driver/share/space_driver/cmake/space_driverConfig.cmake
[33.052s] -- Up-to-date: /home/landau/Documents/GitHub/space_robot/install/space_driver/share/space_driver/cmake/space_driverConfig-version.cmake
[33.052s] -- Up-to-date: /home/landau/Documents/GitHub/space_robot/install/space_driver/share/space_driver/package.xml
[33.053s] -- Up-to-date: /home/landau/Documents/GitHub/space_robot/install/space_driver/lib/pkgconfig/gflags.pc
[33.058s] Invoked command in '/home/landau/Documents/GitHub/space_robot/build/space_driver' returned '0': CMAKE_PREFIX_PATH=/home/landau/Documents/GitHub/space_robot/install/space_interfaces:/home/landau/Documents/GitHub/space_robot/install/space_driver:/opt/ros/foxy /usr/bin/cmake --install /home/landau/Documents/GitHub/space_robot/build/space_driver
