[0.044s] Invoking command in '/home/landau/Documents/GitHub/space_robot/build/space_driver': CMAKE_PREFIX_PATH=/home/landau/Documents/GitHub/space_robot/install/space_interfaces:/home/landau/Documents/GitHub/space_robot/install/space_driver:/opt/ros/foxy /usr/bin/cmake --build /home/landau/Documents/GitHub/space_robot/build/space_driver -- -j8 -l8
[0.221s] [ 20%] Built target gflags_nothreads_static
[0.319s] [ 35%] Built target gflags_declare_test
[0.323s] [35m[1mScanning dependencies of target demo[0m
[0.338s] [ 45%] Built target gflags_unittest
[0.343s] [ 55%] Built target gflags_unittest_main
[0.355s] [ 65%] Built target gflags_strip_flags_test
[0.366s] [ 75%] Built target gflags_unittest-main
[0.453s] [ 90%] Built target main
[0.497s] [ 95%] [32mBuilding CXX object CMakeFiles/demo.dir/src/demo.cpp.o[0m
[31.425s] [100%] [32m[1mLinking CXX executable demo[0m
[32.370s] [100%] Built target demo
[32.409s] Invoked command in '/home/landau/Documents/GitHub/space_robot/build/space_driver' returned '0': CMAKE_PREFIX_PATH=/home/landau/Documents/GitHub/space_robot/install/space_interfaces:/home/landau/Documents/GitHub/space_robot/install/space_driver:/opt/ros/foxy /usr/bin/cmake --build /home/landau/Documents/GitHub/space_robot/build/space_driver -- -j8 -l8
[32.578s] Invoking command in '/home/landau/Documents/GitHub/space_robot/build/space_driver': CMAKE_PREFIX_PATH=/home/landau/Documents/GitHub/space_robot/install/space_interfaces:/home/landau/Documents/GitHub/space_robot/install/space_driver:/opt/ros/foxy /usr/bin/cmake --install /home/landau/Documents/GitHub/space_robot/build/space_driver
[32.608s] -- Install configuration: ""
[32.609s] -- Up-to-date: /home/landau/Documents/GitHub/space_robot/install/space_driver/lib/space_driver/main
[32.611s] -- Installing: /home/landau/Documents/GitHub/space_robot/install/space_driver/lib/space_driver/demo
[32.614s] -- Set runtime path of "/home/landau/Documents/GitHub/space_robot/install/space_driver/lib/space_driver/demo" to ""
[32.615s] -- Up-to-date: /home/landau/Documents/GitHub/space_robot/install/space_driver/share/ament_index/resource_index/package_run_dependencies/space_driver
[32.616s] -- Up-to-date: /home/landau/Documents/GitHub/space_robot/install/space_driver/share/ament_index/resource_index/parent_prefix_path/space_driver
[32.618s] -- Up-to-date: /home/landau/Documents/GitHub/space_robot/install/space_driver/share/space_driver/environment/ament_prefix_path.sh
[32.619s] -- Up-to-date: /home/landau/Documents/GitHub/space_robot/install/space_driver/share/space_driver/environment/ament_prefix_path.dsv
[32.619s] -- Up-to-date: /home/landau/Documents/GitHub/space_robot/install/space_driver/share/space_driver/environment/path.sh
[32.620s] -- Up-to-date: /home/landau/Documents/GitHub/space_robot/install/space_driver/share/space_driver/environment/path.dsv
[32.620s] -- Up-to-date: /home/landau/Documents/GitHub/space_robot/install/space_driver/share/space_driver/local_setup.bash
[32.621s] -- Up-to-date: /home/landau/Documents/GitHub/space_robot/install/space_driver/share/space_driver/local_setup.sh
[32.621s] -- Up-to-date: /home/landau/Documents/GitHub/space_robot/install/space_driver/share/space_driver/local_setup.zsh
[32.621s] -- Up-to-date: /home/landau/Documents/GitHub/space_robot/install/space_driver/share/space_driver/local_setup.dsv
[32.622s] -- Installing: /home/landau/Documents/GitHub/space_robot/install/space_driver/share/space_driver/package.dsv
[32.622s] -- Up-to-date: /home/landau/Documents/GitHub/space_robot/install/space_driver/share/ament_index/resource_index/packages/space_driver
[32.622s] -- Up-to-date: /home/landau/Documents/GitHub/space_robot/install/space_driver/share/space_driver/cmake/space_driverConfig.cmake
[32.622s] -- Up-to-date: /home/landau/Documents/GitHub/space_robot/install/space_driver/share/space_driver/cmake/space_driverConfig-version.cmake
[32.623s] -- Up-to-date: /home/landau/Documents/GitHub/space_robot/install/space_driver/share/space_driver/package.xml
[32.623s] -- Up-to-date: /home/landau/Documents/GitHub/space_robot/install/space_driver/lib/pkgconfig/gflags.pc
[32.632s] Invoked command in '/home/landau/Documents/GitHub/space_robot/build/space_driver' returned '0': CMAKE_PREFIX_PATH=/home/landau/Documents/GitHub/space_robot/install/space_interfaces:/home/landau/Documents/GitHub/space_robot/install/space_driver:/opt/ros/foxy /usr/bin/cmake --install /home/landau/Documents/GitHub/space_robot/build/space_driver
