[0.047s] Invoking command in '/home/landau/Documents/GitHub/space_robot/build/space_driver': CMAKE_PREFIX_PATH=/home/landau/Documents/GitHub/space_robot/install/space_interfaces:/home/landau/Documents/GitHub/space_robot/install/space_driver:/opt/ros/foxy /usr/bin/cmake --build /home/landau/Documents/GitHub/space_robot/build/space_driver -- -j8 -l8
[0.217s] [ 20%] Built target gflags_nothreads_static
[0.267s] [35m[1mScanning dependencies of target demo[0m
[0.444s] [ 25%] [32mBuilding CXX object CMakeFiles/demo.dir/src/demo.cpp.o[0m
[32.086s] [ 30%] [32m[1mLinking CXX executable demo[0m
[33.036s] [ 30%] Built target demo
[33.100s] [ 40%] Built target gflags_strip_flags_test
[33.173s] [ 50%] Built target gflags_unittest
[33.245s] [ 60%] Built target gflags_unittest-main
[33.308s] [ 70%] Built target gflags_unittest_main
[33.376s] [ 85%] Built target gflags_declare_test
[33.527s] [100%] Built target main
[33.567s] Invoked command in '/home/landau/Documents/GitHub/space_robot/build/space_driver' returned '0': CMAKE_PREFIX_PATH=/home/landau/Documents/GitHub/space_robot/install/space_interfaces:/home/landau/Documents/GitHub/space_robot/install/space_driver:/opt/ros/foxy /usr/bin/cmake --build /home/landau/Documents/GitHub/space_robot/build/space_driver -- -j8 -l8
[33.757s] Invoking command in '/home/landau/Documents/GitHub/space_robot/build/space_driver': CMAKE_PREFIX_PATH=/home/landau/Documents/GitHub/space_robot/install/space_interfaces:/home/landau/Documents/GitHub/space_robot/install/space_driver:/opt/ros/foxy /usr/bin/cmake --install /home/landau/Documents/GitHub/space_robot/build/space_driver
[33.786s] -- Install configuration: ""
[33.787s] -- Up-to-date: /home/landau/Documents/GitHub/space_robot/install/space_driver/lib/space_driver/main
[33.788s] -- Installing: /home/landau/Documents/GitHub/space_robot/install/space_driver/lib/space_driver/demo
[33.792s] -- Set runtime path of "/home/landau/Documents/GitHub/space_robot/install/space_driver/lib/space_driver/demo" to ""
[33.792s] -- Up-to-date: /home/landau/Documents/GitHub/space_robot/install/space_driver/share/ament_index/resource_index/package_run_dependencies/space_driver
[33.792s] -- Up-to-date: /home/landau/Documents/GitHub/space_robot/install/space_driver/share/ament_index/resource_index/parent_prefix_path/space_driver
[33.793s] -- Up-to-date: /home/landau/Documents/GitHub/space_robot/install/space_driver/share/space_driver/environment/ament_prefix_path.sh
[33.793s] -- Up-to-date: /home/landau/Documents/GitHub/space_robot/install/space_driver/share/space_driver/environment/ament_prefix_path.dsv
[33.794s] -- Up-to-date: /home/landau/Documents/GitHub/space_robot/install/space_driver/share/space_driver/environment/path.sh
[33.794s] -- Up-to-date: /home/landau/Documents/GitHub/space_robot/install/space_driver/share/space_driver/environment/path.dsv
[33.795s] -- Up-to-date: /home/landau/Documents/GitHub/space_robot/install/space_driver/share/space_driver/local_setup.bash
[33.795s] -- Up-to-date: /home/landau/Documents/GitHub/space_robot/install/space_driver/share/space_driver/local_setup.sh
[33.795s] -- Up-to-date: /home/landau/Documents/GitHub/space_robot/install/space_driver/share/space_driver/local_setup.zsh
[33.795s] -- Up-to-date: /home/landau/Documents/GitHub/space_robot/install/space_driver/share/space_driver/local_setup.dsv
[33.796s] -- Installing: /home/landau/Documents/GitHub/space_robot/install/space_driver/share/space_driver/package.dsv
[33.796s] -- Up-to-date: /home/landau/Documents/GitHub/space_robot/install/space_driver/share/ament_index/resource_index/packages/space_driver
[33.796s] -- Up-to-date: /home/landau/Documents/GitHub/space_robot/install/space_driver/share/space_driver/cmake/space_driverConfig.cmake
[33.796s] -- Up-to-date: /home/landau/Documents/GitHub/space_robot/install/space_driver/share/space_driver/cmake/space_driverConfig-version.cmake
[33.797s] -- Up-to-date: /home/landau/Documents/GitHub/space_robot/install/space_driver/share/space_driver/package.xml
[33.797s] -- Up-to-date: /home/landau/Documents/GitHub/space_robot/install/space_driver/lib/pkgconfig/gflags.pc
[33.804s] Invoked command in '/home/landau/Documents/GitHub/space_robot/build/space_driver' returned '0': CMAKE_PREFIX_PATH=/home/landau/Documents/GitHub/space_robot/install/space_interfaces:/home/landau/Documents/GitHub/space_robot/install/space_driver:/opt/ros/foxy /usr/bin/cmake --install /home/landau/Documents/GitHub/space_robot/build/space_driver
