[0.551s] DEBUG:colcon:Command line arguments: ['/usr/bin/colcon', 'build']
[0.552s] DEBUG:colcon:Parsed command line arguments: Namespace(allow_overriding=[], ament_cmake_args=None, base_paths=['.'], bazel_args=None, bazel_task=None, build_base='build', catkin_cmake_args=None, catkin_skip_building_tests=False, cmake_args=None, cmake_clean_cache=False, cmake_clean_first=False, cmake_force_configure=False, cmake_target=None, cmake_target_skip_unavailable=False, continue_on_error=False, event_handlers=None, executor='parallel', ignore_user_meta=False, install_base='install', log_base=None, log_level=None, main=<bound method BuildVerb.main of <colcon_core.verb.build.BuildVerb object at 0x7f9ab186e940>>, merge_install=False, metas=['./colcon.meta'], mixin=None, mixin_files=None, mixin_verb=('build',), packages_above=None, packages_above_and_dependencies=None, packages_above_depth=None, packages_end=None, packages_ignore=None, packages_ignore_regex=None, packages_select=None, packages_select_build_failed=False, packages_select_by_dep=None, packages_select_regex=None, packages_select_test_failures=False, packages_skip=None, packages_skip_build_finished=False, packages_skip_by_dep=None, packages_skip_regex=None, packages_skip_test_passed=False, packages_skip_up_to=None, packages_start=None, packages_up_to=None, packages_up_to_regex=None, parallel_workers=8, paths=None, symlink_install=False, test_result_base=None, verb_extension=<colcon_core.verb.build.BuildVerb object at 0x7f9ab186e940>, verb_name='build', verb_parser=<colcon_alias.argument_parser.alias.AliasArgumentDecorator object at 0x7f9ab187f8b0>)
[0.994s] Level 1:colcon.colcon_core.package_discovery:discover_packages(colcon_meta) check parameters
[0.994s] Level 1:colcon.colcon_core.package_discovery:discover_packages(recursive) check parameters
[0.994s] Level 1:colcon.colcon_core.package_discovery:discover_packages(ignore) check parameters
[0.994s] Level 1:colcon.colcon_core.package_discovery:discover_packages(path) check parameters
[0.994s] Level 1:colcon.colcon_core.package_discovery:discover_packages(colcon_meta) discover
[0.994s] Level 1:colcon.colcon_core.package_discovery:discover_packages(recursive) discover
[0.994s] INFO:colcon.colcon_core.package_discovery:Crawling recursively for packages in '/home/landau/Documents/GitHub/space_robot'
[0.995s] Level 1:colcon.colcon_core.package_identification:_identify(.) by extensions ['ignore', 'ignore_ament_install']
[0.995s] Level 1:colcon.colcon_core.package_identification:_identify(.) by extension 'ignore'
[0.995s] Level 1:colcon.colcon_core.package_identification:_identify(.) by extension 'ignore_ament_install'
[0.995s] Level 1:colcon.colcon_core.package_identification:_identify(.) by extensions ['colcon_pkg']
[0.995s] Level 1:colcon.colcon_core.package_identification:_identify(.) by extension 'colcon_pkg'
[0.995s] Level 1:colcon.colcon_core.package_identification:_identify(.) by extensions ['colcon_meta']
[0.996s] Level 1:colcon.colcon_core.package_identification:_identify(.) by extension 'colcon_meta'
[0.996s] Level 1:colcon.colcon_core.package_identification:_identify(.) by extensions ['ros']
[0.996s] Level 1:colcon.colcon_core.package_identification:_identify(.) by extension 'ros'
[1.003s] Level 1:colcon.colcon_core.package_identification:_identify(.) by extensions ['bazel', 'cmake', 'python']
[1.003s] Level 1:colcon.colcon_core.package_identification:_identify(.) by extension 'bazel'
[1.003s] Level 1:colcon.colcon_core.package_identification:_identify(.) by extension 'cmake'
[1.004s] Level 1:colcon.colcon_core.package_identification:_identify(.) by extension 'python'
[1.004s] Level 1:colcon.colcon_core.package_identification:_identify(.) by extensions ['python_setup_py']
[1.004s] Level 1:colcon.colcon_core.package_identification:_identify(.) by extension 'python_setup_py'
[1.004s] Level 1:colcon.colcon_core.package_identification:_identify(build) by extensions ['ignore', 'ignore_ament_install']
[1.004s] Level 1:colcon.colcon_core.package_identification:_identify(build) by extension 'ignore'
[1.004s] Level 1:colcon.colcon_core.package_identification:_identify(build) ignored
[1.005s] Level 1:colcon.colcon_core.package_identification:_identify(install) by extensions ['ignore', 'ignore_ament_install']
[1.005s] Level 1:colcon.colcon_core.package_identification:_identify(install) by extension 'ignore'
[1.005s] Level 1:colcon.colcon_core.package_identification:_identify(install) ignored
[1.005s] Level 1:colcon.colcon_core.package_identification:_identify(log) by extensions ['ignore', 'ignore_ament_install']
[1.005s] Level 1:colcon.colcon_core.package_identification:_identify(log) by extension 'ignore'
[1.006s] Level 1:colcon.colcon_core.package_identification:_identify(log) ignored
[1.006s] Level 1:colcon.colcon_core.package_identification:_identify(src) by extensions ['ignore', 'ignore_ament_install']
[1.006s] Level 1:colcon.colcon_core.package_identification:_identify(src) by extension 'ignore'
[1.006s] Level 1:colcon.colcon_core.package_identification:_identify(src) by extension 'ignore_ament_install'
[1.006s] Level 1:colcon.colcon_core.package_identification:_identify(src) by extensions ['colcon_pkg']
[1.006s] Level 1:colcon.colcon_core.package_identification:_identify(src) by extension 'colcon_pkg'
[1.006s] Level 1:colcon.colcon_core.package_identification:_identify(src) by extensions ['colcon_meta']
[1.007s] Level 1:colcon.colcon_core.package_identification:_identify(src) by extension 'colcon_meta'
[1.007s] Level 1:colcon.colcon_core.package_identification:_identify(src) by extensions ['ros']
[1.007s] Level 1:colcon.colcon_core.package_identification:_identify(src) by extension 'ros'
[1.007s] Level 1:colcon.colcon_core.package_identification:_identify(src) by extensions ['bazel', 'cmake', 'python']
[1.007s] Level 1:colcon.colcon_core.package_identification:_identify(src) by extension 'bazel'
[1.007s] Level 1:colcon.colcon_core.package_identification:_identify(src) by extension 'cmake'
[1.007s] Level 1:colcon.colcon_core.package_identification:_identify(src) by extension 'python'
[1.007s] Level 1:colcon.colcon_core.package_identification:_identify(src) by extensions ['python_setup_py']
[1.007s] Level 1:colcon.colcon_core.package_identification:_identify(src) by extension 'python_setup_py'
[1.008s] Level 1:colcon.colcon_core.package_identification:_identify(src/space_driver) by extensions ['ignore', 'ignore_ament_install']
[1.008s] Level 1:colcon.colcon_core.package_identification:_identify(src/space_driver) by extension 'ignore'
[1.008s] Level 1:colcon.colcon_core.package_identification:_identify(src/space_driver) by extension 'ignore_ament_install'
[1.008s] Level 1:colcon.colcon_core.package_identification:_identify(src/space_driver) by extensions ['colcon_pkg']
[1.008s] Level 1:colcon.colcon_core.package_identification:_identify(src/space_driver) by extension 'colcon_pkg'
[1.008s] Level 1:colcon.colcon_core.package_identification:_identify(src/space_driver) by extensions ['colcon_meta']
[1.008s] Level 1:colcon.colcon_core.package_identification:_identify(src/space_driver) by extension 'colcon_meta'
[1.009s] Level 1:colcon.colcon_core.package_identification:_identify(src/space_driver) by extensions ['ros']
[1.009s] Level 1:colcon.colcon_core.package_identification:_identify(src/space_driver) by extension 'ros'
[1.015s] DEBUG:colcon.colcon_core.package_identification:Package 'src/space_driver' with type 'ros.ament_cmake' and name 'space_driver'
[1.015s] Level 1:colcon.colcon_core.package_identification:_identify(src/space_interfaces) by extensions ['ignore', 'ignore_ament_install']
[1.015s] Level 1:colcon.colcon_core.package_identification:_identify(src/space_interfaces) by extension 'ignore'
[1.015s] Level 1:colcon.colcon_core.package_identification:_identify(src/space_interfaces) by extension 'ignore_ament_install'
[1.016s] Level 1:colcon.colcon_core.package_identification:_identify(src/space_interfaces) by extensions ['colcon_pkg']
[1.016s] Level 1:colcon.colcon_core.package_identification:_identify(src/space_interfaces) by extension 'colcon_pkg'
[1.016s] Level 1:colcon.colcon_core.package_identification:_identify(src/space_interfaces) by extensions ['colcon_meta']
[1.016s] Level 1:colcon.colcon_core.package_identification:_identify(src/space_interfaces) by extension 'colcon_meta'
[1.016s] Level 1:colcon.colcon_core.package_identification:_identify(src/space_interfaces) by extensions ['ros']
[1.016s] Level 1:colcon.colcon_core.package_identification:_identify(src/space_interfaces) by extension 'ros'
[1.017s] DEBUG:colcon.colcon_core.package_identification:Package 'src/space_interfaces' with type 'ros.ament_cmake' and name 'space_interfaces'
[1.018s] Level 1:colcon.colcon_core.package_discovery:discover_packages(recursive) using defaults
[1.018s] Level 1:colcon.colcon_core.package_discovery:discover_packages(ignore) discover
[1.018s] Level 1:colcon.colcon_core.package_discovery:discover_packages(ignore) using defaults
[1.018s] Level 1:colcon.colcon_core.package_discovery:discover_packages(path) discover
[1.018s] Level 1:colcon.colcon_core.package_discovery:discover_packages(path) using defaults
[1.070s] Level 1:colcon.colcon_core.package_discovery:discover_packages(prefix_path) check parameters
[1.071s] Level 1:colcon.colcon_core.package_discovery:discover_packages(prefix_path) discover
[1.077s] DEBUG:colcon.colcon_installed_package_information.package_discovery:Found 258 installed packages in /opt/ros/foxy
[1.080s] Level 1:colcon.colcon_core.package_discovery:discover_packages(prefix_path) using defaults
[1.298s] Level 5:colcon.colcon_core.verb:set package 'space_interfaces' build argument 'bazel_args' from command line to 'None'
[1.299s] Level 5:colcon.colcon_core.verb:set package 'space_interfaces' build argument 'bazel_task' from command line to 'None'
[1.299s] Level 5:colcon.colcon_core.verb:set package 'space_interfaces' build argument 'cmake_args' from command line to 'None'
[1.299s] Level 5:colcon.colcon_core.verb:set package 'space_interfaces' build argument 'cmake_target' from command line to 'None'
[1.299s] Level 5:colcon.colcon_core.verb:set package 'space_interfaces' build argument 'cmake_target_skip_unavailable' from command line to 'False'
[1.299s] Level 5:colcon.colcon_core.verb:set package 'space_interfaces' build argument 'cmake_clean_cache' from command line to 'False'
[1.299s] Level 5:colcon.colcon_core.verb:set package 'space_interfaces' build argument 'cmake_clean_first' from command line to 'False'
[1.299s] Level 5:colcon.colcon_core.verb:set package 'space_interfaces' build argument 'cmake_force_configure' from command line to 'False'
[1.299s] Level 5:colcon.colcon_core.verb:set package 'space_interfaces' build argument 'ament_cmake_args' from command line to 'None'
[1.299s] Level 5:colcon.colcon_core.verb:set package 'space_interfaces' build argument 'catkin_cmake_args' from command line to 'None'
[1.299s] Level 5:colcon.colcon_core.verb:set package 'space_interfaces' build argument 'catkin_skip_building_tests' from command line to 'False'
[1.299s] DEBUG:colcon.colcon_core.verb:Building package 'space_interfaces' with the following arguments: {'ament_cmake_args': None, 'bazel_args': None, 'bazel_task': None, 'build_base': '/home/landau/Documents/GitHub/space_robot/build/space_interfaces', 'catkin_cmake_args': None, 'catkin_skip_building_tests': False, 'cmake_args': None, 'cmake_clean_cache': False, 'cmake_clean_first': False, 'cmake_force_configure': False, 'cmake_target': None, 'cmake_target_skip_unavailable': False, 'install_base': '/home/landau/Documents/GitHub/space_robot/install/space_interfaces', 'merge_install': False, 'path': '/home/landau/Documents/GitHub/space_robot/src/space_interfaces', 'symlink_install': False, 'test_result_base': None}
[1.300s] Level 5:colcon.colcon_core.verb:set package 'space_driver' build argument 'bazel_args' from command line to 'None'
[1.300s] Level 5:colcon.colcon_core.verb:set package 'space_driver' build argument 'bazel_task' from command line to 'None'
[1.300s] Level 5:colcon.colcon_core.verb:set package 'space_driver' build argument 'cmake_args' from command line to 'None'
[1.301s] Level 5:colcon.colcon_core.verb:set package 'space_driver' build argument 'cmake_target' from command line to 'None'
[1.301s] Level 5:colcon.colcon_core.verb:set package 'space_driver' build argument 'cmake_target_skip_unavailable' from command line to 'False'
[1.301s] Level 5:colcon.colcon_core.verb:set package 'space_driver' build argument 'cmake_clean_cache' from command line to 'False'
[1.301s] Level 5:colcon.colcon_core.verb:set package 'space_driver' build argument 'cmake_clean_first' from command line to 'False'
[1.301s] Level 5:colcon.colcon_core.verb:set package 'space_driver' build argument 'cmake_force_configure' from command line to 'False'
[1.301s] Level 5:colcon.colcon_core.verb:set package 'space_driver' build argument 'ament_cmake_args' from command line to 'None'
[1.301s] Level 5:colcon.colcon_core.verb:set package 'space_driver' build argument 'catkin_cmake_args' from command line to 'None'
[1.301s] Level 5:colcon.colcon_core.verb:set package 'space_driver' build argument 'catkin_skip_building_tests' from command line to 'False'
[1.301s] DEBUG:colcon.colcon_core.verb:Building package 'space_driver' with the following arguments: {'ament_cmake_args': None, 'bazel_args': None, 'bazel_task': None, 'build_base': '/home/landau/Documents/GitHub/space_robot/build/space_driver', 'catkin_cmake_args': None, 'catkin_skip_building_tests': False, 'cmake_args': None, 'cmake_clean_cache': False, 'cmake_clean_first': False, 'cmake_force_configure': False, 'cmake_target': None, 'cmake_target_skip_unavailable': False, 'install_base': '/home/landau/Documents/GitHub/space_robot/install/space_driver', 'merge_install': False, 'path': '/home/landau/Documents/GitHub/space_robot/src/space_driver', 'symlink_install': False, 'test_result_base': None}
[1.301s] INFO:colcon.colcon_core.executor:Executing jobs using 'parallel' executor
[1.303s] DEBUG:colcon.colcon_parallel_executor.executor.parallel:run_until_complete
[1.304s] INFO:colcon.colcon_ros.task.ament_cmake.build:Building ROS package in '/home/landau/Documents/GitHub/space_robot/src/space_interfaces' with build type 'ament_cmake'
[1.304s] INFO:colcon.colcon_cmake.task.cmake.build:Building CMake package in '/home/landau/Documents/GitHub/space_robot/src/space_interfaces'
[1.310s] INFO:colcon.colcon_core.plugin_system:Skipping extension 'colcon_core.shell.bat': Not used on non-Windows systems
[1.311s] DEBUG:colcon.colcon_ros_domain_id_coordinator.shell.ros_domain_id:Allocated ROS_DOMAIN_ID=17 for '/home/landau/Documents/GitHub/space_robot/build/space_interfaces'
[1.311s] INFO:colcon.colcon_core.shell:Skip shell extension 'ros_domain_id' for command environment: 
[1.311s] INFO:colcon.colcon_core.shell:Skip shell extension 'powershell' for command environment: Not usable outside of PowerShell
[1.311s] DEBUG:colcon.colcon_core.shell:Skip shell extension 'dsv' for command environment
[1.344s] DEBUG:colcon.colcon_core.event_handler.log_command:Invoking command in '/home/landau/Documents/GitHub/space_robot/build/space_interfaces': CMAKE_PREFIX_PATH=/opt/ros/foxy /usr/bin/cmake /home/landau/Documents/GitHub/space_robot/src/space_interfaces -DCMAKE_INSTALL_PREFIX=/home/landau/Documents/GitHub/space_robot/install/space_interfaces
[7.237s] DEBUG:colcon.colcon_core.event_handler.log_command:Invoked command in '/home/landau/Documents/GitHub/space_robot/build/space_interfaces' returned '0': CMAKE_PREFIX_PATH=/opt/ros/foxy /usr/bin/cmake /home/landau/Documents/GitHub/space_robot/src/space_interfaces -DCMAKE_INSTALL_PREFIX=/home/landau/Documents/GitHub/space_robot/install/space_interfaces
[7.249s] DEBUG:colcon.colcon_core.event_handler.log_command:Invoking command in '/home/landau/Documents/GitHub/space_robot/build/space_interfaces': CMAKE_PREFIX_PATH=/opt/ros/foxy /usr/bin/cmake --build /home/landau/Documents/GitHub/space_robot/build/space_interfaces -- -j8 -l8
[59.510s] DEBUG:colcon.colcon_core.event_handler.log_command:Invoked command in '/home/landau/Documents/GitHub/space_robot/build/space_interfaces' returned '0': CMAKE_PREFIX_PATH=/opt/ros/foxy /usr/bin/cmake --build /home/landau/Documents/GitHub/space_robot/build/space_interfaces -- -j8 -l8
[60.163s] DEBUG:colcon.colcon_core.event_handler.log_command:Invoking command in '/home/landau/Documents/GitHub/space_robot/build/space_interfaces': CMAKE_PREFIX_PATH=/opt/ros/foxy /usr/bin/cmake --install /home/landau/Documents/GitHub/space_robot/build/space_interfaces
[60.472s] Level 1:colcon.colcon_core.environment:create_environment_scripts_only(space_interfaces)
[60.475s] DEBUG:colcon.colcon_core.event_handler.log_command:Invoked command in '/home/landau/Documents/GitHub/space_robot/build/space_interfaces' returned '0': CMAKE_PREFIX_PATH=/opt/ros/foxy /usr/bin/cmake --install /home/landau/Documents/GitHub/space_robot/build/space_interfaces
[60.483s] Level 1:colcon.colcon_core.environment:checking '/home/landau/Documents/GitHub/space_robot/install/space_interfaces' for CMake module files
[60.487s] Level 1:colcon.colcon_core.environment:checking '/home/landau/Documents/GitHub/space_robot/install/space_interfaces' for CMake config files
[60.490s] Level 1:colcon.colcon_core.shell:create_environment_hook('space_interfaces', 'cmake_prefix_path')
[60.490s] INFO:colcon.colcon_core.shell:Creating environment hook '/home/landau/Documents/GitHub/space_robot/install/space_interfaces/share/space_interfaces/hook/cmake_prefix_path.ps1'
[60.492s] INFO:colcon.colcon_core.shell:Creating environment descriptor '/home/landau/Documents/GitHub/space_robot/install/space_interfaces/share/space_interfaces/hook/cmake_prefix_path.dsv'
[60.493s] INFO:colcon.colcon_core.shell:Creating environment hook '/home/landau/Documents/GitHub/space_robot/install/space_interfaces/share/space_interfaces/hook/cmake_prefix_path.sh'
[60.495s] Level 1:colcon.colcon_core.environment:checking '/home/landau/Documents/GitHub/space_robot/install/space_interfaces/lib'
[60.495s] Level 1:colcon.colcon_core.shell:create_environment_hook('space_interfaces', 'ld_library_path_lib')
[60.496s] INFO:colcon.colcon_core.shell:Creating environment hook '/home/landau/Documents/GitHub/space_robot/install/space_interfaces/share/space_interfaces/hook/ld_library_path_lib.ps1'
[60.497s] INFO:colcon.colcon_core.shell:Creating environment descriptor '/home/landau/Documents/GitHub/space_robot/install/space_interfaces/share/space_interfaces/hook/ld_library_path_lib.dsv'
[60.499s] INFO:colcon.colcon_core.shell:Creating environment hook '/home/landau/Documents/GitHub/space_robot/install/space_interfaces/share/space_interfaces/hook/ld_library_path_lib.sh'
[60.499s] Level 1:colcon.colcon_core.environment:checking '/home/landau/Documents/GitHub/space_robot/install/space_interfaces/bin'
[60.500s] Level 1:colcon.colcon_core.environment:checking '/home/landau/Documents/GitHub/space_robot/install/space_interfaces/lib/pkgconfig/space_interfaces.pc'
[60.500s] Level 1:colcon.colcon_core.environment:checking '/home/landau/Documents/GitHub/space_robot/install/space_interfaces/lib/python3.8/site-packages'
[60.500s] Level 1:colcon.colcon_core.shell:create_environment_hook('space_interfaces', 'pythonpath')
[60.501s] INFO:colcon.colcon_core.shell:Creating environment hook '/home/landau/Documents/GitHub/space_robot/install/space_interfaces/share/space_interfaces/hook/pythonpath.ps1'
[60.502s] INFO:colcon.colcon_core.shell:Creating environment descriptor '/home/landau/Documents/GitHub/space_robot/install/space_interfaces/share/space_interfaces/hook/pythonpath.dsv'
[60.503s] INFO:colcon.colcon_core.shell:Creating environment hook '/home/landau/Documents/GitHub/space_robot/install/space_interfaces/share/space_interfaces/hook/pythonpath.sh'
[60.504s] Level 1:colcon.colcon_core.environment:checking '/home/landau/Documents/GitHub/space_robot/install/space_interfaces/bin'
[60.505s] INFO:colcon.colcon_core.shell:Creating package script '/home/landau/Documents/GitHub/space_robot/install/space_interfaces/share/space_interfaces/package.ps1'
[60.506s] INFO:colcon.colcon_core.shell:Creating package descriptor '/home/landau/Documents/GitHub/space_robot/install/space_interfaces/share/space_interfaces/package.dsv'
[60.508s] INFO:colcon.colcon_core.shell:Creating package script '/home/landau/Documents/GitHub/space_robot/install/space_interfaces/share/space_interfaces/package.sh'
[60.510s] INFO:colcon.colcon_core.shell:Creating package script '/home/landau/Documents/GitHub/space_robot/install/space_interfaces/share/space_interfaces/package.bash'
[60.511s] INFO:colcon.colcon_core.shell:Creating package script '/home/landau/Documents/GitHub/space_robot/install/space_interfaces/share/space_interfaces/package.zsh'
[60.512s] Level 1:colcon.colcon_core.environment:create_file_with_runtime_dependencies(/home/landau/Documents/GitHub/space_robot/install/space_interfaces/share/colcon-core/packages/space_interfaces)
[61.138s] Level 1:colcon.colcon_core.environment:create_environment_scripts_only(space_interfaces)
[61.139s] Level 1:colcon.colcon_core.environment:checking '/home/landau/Documents/GitHub/space_robot/install/space_interfaces' for CMake module files
[61.140s] Level 1:colcon.colcon_core.environment:checking '/home/landau/Documents/GitHub/space_robot/install/space_interfaces' for CMake config files
[61.143s] Level 1:colcon.colcon_core.shell:create_environment_hook('space_interfaces', 'cmake_prefix_path')
[61.143s] INFO:colcon.colcon_core.shell:Creating environment hook '/home/landau/Documents/GitHub/space_robot/install/space_interfaces/share/space_interfaces/hook/cmake_prefix_path.ps1'
[61.145s] INFO:colcon.colcon_core.shell:Creating environment descriptor '/home/landau/Documents/GitHub/space_robot/install/space_interfaces/share/space_interfaces/hook/cmake_prefix_path.dsv'
[61.146s] INFO:colcon.colcon_core.shell:Creating environment hook '/home/landau/Documents/GitHub/space_robot/install/space_interfaces/share/space_interfaces/hook/cmake_prefix_path.sh'
[61.147s] Level 1:colcon.colcon_core.environment:checking '/home/landau/Documents/GitHub/space_robot/install/space_interfaces/lib'
[61.147s] Level 1:colcon.colcon_core.shell:create_environment_hook('space_interfaces', 'ld_library_path_lib')
[61.148s] INFO:colcon.colcon_core.shell:Creating environment hook '/home/landau/Documents/GitHub/space_robot/install/space_interfaces/share/space_interfaces/hook/ld_library_path_lib.ps1'
[61.149s] INFO:colcon.colcon_core.shell:Creating environment descriptor '/home/landau/Documents/GitHub/space_robot/install/space_interfaces/share/space_interfaces/hook/ld_library_path_lib.dsv'
[61.152s] INFO:colcon.colcon_core.shell:Creating environment hook '/home/landau/Documents/GitHub/space_robot/install/space_interfaces/share/space_interfaces/hook/ld_library_path_lib.sh'
[61.153s] Level 1:colcon.colcon_core.environment:checking '/home/landau/Documents/GitHub/space_robot/install/space_interfaces/bin'
[61.153s] Level 1:colcon.colcon_core.environment:checking '/home/landau/Documents/GitHub/space_robot/install/space_interfaces/lib/pkgconfig/space_interfaces.pc'
[61.154s] Level 1:colcon.colcon_core.environment:checking '/home/landau/Documents/GitHub/space_robot/install/space_interfaces/lib/python3.8/site-packages'
[61.154s] Level 1:colcon.colcon_core.shell:create_environment_hook('space_interfaces', 'pythonpath')
[61.155s] INFO:colcon.colcon_core.shell:Creating environment hook '/home/landau/Documents/GitHub/space_robot/install/space_interfaces/share/space_interfaces/hook/pythonpath.ps1'
[61.156s] INFO:colcon.colcon_core.shell:Creating environment descriptor '/home/landau/Documents/GitHub/space_robot/install/space_interfaces/share/space_interfaces/hook/pythonpath.dsv'
[61.156s] INFO:colcon.colcon_core.shell:Creating environment hook '/home/landau/Documents/GitHub/space_robot/install/space_interfaces/share/space_interfaces/hook/pythonpath.sh'
[61.253s] Level 1:colcon.colcon_core.environment:checking '/home/landau/Documents/GitHub/space_robot/install/space_interfaces/bin'
[61.254s] INFO:colcon.colcon_core.shell:Creating package script '/home/landau/Documents/GitHub/space_robot/install/space_interfaces/share/space_interfaces/package.ps1'
[61.256s] INFO:colcon.colcon_core.shell:Creating package descriptor '/home/landau/Documents/GitHub/space_robot/install/space_interfaces/share/space_interfaces/package.dsv'
[61.257s] INFO:colcon.colcon_core.shell:Creating package script '/home/landau/Documents/GitHub/space_robot/install/space_interfaces/share/space_interfaces/package.sh'
[61.258s] INFO:colcon.colcon_core.shell:Creating package script '/home/landau/Documents/GitHub/space_robot/install/space_interfaces/share/space_interfaces/package.bash'
[61.698s] INFO:colcon.colcon_core.shell:Creating package script '/home/landau/Documents/GitHub/space_robot/install/space_interfaces/share/space_interfaces/package.zsh'
[61.700s] Level 1:colcon.colcon_core.environment:create_file_with_runtime_dependencies(/home/landau/Documents/GitHub/space_robot/install/space_interfaces/share/colcon-core/packages/space_interfaces)
[61.701s] INFO:colcon.colcon_ros.task.ament_cmake.build:Building ROS package in '/home/landau/Documents/GitHub/space_robot/src/space_driver' with build type 'ament_cmake'
[61.702s] INFO:colcon.colcon_cmake.task.cmake.build:Building CMake package in '/home/landau/Documents/GitHub/space_robot/src/space_driver'
[61.702s] DEBUG:colcon.colcon_ros_domain_id_coordinator.shell.ros_domain_id:Released ROS_DOMAIN_ID=17 for '/home/landau/Documents/GitHub/space_robot/build/space_interfaces'
[61.703s] DEBUG:colcon.colcon_ros_domain_id_coordinator.shell.ros_domain_id:Allocated ROS_DOMAIN_ID=34 for '/home/landau/Documents/GitHub/space_robot/build/space_driver'
[61.704s] INFO:colcon.colcon_core.shell:Skip shell extension 'ros_domain_id' for command environment: 
[61.705s] INFO:colcon.colcon_core.shell:Skip shell extension 'powershell' for command environment: Not usable outside of PowerShell
[61.705s] DEBUG:colcon.colcon_core.shell:Skip shell extension 'dsv' for command environment
[61.742s] DEBUG:colcon.colcon_core.event_handler.log_command:Invoking command in '/home/landau/Documents/GitHub/space_robot/build/space_driver': AMENT_PREFIX_PATH=/home/landau/Documents/GitHub/space_robot/install/space_interfaces:${AMENT_PREFIX_PATH} CMAKE_PREFIX_PATH=/home/landau/Documents/GitHub/space_robot/install/space_interfaces:/opt/ros/foxy LD_LIBRARY_PATH=/home/landau/Documents/GitHub/space_robot/install/space_interfaces/lib:${LD_LIBRARY_PATH} PYTHONPATH=/home/landau/Documents/GitHub/space_robot/install/space_interfaces/lib/python3.8/site-packages:${PYTHONPATH} /usr/bin/cmake /home/landau/Documents/GitHub/space_robot/src/space_driver -DCMAKE_INSTALL_PREFIX=/home/landau/Documents/GitHub/space_robot/install/space_driver
[70.557s] DEBUG:colcon.colcon_core.event_handler.log_command:Invoked command in '/home/landau/Documents/GitHub/space_robot/build/space_driver' returned '0': AMENT_PREFIX_PATH=/home/landau/Documents/GitHub/space_robot/install/space_interfaces:${AMENT_PREFIX_PATH} CMAKE_PREFIX_PATH=/home/landau/Documents/GitHub/space_robot/install/space_interfaces:/opt/ros/foxy LD_LIBRARY_PATH=/home/landau/Documents/GitHub/space_robot/install/space_interfaces/lib:${LD_LIBRARY_PATH} PYTHONPATH=/home/landau/Documents/GitHub/space_robot/install/space_interfaces/lib/python3.8/site-packages:${PYTHONPATH} /usr/bin/cmake /home/landau/Documents/GitHub/space_robot/src/space_driver -DCMAKE_INSTALL_PREFIX=/home/landau/Documents/GitHub/space_robot/install/space_driver
[70.565s] DEBUG:colcon.colcon_core.event_handler.log_command:Invoking command in '/home/landau/Documents/GitHub/space_robot/build/space_driver': AMENT_PREFIX_PATH=/home/landau/Documents/GitHub/space_robot/install/space_interfaces:${AMENT_PREFIX_PATH} CMAKE_PREFIX_PATH=/home/landau/Documents/GitHub/space_robot/install/space_interfaces:/opt/ros/foxy LD_LIBRARY_PATH=/home/landau/Documents/GitHub/space_robot/install/space_interfaces/lib:${LD_LIBRARY_PATH} PYTHONPATH=/home/landau/Documents/GitHub/space_robot/install/space_interfaces/lib/python3.8/site-packages:${PYTHONPATH} /usr/bin/cmake --build /home/landau/Documents/GitHub/space_robot/build/space_driver -- -j8 -l8
[135.338s] DEBUG:colcon.colcon_core.event_handler.log_command:Invoked command in '/home/landau/Documents/GitHub/space_robot/build/space_driver' returned '0': AMENT_PREFIX_PATH=/home/landau/Documents/GitHub/space_robot/install/space_interfaces:${AMENT_PREFIX_PATH} CMAKE_PREFIX_PATH=/home/landau/Documents/GitHub/space_robot/install/space_interfaces:/opt/ros/foxy LD_LIBRARY_PATH=/home/landau/Documents/GitHub/space_robot/install/space_interfaces/lib:${LD_LIBRARY_PATH} PYTHONPATH=/home/landau/Documents/GitHub/space_robot/install/space_interfaces/lib/python3.8/site-packages:${PYTHONPATH} /usr/bin/cmake --build /home/landau/Documents/GitHub/space_robot/build/space_driver -- -j8 -l8
[135.490s] DEBUG:colcon.colcon_core.event_handler.log_command:Invoking command in '/home/landau/Documents/GitHub/space_robot/build/space_driver': AMENT_PREFIX_PATH=/home/landau/Documents/GitHub/space_robot/install/space_interfaces:${AMENT_PREFIX_PATH} CMAKE_PREFIX_PATH=/home/landau/Documents/GitHub/space_robot/install/space_interfaces:/opt/ros/foxy LD_LIBRARY_PATH=/home/landau/Documents/GitHub/space_robot/install/space_interfaces/lib:${LD_LIBRARY_PATH} PYTHONPATH=/home/landau/Documents/GitHub/space_robot/install/space_interfaces/lib/python3.8/site-packages:${PYTHONPATH} /usr/bin/cmake --install /home/landau/Documents/GitHub/space_robot/build/space_driver
[135.570s] Level 1:colcon.colcon_core.environment:create_environment_scripts_only(space_driver)
[135.571s] Level 1:colcon.colcon_core.environment:checking '/home/landau/Documents/GitHub/space_robot/install/space_driver' for CMake module files
[135.573s] DEBUG:colcon.colcon_core.event_handler.log_command:Invoked command in '/home/landau/Documents/GitHub/space_robot/build/space_driver' returned '0': AMENT_PREFIX_PATH=/home/landau/Documents/GitHub/space_robot/install/space_interfaces:${AMENT_PREFIX_PATH} CMAKE_PREFIX_PATH=/home/landau/Documents/GitHub/space_robot/install/space_interfaces:/opt/ros/foxy LD_LIBRARY_PATH=/home/landau/Documents/GitHub/space_robot/install/space_interfaces/lib:${LD_LIBRARY_PATH} PYTHONPATH=/home/landau/Documents/GitHub/space_robot/install/space_interfaces/lib/python3.8/site-packages:${PYTHONPATH} /usr/bin/cmake --install /home/landau/Documents/GitHub/space_robot/build/space_driver
[135.574s] Level 1:colcon.colcon_core.environment:checking '/home/landau/Documents/GitHub/space_robot/install/space_driver' for CMake config files
[135.574s] Level 1:colcon.colcon_core.shell:create_environment_hook('space_driver', 'cmake_prefix_path')
[135.575s] INFO:colcon.colcon_core.shell:Creating environment hook '/home/landau/Documents/GitHub/space_robot/install/space_driver/share/space_driver/hook/cmake_prefix_path.ps1'
[135.577s] INFO:colcon.colcon_core.shell:Creating environment descriptor '/home/landau/Documents/GitHub/space_robot/install/space_driver/share/space_driver/hook/cmake_prefix_path.dsv'
[135.578s] INFO:colcon.colcon_core.shell:Creating environment hook '/home/landau/Documents/GitHub/space_robot/install/space_driver/share/space_driver/hook/cmake_prefix_path.sh'
[135.579s] Level 1:colcon.colcon_core.environment:checking '/home/landau/Documents/GitHub/space_robot/install/space_driver/lib'
[135.580s] Level 1:colcon.colcon_core.environment:checking '/home/landau/Documents/GitHub/space_robot/install/space_driver/bin'
[135.580s] Level 1:colcon.colcon_core.environment:checking '/home/landau/Documents/GitHub/space_robot/install/space_driver/lib/pkgconfig/space_driver.pc'
[135.581s] Level 1:colcon.colcon_core.environment:checking '/home/landau/Documents/GitHub/space_robot/install/space_driver/lib/python3.8/site-packages'
[135.582s] Level 1:colcon.colcon_core.environment:checking '/home/landau/Documents/GitHub/space_robot/install/space_driver/bin'
[135.583s] INFO:colcon.colcon_core.shell:Creating package script '/home/landau/Documents/GitHub/space_robot/install/space_driver/share/space_driver/package.ps1'
[135.585s] INFO:colcon.colcon_core.shell:Creating package descriptor '/home/landau/Documents/GitHub/space_robot/install/space_driver/share/space_driver/package.dsv'
[135.587s] INFO:colcon.colcon_core.shell:Creating package script '/home/landau/Documents/GitHub/space_robot/install/space_driver/share/space_driver/package.sh'
[135.589s] INFO:colcon.colcon_core.shell:Creating package script '/home/landau/Documents/GitHub/space_robot/install/space_driver/share/space_driver/package.bash'
[135.591s] INFO:colcon.colcon_core.shell:Creating package script '/home/landau/Documents/GitHub/space_robot/install/space_driver/share/space_driver/package.zsh'
[135.592s] Level 1:colcon.colcon_core.environment:create_file_with_runtime_dependencies(/home/landau/Documents/GitHub/space_robot/install/space_driver/share/colcon-core/packages/space_driver)
[135.746s] Level 1:colcon.colcon_core.environment:create_environment_scripts_only(space_driver)
[135.747s] Level 1:colcon.colcon_core.environment:checking '/home/landau/Documents/GitHub/space_robot/install/space_driver' for CMake module files
[135.748s] Level 1:colcon.colcon_core.environment:checking '/home/landau/Documents/GitHub/space_robot/install/space_driver' for CMake config files
[135.749s] Level 1:colcon.colcon_core.shell:create_environment_hook('space_driver', 'cmake_prefix_path')
[135.750s] INFO:colcon.colcon_core.shell:Creating environment hook '/home/landau/Documents/GitHub/space_robot/install/space_driver/share/space_driver/hook/cmake_prefix_path.ps1'
[135.751s] INFO:colcon.colcon_core.shell:Creating environment descriptor '/home/landau/Documents/GitHub/space_robot/install/space_driver/share/space_driver/hook/cmake_prefix_path.dsv'
[135.752s] INFO:colcon.colcon_core.shell:Creating environment hook '/home/landau/Documents/GitHub/space_robot/install/space_driver/share/space_driver/hook/cmake_prefix_path.sh'
[135.753s] Level 1:colcon.colcon_core.environment:checking '/home/landau/Documents/GitHub/space_robot/install/space_driver/lib'
[135.753s] Level 1:colcon.colcon_core.environment:checking '/home/landau/Documents/GitHub/space_robot/install/space_driver/bin'
[135.753s] Level 1:colcon.colcon_core.environment:checking '/home/landau/Documents/GitHub/space_robot/install/space_driver/lib/pkgconfig/space_driver.pc'
[135.754s] Level 1:colcon.colcon_core.environment:checking '/home/landau/Documents/GitHub/space_robot/install/space_driver/lib/python3.8/site-packages'
[135.754s] Level 1:colcon.colcon_core.environment:checking '/home/landau/Documents/GitHub/space_robot/install/space_driver/bin'
[135.755s] INFO:colcon.colcon_core.shell:Creating package script '/home/landau/Documents/GitHub/space_robot/install/space_driver/share/space_driver/package.ps1'
[135.757s] INFO:colcon.colcon_core.shell:Creating package descriptor '/home/landau/Documents/GitHub/space_robot/install/space_driver/share/space_driver/package.dsv'
[135.758s] INFO:colcon.colcon_core.shell:Creating package script '/home/landau/Documents/GitHub/space_robot/install/space_driver/share/space_driver/package.sh'
[135.759s] INFO:colcon.colcon_core.shell:Creating package script '/home/landau/Documents/GitHub/space_robot/install/space_driver/share/space_driver/package.bash'
[135.760s] INFO:colcon.colcon_core.shell:Creating package script '/home/landau/Documents/GitHub/space_robot/install/space_driver/share/space_driver/package.zsh'
[135.761s] Level 1:colcon.colcon_core.environment:create_file_with_runtime_dependencies(/home/landau/Documents/GitHub/space_robot/install/space_driver/share/colcon-core/packages/space_driver)
[135.761s] DEBUG:colcon.colcon_parallel_executor.executor.parallel:closing loop
[135.762s] DEBUG:colcon.colcon_ros_domain_id_coordinator.shell.ros_domain_id:Released ROS_DOMAIN_ID=34 for '/home/landau/Documents/GitHub/space_robot/build/space_driver'
[135.762s] DEBUG:colcon.colcon_parallel_executor.executor.parallel:loop closed
[135.763s] DEBUG:colcon.colcon_parallel_executor.executor.parallel:run_until_complete finished with '0'
[135.763s] DEBUG:colcon.colcon_core.event_reactor:joining thread
[135.784s] INFO:colcon.colcon_core.plugin_system:Skipping extension 'colcon_notification.desktop_notification.terminal_notifier': Not used on non-Darwin systems
[135.784s] INFO:colcon.colcon_core.plugin_system:Skipping extension 'colcon_notification.desktop_notification.win32': Not used on non-Windows systems
[135.784s] INFO:colcon.colcon_notification.desktop_notification:Sending desktop notification using 'notify2'
[135.824s] DEBUG:colcon.colcon_core.event_reactor:joined thread
[135.825s] INFO:colcon.colcon_core.shell:Creating prefix script '/home/landau/Documents/GitHub/space_robot/install/local_setup.ps1'
[135.828s] INFO:colcon.colcon_core.shell:Creating prefix util module '/home/landau/Documents/GitHub/space_robot/install/_local_setup_util_ps1.py'
[135.831s] INFO:colcon.colcon_core.shell:Creating prefix chain script '/home/landau/Documents/GitHub/space_robot/install/setup.ps1'
[135.833s] INFO:colcon.colcon_core.shell:Creating prefix script '/home/landau/Documents/GitHub/space_robot/install/local_setup.sh'
[135.835s] INFO:colcon.colcon_core.shell:Creating prefix util module '/home/landau/Documents/GitHub/space_robot/install/_local_setup_util_sh.py'
[135.836s] INFO:colcon.colcon_core.shell:Creating prefix chain script '/home/landau/Documents/GitHub/space_robot/install/setup.sh'
[135.838s] INFO:colcon.colcon_core.shell:Creating prefix script '/home/landau/Documents/GitHub/space_robot/install/local_setup.bash'
[135.839s] INFO:colcon.colcon_core.shell:Creating prefix chain script '/home/landau/Documents/GitHub/space_robot/install/setup.bash'
[135.841s] INFO:colcon.colcon_core.shell:Creating prefix script '/home/landau/Documents/GitHub/space_robot/install/local_setup.zsh'
[135.843s] INFO:colcon.colcon_core.shell:Creating prefix chain script '/home/landau/Documents/GitHub/space_robot/install/setup.zsh'
[135.845s] INFO:colcon.colcon_core.shell:Creating '/home/landau/Documents/GitHub/space_robot/install/spawn_shell.bash'
