[0.637s] DEBUG:colcon:Command line arguments: ['/usr/bin/colcon', 'build']
[0.638s] DEBUG:colcon:Parsed command line arguments: Namespace(allow_overriding=[], ament_cmake_args=None, base_paths=['.'], bazel_args=None, bazel_task=None, build_base='build', catkin_cmake_args=None, catkin_skip_building_tests=False, cmake_args=None, cmake_clean_cache=False, cmake_clean_first=False, cmake_force_configure=False, cmake_target=None, cmake_target_skip_unavailable=False, continue_on_error=False, event_handlers=None, executor='parallel', ignore_user_meta=False, install_base='install', log_base=None, log_level=None, main=<bound method BuildVerb.main of <colcon_core.verb.build.BuildVerb object at 0x7f1a35586970>>, merge_install=False, metas=['./colcon.meta'], mixin=None, mixin_files=None, mixin_verb=('build',), packages_above=None, packages_above_and_dependencies=None, packages_above_depth=None, packages_end=None, packages_ignore=None, packages_ignore_regex=None, packages_select=None, packages_select_build_failed=False, packages_select_by_dep=None, packages_select_regex=None, packages_select_test_failures=False, packages_skip=None, packages_skip_build_finished=False, packages_skip_by_dep=None, packages_skip_regex=None, packages_skip_test_passed=False, packages_skip_up_to=None, packages_start=None, packages_up_to=None, packages_up_to_regex=None, parallel_workers=8, paths=None, symlink_install=False, test_result_base=None, verb_extension=<colcon_core.verb.build.BuildVerb object at 0x7f1a35586970>, verb_name='build', verb_parser=<colcon_alias.argument_parser.alias.AliasArgumentDecorator object at 0x7f1a355988e0>)
[1.134s] Level 1:colcon.colcon_core.package_discovery:discover_packages(colcon_meta) check parameters
[1.135s] Level 1:colcon.colcon_core.package_discovery:discover_packages(recursive) check parameters
[1.135s] Level 1:colcon.colcon_core.package_discovery:discover_packages(ignore) check parameters
[1.135s] Level 1:colcon.colcon_core.package_discovery:discover_packages(path) check parameters
[1.135s] Level 1:colcon.colcon_core.package_discovery:discover_packages(colcon_meta) discover
[1.135s] Level 1:colcon.colcon_core.package_discovery:discover_packages(recursive) discover
[1.135s] INFO:colcon.colcon_core.package_discovery:Crawling recursively for packages in '/home/landau/Documents/GitHub/space_robot'
[1.135s] Level 1:colcon.colcon_core.package_identification:_identify(.) by extensions ['ignore', 'ignore_ament_install']
[1.136s] Level 1:colcon.colcon_core.package_identification:_identify(.) by extension 'ignore'
[1.136s] Level 1:colcon.colcon_core.package_identification:_identify(.) by extension 'ignore_ament_install'
[1.136s] Level 1:colcon.colcon_core.package_identification:_identify(.) by extensions ['colcon_pkg']
[1.136s] Level 1:colcon.colcon_core.package_identification:_identify(.) by extension 'colcon_pkg'
[1.136s] Level 1:colcon.colcon_core.package_identification:_identify(.) by extensions ['colcon_meta']
[1.136s] Level 1:colcon.colcon_core.package_identification:_identify(.) by extension 'colcon_meta'
[1.136s] Level 1:colcon.colcon_core.package_identification:_identify(.) by extensions ['ros']
[1.136s] Level 1:colcon.colcon_core.package_identification:_identify(.) by extension 'ros'
[1.144s] Level 1:colcon.colcon_core.package_identification:_identify(.) by extensions ['bazel', 'cmake', 'python']
[1.144s] Level 1:colcon.colcon_core.package_identification:_identify(.) by extension 'bazel'
[1.144s] Level 1:colcon.colcon_core.package_identification:_identify(.) by extension 'cmake'
[1.144s] Level 1:colcon.colcon_core.package_identification:_identify(.) by extension 'python'
[1.144s] Level 1:colcon.colcon_core.package_identification:_identify(.) by extensions ['python_setup_py']
[1.144s] Level 1:colcon.colcon_core.package_identification:_identify(.) by extension 'python_setup_py'
[1.145s] Level 1:colcon.colcon_core.package_identification:_identify(build) by extensions ['ignore', 'ignore_ament_install']
[1.145s] Level 1:colcon.colcon_core.package_identification:_identify(build) by extension 'ignore'
[1.145s] Level 1:colcon.colcon_core.package_identification:_identify(build) ignored
[1.146s] Level 1:colcon.colcon_core.package_identification:_identify(install) by extensions ['ignore', 'ignore_ament_install']
[1.147s] Level 1:colcon.colcon_core.package_identification:_identify(install) by extension 'ignore'
[1.147s] Level 1:colcon.colcon_core.package_identification:_identify(install) ignored
[1.147s] Level 1:colcon.colcon_core.package_identification:_identify(log) by extensions ['ignore', 'ignore_ament_install']
[1.147s] Level 1:colcon.colcon_core.package_identification:_identify(log) by extension 'ignore'
[1.148s] Level 1:colcon.colcon_core.package_identification:_identify(log) ignored
[1.148s] Level 1:colcon.colcon_core.package_identification:_identify(src) by extensions ['ignore', 'ignore_ament_install']
[1.148s] Level 1:colcon.colcon_core.package_identification:_identify(src) by extension 'ignore'
[1.148s] Level 1:colcon.colcon_core.package_identification:_identify(src) by extension 'ignore_ament_install'
[1.149s] Level 1:colcon.colcon_core.package_identification:_identify(src) by extensions ['colcon_pkg']
[1.149s] Level 1:colcon.colcon_core.package_identification:_identify(src) by extension 'colcon_pkg'
[1.149s] Level 1:colcon.colcon_core.package_identification:_identify(src) by extensions ['colcon_meta']
[1.149s] Level 1:colcon.colcon_core.package_identification:_identify(src) by extension 'colcon_meta'
[1.149s] Level 1:colcon.colcon_core.package_identification:_identify(src) by extensions ['ros']
[1.149s] Level 1:colcon.colcon_core.package_identification:_identify(src) by extension 'ros'
[1.150s] Level 1:colcon.colcon_core.package_identification:_identify(src) by extensions ['bazel', 'cmake', 'python']
[1.150s] Level 1:colcon.colcon_core.package_identification:_identify(src) by extension 'bazel'
[1.150s] Level 1:colcon.colcon_core.package_identification:_identify(src) by extension 'cmake'
[1.150s] Level 1:colcon.colcon_core.package_identification:_identify(src) by extension 'python'
[1.150s] Level 1:colcon.colcon_core.package_identification:_identify(src) by extensions ['python_setup_py']
[1.150s] Level 1:colcon.colcon_core.package_identification:_identify(src) by extension 'python_setup_py'
[1.151s] Level 1:colcon.colcon_core.package_identification:_identify(src/space_driver) by extensions ['ignore', 'ignore_ament_install']
[1.151s] Level 1:colcon.colcon_core.package_identification:_identify(src/space_driver) by extension 'ignore'
[1.151s] Level 1:colcon.colcon_core.package_identification:_identify(src/space_driver) by extension 'ignore_ament_install'
[1.151s] Level 1:colcon.colcon_core.package_identification:_identify(src/space_driver) by extensions ['colcon_pkg']
[1.151s] Level 1:colcon.colcon_core.package_identification:_identify(src/space_driver) by extension 'colcon_pkg'
[1.151s] Level 1:colcon.colcon_core.package_identification:_identify(src/space_driver) by extensions ['colcon_meta']
[1.151s] Level 1:colcon.colcon_core.package_identification:_identify(src/space_driver) by extension 'colcon_meta'
[1.152s] Level 1:colcon.colcon_core.package_identification:_identify(src/space_driver) by extensions ['ros']
[1.152s] Level 1:colcon.colcon_core.package_identification:_identify(src/space_driver) by extension 'ros'
[1.158s] DEBUG:colcon.colcon_core.package_identification:Package 'src/space_driver' with type 'ros.ament_cmake' and name 'space_driver'
[1.158s] Level 1:colcon.colcon_core.package_identification:_identify(src/space_interfaces) by extensions ['ignore', 'ignore_ament_install']
[1.159s] Level 1:colcon.colcon_core.package_identification:_identify(src/space_interfaces) by extension 'ignore'
[1.159s] Level 1:colcon.colcon_core.package_identification:_identify(src/space_interfaces) by extension 'ignore_ament_install'
[1.159s] Level 1:colcon.colcon_core.package_identification:_identify(src/space_interfaces) by extensions ['colcon_pkg']
[1.159s] Level 1:colcon.colcon_core.package_identification:_identify(src/space_interfaces) by extension 'colcon_pkg'
[1.159s] Level 1:colcon.colcon_core.package_identification:_identify(src/space_interfaces) by extensions ['colcon_meta']
[1.159s] Level 1:colcon.colcon_core.package_identification:_identify(src/space_interfaces) by extension 'colcon_meta'
[1.160s] Level 1:colcon.colcon_core.package_identification:_identify(src/space_interfaces) by extensions ['ros']
[1.160s] Level 1:colcon.colcon_core.package_identification:_identify(src/space_interfaces) by extension 'ros'
[1.161s] DEBUG:colcon.colcon_core.package_identification:Package 'src/space_interfaces' with type 'ros.ament_cmake' and name 'space_interfaces'
[1.161s] Level 1:colcon.colcon_core.package_discovery:discover_packages(recursive) using defaults
[1.161s] Level 1:colcon.colcon_core.package_discovery:discover_packages(ignore) discover
[1.161s] Level 1:colcon.colcon_core.package_discovery:discover_packages(ignore) using defaults
[1.162s] Level 1:colcon.colcon_core.package_discovery:discover_packages(path) discover
[1.162s] Level 1:colcon.colcon_core.package_discovery:discover_packages(path) using defaults
[1.223s] Level 1:colcon.colcon_core.package_discovery:discover_packages(prefix_path) check parameters
[1.223s] Level 1:colcon.colcon_core.package_discovery:discover_packages(prefix_path) discover
[1.228s] DEBUG:colcon.colcon_installed_package_information.package_discovery:Found 2 installed packages in /home/landau/Documents/GitHub/space_robot/install
[1.231s] DEBUG:colcon.colcon_installed_package_information.package_discovery:Found 258 installed packages in /opt/ros/foxy
[1.235s] Level 1:colcon.colcon_core.package_discovery:discover_packages(prefix_path) using defaults
[1.416s] Level 5:colcon.colcon_core.verb:set package 'space_interfaces' build argument 'bazel_args' from command line to 'None'
[1.416s] Level 5:colcon.colcon_core.verb:set package 'space_interfaces' build argument 'bazel_task' from command line to 'None'
[1.416s] Level 5:colcon.colcon_core.verb:set package 'space_interfaces' build argument 'cmake_args' from command line to 'None'
[1.416s] Level 5:colcon.colcon_core.verb:set package 'space_interfaces' build argument 'cmake_target' from command line to 'None'
[1.416s] Level 5:colcon.colcon_core.verb:set package 'space_interfaces' build argument 'cmake_target_skip_unavailable' from command line to 'False'
[1.416s] Level 5:colcon.colcon_core.verb:set package 'space_interfaces' build argument 'cmake_clean_cache' from command line to 'False'
[1.416s] Level 5:colcon.colcon_core.verb:set package 'space_interfaces' build argument 'cmake_clean_first' from command line to 'False'
[1.416s] Level 5:colcon.colcon_core.verb:set package 'space_interfaces' build argument 'cmake_force_configure' from command line to 'False'
[1.416s] Level 5:colcon.colcon_core.verb:set package 'space_interfaces' build argument 'ament_cmake_args' from command line to 'None'
[1.416s] Level 5:colcon.colcon_core.verb:set package 'space_interfaces' build argument 'catkin_cmake_args' from command line to 'None'
[1.416s] Level 5:colcon.colcon_core.verb:set package 'space_interfaces' build argument 'catkin_skip_building_tests' from command line to 'False'
[1.416s] DEBUG:colcon.colcon_core.verb:Building package 'space_interfaces' with the following arguments: {'ament_cmake_args': None, 'bazel_args': None, 'bazel_task': None, 'build_base': '/home/landau/Documents/GitHub/space_robot/build/space_interfaces', 'catkin_cmake_args': None, 'catkin_skip_building_tests': False, 'cmake_args': None, 'cmake_clean_cache': False, 'cmake_clean_first': False, 'cmake_force_configure': False, 'cmake_target': None, 'cmake_target_skip_unavailable': False, 'install_base': '/home/landau/Documents/GitHub/space_robot/install/space_interfaces', 'merge_install': False, 'path': '/home/landau/Documents/GitHub/space_robot/src/space_interfaces', 'symlink_install': False, 'test_result_base': None}
[1.417s] Level 5:colcon.colcon_core.verb:set package 'space_driver' build argument 'bazel_args' from command line to 'None'
[1.418s] Level 5:colcon.colcon_core.verb:set package 'space_driver' build argument 'bazel_task' from command line to 'None'
[1.418s] Level 5:colcon.colcon_core.verb:set package 'space_driver' build argument 'cmake_args' from command line to 'None'
[1.418s] Level 5:colcon.colcon_core.verb:set package 'space_driver' build argument 'cmake_target' from command line to 'None'
[1.418s] Level 5:colcon.colcon_core.verb:set package 'space_driver' build argument 'cmake_target_skip_unavailable' from command line to 'False'
[1.418s] Level 5:colcon.colcon_core.verb:set package 'space_driver' build argument 'cmake_clean_cache' from command line to 'False'
[1.418s] Level 5:colcon.colcon_core.verb:set package 'space_driver' build argument 'cmake_clean_first' from command line to 'False'
[1.418s] Level 5:colcon.colcon_core.verb:set package 'space_driver' build argument 'cmake_force_configure' from command line to 'False'
[1.418s] Level 5:colcon.colcon_core.verb:set package 'space_driver' build argument 'ament_cmake_args' from command line to 'None'
[1.418s] Level 5:colcon.colcon_core.verb:set package 'space_driver' build argument 'catkin_cmake_args' from command line to 'None'
[1.418s] Level 5:colcon.colcon_core.verb:set package 'space_driver' build argument 'catkin_skip_building_tests' from command line to 'False'
[1.418s] DEBUG:colcon.colcon_core.verb:Building package 'space_driver' with the following arguments: {'ament_cmake_args': None, 'bazel_args': None, 'bazel_task': None, 'build_base': '/home/landau/Documents/GitHub/space_robot/build/space_driver', 'catkin_cmake_args': None, 'catkin_skip_building_tests': False, 'cmake_args': None, 'cmake_clean_cache': False, 'cmake_clean_first': False, 'cmake_force_configure': False, 'cmake_target': None, 'cmake_target_skip_unavailable': False, 'install_base': '/home/landau/Documents/GitHub/space_robot/install/space_driver', 'merge_install': False, 'path': '/home/landau/Documents/GitHub/space_robot/src/space_driver', 'symlink_install': False, 'test_result_base': None}
[1.419s] INFO:colcon.colcon_core.executor:Executing jobs using 'parallel' executor
[1.421s] DEBUG:colcon.colcon_parallel_executor.executor.parallel:run_until_complete
[1.421s] INFO:colcon.colcon_ros.task.ament_cmake.build:Building ROS package in '/home/landau/Documents/GitHub/space_robot/src/space_interfaces' with build type 'ament_cmake'
[1.421s] INFO:colcon.colcon_cmake.task.cmake.build:Building CMake package in '/home/landau/Documents/GitHub/space_robot/src/space_interfaces'
[1.427s] INFO:colcon.colcon_core.plugin_system:Skipping extension 'colcon_core.shell.bat': Not used on non-Windows systems
[1.429s] DEBUG:colcon.colcon_ros_domain_id_coordinator.shell.ros_domain_id:Allocated ROS_DOMAIN_ID=7 for '/home/landau/Documents/GitHub/space_robot/build/space_interfaces'
[1.429s] INFO:colcon.colcon_core.shell:Skip shell extension 'ros_domain_id' for command environment: 
[1.429s] INFO:colcon.colcon_core.shell:Skip shell extension 'powershell' for command environment: Not usable outside of PowerShell
[1.429s] DEBUG:colcon.colcon_core.shell:Skip shell extension 'dsv' for command environment
[1.458s] DEBUG:colcon.colcon_core.event_handler.log_command:Invoking command in '/home/landau/Documents/GitHub/space_robot/build/space_interfaces': CMAKE_PREFIX_PATH=${CMAKE_PREFIX_PATH}:/opt/ros/foxy /usr/bin/cmake --build /home/landau/Documents/GitHub/space_robot/build/space_interfaces -- -j8 -l8
[2.280s] DEBUG:colcon.colcon_core.event_handler.log_command:Invoked command in '/home/landau/Documents/GitHub/space_robot/build/space_interfaces' returned '0': CMAKE_PREFIX_PATH=${CMAKE_PREFIX_PATH}:/opt/ros/foxy /usr/bin/cmake --build /home/landau/Documents/GitHub/space_robot/build/space_interfaces -- -j8 -l8
[3.076s] DEBUG:colcon.colcon_core.event_handler.log_command:Invoking command in '/home/landau/Documents/GitHub/space_robot/build/space_interfaces': CMAKE_PREFIX_PATH=${CMAKE_PREFIX_PATH}:/opt/ros/foxy /usr/bin/cmake --install /home/landau/Documents/GitHub/space_robot/build/space_interfaces
[3.282s] Level 1:colcon.colcon_core.environment:create_environment_scripts_only(space_interfaces)
[3.286s] DEBUG:colcon.colcon_core.event_handler.log_command:Invoked command in '/home/landau/Documents/GitHub/space_robot/build/space_interfaces' returned '0': CMAKE_PREFIX_PATH=${CMAKE_PREFIX_PATH}:/opt/ros/foxy /usr/bin/cmake --install /home/landau/Documents/GitHub/space_robot/build/space_interfaces
[3.294s] Level 1:colcon.colcon_core.environment:checking '/home/landau/Documents/GitHub/space_robot/install/space_interfaces' for CMake module files
[3.297s] Level 1:colcon.colcon_core.environment:checking '/home/landau/Documents/GitHub/space_robot/install/space_interfaces' for CMake config files
[3.299s] Level 1:colcon.colcon_core.shell:create_environment_hook('space_interfaces', 'cmake_prefix_path')
[3.300s] INFO:colcon.colcon_core.shell:Creating environment hook '/home/landau/Documents/GitHub/space_robot/install/space_interfaces/share/space_interfaces/hook/cmake_prefix_path.ps1'
[3.302s] INFO:colcon.colcon_core.shell:Creating environment descriptor '/home/landau/Documents/GitHub/space_robot/install/space_interfaces/share/space_interfaces/hook/cmake_prefix_path.dsv'
[3.304s] INFO:colcon.colcon_core.shell:Creating environment hook '/home/landau/Documents/GitHub/space_robot/install/space_interfaces/share/space_interfaces/hook/cmake_prefix_path.sh'
[3.306s] Level 1:colcon.colcon_core.environment:checking '/home/landau/Documents/GitHub/space_robot/install/space_interfaces/lib'
[3.306s] Level 1:colcon.colcon_core.shell:create_environment_hook('space_interfaces', 'ld_library_path_lib')
[3.307s] INFO:colcon.colcon_core.shell:Creating environment hook '/home/landau/Documents/GitHub/space_robot/install/space_interfaces/share/space_interfaces/hook/ld_library_path_lib.ps1'
[3.308s] INFO:colcon.colcon_core.shell:Creating environment descriptor '/home/landau/Documents/GitHub/space_robot/install/space_interfaces/share/space_interfaces/hook/ld_library_path_lib.dsv'
[3.309s] INFO:colcon.colcon_core.shell:Creating environment hook '/home/landau/Documents/GitHub/space_robot/install/space_interfaces/share/space_interfaces/hook/ld_library_path_lib.sh'
[3.310s] Level 1:colcon.colcon_core.environment:checking '/home/landau/Documents/GitHub/space_robot/install/space_interfaces/bin'
[3.310s] Level 1:colcon.colcon_core.environment:checking '/home/landau/Documents/GitHub/space_robot/install/space_interfaces/lib/pkgconfig/space_interfaces.pc'
[3.311s] Level 1:colcon.colcon_core.environment:checking '/home/landau/Documents/GitHub/space_robot/install/space_interfaces/lib/python3.8/site-packages'
[3.311s] Level 1:colcon.colcon_core.shell:create_environment_hook('space_interfaces', 'pythonpath')
[3.312s] INFO:colcon.colcon_core.shell:Creating environment hook '/home/landau/Documents/GitHub/space_robot/install/space_interfaces/share/space_interfaces/hook/pythonpath.ps1'
[3.313s] INFO:colcon.colcon_core.shell:Creating environment descriptor '/home/landau/Documents/GitHub/space_robot/install/space_interfaces/share/space_interfaces/hook/pythonpath.dsv'
[3.314s] INFO:colcon.colcon_core.shell:Creating environment hook '/home/landau/Documents/GitHub/space_robot/install/space_interfaces/share/space_interfaces/hook/pythonpath.sh'
[3.315s] Level 1:colcon.colcon_core.environment:checking '/home/landau/Documents/GitHub/space_robot/install/space_interfaces/bin'
[3.317s] INFO:colcon.colcon_core.shell:Creating package script '/home/landau/Documents/GitHub/space_robot/install/space_interfaces/share/space_interfaces/package.ps1'
[3.319s] INFO:colcon.colcon_core.shell:Creating package descriptor '/home/landau/Documents/GitHub/space_robot/install/space_interfaces/share/space_interfaces/package.dsv'
[3.320s] INFO:colcon.colcon_core.shell:Creating package script '/home/landau/Documents/GitHub/space_robot/install/space_interfaces/share/space_interfaces/package.sh'
[3.322s] INFO:colcon.colcon_core.shell:Creating package script '/home/landau/Documents/GitHub/space_robot/install/space_interfaces/share/space_interfaces/package.bash'
[3.324s] INFO:colcon.colcon_core.shell:Creating package script '/home/landau/Documents/GitHub/space_robot/install/space_interfaces/share/space_interfaces/package.zsh'
[3.325s] Level 1:colcon.colcon_core.environment:create_file_with_runtime_dependencies(/home/landau/Documents/GitHub/space_robot/install/space_interfaces/share/colcon-core/packages/space_interfaces)
[4.037s] Level 1:colcon.colcon_core.environment:create_environment_scripts_only(space_interfaces)
[4.038s] Level 1:colcon.colcon_core.environment:checking '/home/landau/Documents/GitHub/space_robot/install/space_interfaces' for CMake module files
[4.041s] Level 1:colcon.colcon_core.environment:checking '/home/landau/Documents/GitHub/space_robot/install/space_interfaces' for CMake config files
[4.045s] Level 1:colcon.colcon_core.shell:create_environment_hook('space_interfaces', 'cmake_prefix_path')
[4.047s] INFO:colcon.colcon_core.shell:Creating environment hook '/home/landau/Documents/GitHub/space_robot/install/space_interfaces/share/space_interfaces/hook/cmake_prefix_path.ps1'
[4.049s] INFO:colcon.colcon_core.shell:Creating environment descriptor '/home/landau/Documents/GitHub/space_robot/install/space_interfaces/share/space_interfaces/hook/cmake_prefix_path.dsv'
[4.050s] INFO:colcon.colcon_core.shell:Creating environment hook '/home/landau/Documents/GitHub/space_robot/install/space_interfaces/share/space_interfaces/hook/cmake_prefix_path.sh'
[4.055s] Level 1:colcon.colcon_core.environment:checking '/home/landau/Documents/GitHub/space_robot/install/space_interfaces/lib'
[4.056s] Level 1:colcon.colcon_core.shell:create_environment_hook('space_interfaces', 'ld_library_path_lib')
[4.057s] INFO:colcon.colcon_core.shell:Creating environment hook '/home/landau/Documents/GitHub/space_robot/install/space_interfaces/share/space_interfaces/hook/ld_library_path_lib.ps1'
[4.058s] INFO:colcon.colcon_core.shell:Creating environment descriptor '/home/landau/Documents/GitHub/space_robot/install/space_interfaces/share/space_interfaces/hook/ld_library_path_lib.dsv'
[4.059s] INFO:colcon.colcon_core.shell:Creating environment hook '/home/landau/Documents/GitHub/space_robot/install/space_interfaces/share/space_interfaces/hook/ld_library_path_lib.sh'
[4.060s] Level 1:colcon.colcon_core.environment:checking '/home/landau/Documents/GitHub/space_robot/install/space_interfaces/bin'
[4.060s] Level 1:colcon.colcon_core.environment:checking '/home/landau/Documents/GitHub/space_robot/install/space_interfaces/lib/pkgconfig/space_interfaces.pc'
[4.061s] Level 1:colcon.colcon_core.environment:checking '/home/landau/Documents/GitHub/space_robot/install/space_interfaces/lib/python3.8/site-packages'
[4.062s] Level 1:colcon.colcon_core.shell:create_environment_hook('space_interfaces', 'pythonpath')
[4.063s] INFO:colcon.colcon_core.shell:Creating environment hook '/home/landau/Documents/GitHub/space_robot/install/space_interfaces/share/space_interfaces/hook/pythonpath.ps1'
[4.064s] INFO:colcon.colcon_core.shell:Creating environment descriptor '/home/landau/Documents/GitHub/space_robot/install/space_interfaces/share/space_interfaces/hook/pythonpath.dsv'
[4.066s] INFO:colcon.colcon_core.shell:Creating environment hook '/home/landau/Documents/GitHub/space_robot/install/space_interfaces/share/space_interfaces/hook/pythonpath.sh'
[4.067s] Level 1:colcon.colcon_core.environment:checking '/home/landau/Documents/GitHub/space_robot/install/space_interfaces/bin'
[4.070s] INFO:colcon.colcon_core.shell:Creating package script '/home/landau/Documents/GitHub/space_robot/install/space_interfaces/share/space_interfaces/package.ps1'
[4.072s] INFO:colcon.colcon_core.shell:Creating package descriptor '/home/landau/Documents/GitHub/space_robot/install/space_interfaces/share/space_interfaces/package.dsv'
[4.074s] INFO:colcon.colcon_core.shell:Creating package script '/home/landau/Documents/GitHub/space_robot/install/space_interfaces/share/space_interfaces/package.sh'
[4.076s] INFO:colcon.colcon_core.shell:Creating package script '/home/landau/Documents/GitHub/space_robot/install/space_interfaces/share/space_interfaces/package.bash'
[4.077s] INFO:colcon.colcon_core.shell:Creating package script '/home/landau/Documents/GitHub/space_robot/install/space_interfaces/share/space_interfaces/package.zsh'
[4.080s] Level 1:colcon.colcon_core.environment:create_file_with_runtime_dependencies(/home/landau/Documents/GitHub/space_robot/install/space_interfaces/share/colcon-core/packages/space_interfaces)
[4.082s] INFO:colcon.colcon_ros.task.ament_cmake.build:Building ROS package in '/home/landau/Documents/GitHub/space_robot/src/space_driver' with build type 'ament_cmake'
[4.082s] DEBUG:colcon.colcon_ros_domain_id_coordinator.shell.ros_domain_id:Released ROS_DOMAIN_ID=7 for '/home/landau/Documents/GitHub/space_robot/build/space_interfaces'
[4.083s] INFO:colcon.colcon_cmake.task.cmake.build:Building CMake package in '/home/landau/Documents/GitHub/space_robot/src/space_driver'
[4.085s] DEBUG:colcon.colcon_ros_domain_id_coordinator.shell.ros_domain_id:Allocated ROS_DOMAIN_ID=218 for '/home/landau/Documents/GitHub/space_robot/build/space_driver'
[4.085s] INFO:colcon.colcon_core.shell:Skip shell extension 'ros_domain_id' for command environment: 
[4.086s] INFO:colcon.colcon_core.shell:Skip shell extension 'powershell' for command environment: Not usable outside of PowerShell
[4.086s] DEBUG:colcon.colcon_core.shell:Skip shell extension 'dsv' for command environment
[4.136s] DEBUG:colcon.colcon_core.event_handler.log_command:Invoking command in '/home/landau/Documents/GitHub/space_robot/build/space_driver': CMAKE_PREFIX_PATH=/home/landau/Documents/GitHub/space_robot/install/space_interfaces:/home/landau/Documents/GitHub/space_robot/install/space_driver:/opt/ros/foxy /usr/bin/cmake --build /home/landau/Documents/GitHub/space_robot/build/space_driver -- -j8 -l8
[36.085s] DEBUG:colcon.colcon_core.event_handler.log_command:Invoked command in '/home/landau/Documents/GitHub/space_robot/build/space_driver' returned '0': CMAKE_PREFIX_PATH=/home/landau/Documents/GitHub/space_robot/install/space_interfaces:/home/landau/Documents/GitHub/space_robot/install/space_driver:/opt/ros/foxy /usr/bin/cmake --build /home/landau/Documents/GitHub/space_robot/build/space_driver -- -j8 -l8
[36.257s] DEBUG:colcon.colcon_core.event_handler.log_command:Invoking command in '/home/landau/Documents/GitHub/space_robot/build/space_driver': CMAKE_PREFIX_PATH=/home/landau/Documents/GitHub/space_robot/install/space_interfaces:/home/landau/Documents/GitHub/space_robot/install/space_driver:/opt/ros/foxy /usr/bin/cmake --install /home/landau/Documents/GitHub/space_robot/build/space_driver
[36.298s] Level 1:colcon.colcon_core.environment:create_environment_scripts_only(space_driver)
[36.300s] Level 1:colcon.colcon_core.environment:checking '/home/landau/Documents/GitHub/space_robot/install/space_driver' for CMake module files
[36.301s] DEBUG:colcon.colcon_core.event_handler.log_command:Invoked command in '/home/landau/Documents/GitHub/space_robot/build/space_driver' returned '0': CMAKE_PREFIX_PATH=/home/landau/Documents/GitHub/space_robot/install/space_interfaces:/home/landau/Documents/GitHub/space_robot/install/space_driver:/opt/ros/foxy /usr/bin/cmake --install /home/landau/Documents/GitHub/space_robot/build/space_driver
[36.303s] Level 1:colcon.colcon_core.environment:checking '/home/landau/Documents/GitHub/space_robot/install/space_driver' for CMake config files
[36.304s] Level 1:colcon.colcon_core.shell:create_environment_hook('space_driver', 'cmake_prefix_path')
[36.305s] INFO:colcon.colcon_core.shell:Creating environment hook '/home/landau/Documents/GitHub/space_robot/install/space_driver/share/space_driver/hook/cmake_prefix_path.ps1'
[36.307s] INFO:colcon.colcon_core.shell:Creating environment descriptor '/home/landau/Documents/GitHub/space_robot/install/space_driver/share/space_driver/hook/cmake_prefix_path.dsv'
[36.308s] INFO:colcon.colcon_core.shell:Creating environment hook '/home/landau/Documents/GitHub/space_robot/install/space_driver/share/space_driver/hook/cmake_prefix_path.sh'
[36.310s] Level 1:colcon.colcon_core.environment:checking '/home/landau/Documents/GitHub/space_robot/install/space_driver/lib'
[36.310s] Level 1:colcon.colcon_core.environment:checking '/home/landau/Documents/GitHub/space_robot/install/space_driver/bin'
[36.310s] Level 1:colcon.colcon_core.environment:checking '/home/landau/Documents/GitHub/space_robot/install/space_driver/lib/pkgconfig/space_driver.pc'
[36.311s] Level 1:colcon.colcon_core.environment:checking '/home/landau/Documents/GitHub/space_robot/install/space_driver/lib/python3.8/site-packages'
[36.312s] Level 1:colcon.colcon_core.environment:checking '/home/landau/Documents/GitHub/space_robot/install/space_driver/bin'
[36.313s] INFO:colcon.colcon_core.shell:Creating package script '/home/landau/Documents/GitHub/space_robot/install/space_driver/share/space_driver/package.ps1'
[36.316s] INFO:colcon.colcon_core.shell:Creating package descriptor '/home/landau/Documents/GitHub/space_robot/install/space_driver/share/space_driver/package.dsv'
[36.318s] INFO:colcon.colcon_core.shell:Creating package script '/home/landau/Documents/GitHub/space_robot/install/space_driver/share/space_driver/package.sh'
[36.320s] INFO:colcon.colcon_core.shell:Creating package script '/home/landau/Documents/GitHub/space_robot/install/space_driver/share/space_driver/package.bash'
[36.321s] INFO:colcon.colcon_core.shell:Creating package script '/home/landau/Documents/GitHub/space_robot/install/space_driver/share/space_driver/package.zsh'
[36.322s] Level 1:colcon.colcon_core.environment:create_file_with_runtime_dependencies(/home/landau/Documents/GitHub/space_robot/install/space_driver/share/colcon-core/packages/space_driver)
[36.508s] Level 1:colcon.colcon_core.environment:create_environment_scripts_only(space_driver)
[36.509s] Level 1:colcon.colcon_core.environment:checking '/home/landau/Documents/GitHub/space_robot/install/space_driver' for CMake module files
[36.510s] Level 1:colcon.colcon_core.environment:checking '/home/landau/Documents/GitHub/space_robot/install/space_driver' for CMake config files
[36.511s] Level 1:colcon.colcon_core.shell:create_environment_hook('space_driver', 'cmake_prefix_path')
[36.511s] INFO:colcon.colcon_core.shell:Creating environment hook '/home/landau/Documents/GitHub/space_robot/install/space_driver/share/space_driver/hook/cmake_prefix_path.ps1'
[36.513s] INFO:colcon.colcon_core.shell:Creating environment descriptor '/home/landau/Documents/GitHub/space_robot/install/space_driver/share/space_driver/hook/cmake_prefix_path.dsv'
[36.514s] INFO:colcon.colcon_core.shell:Creating environment hook '/home/landau/Documents/GitHub/space_robot/install/space_driver/share/space_driver/hook/cmake_prefix_path.sh'
[36.517s] Level 1:colcon.colcon_core.environment:checking '/home/landau/Documents/GitHub/space_robot/install/space_driver/lib'
[36.517s] Level 1:colcon.colcon_core.environment:checking '/home/landau/Documents/GitHub/space_robot/install/space_driver/bin'
[36.518s] Level 1:colcon.colcon_core.environment:checking '/home/landau/Documents/GitHub/space_robot/install/space_driver/lib/pkgconfig/space_driver.pc'
[36.519s] Level 1:colcon.colcon_core.environment:checking '/home/landau/Documents/GitHub/space_robot/install/space_driver/lib/python3.8/site-packages'
[36.519s] Level 1:colcon.colcon_core.environment:checking '/home/landau/Documents/GitHub/space_robot/install/space_driver/bin'
[36.520s] INFO:colcon.colcon_core.shell:Creating package script '/home/landau/Documents/GitHub/space_robot/install/space_driver/share/space_driver/package.ps1'
[36.522s] INFO:colcon.colcon_core.shell:Creating package descriptor '/home/landau/Documents/GitHub/space_robot/install/space_driver/share/space_driver/package.dsv'
[36.523s] INFO:colcon.colcon_core.shell:Creating package script '/home/landau/Documents/GitHub/space_robot/install/space_driver/share/space_driver/package.sh'
[36.524s] INFO:colcon.colcon_core.shell:Creating package script '/home/landau/Documents/GitHub/space_robot/install/space_driver/share/space_driver/package.bash'
[36.525s] INFO:colcon.colcon_core.shell:Creating package script '/home/landau/Documents/GitHub/space_robot/install/space_driver/share/space_driver/package.zsh'
[36.526s] Level 1:colcon.colcon_core.environment:create_file_with_runtime_dependencies(/home/landau/Documents/GitHub/space_robot/install/space_driver/share/colcon-core/packages/space_driver)
[36.527s] DEBUG:colcon.colcon_parallel_executor.executor.parallel:closing loop
[36.527s] DEBUG:colcon.colcon_ros_domain_id_coordinator.shell.ros_domain_id:Released ROS_DOMAIN_ID=218 for '/home/landau/Documents/GitHub/space_robot/build/space_driver'
[36.528s] DEBUG:colcon.colcon_parallel_executor.executor.parallel:loop closed
[36.528s] DEBUG:colcon.colcon_parallel_executor.executor.parallel:run_until_complete finished with '0'
[36.528s] DEBUG:colcon.colcon_core.event_reactor:joining thread
[36.547s] INFO:colcon.colcon_core.plugin_system:Skipping extension 'colcon_notification.desktop_notification.terminal_notifier': Not used on non-Darwin systems
[36.548s] INFO:colcon.colcon_core.plugin_system:Skipping extension 'colcon_notification.desktop_notification.win32': Not used on non-Windows systems
[36.548s] INFO:colcon.colcon_notification.desktop_notification:Sending desktop notification using 'notify2'
[36.590s] DEBUG:colcon.colcon_core.event_reactor:joined thread
[36.591s] INFO:colcon.colcon_core.shell:Creating prefix script '/home/landau/Documents/GitHub/space_robot/install/local_setup.ps1'
[36.593s] INFO:colcon.colcon_core.shell:Creating prefix util module '/home/landau/Documents/GitHub/space_robot/install/_local_setup_util_ps1.py'
[36.596s] INFO:colcon.colcon_core.shell:Creating prefix chain script '/home/landau/Documents/GitHub/space_robot/install/setup.ps1'
[36.600s] INFO:colcon.colcon_core.shell:Creating prefix script '/home/landau/Documents/GitHub/space_robot/install/local_setup.sh'
[36.601s] INFO:colcon.colcon_core.shell:Creating prefix util module '/home/landau/Documents/GitHub/space_robot/install/_local_setup_util_sh.py'
[36.603s] INFO:colcon.colcon_core.shell:Creating prefix chain script '/home/landau/Documents/GitHub/space_robot/install/setup.sh'
[36.606s] INFO:colcon.colcon_core.shell:Creating prefix script '/home/landau/Documents/GitHub/space_robot/install/local_setup.bash'
[36.607s] INFO:colcon.colcon_core.shell:Creating prefix chain script '/home/landau/Documents/GitHub/space_robot/install/setup.bash'
[36.610s] INFO:colcon.colcon_core.shell:Creating prefix script '/home/landau/Documents/GitHub/space_robot/install/local_setup.zsh'
[36.611s] INFO:colcon.colcon_core.shell:Creating prefix chain script '/home/landau/Documents/GitHub/space_robot/install/setup.zsh'
[36.614s] INFO:colcon.colcon_core.shell:Creating '/home/landau/Documents/GitHub/space_robot/install/spawn_shell.bash'
