[0.042s] Invoking command in '/home/landau/Documents/GitHub/space_robot/build/space_driver': CMAKE_PREFIX_PATH=/home/landau/Documents/GitHub/space_robot/install/space_interfaces:/home/landau/Documents/GitHub/space_robot/install/space_driver:/opt/ros/foxy /usr/bin/cmake --build /home/landau/Documents/GitHub/space_robot/build/space_driver -- -j8 -l8
[0.213s] [ 20%] Built target gflags_nothreads_static
[0.274s] [35m[1mScanning dependencies of target demo[0m
[0.313s] [ 30%] Built target gflags_unittest-main
[0.321s] [ 40%] Built target gflags_unittest_main
[0.331s] [ 60%] Built target gflags_unittest
[0.331s] [ 65%] Built target gflags_declare_test
[0.332s] [ 75%] Built target gflags_strip_flags_test
[0.422s] [ 90%] Built target main
[0.455s] [ 95%] [32mBuilding CXX object CMakeFiles/demo.dir/src/demo.cpp.o[0m
[32.083s] [100%] [32m[1mLinking CXX executable demo[0m
[32.999s] [100%] Built target demo
[33.046s] Invoked command in '/home/landau/Documents/GitHub/space_robot/build/space_driver' returned '0': CMAKE_PREFIX_PATH=/home/landau/Documents/GitHub/space_robot/install/space_interfaces:/home/landau/Documents/GitHub/space_robot/install/space_driver:/opt/ros/foxy /usr/bin/cmake --build /home/landau/Documents/GitHub/space_robot/build/space_driver -- -j8 -l8
[33.227s] Invoking command in '/home/landau/Documents/GitHub/space_robot/build/space_driver': CMAKE_PREFIX_PATH=/home/landau/Documents/GitHub/space_robot/install/space_interfaces:/home/landau/Documents/GitHub/space_robot/install/space_driver:/opt/ros/foxy /usr/bin/cmake --install /home/landau/Documents/GitHub/space_robot/build/space_driver
[33.261s] -- Install configuration: ""
[33.263s] -- Up-to-date: /home/landau/Documents/GitHub/space_robot/install/space_driver/lib/space_driver/main
[33.264s] -- Installing: /home/landau/Documents/GitHub/space_robot/install/space_driver/lib/space_driver/demo
[33.268s] -- Set runtime path of "/home/landau/Documents/GitHub/space_robot/install/space_driver/lib/space_driver/demo" to ""
[33.269s] -- Up-to-date: /home/landau/Documents/GitHub/space_robot/install/space_driver/share/ament_index/resource_index/package_run_dependencies/space_driver
[33.269s] -- Up-to-date: /home/landau/Documents/GitHub/space_robot/install/space_driver/share/ament_index/resource_index/parent_prefix_path/space_driver
[33.270s] -- Up-to-date: /home/landau/Documents/GitHub/space_robot/install/space_driver/share/space_driver/environment/ament_prefix_path.sh
[33.270s] -- Up-to-date: /home/landau/Documents/GitHub/space_robot/install/space_driver/share/space_driver/environment/ament_prefix_path.dsv
[33.270s] -- Up-to-date: /home/landau/Documents/GitHub/space_robot/install/space_driver/share/space_driver/environment/path.sh
[33.271s] -- Up-to-date: /home/landau/Documents/GitHub/space_robot/install/space_driver/share/space_driver/environment/path.dsv
[33.271s] -- Up-to-date: /home/landau/Documents/GitHub/space_robot/install/space_driver/share/space_driver/local_setup.bash
[33.271s] -- Up-to-date: /home/landau/Documents/GitHub/space_robot/install/space_driver/share/space_driver/local_setup.sh
[33.271s] -- Up-to-date: /home/landau/Documents/GitHub/space_robot/install/space_driver/share/space_driver/local_setup.zsh
[33.271s] -- Up-to-date: /home/landau/Documents/GitHub/space_robot/install/space_driver/share/space_driver/local_setup.dsv
[33.272s] -- Installing: /home/landau/Documents/GitHub/space_robot/install/space_driver/share/space_driver/package.dsv
[33.272s] -- Up-to-date: /home/landau/Documents/GitHub/space_robot/install/space_driver/share/ament_index/resource_index/packages/space_driver
[33.272s] -- Up-to-date: /home/landau/Documents/GitHub/space_robot/install/space_driver/share/space_driver/cmake/space_driverConfig.cmake
[33.273s] -- Up-to-date: /home/landau/Documents/GitHub/space_robot/install/space_driver/share/space_driver/cmake/space_driverConfig-version.cmake
[33.273s] -- Up-to-date: /home/landau/Documents/GitHub/space_robot/install/space_driver/share/space_driver/package.xml
[33.274s] -- Up-to-date: /home/landau/Documents/GitHub/space_robot/install/space_driver/lib/pkgconfig/gflags.pc
[33.283s] Invoked command in '/home/landau/Documents/GitHub/space_robot/build/space_driver' returned '0': CMAKE_PREFIX_PATH=/home/landau/Documents/GitHub/space_robot/install/space_interfaces:/home/landau/Documents/GitHub/space_robot/install/space_driver:/opt/ros/foxy /usr/bin/cmake --install /home/landau/Documents/GitHub/space_robot/build/space_driver
