[0.042s] Invoking command in '/home/landau/Documents/GitHub/space_robot/build/space_driver': AMENT_PREFIX_PATH=/home/landau/Documents/GitHub/space_robot/install/space_interfaces:${AMENT_PREFIX_PATH} CMAKE_PREFIX_PATH=/home/landau/Documents/GitHub/space_robot/install/space_interfaces:/opt/ros/foxy LD_LIBRARY_PATH=/home/landau/Documents/GitHub/space_robot/install/space_interfaces/lib:${LD_LIBRARY_PATH} PYTHONPATH=/home/landau/Documents/GitHub/space_robot/install/space_interfaces/lib/python3.8/site-packages:${PYTHONPATH} /usr/bin/cmake --build /home/landau/Documents/GitHub/space_robot/build/space_driver -- -j8 -l8
[0.224s] [ 22%] Built target gflags_nothreads_static
[0.312s] [ 33%] Built target gflags_unittest
[0.320s] [ 44%] Built target gflags_unittest_main
[0.320s] [35m[1mScanning dependencies of target main[0m
[0.320s] [ 61%] Built target gflags_declare_test
[0.327s] [ 77%] Built target gflags_unittest-main
[0.328s] [ 83%] Built target gflags_strip_flags_test
[0.600s] [ 88%] [32mBuilding CXX object CMakeFiles/main.dir/src/main.cpp.o[0m
[38.911s] [ 94%] [32m[1mLinking CXX executable main[0m
[40.513s] [100%] Built target main
[40.547s] Invoked command in '/home/landau/Documents/GitHub/space_robot/build/space_driver' returned '0': AMENT_PREFIX_PATH=/home/landau/Documents/GitHub/space_robot/install/space_interfaces:${AMENT_PREFIX_PATH} CMAKE_PREFIX_PATH=/home/landau/Documents/GitHub/space_robot/install/space_interfaces:/opt/ros/foxy LD_LIBRARY_PATH=/home/landau/Documents/GitHub/space_robot/install/space_interfaces/lib:${LD_LIBRARY_PATH} PYTHONPATH=/home/landau/Documents/GitHub/space_robot/install/space_interfaces/lib/python3.8/site-packages:${PYTHONPATH} /usr/bin/cmake --build /home/landau/Documents/GitHub/space_robot/build/space_driver -- -j8 -l8
[40.696s] Invoking command in '/home/landau/Documents/GitHub/space_robot/build/space_driver': AMENT_PREFIX_PATH=/home/landau/Documents/GitHub/space_robot/install/space_interfaces:${AMENT_PREFIX_PATH} CMAKE_PREFIX_PATH=/home/landau/Documents/GitHub/space_robot/install/space_interfaces:/opt/ros/foxy LD_LIBRARY_PATH=/home/landau/Documents/GitHub/space_robot/install/space_interfaces/lib:${LD_LIBRARY_PATH} PYTHONPATH=/home/landau/Documents/GitHub/space_robot/install/space_interfaces/lib/python3.8/site-packages:${PYTHONPATH} /usr/bin/cmake --install /home/landau/Documents/GitHub/space_robot/build/space_driver
[40.728s] -- Install configuration: ""
[40.729s] -- Installing: /home/landau/Documents/GitHub/space_robot/install/space_driver/lib/space_driver/main
[40.750s] -- Set runtime path of "/home/landau/Documents/GitHub/space_robot/install/space_driver/lib/space_driver/main" to ""
[40.750s] -- Up-to-date: /home/landau/Documents/GitHub/space_robot/install/space_driver/share/ament_index/resource_index/package_run_dependencies/space_driver
[40.751s] -- Up-to-date: /home/landau/Documents/GitHub/space_robot/install/space_driver/share/ament_index/resource_index/parent_prefix_path/space_driver
[40.751s] -- Up-to-date: /home/landau/Documents/GitHub/space_robot/install/space_driver/share/space_driver/environment/ament_prefix_path.sh
[40.751s] -- Up-to-date: /home/landau/Documents/GitHub/space_robot/install/space_driver/share/space_driver/environment/ament_prefix_path.dsv
[40.752s] -- Up-to-date: /home/landau/Documents/GitHub/space_robot/install/space_driver/share/space_driver/environment/path.sh
[40.752s] -- Up-to-date: /home/landau/Documents/GitHub/space_robot/install/space_driver/share/space_driver/environment/path.dsv
[40.752s] -- Up-to-date: /home/landau/Documents/GitHub/space_robot/install/space_driver/share/space_driver/local_setup.bash
[40.752s] -- Up-to-date: /home/landau/Documents/GitHub/space_robot/install/space_driver/share/space_driver/local_setup.sh
[40.753s] -- Up-to-date: /home/landau/Documents/GitHub/space_robot/install/space_driver/share/space_driver/local_setup.zsh
[40.753s] -- Up-to-date: /home/landau/Documents/GitHub/space_robot/install/space_driver/share/space_driver/local_setup.dsv
[40.753s] -- Installing: /home/landau/Documents/GitHub/space_robot/install/space_driver/share/space_driver/package.dsv
[40.754s] -- Up-to-date: /home/landau/Documents/GitHub/space_robot/install/space_driver/share/ament_index/resource_index/packages/space_driver
[40.754s] -- Up-to-date: /home/landau/Documents/GitHub/space_robot/install/space_driver/share/space_driver/cmake/space_driverConfig.cmake
[40.754s] -- Up-to-date: /home/landau/Documents/GitHub/space_robot/install/space_driver/share/space_driver/cmake/space_driverConfig-version.cmake
[40.755s] -- Up-to-date: /home/landau/Documents/GitHub/space_robot/install/space_driver/share/space_driver/package.xml
[40.755s] -- Up-to-date: /home/landau/Documents/GitHub/space_robot/install/space_driver/lib/pkgconfig/gflags.pc
[40.762s] Invoked command in '/home/landau/Documents/GitHub/space_robot/build/space_driver' returned '0': AMENT_PREFIX_PATH=/home/landau/Documents/GitHub/space_robot/install/space_interfaces:${AMENT_PREFIX_PATH} CMAKE_PREFIX_PATH=/home/landau/Documents/GitHub/space_robot/install/space_interfaces:/opt/ros/foxy LD_LIBRARY_PATH=/home/landau/Documents/GitHub/space_robot/install/space_interfaces/lib:${LD_LIBRARY_PATH} PYTHONPATH=/home/landau/Documents/GitHub/space_robot/install/space_interfaces/lib/python3.8/site-packages:${PYTHONPATH} /usr/bin/cmake --install /home/landau/Documents/GitHub/space_robot/build/space_driver
