[0.572s] DEBUG:colcon:Command line arguments: ['/usr/bin/colcon', 'build']
[0.573s] DEBUG:colcon:Parsed command line arguments: Namespace(allow_overriding=[], ament_cmake_args=None, base_paths=['.'], bazel_args=None, bazel_task=None, build_base='build', catkin_cmake_args=None, catkin_skip_building_tests=False, cmake_args=None, cmake_clean_cache=False, cmake_clean_first=False, cmake_force_configure=False, cmake_target=None, cmake_target_skip_unavailable=False, continue_on_error=False, event_handlers=None, executor='parallel', ignore_user_meta=False, install_base='install', log_base=None, log_level=None, main=<bound method BuildVerb.main of <colcon_core.verb.build.BuildVerb object at 0x7f37078a5970>>, merge_install=False, metas=['./colcon.meta'], mixin=None, mixin_files=None, mixin_verb=('build',), packages_above=None, packages_above_and_dependencies=None, packages_above_depth=None, packages_end=None, packages_ignore=None, packages_ignore_regex=None, packages_select=None, packages_select_build_failed=False, packages_select_by_dep=None, packages_select_regex=None, packages_select_test_failures=False, packages_skip=None, packages_skip_build_finished=False, packages_skip_by_dep=None, packages_skip_regex=None, packages_skip_test_passed=False, packages_skip_up_to=None, packages_start=None, packages_up_to=None, packages_up_to_regex=None, parallel_workers=8, paths=None, symlink_install=False, test_result_base=None, verb_extension=<colcon_core.verb.build.BuildVerb object at 0x7f37078a5970>, verb_name='build', verb_parser=<colcon_alias.argument_parser.alias.AliasArgumentDecorator object at 0x7f37078b68e0>)
[1.101s] Level 1:colcon.colcon_core.package_discovery:discover_packages(colcon_meta) check parameters
[1.101s] Level 1:colcon.colcon_core.package_discovery:discover_packages(recursive) check parameters
[1.102s] Level 1:colcon.colcon_core.package_discovery:discover_packages(ignore) check parameters
[1.102s] Level 1:colcon.colcon_core.package_discovery:discover_packages(path) check parameters
[1.102s] Level 1:colcon.colcon_core.package_discovery:discover_packages(colcon_meta) discover
[1.102s] Level 1:colcon.colcon_core.package_discovery:discover_packages(recursive) discover
[1.102s] INFO:colcon.colcon_core.package_discovery:Crawling recursively for packages in '/home/landau/Documents/GitHub/space_robot'
[1.102s] Level 1:colcon.colcon_core.package_identification:_identify(.) by extensions ['ignore', 'ignore_ament_install']
[1.103s] Level 1:colcon.colcon_core.package_identification:_identify(.) by extension 'ignore'
[1.103s] Level 1:colcon.colcon_core.package_identification:_identify(.) by extension 'ignore_ament_install'
[1.103s] Level 1:colcon.colcon_core.package_identification:_identify(.) by extensions ['colcon_pkg']
[1.103s] Level 1:colcon.colcon_core.package_identification:_identify(.) by extension 'colcon_pkg'
[1.103s] Level 1:colcon.colcon_core.package_identification:_identify(.) by extensions ['colcon_meta']
[1.103s] Level 1:colcon.colcon_core.package_identification:_identify(.) by extension 'colcon_meta'
[1.103s] Level 1:colcon.colcon_core.package_identification:_identify(.) by extensions ['ros']
[1.103s] Level 1:colcon.colcon_core.package_identification:_identify(.) by extension 'ros'
[1.110s] Level 1:colcon.colcon_core.package_identification:_identify(.) by extensions ['bazel', 'cmake', 'python']
[1.110s] Level 1:colcon.colcon_core.package_identification:_identify(.) by extension 'bazel'
[1.111s] Level 1:colcon.colcon_core.package_identification:_identify(.) by extension 'cmake'
[1.111s] Level 1:colcon.colcon_core.package_identification:_identify(.) by extension 'python'
[1.111s] Level 1:colcon.colcon_core.package_identification:_identify(.) by extensions ['python_setup_py']
[1.111s] Level 1:colcon.colcon_core.package_identification:_identify(.) by extension 'python_setup_py'
[1.111s] Level 1:colcon.colcon_core.package_identification:_identify(build) by extensions ['ignore', 'ignore_ament_install']
[1.112s] Level 1:colcon.colcon_core.package_identification:_identify(build) by extension 'ignore'
[1.112s] Level 1:colcon.colcon_core.package_identification:_identify(build) ignored
[1.113s] Level 1:colcon.colcon_core.package_identification:_identify(install) by extensions ['ignore', 'ignore_ament_install']
[1.113s] Level 1:colcon.colcon_core.package_identification:_identify(install) by extension 'ignore'
[1.113s] Level 1:colcon.colcon_core.package_identification:_identify(install) ignored
[1.114s] Level 1:colcon.colcon_core.package_identification:_identify(log) by extensions ['ignore', 'ignore_ament_install']
[1.115s] Level 1:colcon.colcon_core.package_identification:_identify(log) by extension 'ignore'
[1.115s] Level 1:colcon.colcon_core.package_identification:_identify(log) ignored
[1.115s] Level 1:colcon.colcon_core.package_identification:_identify(src) by extensions ['ignore', 'ignore_ament_install']
[1.116s] Level 1:colcon.colcon_core.package_identification:_identify(src) by extension 'ignore'
[1.117s] Level 1:colcon.colcon_core.package_identification:_identify(src) by extension 'ignore_ament_install'
[1.117s] Level 1:colcon.colcon_core.package_identification:_identify(src) by extensions ['colcon_pkg']
[1.117s] Level 1:colcon.colcon_core.package_identification:_identify(src) by extension 'colcon_pkg'
[1.117s] Level 1:colcon.colcon_core.package_identification:_identify(src) by extensions ['colcon_meta']
[1.117s] Level 1:colcon.colcon_core.package_identification:_identify(src) by extension 'colcon_meta'
[1.118s] Level 1:colcon.colcon_core.package_identification:_identify(src) by extensions ['ros']
[1.118s] Level 1:colcon.colcon_core.package_identification:_identify(src) by extension 'ros'
[1.118s] Level 1:colcon.colcon_core.package_identification:_identify(src) by extensions ['bazel', 'cmake', 'python']
[1.118s] Level 1:colcon.colcon_core.package_identification:_identify(src) by extension 'bazel'
[1.118s] Level 1:colcon.colcon_core.package_identification:_identify(src) by extension 'cmake'
[1.118s] Level 1:colcon.colcon_core.package_identification:_identify(src) by extension 'python'
[1.118s] Level 1:colcon.colcon_core.package_identification:_identify(src) by extensions ['python_setup_py']
[1.119s] Level 1:colcon.colcon_core.package_identification:_identify(src) by extension 'python_setup_py'
[1.119s] Level 1:colcon.colcon_core.package_identification:_identify(src/space_driver) by extensions ['ignore', 'ignore_ament_install']
[1.119s] Level 1:colcon.colcon_core.package_identification:_identify(src/space_driver) by extension 'ignore'
[1.119s] Level 1:colcon.colcon_core.package_identification:_identify(src/space_driver) by extension 'ignore_ament_install'
[1.119s] Level 1:colcon.colcon_core.package_identification:_identify(src/space_driver) by extensions ['colcon_pkg']
[1.120s] Level 1:colcon.colcon_core.package_identification:_identify(src/space_driver) by extension 'colcon_pkg'
[1.120s] Level 1:colcon.colcon_core.package_identification:_identify(src/space_driver) by extensions ['colcon_meta']
[1.120s] Level 1:colcon.colcon_core.package_identification:_identify(src/space_driver) by extension 'colcon_meta'
[1.120s] Level 1:colcon.colcon_core.package_identification:_identify(src/space_driver) by extensions ['ros']
[1.120s] Level 1:colcon.colcon_core.package_identification:_identify(src/space_driver) by extension 'ros'
[1.126s] DEBUG:colcon.colcon_core.package_identification:Package 'src/space_driver' with type 'ros.ament_cmake' and name 'space_driver'
[1.126s] Level 1:colcon.colcon_core.package_identification:_identify(src/space_interfaces) by extensions ['ignore', 'ignore_ament_install']
[1.127s] Level 1:colcon.colcon_core.package_identification:_identify(src/space_interfaces) by extension 'ignore'
[1.127s] Level 1:colcon.colcon_core.package_identification:_identify(src/space_interfaces) by extension 'ignore_ament_install'
[1.127s] Level 1:colcon.colcon_core.package_identification:_identify(src/space_interfaces) by extensions ['colcon_pkg']
[1.127s] Level 1:colcon.colcon_core.package_identification:_identify(src/space_interfaces) by extension 'colcon_pkg'
[1.127s] Level 1:colcon.colcon_core.package_identification:_identify(src/space_interfaces) by extensions ['colcon_meta']
[1.128s] Level 1:colcon.colcon_core.package_identification:_identify(src/space_interfaces) by extension 'colcon_meta'
[1.128s] Level 1:colcon.colcon_core.package_identification:_identify(src/space_interfaces) by extensions ['ros']
[1.128s] Level 1:colcon.colcon_core.package_identification:_identify(src/space_interfaces) by extension 'ros'
[1.130s] DEBUG:colcon.colcon_core.package_identification:Package 'src/space_interfaces' with type 'ros.ament_cmake' and name 'space_interfaces'
[1.130s] Level 1:colcon.colcon_core.package_discovery:discover_packages(recursive) using defaults
[1.130s] Level 1:colcon.colcon_core.package_discovery:discover_packages(ignore) discover
[1.131s] Level 1:colcon.colcon_core.package_discovery:discover_packages(ignore) using defaults
[1.131s] Level 1:colcon.colcon_core.package_discovery:discover_packages(path) discover
[1.131s] Level 1:colcon.colcon_core.package_discovery:discover_packages(path) using defaults
[1.212s] Level 1:colcon.colcon_core.package_discovery:discover_packages(prefix_path) check parameters
[1.212s] Level 1:colcon.colcon_core.package_discovery:discover_packages(prefix_path) discover
[1.221s] DEBUG:colcon.colcon_installed_package_information.package_discovery:Found 2 installed packages in /home/landau/Documents/GitHub/space_robot/install
[1.227s] DEBUG:colcon.colcon_installed_package_information.package_discovery:Found 258 installed packages in /opt/ros/foxy
[1.233s] Level 1:colcon.colcon_core.package_discovery:discover_packages(prefix_path) using defaults
[1.495s] Level 5:colcon.colcon_core.verb:set package 'space_interfaces' build argument 'bazel_args' from command line to 'None'
[1.495s] Level 5:colcon.colcon_core.verb:set package 'space_interfaces' build argument 'bazel_task' from command line to 'None'
[1.495s] Level 5:colcon.colcon_core.verb:set package 'space_interfaces' build argument 'cmake_args' from command line to 'None'
[1.495s] Level 5:colcon.colcon_core.verb:set package 'space_interfaces' build argument 'cmake_target' from command line to 'None'
[1.495s] Level 5:colcon.colcon_core.verb:set package 'space_interfaces' build argument 'cmake_target_skip_unavailable' from command line to 'False'
[1.495s] Level 5:colcon.colcon_core.verb:set package 'space_interfaces' build argument 'cmake_clean_cache' from command line to 'False'
[1.495s] Level 5:colcon.colcon_core.verb:set package 'space_interfaces' build argument 'cmake_clean_first' from command line to 'False'
[1.495s] Level 5:colcon.colcon_core.verb:set package 'space_interfaces' build argument 'cmake_force_configure' from command line to 'False'
[1.496s] Level 5:colcon.colcon_core.verb:set package 'space_interfaces' build argument 'ament_cmake_args' from command line to 'None'
[1.496s] Level 5:colcon.colcon_core.verb:set package 'space_interfaces' build argument 'catkin_cmake_args' from command line to 'None'
[1.496s] Level 5:colcon.colcon_core.verb:set package 'space_interfaces' build argument 'catkin_skip_building_tests' from command line to 'False'
[1.496s] DEBUG:colcon.colcon_core.verb:Building package 'space_interfaces' with the following arguments: {'ament_cmake_args': None, 'bazel_args': None, 'bazel_task': None, 'build_base': '/home/landau/Documents/GitHub/space_robot/build/space_interfaces', 'catkin_cmake_args': None, 'catkin_skip_building_tests': False, 'cmake_args': None, 'cmake_clean_cache': False, 'cmake_clean_first': False, 'cmake_force_configure': False, 'cmake_target': None, 'cmake_target_skip_unavailable': False, 'install_base': '/home/landau/Documents/GitHub/space_robot/install/space_interfaces', 'merge_install': False, 'path': '/home/landau/Documents/GitHub/space_robot/src/space_interfaces', 'symlink_install': False, 'test_result_base': None}
[1.498s] Level 5:colcon.colcon_core.verb:set package 'space_driver' build argument 'bazel_args' from command line to 'None'
[1.498s] Level 5:colcon.colcon_core.verb:set package 'space_driver' build argument 'bazel_task' from command line to 'None'
[1.498s] Level 5:colcon.colcon_core.verb:set package 'space_driver' build argument 'cmake_args' from command line to 'None'
[1.499s] Level 5:colcon.colcon_core.verb:set package 'space_driver' build argument 'cmake_target' from command line to 'None'
[1.499s] Level 5:colcon.colcon_core.verb:set package 'space_driver' build argument 'cmake_target_skip_unavailable' from command line to 'False'
[1.499s] Level 5:colcon.colcon_core.verb:set package 'space_driver' build argument 'cmake_clean_cache' from command line to 'False'
[1.499s] Level 5:colcon.colcon_core.verb:set package 'space_driver' build argument 'cmake_clean_first' from command line to 'False'
[1.499s] Level 5:colcon.colcon_core.verb:set package 'space_driver' build argument 'cmake_force_configure' from command line to 'False'
[1.499s] Level 5:colcon.colcon_core.verb:set package 'space_driver' build argument 'ament_cmake_args' from command line to 'None'
[1.500s] Level 5:colcon.colcon_core.verb:set package 'space_driver' build argument 'catkin_cmake_args' from command line to 'None'
[1.500s] Level 5:colcon.colcon_core.verb:set package 'space_driver' build argument 'catkin_skip_building_tests' from command line to 'False'
[1.500s] DEBUG:colcon.colcon_core.verb:Building package 'space_driver' with the following arguments: {'ament_cmake_args': None, 'bazel_args': None, 'bazel_task': None, 'build_base': '/home/landau/Documents/GitHub/space_robot/build/space_driver', 'catkin_cmake_args': None, 'catkin_skip_building_tests': False, 'cmake_args': None, 'cmake_clean_cache': False, 'cmake_clean_first': False, 'cmake_force_configure': False, 'cmake_target': None, 'cmake_target_skip_unavailable': False, 'install_base': '/home/landau/Documents/GitHub/space_robot/install/space_driver', 'merge_install': False, 'path': '/home/landau/Documents/GitHub/space_robot/src/space_driver', 'symlink_install': False, 'test_result_base': None}
[1.501s] INFO:colcon.colcon_core.executor:Executing jobs using 'parallel' executor
[1.503s] DEBUG:colcon.colcon_parallel_executor.executor.parallel:run_until_complete
[1.504s] INFO:colcon.colcon_ros.task.ament_cmake.build:Building ROS package in '/home/landau/Documents/GitHub/space_robot/src/space_interfaces' with build type 'ament_cmake'
[1.504s] INFO:colcon.colcon_cmake.task.cmake.build:Building CMake package in '/home/landau/Documents/GitHub/space_robot/src/space_interfaces'
[1.510s] INFO:colcon.colcon_core.plugin_system:Skipping extension 'colcon_core.shell.bat': Not used on non-Windows systems
[1.511s] DEBUG:colcon.colcon_ros_domain_id_coordinator.shell.ros_domain_id:Allocated ROS_DOMAIN_ID=99 for '/home/landau/Documents/GitHub/space_robot/build/space_interfaces'
[1.511s] INFO:colcon.colcon_core.shell:Skip shell extension 'ros_domain_id' for command environment: 
[1.511s] INFO:colcon.colcon_core.shell:Skip shell extension 'powershell' for command environment: Not usable outside of PowerShell
[1.512s] DEBUG:colcon.colcon_core.shell:Skip shell extension 'dsv' for command environment
[1.551s] DEBUG:colcon.colcon_core.event_handler.log_command:Invoking command in '/home/landau/Documents/GitHub/space_robot/build/space_interfaces': CMAKE_PREFIX_PATH=${CMAKE_PREFIX_PATH}:/opt/ros/foxy /usr/bin/cmake --build /home/landau/Documents/GitHub/space_robot/build/space_interfaces -- -j8 -l8
[2.961s] DEBUG:colcon.colcon_core.event_handler.log_command:Invoked command in '/home/landau/Documents/GitHub/space_robot/build/space_interfaces' returned '0': CMAKE_PREFIX_PATH=${CMAKE_PREFIX_PATH}:/opt/ros/foxy /usr/bin/cmake --build /home/landau/Documents/GitHub/space_robot/build/space_interfaces -- -j8 -l8
[3.772s] DEBUG:colcon.colcon_core.event_handler.log_command:Invoking command in '/home/landau/Documents/GitHub/space_robot/build/space_interfaces': CMAKE_PREFIX_PATH=${CMAKE_PREFIX_PATH}:/opt/ros/foxy /usr/bin/cmake --install /home/landau/Documents/GitHub/space_robot/build/space_interfaces
[4.019s] Level 1:colcon.colcon_core.environment:create_environment_scripts_only(space_interfaces)
[4.021s] DEBUG:colcon.colcon_core.event_handler.log_command:Invoked command in '/home/landau/Documents/GitHub/space_robot/build/space_interfaces' returned '0': CMAKE_PREFIX_PATH=${CMAKE_PREFIX_PATH}:/opt/ros/foxy /usr/bin/cmake --install /home/landau/Documents/GitHub/space_robot/build/space_interfaces
[4.027s] Level 1:colcon.colcon_core.environment:checking '/home/landau/Documents/GitHub/space_robot/install/space_interfaces' for CMake module files
[4.028s] Level 1:colcon.colcon_core.environment:checking '/home/landau/Documents/GitHub/space_robot/install/space_interfaces' for CMake config files
[4.031s] Level 1:colcon.colcon_core.shell:create_environment_hook('space_interfaces', 'cmake_prefix_path')
[4.032s] INFO:colcon.colcon_core.shell:Creating environment hook '/home/landau/Documents/GitHub/space_robot/install/space_interfaces/share/space_interfaces/hook/cmake_prefix_path.ps1'
[4.034s] INFO:colcon.colcon_core.shell:Creating environment descriptor '/home/landau/Documents/GitHub/space_robot/install/space_interfaces/share/space_interfaces/hook/cmake_prefix_path.dsv'
[4.035s] INFO:colcon.colcon_core.shell:Creating environment hook '/home/landau/Documents/GitHub/space_robot/install/space_interfaces/share/space_interfaces/hook/cmake_prefix_path.sh'
[4.037s] Level 1:colcon.colcon_core.environment:checking '/home/landau/Documents/GitHub/space_robot/install/space_interfaces/lib'
[4.038s] Level 1:colcon.colcon_core.shell:create_environment_hook('space_interfaces', 'ld_library_path_lib')
[4.039s] INFO:colcon.colcon_core.shell:Creating environment hook '/home/landau/Documents/GitHub/space_robot/install/space_interfaces/share/space_interfaces/hook/ld_library_path_lib.ps1'
[4.039s] INFO:colcon.colcon_core.shell:Creating environment descriptor '/home/landau/Documents/GitHub/space_robot/install/space_interfaces/share/space_interfaces/hook/ld_library_path_lib.dsv'
[4.040s] INFO:colcon.colcon_core.shell:Creating environment hook '/home/landau/Documents/GitHub/space_robot/install/space_interfaces/share/space_interfaces/hook/ld_library_path_lib.sh'
[4.041s] Level 1:colcon.colcon_core.environment:checking '/home/landau/Documents/GitHub/space_robot/install/space_interfaces/bin'
[4.041s] Level 1:colcon.colcon_core.environment:checking '/home/landau/Documents/GitHub/space_robot/install/space_interfaces/lib/pkgconfig/space_interfaces.pc'
[4.042s] Level 1:colcon.colcon_core.environment:checking '/home/landau/Documents/GitHub/space_robot/install/space_interfaces/lib/python3.8/site-packages'
[4.042s] Level 1:colcon.colcon_core.shell:create_environment_hook('space_interfaces', 'pythonpath')
[4.043s] INFO:colcon.colcon_core.shell:Creating environment hook '/home/landau/Documents/GitHub/space_robot/install/space_interfaces/share/space_interfaces/hook/pythonpath.ps1'
[4.045s] INFO:colcon.colcon_core.shell:Creating environment descriptor '/home/landau/Documents/GitHub/space_robot/install/space_interfaces/share/space_interfaces/hook/pythonpath.dsv'
[4.046s] INFO:colcon.colcon_core.shell:Creating environment hook '/home/landau/Documents/GitHub/space_robot/install/space_interfaces/share/space_interfaces/hook/pythonpath.sh'
[4.048s] Level 1:colcon.colcon_core.environment:checking '/home/landau/Documents/GitHub/space_robot/install/space_interfaces/bin'
[4.049s] INFO:colcon.colcon_core.shell:Creating package script '/home/landau/Documents/GitHub/space_robot/install/space_interfaces/share/space_interfaces/package.ps1'
[4.052s] INFO:colcon.colcon_core.shell:Creating package descriptor '/home/landau/Documents/GitHub/space_robot/install/space_interfaces/share/space_interfaces/package.dsv'
[4.054s] INFO:colcon.colcon_core.shell:Creating package script '/home/landau/Documents/GitHub/space_robot/install/space_interfaces/share/space_interfaces/package.sh'
[4.056s] INFO:colcon.colcon_core.shell:Creating package script '/home/landau/Documents/GitHub/space_robot/install/space_interfaces/share/space_interfaces/package.bash'
[4.058s] INFO:colcon.colcon_core.shell:Creating package script '/home/landau/Documents/GitHub/space_robot/install/space_interfaces/share/space_interfaces/package.zsh'
[4.060s] Level 1:colcon.colcon_core.environment:create_file_with_runtime_dependencies(/home/landau/Documents/GitHub/space_robot/install/space_interfaces/share/colcon-core/packages/space_interfaces)
[4.773s] Level 1:colcon.colcon_core.environment:create_environment_scripts_only(space_interfaces)
[4.773s] Level 1:colcon.colcon_core.environment:checking '/home/landau/Documents/GitHub/space_robot/install/space_interfaces' for CMake module files
[4.775s] Level 1:colcon.colcon_core.environment:checking '/home/landau/Documents/GitHub/space_robot/install/space_interfaces' for CMake config files
[4.777s] Level 1:colcon.colcon_core.shell:create_environment_hook('space_interfaces', 'cmake_prefix_path')
[4.778s] INFO:colcon.colcon_core.shell:Creating environment hook '/home/landau/Documents/GitHub/space_robot/install/space_interfaces/share/space_interfaces/hook/cmake_prefix_path.ps1'
[4.779s] INFO:colcon.colcon_core.shell:Creating environment descriptor '/home/landau/Documents/GitHub/space_robot/install/space_interfaces/share/space_interfaces/hook/cmake_prefix_path.dsv'
[4.781s] INFO:colcon.colcon_core.shell:Creating environment hook '/home/landau/Documents/GitHub/space_robot/install/space_interfaces/share/space_interfaces/hook/cmake_prefix_path.sh'
[4.785s] Level 1:colcon.colcon_core.environment:checking '/home/landau/Documents/GitHub/space_robot/install/space_interfaces/lib'
[4.785s] Level 1:colcon.colcon_core.shell:create_environment_hook('space_interfaces', 'ld_library_path_lib')
[4.786s] INFO:colcon.colcon_core.shell:Creating environment hook '/home/landau/Documents/GitHub/space_robot/install/space_interfaces/share/space_interfaces/hook/ld_library_path_lib.ps1'
[4.787s] INFO:colcon.colcon_core.shell:Creating environment descriptor '/home/landau/Documents/GitHub/space_robot/install/space_interfaces/share/space_interfaces/hook/ld_library_path_lib.dsv'
[4.788s] INFO:colcon.colcon_core.shell:Creating environment hook '/home/landau/Documents/GitHub/space_robot/install/space_interfaces/share/space_interfaces/hook/ld_library_path_lib.sh'
[4.788s] Level 1:colcon.colcon_core.environment:checking '/home/landau/Documents/GitHub/space_robot/install/space_interfaces/bin'
[4.789s] Level 1:colcon.colcon_core.environment:checking '/home/landau/Documents/GitHub/space_robot/install/space_interfaces/lib/pkgconfig/space_interfaces.pc'
[4.789s] Level 1:colcon.colcon_core.environment:checking '/home/landau/Documents/GitHub/space_robot/install/space_interfaces/lib/python3.8/site-packages'
[4.790s] Level 1:colcon.colcon_core.shell:create_environment_hook('space_interfaces', 'pythonpath')
[4.790s] INFO:colcon.colcon_core.shell:Creating environment hook '/home/landau/Documents/GitHub/space_robot/install/space_interfaces/share/space_interfaces/hook/pythonpath.ps1'
[4.791s] INFO:colcon.colcon_core.shell:Creating environment descriptor '/home/landau/Documents/GitHub/space_robot/install/space_interfaces/share/space_interfaces/hook/pythonpath.dsv'
[4.792s] INFO:colcon.colcon_core.shell:Creating environment hook '/home/landau/Documents/GitHub/space_robot/install/space_interfaces/share/space_interfaces/hook/pythonpath.sh'
[4.795s] Level 1:colcon.colcon_core.environment:checking '/home/landau/Documents/GitHub/space_robot/install/space_interfaces/bin'
[4.798s] INFO:colcon.colcon_core.shell:Creating package script '/home/landau/Documents/GitHub/space_robot/install/space_interfaces/share/space_interfaces/package.ps1'
[4.799s] INFO:colcon.colcon_core.shell:Creating package descriptor '/home/landau/Documents/GitHub/space_robot/install/space_interfaces/share/space_interfaces/package.dsv'
[4.801s] INFO:colcon.colcon_core.shell:Creating package script '/home/landau/Documents/GitHub/space_robot/install/space_interfaces/share/space_interfaces/package.sh'
[4.802s] INFO:colcon.colcon_core.shell:Creating package script '/home/landau/Documents/GitHub/space_robot/install/space_interfaces/share/space_interfaces/package.bash'
[4.803s] INFO:colcon.colcon_core.shell:Creating package script '/home/landau/Documents/GitHub/space_robot/install/space_interfaces/share/space_interfaces/package.zsh'
[4.804s] Level 1:colcon.colcon_core.environment:create_file_with_runtime_dependencies(/home/landau/Documents/GitHub/space_robot/install/space_interfaces/share/colcon-core/packages/space_interfaces)
[4.805s] INFO:colcon.colcon_ros.task.ament_cmake.build:Building ROS package in '/home/landau/Documents/GitHub/space_robot/src/space_driver' with build type 'ament_cmake'
[4.805s] DEBUG:colcon.colcon_ros_domain_id_coordinator.shell.ros_domain_id:Released ROS_DOMAIN_ID=99 for '/home/landau/Documents/GitHub/space_robot/build/space_interfaces'
[4.806s] INFO:colcon.colcon_cmake.task.cmake.build:Building CMake package in '/home/landau/Documents/GitHub/space_robot/src/space_driver'
[4.807s] DEBUG:colcon.colcon_ros_domain_id_coordinator.shell.ros_domain_id:Allocated ROS_DOMAIN_ID=32 for '/home/landau/Documents/GitHub/space_robot/build/space_driver'
[4.807s] INFO:colcon.colcon_core.shell:Skip shell extension 'ros_domain_id' for command environment: 
[4.807s] INFO:colcon.colcon_core.shell:Skip shell extension 'powershell' for command environment: Not usable outside of PowerShell
[4.808s] DEBUG:colcon.colcon_core.shell:Skip shell extension 'dsv' for command environment
[4.857s] DEBUG:colcon.colcon_core.event_handler.log_command:Invoking command in '/home/landau/Documents/GitHub/space_robot/build/space_driver': CMAKE_PREFIX_PATH=/home/landau/Documents/GitHub/space_robot/install/space_interfaces:/home/landau/Documents/GitHub/space_robot/install/space_driver:/opt/ros/foxy /usr/bin/cmake --build /home/landau/Documents/GitHub/space_robot/build/space_driver -- -j8 -l8
[38.381s] DEBUG:colcon.colcon_core.event_handler.log_command:Invoked command in '/home/landau/Documents/GitHub/space_robot/build/space_driver' returned '0': CMAKE_PREFIX_PATH=/home/landau/Documents/GitHub/space_robot/install/space_interfaces:/home/landau/Documents/GitHub/space_robot/install/space_driver:/opt/ros/foxy /usr/bin/cmake --build /home/landau/Documents/GitHub/space_robot/build/space_driver -- -j8 -l8
[38.567s] DEBUG:colcon.colcon_core.event_handler.log_command:Invoking command in '/home/landau/Documents/GitHub/space_robot/build/space_driver': CMAKE_PREFIX_PATH=/home/landau/Documents/GitHub/space_robot/install/space_interfaces:/home/landau/Documents/GitHub/space_robot/install/space_driver:/opt/ros/foxy /usr/bin/cmake --install /home/landau/Documents/GitHub/space_robot/build/space_driver
[38.611s] Level 1:colcon.colcon_core.environment:create_environment_scripts_only(space_driver)
[38.612s] Level 1:colcon.colcon_core.environment:checking '/home/landau/Documents/GitHub/space_robot/install/space_driver' for CMake module files
[38.614s] DEBUG:colcon.colcon_core.event_handler.log_command:Invoked command in '/home/landau/Documents/GitHub/space_robot/build/space_driver' returned '0': CMAKE_PREFIX_PATH=/home/landau/Documents/GitHub/space_robot/install/space_interfaces:/home/landau/Documents/GitHub/space_robot/install/space_driver:/opt/ros/foxy /usr/bin/cmake --install /home/landau/Documents/GitHub/space_robot/build/space_driver
[38.616s] Level 1:colcon.colcon_core.environment:checking '/home/landau/Documents/GitHub/space_robot/install/space_driver' for CMake config files
[38.617s] Level 1:colcon.colcon_core.shell:create_environment_hook('space_driver', 'cmake_prefix_path')
[38.618s] INFO:colcon.colcon_core.shell:Creating environment hook '/home/landau/Documents/GitHub/space_robot/install/space_driver/share/space_driver/hook/cmake_prefix_path.ps1'
[38.619s] INFO:colcon.colcon_core.shell:Creating environment descriptor '/home/landau/Documents/GitHub/space_robot/install/space_driver/share/space_driver/hook/cmake_prefix_path.dsv'
[38.620s] INFO:colcon.colcon_core.shell:Creating environment hook '/home/landau/Documents/GitHub/space_robot/install/space_driver/share/space_driver/hook/cmake_prefix_path.sh'
[38.622s] Level 1:colcon.colcon_core.environment:checking '/home/landau/Documents/GitHub/space_robot/install/space_driver/lib'
[38.622s] Level 1:colcon.colcon_core.environment:checking '/home/landau/Documents/GitHub/space_robot/install/space_driver/bin'
[38.623s] Level 1:colcon.colcon_core.environment:checking '/home/landau/Documents/GitHub/space_robot/install/space_driver/lib/pkgconfig/space_driver.pc'
[38.624s] Level 1:colcon.colcon_core.environment:checking '/home/landau/Documents/GitHub/space_robot/install/space_driver/lib/python3.8/site-packages'
[38.624s] Level 1:colcon.colcon_core.environment:checking '/home/landau/Documents/GitHub/space_robot/install/space_driver/bin'
[38.626s] INFO:colcon.colcon_core.shell:Creating package script '/home/landau/Documents/GitHub/space_robot/install/space_driver/share/space_driver/package.ps1'
[38.628s] INFO:colcon.colcon_core.shell:Creating package descriptor '/home/landau/Documents/GitHub/space_robot/install/space_driver/share/space_driver/package.dsv'
[38.630s] INFO:colcon.colcon_core.shell:Creating package script '/home/landau/Documents/GitHub/space_robot/install/space_driver/share/space_driver/package.sh'
[38.631s] INFO:colcon.colcon_core.shell:Creating package script '/home/landau/Documents/GitHub/space_robot/install/space_driver/share/space_driver/package.bash'
[38.632s] INFO:colcon.colcon_core.shell:Creating package script '/home/landau/Documents/GitHub/space_robot/install/space_driver/share/space_driver/package.zsh'
[38.633s] Level 1:colcon.colcon_core.environment:create_file_with_runtime_dependencies(/home/landau/Documents/GitHub/space_robot/install/space_driver/share/colcon-core/packages/space_driver)
[38.815s] Level 1:colcon.colcon_core.environment:create_environment_scripts_only(space_driver)
[38.816s] Level 1:colcon.colcon_core.environment:checking '/home/landau/Documents/GitHub/space_robot/install/space_driver' for CMake module files
[38.818s] Level 1:colcon.colcon_core.environment:checking '/home/landau/Documents/GitHub/space_robot/install/space_driver' for CMake config files
[38.820s] Level 1:colcon.colcon_core.shell:create_environment_hook('space_driver', 'cmake_prefix_path')
[38.821s] INFO:colcon.colcon_core.shell:Creating environment hook '/home/landau/Documents/GitHub/space_robot/install/space_driver/share/space_driver/hook/cmake_prefix_path.ps1'
[38.823s] INFO:colcon.colcon_core.shell:Creating environment descriptor '/home/landau/Documents/GitHub/space_robot/install/space_driver/share/space_driver/hook/cmake_prefix_path.dsv'
[38.825s] INFO:colcon.colcon_core.shell:Creating environment hook '/home/landau/Documents/GitHub/space_robot/install/space_driver/share/space_driver/hook/cmake_prefix_path.sh'
[38.830s] Level 1:colcon.colcon_core.environment:checking '/home/landau/Documents/GitHub/space_robot/install/space_driver/lib'
[38.830s] Level 1:colcon.colcon_core.environment:checking '/home/landau/Documents/GitHub/space_robot/install/space_driver/bin'
[38.830s] Level 1:colcon.colcon_core.environment:checking '/home/landau/Documents/GitHub/space_robot/install/space_driver/lib/pkgconfig/space_driver.pc'
[38.832s] Level 1:colcon.colcon_core.environment:checking '/home/landau/Documents/GitHub/space_robot/install/space_driver/lib/python3.8/site-packages'
[38.833s] Level 1:colcon.colcon_core.environment:checking '/home/landau/Documents/GitHub/space_robot/install/space_driver/bin'
[38.835s] INFO:colcon.colcon_core.shell:Creating package script '/home/landau/Documents/GitHub/space_robot/install/space_driver/share/space_driver/package.ps1'
[38.838s] INFO:colcon.colcon_core.shell:Creating package descriptor '/home/landau/Documents/GitHub/space_robot/install/space_driver/share/space_driver/package.dsv'
[38.844s] INFO:colcon.colcon_core.shell:Creating package script '/home/landau/Documents/GitHub/space_robot/install/space_driver/share/space_driver/package.sh'
[38.848s] INFO:colcon.colcon_core.shell:Creating package script '/home/landau/Documents/GitHub/space_robot/install/space_driver/share/space_driver/package.bash'
[38.850s] INFO:colcon.colcon_core.shell:Creating package script '/home/landau/Documents/GitHub/space_robot/install/space_driver/share/space_driver/package.zsh'
[38.853s] Level 1:colcon.colcon_core.environment:create_file_with_runtime_dependencies(/home/landau/Documents/GitHub/space_robot/install/space_driver/share/colcon-core/packages/space_driver)
[38.855s] DEBUG:colcon.colcon_ros_domain_id_coordinator.shell.ros_domain_id:Released ROS_DOMAIN_ID=32 for '/home/landau/Documents/GitHub/space_robot/build/space_driver'
[38.857s] DEBUG:colcon.colcon_parallel_executor.executor.parallel:closing loop
[38.858s] DEBUG:colcon.colcon_parallel_executor.executor.parallel:loop closed
[38.859s] DEBUG:colcon.colcon_parallel_executor.executor.parallel:run_until_complete finished with '0'
[38.859s] DEBUG:colcon.colcon_core.event_reactor:joining thread
[38.884s] INFO:colcon.colcon_core.plugin_system:Skipping extension 'colcon_notification.desktop_notification.terminal_notifier': Not used on non-Darwin systems
[38.884s] INFO:colcon.colcon_core.plugin_system:Skipping extension 'colcon_notification.desktop_notification.win32': Not used on non-Windows systems
[38.884s] INFO:colcon.colcon_notification.desktop_notification:Sending desktop notification using 'notify2'
[38.952s] DEBUG:colcon.colcon_core.event_reactor:joined thread
[38.954s] INFO:colcon.colcon_core.shell:Creating prefix script '/home/landau/Documents/GitHub/space_robot/install/local_setup.ps1'
[38.956s] INFO:colcon.colcon_core.shell:Creating prefix util module '/home/landau/Documents/GitHub/space_robot/install/_local_setup_util_ps1.py'
[38.962s] INFO:colcon.colcon_core.shell:Creating prefix chain script '/home/landau/Documents/GitHub/space_robot/install/setup.ps1'
[38.965s] INFO:colcon.colcon_core.shell:Creating prefix script '/home/landau/Documents/GitHub/space_robot/install/local_setup.sh'
[38.967s] INFO:colcon.colcon_core.shell:Creating prefix util module '/home/landau/Documents/GitHub/space_robot/install/_local_setup_util_sh.py'
[38.968s] INFO:colcon.colcon_core.shell:Creating prefix chain script '/home/landau/Documents/GitHub/space_robot/install/setup.sh'
[38.971s] INFO:colcon.colcon_core.shell:Creating prefix script '/home/landau/Documents/GitHub/space_robot/install/local_setup.bash'
[38.972s] INFO:colcon.colcon_core.shell:Creating prefix chain script '/home/landau/Documents/GitHub/space_robot/install/setup.bash'
[38.975s] INFO:colcon.colcon_core.shell:Creating prefix script '/home/landau/Documents/GitHub/space_robot/install/local_setup.zsh'
[38.977s] INFO:colcon.colcon_core.shell:Creating prefix chain script '/home/landau/Documents/GitHub/space_robot/install/setup.zsh'
[38.979s] INFO:colcon.colcon_core.shell:Creating '/home/landau/Documents/GitHub/space_robot/install/spawn_shell.bash'
