[0.637s] DEBUG:colcon:Command line arguments: ['/usr/bin/colcon', 'build']
[0.637s] DEBUG:colcon:Parsed command line arguments: Namespace(allow_overriding=[], ament_cmake_args=None, base_paths=['.'], bazel_args=None, bazel_task=None, build_base='build', catkin_cmake_args=None, catkin_skip_building_tests=False, cmake_args=None, cmake_clean_cache=False, cmake_clean_first=False, cmake_force_configure=False, cmake_target=None, cmake_target_skip_unavailable=False, continue_on_error=False, event_handlers=None, executor='parallel', ignore_user_meta=False, install_base='install', log_base=None, log_level=None, main=<bound method BuildVerb.main of <colcon_core.verb.build.BuildVerb object at 0x7f3b9b8b3970>>, merge_install=False, metas=['./colcon.meta'], mixin=None, mixin_files=None, mixin_verb=('build',), packages_above=None, packages_above_and_dependencies=None, packages_above_depth=None, packages_end=None, packages_ignore=None, packages_ignore_regex=None, packages_select=None, packages_select_build_failed=False, packages_select_by_dep=None, packages_select_regex=None, packages_select_test_failures=False, packages_skip=None, packages_skip_build_finished=False, packages_skip_by_dep=None, packages_skip_regex=None, packages_skip_test_passed=False, packages_skip_up_to=None, packages_start=None, packages_up_to=None, packages_up_to_regex=None, parallel_workers=8, paths=None, symlink_install=False, test_result_base=None, verb_extension=<colcon_core.verb.build.BuildVerb object at 0x7f3b9b8b3970>, verb_name='build', verb_parser=<colcon_alias.argument_parser.alias.AliasArgumentDecorator object at 0x7f3b9b8c58e0>)
[1.148s] Level 1:colcon.colcon_core.package_discovery:discover_packages(colcon_meta) check parameters
[1.149s] Level 1:colcon.colcon_core.package_discovery:discover_packages(recursive) check parameters
[1.149s] Level 1:colcon.colcon_core.package_discovery:discover_packages(ignore) check parameters
[1.149s] Level 1:colcon.colcon_core.package_discovery:discover_packages(path) check parameters
[1.149s] Level 1:colcon.colcon_core.package_discovery:discover_packages(colcon_meta) discover
[1.149s] Level 1:colcon.colcon_core.package_discovery:discover_packages(recursive) discover
[1.150s] INFO:colcon.colcon_core.package_discovery:Crawling recursively for packages in '/home/landau/Documents/GitHub/space_robot'
[1.150s] Level 1:colcon.colcon_core.package_identification:_identify(.) by extensions ['ignore', 'ignore_ament_install']
[1.150s] Level 1:colcon.colcon_core.package_identification:_identify(.) by extension 'ignore'
[1.151s] Level 1:colcon.colcon_core.package_identification:_identify(.) by extension 'ignore_ament_install'
[1.151s] Level 1:colcon.colcon_core.package_identification:_identify(.) by extensions ['colcon_pkg']
[1.151s] Level 1:colcon.colcon_core.package_identification:_identify(.) by extension 'colcon_pkg'
[1.151s] Level 1:colcon.colcon_core.package_identification:_identify(.) by extensions ['colcon_meta']
[1.151s] Level 1:colcon.colcon_core.package_identification:_identify(.) by extension 'colcon_meta'
[1.152s] Level 1:colcon.colcon_core.package_identification:_identify(.) by extensions ['ros']
[1.152s] Level 1:colcon.colcon_core.package_identification:_identify(.) by extension 'ros'
[1.163s] Level 1:colcon.colcon_core.package_identification:_identify(.) by extensions ['bazel', 'cmake', 'python']
[1.164s] Level 1:colcon.colcon_core.package_identification:_identify(.) by extension 'bazel'
[1.164s] Level 1:colcon.colcon_core.package_identification:_identify(.) by extension 'cmake'
[1.164s] Level 1:colcon.colcon_core.package_identification:_identify(.) by extension 'python'
[1.164s] Level 1:colcon.colcon_core.package_identification:_identify(.) by extensions ['python_setup_py']
[1.165s] Level 1:colcon.colcon_core.package_identification:_identify(.) by extension 'python_setup_py'
[1.165s] Level 1:colcon.colcon_core.package_identification:_identify(build) by extensions ['ignore', 'ignore_ament_install']
[1.166s] Level 1:colcon.colcon_core.package_identification:_identify(build) by extension 'ignore'
[1.166s] Level 1:colcon.colcon_core.package_identification:_identify(build) ignored
[1.166s] Level 1:colcon.colcon_core.package_identification:_identify(install) by extensions ['ignore', 'ignore_ament_install']
[1.167s] Level 1:colcon.colcon_core.package_identification:_identify(install) by extension 'ignore'
[1.167s] Level 1:colcon.colcon_core.package_identification:_identify(install) ignored
[1.167s] Level 1:colcon.colcon_core.package_identification:_identify(log) by extensions ['ignore', 'ignore_ament_install']
[1.168s] Level 1:colcon.colcon_core.package_identification:_identify(log) by extension 'ignore'
[1.168s] Level 1:colcon.colcon_core.package_identification:_identify(log) ignored
[1.168s] Level 1:colcon.colcon_core.package_identification:_identify(src) by extensions ['ignore', 'ignore_ament_install']
[1.168s] Level 1:colcon.colcon_core.package_identification:_identify(src) by extension 'ignore'
[1.169s] Level 1:colcon.colcon_core.package_identification:_identify(src) by extension 'ignore_ament_install'
[1.169s] Level 1:colcon.colcon_core.package_identification:_identify(src) by extensions ['colcon_pkg']
[1.169s] Level 1:colcon.colcon_core.package_identification:_identify(src) by extension 'colcon_pkg'
[1.169s] Level 1:colcon.colcon_core.package_identification:_identify(src) by extensions ['colcon_meta']
[1.169s] Level 1:colcon.colcon_core.package_identification:_identify(src) by extension 'colcon_meta'
[1.169s] Level 1:colcon.colcon_core.package_identification:_identify(src) by extensions ['ros']
[1.170s] Level 1:colcon.colcon_core.package_identification:_identify(src) by extension 'ros'
[1.170s] Level 1:colcon.colcon_core.package_identification:_identify(src) by extensions ['bazel', 'cmake', 'python']
[1.170s] Level 1:colcon.colcon_core.package_identification:_identify(src) by extension 'bazel'
[1.170s] Level 1:colcon.colcon_core.package_identification:_identify(src) by extension 'cmake'
[1.170s] Level 1:colcon.colcon_core.package_identification:_identify(src) by extension 'python'
[1.170s] Level 1:colcon.colcon_core.package_identification:_identify(src) by extensions ['python_setup_py']
[1.171s] Level 1:colcon.colcon_core.package_identification:_identify(src) by extension 'python_setup_py'
[1.171s] Level 1:colcon.colcon_core.package_identification:_identify(src/space_driver) by extensions ['ignore', 'ignore_ament_install']
[1.171s] Level 1:colcon.colcon_core.package_identification:_identify(src/space_driver) by extension 'ignore'
[1.171s] Level 1:colcon.colcon_core.package_identification:_identify(src/space_driver) by extension 'ignore_ament_install'
[1.172s] Level 1:colcon.colcon_core.package_identification:_identify(src/space_driver) by extensions ['colcon_pkg']
[1.172s] Level 1:colcon.colcon_core.package_identification:_identify(src/space_driver) by extension 'colcon_pkg'
[1.172s] Level 1:colcon.colcon_core.package_identification:_identify(src/space_driver) by extensions ['colcon_meta']
[1.172s] Level 1:colcon.colcon_core.package_identification:_identify(src/space_driver) by extension 'colcon_meta'
[1.172s] Level 1:colcon.colcon_core.package_identification:_identify(src/space_driver) by extensions ['ros']
[1.172s] Level 1:colcon.colcon_core.package_identification:_identify(src/space_driver) by extension 'ros'
[1.181s] DEBUG:colcon.colcon_core.package_identification:Package 'src/space_driver' with type 'ros.ament_cmake' and name 'space_driver'
[1.182s] Level 1:colcon.colcon_core.package_identification:_identify(src/space_interfaces) by extensions ['ignore', 'ignore_ament_install']
[1.182s] Level 1:colcon.colcon_core.package_identification:_identify(src/space_interfaces) by extension 'ignore'
[1.182s] Level 1:colcon.colcon_core.package_identification:_identify(src/space_interfaces) by extension 'ignore_ament_install'
[1.182s] Level 1:colcon.colcon_core.package_identification:_identify(src/space_interfaces) by extensions ['colcon_pkg']
[1.182s] Level 1:colcon.colcon_core.package_identification:_identify(src/space_interfaces) by extension 'colcon_pkg'
[1.183s] Level 1:colcon.colcon_core.package_identification:_identify(src/space_interfaces) by extensions ['colcon_meta']
[1.183s] Level 1:colcon.colcon_core.package_identification:_identify(src/space_interfaces) by extension 'colcon_meta'
[1.183s] Level 1:colcon.colcon_core.package_identification:_identify(src/space_interfaces) by extensions ['ros']
[1.183s] Level 1:colcon.colcon_core.package_identification:_identify(src/space_interfaces) by extension 'ros'
[1.185s] DEBUG:colcon.colcon_core.package_identification:Package 'src/space_interfaces' with type 'ros.ament_cmake' and name 'space_interfaces'
[1.185s] Level 1:colcon.colcon_core.package_discovery:discover_packages(recursive) using defaults
[1.185s] Level 1:colcon.colcon_core.package_discovery:discover_packages(ignore) discover
[1.185s] Level 1:colcon.colcon_core.package_discovery:discover_packages(ignore) using defaults
[1.185s] Level 1:colcon.colcon_core.package_discovery:discover_packages(path) discover
[1.186s] Level 1:colcon.colcon_core.package_discovery:discover_packages(path) using defaults
[1.266s] Level 1:colcon.colcon_core.package_discovery:discover_packages(prefix_path) check parameters
[1.267s] Level 1:colcon.colcon_core.package_discovery:discover_packages(prefix_path) discover
[1.272s] DEBUG:colcon.colcon_installed_package_information.package_discovery:Found 2 installed packages in /home/landau/Documents/GitHub/space_robot/install
[1.276s] DEBUG:colcon.colcon_installed_package_information.package_discovery:Found 258 installed packages in /opt/ros/foxy
[1.280s] Level 1:colcon.colcon_core.package_discovery:discover_packages(prefix_path) using defaults
[1.493s] Level 5:colcon.colcon_core.verb:set package 'space_interfaces' build argument 'bazel_args' from command line to 'None'
[1.493s] Level 5:colcon.colcon_core.verb:set package 'space_interfaces' build argument 'bazel_task' from command line to 'None'
[1.493s] Level 5:colcon.colcon_core.verb:set package 'space_interfaces' build argument 'cmake_args' from command line to 'None'
[1.493s] Level 5:colcon.colcon_core.verb:set package 'space_interfaces' build argument 'cmake_target' from command line to 'None'
[1.493s] Level 5:colcon.colcon_core.verb:set package 'space_interfaces' build argument 'cmake_target_skip_unavailable' from command line to 'False'
[1.493s] Level 5:colcon.colcon_core.verb:set package 'space_interfaces' build argument 'cmake_clean_cache' from command line to 'False'
[1.493s] Level 5:colcon.colcon_core.verb:set package 'space_interfaces' build argument 'cmake_clean_first' from command line to 'False'
[1.494s] Level 5:colcon.colcon_core.verb:set package 'space_interfaces' build argument 'cmake_force_configure' from command line to 'False'
[1.494s] Level 5:colcon.colcon_core.verb:set package 'space_interfaces' build argument 'ament_cmake_args' from command line to 'None'
[1.494s] Level 5:colcon.colcon_core.verb:set package 'space_interfaces' build argument 'catkin_cmake_args' from command line to 'None'
[1.494s] Level 5:colcon.colcon_core.verb:set package 'space_interfaces' build argument 'catkin_skip_building_tests' from command line to 'False'
[1.494s] DEBUG:colcon.colcon_core.verb:Building package 'space_interfaces' with the following arguments: {'ament_cmake_args': None, 'bazel_args': None, 'bazel_task': None, 'build_base': '/home/landau/Documents/GitHub/space_robot/build/space_interfaces', 'catkin_cmake_args': None, 'catkin_skip_building_tests': False, 'cmake_args': None, 'cmake_clean_cache': False, 'cmake_clean_first': False, 'cmake_force_configure': False, 'cmake_target': None, 'cmake_target_skip_unavailable': False, 'install_base': '/home/landau/Documents/GitHub/space_robot/install/space_interfaces', 'merge_install': False, 'path': '/home/landau/Documents/GitHub/space_robot/src/space_interfaces', 'symlink_install': False, 'test_result_base': None}
[1.495s] Level 5:colcon.colcon_core.verb:set package 'space_driver' build argument 'bazel_args' from command line to 'None'
[1.495s] Level 5:colcon.colcon_core.verb:set package 'space_driver' build argument 'bazel_task' from command line to 'None'
[1.496s] Level 5:colcon.colcon_core.verb:set package 'space_driver' build argument 'cmake_args' from command line to 'None'
[1.496s] Level 5:colcon.colcon_core.verb:set package 'space_driver' build argument 'cmake_target' from command line to 'None'
[1.496s] Level 5:colcon.colcon_core.verb:set package 'space_driver' build argument 'cmake_target_skip_unavailable' from command line to 'False'
[1.496s] Level 5:colcon.colcon_core.verb:set package 'space_driver' build argument 'cmake_clean_cache' from command line to 'False'
[1.496s] Level 5:colcon.colcon_core.verb:set package 'space_driver' build argument 'cmake_clean_first' from command line to 'False'
[1.496s] Level 5:colcon.colcon_core.verb:set package 'space_driver' build argument 'cmake_force_configure' from command line to 'False'
[1.496s] Level 5:colcon.colcon_core.verb:set package 'space_driver' build argument 'ament_cmake_args' from command line to 'None'
[1.496s] Level 5:colcon.colcon_core.verb:set package 'space_driver' build argument 'catkin_cmake_args' from command line to 'None'
[1.496s] Level 5:colcon.colcon_core.verb:set package 'space_driver' build argument 'catkin_skip_building_tests' from command line to 'False'
[1.497s] DEBUG:colcon.colcon_core.verb:Building package 'space_driver' with the following arguments: {'ament_cmake_args': None, 'bazel_args': None, 'bazel_task': None, 'build_base': '/home/landau/Documents/GitHub/space_robot/build/space_driver', 'catkin_cmake_args': None, 'catkin_skip_building_tests': False, 'cmake_args': None, 'cmake_clean_cache': False, 'cmake_clean_first': False, 'cmake_force_configure': False, 'cmake_target': None, 'cmake_target_skip_unavailable': False, 'install_base': '/home/landau/Documents/GitHub/space_robot/install/space_driver', 'merge_install': False, 'path': '/home/landau/Documents/GitHub/space_robot/src/space_driver', 'symlink_install': False, 'test_result_base': None}
[1.497s] INFO:colcon.colcon_core.executor:Executing jobs using 'parallel' executor
[1.500s] DEBUG:colcon.colcon_parallel_executor.executor.parallel:run_until_complete
[1.501s] INFO:colcon.colcon_ros.task.ament_cmake.build:Building ROS package in '/home/landau/Documents/GitHub/space_robot/src/space_interfaces' with build type 'ament_cmake'
[1.502s] INFO:colcon.colcon_cmake.task.cmake.build:Building CMake package in '/home/landau/Documents/GitHub/space_robot/src/space_interfaces'
[1.507s] INFO:colcon.colcon_core.plugin_system:Skipping extension 'colcon_core.shell.bat': Not used on non-Windows systems
[1.508s] DEBUG:colcon.colcon_ros_domain_id_coordinator.shell.ros_domain_id:Allocated ROS_DOMAIN_ID=42 for '/home/landau/Documents/GitHub/space_robot/build/space_interfaces'
[1.509s] INFO:colcon.colcon_core.shell:Skip shell extension 'ros_domain_id' for command environment: 
[1.509s] INFO:colcon.colcon_core.shell:Skip shell extension 'powershell' for command environment: Not usable outside of PowerShell
[1.509s] DEBUG:colcon.colcon_core.shell:Skip shell extension 'dsv' for command environment
[1.541s] DEBUG:colcon.colcon_core.event_handler.log_command:Invoking command in '/home/landau/Documents/GitHub/space_robot/build/space_interfaces': CMAKE_PREFIX_PATH=${CMAKE_PREFIX_PATH}:/opt/ros/foxy /usr/bin/cmake --build /home/landau/Documents/GitHub/space_robot/build/space_interfaces -- -j8 -l8
[2.500s] DEBUG:colcon.colcon_core.event_handler.log_command:Invoked command in '/home/landau/Documents/GitHub/space_robot/build/space_interfaces' returned '0': CMAKE_PREFIX_PATH=${CMAKE_PREFIX_PATH}:/opt/ros/foxy /usr/bin/cmake --build /home/landau/Documents/GitHub/space_robot/build/space_interfaces -- -j8 -l8
[3.218s] DEBUG:colcon.colcon_core.event_handler.log_command:Invoking command in '/home/landau/Documents/GitHub/space_robot/build/space_interfaces': CMAKE_PREFIX_PATH=${CMAKE_PREFIX_PATH}:/opt/ros/foxy /usr/bin/cmake --install /home/landau/Documents/GitHub/space_robot/build/space_interfaces
[3.428s] Level 1:colcon.colcon_core.environment:create_environment_scripts_only(space_interfaces)
[3.434s] DEBUG:colcon.colcon_core.event_handler.log_command:Invoked command in '/home/landau/Documents/GitHub/space_robot/build/space_interfaces' returned '0': CMAKE_PREFIX_PATH=${CMAKE_PREFIX_PATH}:/opt/ros/foxy /usr/bin/cmake --install /home/landau/Documents/GitHub/space_robot/build/space_interfaces
[3.439s] Level 1:colcon.colcon_core.environment:checking '/home/landau/Documents/GitHub/space_robot/install/space_interfaces' for CMake module files
[3.441s] Level 1:colcon.colcon_core.environment:checking '/home/landau/Documents/GitHub/space_robot/install/space_interfaces' for CMake config files
[3.443s] Level 1:colcon.colcon_core.shell:create_environment_hook('space_interfaces', 'cmake_prefix_path')
[3.445s] INFO:colcon.colcon_core.shell:Creating environment hook '/home/landau/Documents/GitHub/space_robot/install/space_interfaces/share/space_interfaces/hook/cmake_prefix_path.ps1'
[3.447s] INFO:colcon.colcon_core.shell:Creating environment descriptor '/home/landau/Documents/GitHub/space_robot/install/space_interfaces/share/space_interfaces/hook/cmake_prefix_path.dsv'
[3.449s] INFO:colcon.colcon_core.shell:Creating environment hook '/home/landau/Documents/GitHub/space_robot/install/space_interfaces/share/space_interfaces/hook/cmake_prefix_path.sh'
[3.452s] Level 1:colcon.colcon_core.environment:checking '/home/landau/Documents/GitHub/space_robot/install/space_interfaces/lib'
[3.453s] Level 1:colcon.colcon_core.shell:create_environment_hook('space_interfaces', 'ld_library_path_lib')
[3.453s] INFO:colcon.colcon_core.shell:Creating environment hook '/home/landau/Documents/GitHub/space_robot/install/space_interfaces/share/space_interfaces/hook/ld_library_path_lib.ps1'
[3.454s] INFO:colcon.colcon_core.shell:Creating environment descriptor '/home/landau/Documents/GitHub/space_robot/install/space_interfaces/share/space_interfaces/hook/ld_library_path_lib.dsv'
[3.455s] INFO:colcon.colcon_core.shell:Creating environment hook '/home/landau/Documents/GitHub/space_robot/install/space_interfaces/share/space_interfaces/hook/ld_library_path_lib.sh'
[3.456s] Level 1:colcon.colcon_core.environment:checking '/home/landau/Documents/GitHub/space_robot/install/space_interfaces/bin'
[3.456s] Level 1:colcon.colcon_core.environment:checking '/home/landau/Documents/GitHub/space_robot/install/space_interfaces/lib/pkgconfig/space_interfaces.pc'
[3.457s] Level 1:colcon.colcon_core.environment:checking '/home/landau/Documents/GitHub/space_robot/install/space_interfaces/lib/python3.8/site-packages'
[3.457s] Level 1:colcon.colcon_core.shell:create_environment_hook('space_interfaces', 'pythonpath')
[3.458s] INFO:colcon.colcon_core.shell:Creating environment hook '/home/landau/Documents/GitHub/space_robot/install/space_interfaces/share/space_interfaces/hook/pythonpath.ps1'
[3.459s] INFO:colcon.colcon_core.shell:Creating environment descriptor '/home/landau/Documents/GitHub/space_robot/install/space_interfaces/share/space_interfaces/hook/pythonpath.dsv'
[3.460s] INFO:colcon.colcon_core.shell:Creating environment hook '/home/landau/Documents/GitHub/space_robot/install/space_interfaces/share/space_interfaces/hook/pythonpath.sh'
[3.463s] Level 1:colcon.colcon_core.environment:checking '/home/landau/Documents/GitHub/space_robot/install/space_interfaces/bin'
[3.464s] INFO:colcon.colcon_core.shell:Creating package script '/home/landau/Documents/GitHub/space_robot/install/space_interfaces/share/space_interfaces/package.ps1'
[3.466s] INFO:colcon.colcon_core.shell:Creating package descriptor '/home/landau/Documents/GitHub/space_robot/install/space_interfaces/share/space_interfaces/package.dsv'
[3.468s] INFO:colcon.colcon_core.shell:Creating package script '/home/landau/Documents/GitHub/space_robot/install/space_interfaces/share/space_interfaces/package.sh'
[3.470s] INFO:colcon.colcon_core.shell:Creating package script '/home/landau/Documents/GitHub/space_robot/install/space_interfaces/share/space_interfaces/package.bash'
[3.472s] INFO:colcon.colcon_core.shell:Creating package script '/home/landau/Documents/GitHub/space_robot/install/space_interfaces/share/space_interfaces/package.zsh'
[3.473s] Level 1:colcon.colcon_core.environment:create_file_with_runtime_dependencies(/home/landau/Documents/GitHub/space_robot/install/space_interfaces/share/colcon-core/packages/space_interfaces)
[4.156s] Level 1:colcon.colcon_core.environment:create_environment_scripts_only(space_interfaces)
[4.157s] Level 1:colcon.colcon_core.environment:checking '/home/landau/Documents/GitHub/space_robot/install/space_interfaces' for CMake module files
[4.159s] Level 1:colcon.colcon_core.environment:checking '/home/landau/Documents/GitHub/space_robot/install/space_interfaces' for CMake config files
[4.162s] Level 1:colcon.colcon_core.shell:create_environment_hook('space_interfaces', 'cmake_prefix_path')
[4.163s] INFO:colcon.colcon_core.shell:Creating environment hook '/home/landau/Documents/GitHub/space_robot/install/space_interfaces/share/space_interfaces/hook/cmake_prefix_path.ps1'
[4.164s] INFO:colcon.colcon_core.shell:Creating environment descriptor '/home/landau/Documents/GitHub/space_robot/install/space_interfaces/share/space_interfaces/hook/cmake_prefix_path.dsv'
[4.165s] INFO:colcon.colcon_core.shell:Creating environment hook '/home/landau/Documents/GitHub/space_robot/install/space_interfaces/share/space_interfaces/hook/cmake_prefix_path.sh'
[4.169s] Level 1:colcon.colcon_core.environment:checking '/home/landau/Documents/GitHub/space_robot/install/space_interfaces/lib'
[4.170s] Level 1:colcon.colcon_core.shell:create_environment_hook('space_interfaces', 'ld_library_path_lib')
[4.170s] INFO:colcon.colcon_core.shell:Creating environment hook '/home/landau/Documents/GitHub/space_robot/install/space_interfaces/share/space_interfaces/hook/ld_library_path_lib.ps1'
[4.171s] INFO:colcon.colcon_core.shell:Creating environment descriptor '/home/landau/Documents/GitHub/space_robot/install/space_interfaces/share/space_interfaces/hook/ld_library_path_lib.dsv'
[4.172s] INFO:colcon.colcon_core.shell:Creating environment hook '/home/landau/Documents/GitHub/space_robot/install/space_interfaces/share/space_interfaces/hook/ld_library_path_lib.sh'
[4.173s] Level 1:colcon.colcon_core.environment:checking '/home/landau/Documents/GitHub/space_robot/install/space_interfaces/bin'
[4.173s] Level 1:colcon.colcon_core.environment:checking '/home/landau/Documents/GitHub/space_robot/install/space_interfaces/lib/pkgconfig/space_interfaces.pc'
[4.174s] Level 1:colcon.colcon_core.environment:checking '/home/landau/Documents/GitHub/space_robot/install/space_interfaces/lib/python3.8/site-packages'
[4.174s] Level 1:colcon.colcon_core.shell:create_environment_hook('space_interfaces', 'pythonpath')
[4.175s] INFO:colcon.colcon_core.shell:Creating environment hook '/home/landau/Documents/GitHub/space_robot/install/space_interfaces/share/space_interfaces/hook/pythonpath.ps1'
[4.175s] INFO:colcon.colcon_core.shell:Creating environment descriptor '/home/landau/Documents/GitHub/space_robot/install/space_interfaces/share/space_interfaces/hook/pythonpath.dsv'
[4.176s] INFO:colcon.colcon_core.shell:Creating environment hook '/home/landau/Documents/GitHub/space_robot/install/space_interfaces/share/space_interfaces/hook/pythonpath.sh'
[4.177s] Level 1:colcon.colcon_core.environment:checking '/home/landau/Documents/GitHub/space_robot/install/space_interfaces/bin'
[4.179s] INFO:colcon.colcon_core.shell:Creating package script '/home/landau/Documents/GitHub/space_robot/install/space_interfaces/share/space_interfaces/package.ps1'
[4.180s] INFO:colcon.colcon_core.shell:Creating package descriptor '/home/landau/Documents/GitHub/space_robot/install/space_interfaces/share/space_interfaces/package.dsv'
[4.181s] INFO:colcon.colcon_core.shell:Creating package script '/home/landau/Documents/GitHub/space_robot/install/space_interfaces/share/space_interfaces/package.sh'
[4.183s] INFO:colcon.colcon_core.shell:Creating package script '/home/landau/Documents/GitHub/space_robot/install/space_interfaces/share/space_interfaces/package.bash'
[4.184s] INFO:colcon.colcon_core.shell:Creating package script '/home/landau/Documents/GitHub/space_robot/install/space_interfaces/share/space_interfaces/package.zsh'
[4.185s] Level 1:colcon.colcon_core.environment:create_file_with_runtime_dependencies(/home/landau/Documents/GitHub/space_robot/install/space_interfaces/share/colcon-core/packages/space_interfaces)
[4.186s] INFO:colcon.colcon_ros.task.ament_cmake.build:Building ROS package in '/home/landau/Documents/GitHub/space_robot/src/space_driver' with build type 'ament_cmake'
[4.186s] INFO:colcon.colcon_cmake.task.cmake.build:Building CMake package in '/home/landau/Documents/GitHub/space_robot/src/space_driver'
[4.187s] DEBUG:colcon.colcon_ros_domain_id_coordinator.shell.ros_domain_id:Allocated ROS_DOMAIN_ID=68 for '/home/landau/Documents/GitHub/space_robot/build/space_driver'
[4.187s] INFO:colcon.colcon_core.shell:Skip shell extension 'ros_domain_id' for command environment: 
[4.187s] INFO:colcon.colcon_core.shell:Skip shell extension 'powershell' for command environment: Not usable outside of PowerShell
[4.187s] DEBUG:colcon.colcon_core.shell:Skip shell extension 'dsv' for command environment
[4.188s] DEBUG:colcon.colcon_ros_domain_id_coordinator.shell.ros_domain_id:Released ROS_DOMAIN_ID=42 for '/home/landau/Documents/GitHub/space_robot/build/space_interfaces'
[4.230s] DEBUG:colcon.colcon_core.event_handler.log_command:Invoking command in '/home/landau/Documents/GitHub/space_robot/build/space_driver': CMAKE_PREFIX_PATH=/home/landau/Documents/GitHub/space_robot/install/space_interfaces:/home/landau/Documents/GitHub/space_robot/install/space_driver:/opt/ros/foxy /usr/bin/cmake --build /home/landau/Documents/GitHub/space_robot/build/space_driver -- -j8 -l8
[35.227s] DEBUG:colcon.colcon_core.event_handler.log_command:Invoked command in '/home/landau/Documents/GitHub/space_robot/build/space_driver' returned '2': CMAKE_PREFIX_PATH=/home/landau/Documents/GitHub/space_robot/install/space_interfaces:/home/landau/Documents/GitHub/space_robot/install/space_driver:/opt/ros/foxy /usr/bin/cmake --build /home/landau/Documents/GitHub/space_robot/build/space_driver -- -j8 -l8
[35.386s] Level 1:colcon.colcon_core.environment:create_environment_scripts_only(space_driver)
[35.387s] Level 1:colcon.colcon_core.environment:checking '/home/landau/Documents/GitHub/space_robot/install/space_driver' for CMake module files
[35.389s] Level 1:colcon.colcon_core.environment:checking '/home/landau/Documents/GitHub/space_robot/install/space_driver' for CMake config files
[35.389s] Level 1:colcon.colcon_core.shell:create_environment_hook('space_driver', 'cmake_prefix_path')
[35.390s] INFO:colcon.colcon_core.shell:Creating environment hook '/home/landau/Documents/GitHub/space_robot/install/space_driver/share/space_driver/hook/cmake_prefix_path.ps1'
[35.392s] INFO:colcon.colcon_core.shell:Creating environment descriptor '/home/landau/Documents/GitHub/space_robot/install/space_driver/share/space_driver/hook/cmake_prefix_path.dsv'
[35.393s] INFO:colcon.colcon_core.shell:Creating environment hook '/home/landau/Documents/GitHub/space_robot/install/space_driver/share/space_driver/hook/cmake_prefix_path.sh'
[35.396s] Level 1:colcon.colcon_core.environment:checking '/home/landau/Documents/GitHub/space_robot/install/space_driver/lib'
[35.396s] Level 1:colcon.colcon_core.environment:checking '/home/landau/Documents/GitHub/space_robot/install/space_driver/bin'
[35.396s] Level 1:colcon.colcon_core.environment:checking '/home/landau/Documents/GitHub/space_robot/install/space_driver/lib/pkgconfig/space_driver.pc'
[35.397s] Level 1:colcon.colcon_core.environment:checking '/home/landau/Documents/GitHub/space_robot/install/space_driver/lib/python3.8/site-packages'
[35.398s] Level 1:colcon.colcon_core.environment:checking '/home/landau/Documents/GitHub/space_robot/install/space_driver/bin'
[35.399s] INFO:colcon.colcon_core.shell:Creating package script '/home/landau/Documents/GitHub/space_robot/install/space_driver/share/space_driver/package.ps1'
[35.401s] INFO:colcon.colcon_core.shell:Creating package descriptor '/home/landau/Documents/GitHub/space_robot/install/space_driver/share/space_driver/package.dsv'
[35.403s] INFO:colcon.colcon_core.shell:Creating package script '/home/landau/Documents/GitHub/space_robot/install/space_driver/share/space_driver/package.sh'
[35.404s] INFO:colcon.colcon_core.shell:Creating package script '/home/landau/Documents/GitHub/space_robot/install/space_driver/share/space_driver/package.bash'
[35.405s] INFO:colcon.colcon_core.shell:Creating package script '/home/landau/Documents/GitHub/space_robot/install/space_driver/share/space_driver/package.zsh'
[35.406s] Level 1:colcon.colcon_core.environment:create_file_with_runtime_dependencies(/home/landau/Documents/GitHub/space_robot/install/space_driver/share/colcon-core/packages/space_driver)
[35.407s] DEBUG:colcon.colcon_ros_domain_id_coordinator.shell.ros_domain_id:Released ROS_DOMAIN_ID=68 for '/home/landau/Documents/GitHub/space_robot/build/space_driver'
[35.417s] DEBUG:colcon.colcon_parallel_executor.executor.parallel:closing loop
[35.418s] DEBUG:colcon.colcon_parallel_executor.executor.parallel:loop closed
[35.418s] DEBUG:colcon.colcon_parallel_executor.executor.parallel:run_until_complete finished with '2'
[35.418s] DEBUG:colcon.colcon_core.event_reactor:joining thread
[35.431s] INFO:colcon.colcon_core.plugin_system:Skipping extension 'colcon_notification.desktop_notification.terminal_notifier': Not used on non-Darwin systems
[35.431s] INFO:colcon.colcon_core.plugin_system:Skipping extension 'colcon_notification.desktop_notification.win32': Not used on non-Windows systems
[35.431s] INFO:colcon.colcon_notification.desktop_notification:Sending desktop notification using 'notify2'
[35.468s] DEBUG:colcon.colcon_core.event_reactor:joined thread
[35.469s] INFO:colcon.colcon_core.shell:Creating prefix script '/home/landau/Documents/GitHub/space_robot/install/local_setup.ps1'
[35.471s] INFO:colcon.colcon_core.shell:Creating prefix util module '/home/landau/Documents/GitHub/space_robot/install/_local_setup_util_ps1.py'
[35.475s] INFO:colcon.colcon_core.shell:Creating prefix chain script '/home/landau/Documents/GitHub/space_robot/install/setup.ps1'
[35.482s] INFO:colcon.colcon_core.shell:Creating prefix script '/home/landau/Documents/GitHub/space_robot/install/local_setup.sh'
[35.485s] INFO:colcon.colcon_core.shell:Creating prefix util module '/home/landau/Documents/GitHub/space_robot/install/_local_setup_util_sh.py'
[35.487s] INFO:colcon.colcon_core.shell:Creating prefix chain script '/home/landau/Documents/GitHub/space_robot/install/setup.sh'
[35.491s] INFO:colcon.colcon_core.shell:Creating prefix script '/home/landau/Documents/GitHub/space_robot/install/local_setup.bash'
[35.492s] INFO:colcon.colcon_core.shell:Creating prefix chain script '/home/landau/Documents/GitHub/space_robot/install/setup.bash'
[35.496s] INFO:colcon.colcon_core.shell:Creating prefix script '/home/landau/Documents/GitHub/space_robot/install/local_setup.zsh'
[35.497s] INFO:colcon.colcon_core.shell:Creating prefix chain script '/home/landau/Documents/GitHub/space_robot/install/setup.zsh'
[35.499s] INFO:colcon.colcon_core.shell:Creating '/home/landau/Documents/GitHub/space_robot/install/spawn_shell.bash'
